#
# There is insufficient memory for the Java Runtime Environment to continue.
# Native memory allocation (malloc) failed to allocate 2092736 bytes for Chunk::new
# Possible reasons:
#   The system is out of physical RAM or swap space
#   The process is running with CompressedOops enabled, and the Java Heap may be blocking the growth of the native heap
# Possible solutions:
#   Reduce memory load on the system
#   Increase physical memory or swap space
#   Check if swap backing store is full
#   Decrease Java heap size (-Xmx/-Xms)
#   Decrease number of Java threads
#   Decrease Java thread stack sizes (-Xss)
#   Set larger code cache with -XX:ReservedCodeCacheSize=
#   JVM is running with Zero Based Compressed Oops mode in which the Java heap is
#     placed in the first 32GB address space. The Java Heap base address is the
#     maximum limit for the native heap growth. Please use -XX:HeapBaseMinAddress
#     to set the Java Heap base and to place the Java Heap above 32GB virtual address.
# This output file may be truncated or incomplete.
#
#  Out of Memory Error (arena.cpp:195), pid=35832, tid=31384
#
# JRE version: Java(TM) SE Runtime Environment (16.0+36) (build 16+36-2231)
# Java VM: Java HotSpot(TM) 64-Bit Server VM (16+36-2231, mixed mode, sharing, tiered, compressed oops, g1 gc, windows-amd64)
# No core dump will be written. Minidumps are not enabled by default on client versions of Windows
#

---------------  S U M M A R Y ------------

Command Line: -XX:+UnlockExperimentalVMOptions -XX:+UseG1GC -XX:G1NewSizePercent=20 -XX:G1ReservePercent=20 -XX:MaxGCPauseMillis=50 -XX:G1HeapRegionSize=32M -Xms512m -Xmx3G -Dfile.encoding=windows-1252 -Duser.country=US -Duser.language=en -Duser.variant StartClient -mod build/jar

Host: AMD Ryzen 5 3600X 6-Core Processor             , 12 cores, 15G,  Windows 10 , 64 bit Build 19041 (10.0.19041.1741)
Time: Fri Jul  1 22:50:24 2022 Eastern Daylight Time elapsed time: 291.967892 seconds (0d 0h 4m 51s)

---------------  T H R E A D  ---------------

Current thread (0x000001edff3b6150):  JavaThread "C2 CompilerThread0" daemon [_thread_in_native, id=31384, stack(0x0000008f97300000,0x0000008f97400000)]


Current CompileTask:
C2: 291967 15404   !   4       necesse.engine.network.NetworkPacket::<init> (393 bytes)

Stack: [0x0000008f97300000,0x0000008f97400000]
Native frames: (J=compiled Java code, j=interpreted, Vv=VM code, C=native code)
V  [jvm.dll+0x6681da]
V  [jvm.dll+0x7c9d99]
V  [jvm.dll+0x7cb4d3]
V  [jvm.dll+0x7cbb33]
V  [jvm.dll+0x242ee5]
V  [jvm.dll+0xadeca]
V  [jvm.dll+0xae5ac]
V  [jvm.dll+0x2a4d0f]
V  [jvm.dll+0x573d69]
V  [jvm.dll+0x21eb45]
V  [jvm.dll+0x217e41]
V  [jvm.dll+0x21523c]
V  [jvm.dll+0x1a1d8b]
V  [jvm.dll+0x225398]
V  [jvm.dll+0x2233dc]
V  [jvm.dll+0x77f9e2]
V  [jvm.dll+0x77952a]
V  [jvm.dll+0x667076]
C  [ucrtbase.dll+0x21bb2]
C  [KERNEL32.DLL+0x17034]
C  [ntdll.dll+0x52651]


---------------  P R O C E S S  ---------------

Threads class SMR info:
_java_thread_list=0x000001edc2a77a60, length=28, elements={
0x000001edfcf932c0, 0x000001edfd06a600, 0x000001edfd06d3e0, 0x000001edff3ac0c0,
0x000001edff3aede0, 0x000001edff3b1700, 0x000001edff3b2010, 0x000001edff3b6150,
0x000001edff3beab0, 0x000001edff3eb810, 0x000001ed9f0977f0, 0x000001ed9f09afe0,
0x000001edda70fd30, 0x000001edb9816010, 0x000001edb9816ab0, 0x000001edda70bd70,
0x000001edda708850, 0x000001edda70c2c0, 0x000001edda708da0, 0x000001edda70c810,
0x000001edda70cd60, 0x000001edda70d2b0, 0x000001edda70d800, 0x000001edb91cdfd0,
0x000001edb91cea70, 0x000001edb91cf510, 0x000001edb91cfa60, 0x000001edb91ccfe0
}

Java Threads: ( => current thread )
  0x000001edfcf932c0 JavaThread "main" [_thread_in_Java, id=28392, stack(0x0000008f96600000,0x0000008f96700000)]
  0x000001edfd06a600 JavaThread "Reference Handler" daemon [_thread_blocked, id=25300, stack(0x0000008f96d00000,0x0000008f96e00000)]
  0x000001edfd06d3e0 JavaThread "Finalizer" daemon [_thread_blocked, id=40304, stack(0x0000008f96e00000,0x0000008f96f00000)]
  0x000001edff3ac0c0 JavaThread "Signal Dispatcher" daemon [_thread_blocked, id=16552, stack(0x0000008f96f00000,0x0000008f97000000)]
  0x000001edff3aede0 JavaThread "Attach Listener" daemon [_thread_blocked, id=28908, stack(0x0000008f97000000,0x0000008f97100000)]
  0x000001edff3b1700 JavaThread "Service Thread" daemon [_thread_blocked, id=28532, stack(0x0000008f97100000,0x0000008f97200000)]
  0x000001edff3b2010 JavaThread "Monitor Deflation Thread" daemon [_thread_blocked, id=12764, stack(0x0000008f97200000,0x0000008f97300000)]
=>0x000001edff3b6150 JavaThread "C2 CompilerThread0" daemon [_thread_in_native, id=31384, stack(0x0000008f97300000,0x0000008f97400000)]
  0x000001edff3beab0 JavaThread "C1 CompilerThread0" daemon [_thread_blocked, id=38792, stack(0x0000008f97400000,0x0000008f97500000)]
  0x000001edff3eb810 JavaThread "Sweeper thread" daemon [_thread_blocked, id=40552, stack(0x0000008f97500000,0x0000008f97600000)]
  0x000001ed9f0977f0 JavaThread "Notification Thread" daemon [_thread_blocked, id=38016, stack(0x0000008f97600000,0x0000008f97700000)]
  0x000001ed9f09afe0 JavaThread "Common-Cleaner" daemon [_thread_blocked, id=40336, stack(0x0000008f97800000,0x0000008f97900000)]
  0x000001edda70fd30 JavaThread "music-streamer" [_thread_blocked, id=14552, stack(0x0000008f99c00000,0x0000008f99d00000)]
  0x000001edb9816010 JavaThread "Server Socket" [_thread_in_native, id=5468, stack(0x0000008f99900000,0x0000008f99a00000)]
  0x000001edb9816ab0 JavaThread "Server LAN Socket" [_thread_in_native, id=37664, stack(0x0000008f99a00000,0x0000008f99b00000)]
  0x000001edda70bd70 JavaThread "Steam P2P Socket" [_thread_blocked, id=9232, stack(0x0000008f99b00000,0x0000008f99c00000)]
  0x000001edda708850 JavaThread "Server Thread" [_thread_blocked, id=40088, stack(0x0000008f99d00000,0x0000008f99e00000)]
  0x000001edda70c2c0 JavaThread "Singleplayer socket" [_thread_blocked, id=40432, stack(0x0000008f99e00000,0x0000008f99f00000)]
  0x000001edda708da0 JavaThread "level-s-7056x2474d0-executor-1" [_thread_blocked, id=3568, stack(0x0000008f99f00000,0x0000008f9a000000)]
  0x000001edda70c810 JavaThread "level-s-7056x2474d0-executor-2" [_thread_blocked, id=36212, stack(0x0000008f9a000000,0x0000008f9a100000)]
  0x000001edda70cd60 JavaThread "level-na-7056x2474d0-light-update" [_thread_blocked, id=29716, stack(0x0000008f9a100000,0x0000008f9a200000)]
  0x000001edda70d2b0 JavaThread "level-na-7056x2474d0-light-update" [_thread_blocked, id=34804, stack(0x0000008f9a200000,0x0000008f9a300000)]
  0x000001edda70d800 JavaThread "level-s-7056x2474d0-executor-3" [_thread_blocked, id=38304, stack(0x0000008f9a300000,0x0000008f9a400000)]
  0x000001edb91cdfd0 JavaThread "level-s-7056x2474d0-executor-4" [_thread_blocked, id=14912, stack(0x0000008f9a400000,0x0000008f9a500000)]
  0x000001edb91cea70 JavaThread "level-na-7056x2474d0-draw-1" [_thread_blocked, id=37936, stack(0x0000008f9a700000,0x0000008f9a800000)]
  0x000001edb91cf510 JavaThread "level-na-7056x2474d0-draw-2" [_thread_blocked, id=33932, stack(0x0000008f96400000,0x0000008f96500000)]
  0x000001edb91cfa60 JavaThread "level-na-7056x2474d0-draw-3" [_thread_blocked, id=27224, stack(0x0000008f96500000,0x0000008f96600000)]
  0x000001edb91ccfe0 JavaThread "level-na-7056x2474d0-draw-4" [_thread_blocked, id=35712, stack(0x0000008f98400000,0x0000008f98500000)]

Other Threads:
  0x000001edfd066aa0 VMThread "VM Thread" [stack: 0x0000008f96c00000,0x0000008f96d00000] [id=33072]
  0x000001ed9f099d20 WatcherThread [stack: 0x0000008f97700000,0x0000008f97800000] [id=37812]
  0x000001edfcfc7a60 GCTaskThread "GC Thread#0" [stack: 0x0000008f96700000,0x0000008f96800000] [id=15572]
  0x000001eda11ee8d0 GCTaskThread "GC Thread#1" [stack: 0x0000008f97b00000,0x0000008f97c00000] [id=28844]
  0x000001eda11eebe0 GCTaskThread "GC Thread#2" [stack: 0x0000008f97c00000,0x0000008f97d00000] [id=15768]
  0x000001eda0bcbd60 GCTaskThread "GC Thread#3" [stack: 0x0000008f97d00000,0x0000008f97e00000] [id=40580]
  0x000001eda094c650 GCTaskThread "GC Thread#4" [stack: 0x0000008f97e00000,0x0000008f97f00000] [id=27144]
  0x000001eda094d380 GCTaskThread "GC Thread#5" [stack: 0x0000008f97f00000,0x0000008f98000000] [id=35800]
  0x000001eda0ebee20 GCTaskThread "GC Thread#6" [stack: 0x0000008f98000000,0x0000008f98100000] [id=33584]
  0x000001eda0ebf910 GCTaskThread "GC Thread#7" [stack: 0x0000008f98100000,0x0000008f98200000] [id=33556]
  0x000001eda0ebfc20 GCTaskThread "GC Thread#8" [stack: 0x0000008f98200000,0x0000008f98300000] [id=23276]
  0x000001ed9fd545b0 GCTaskThread "GC Thread#9" [stack: 0x0000008f98300000,0x0000008f98400000] [id=15908]
  0x000001edfcfc96b0 ConcurrentGCThread "G1 Main Marker" [stack: 0x0000008f96800000,0x0000008f96900000] [id=10268]
  0x000001edfcfca0b0 ConcurrentGCThread "G1 Conc#0" [stack: 0x0000008f96900000,0x0000008f96a00000] [id=22064]
  0x000001eda0572c10 ConcurrentGCThread "G1 Conc#1" [stack: 0x0000008f98c00000,0x0000008f98d00000] [id=7504]
  0x000001eda0573b60 ConcurrentGCThread "G1 Conc#2" [stack: 0x0000008f98d00000,0x0000008f98e00000] [id=12032]
  0x000001edfd038e60 ConcurrentGCThread "G1 Refine#0" [stack: 0x0000008f96a00000,0x0000008f96b00000] [id=36408]
  0x000001eda1563810 ConcurrentGCThread "G1 Refine#1" [stack: 0x0000008f99000000,0x0000008f99100000] [id=3024]
  0x000001eda2060d20 ConcurrentGCThread "G1 Refine#2" [stack: 0x0000008f99100000,0x0000008f99200000] [id=37628]
  0x000001eda205a600 ConcurrentGCThread "G1 Refine#3" [stack: 0x0000008f99200000,0x0000008f99300000] [id=12040]
  0x000001eda205a940 ConcurrentGCThread "G1 Refine#4" [stack: 0x0000008f99300000,0x0000008f99400000] [id=40276]
  0x000001eda1d81b90 ConcurrentGCThread "G1 Refine#5" [stack: 0x0000008f99400000,0x0000008f99500000] [id=39128]
  0x000001eda1ddd2a0 ConcurrentGCThread "G1 Refine#6" [stack: 0x0000008f99500000,0x0000008f99600000] [id=6764]
  0x000001edfd039870 ConcurrentGCThread "G1 Service" [stack: 0x0000008f96b00000,0x0000008f96c00000] [id=22732]

Threads with active compile tasks:
C2 CompilerThread0   291992 15404   !   4       necesse.engine.network.NetworkPacket::<init> (393 bytes)

VM state: not at safepoint (normal execution)

VM Mutex/Monitor currently owned by a thread: None

Heap address: 0x0000000740000000, size: 3072 MB, Compressed Oops mode: Zero based, Oop shift amount: 3
CDS archive(s) mapped at: [0x0000000800000000-0x0000000800bb0000-0x0000000800bb0000), size 12255232, SharedBaseAddress: 0x0000000800000000, ArchiveRelocationMode: 0.
Compressed class space mapped at: 0x0000000800c00000-0x0000000840c00000, reserved size: 1073741824
Narrow klass base: 0x0000000800000000, Narrow klass shift: 3, Narrow klass range: 0x100000000

GC Precious Log:
 CPUs: 12 total, 12 available
 Memory: 16334M
 Large Page Support: Disabled
 NUMA Support: Disabled
 Compressed Oops: Enabled (Zero based)
 Heap Region Size: 32M
 Heap Min Capacity: 512M
 Heap Initial Capacity: 512M
 Heap Max Capacity: 3G
 Pre-touch: Disabled
 Parallel Workers: 10
 Concurrent Workers: 3
 Concurrent Refinement Workers: 10
 Periodic GC: Disabled

Heap:
 garbage-first heap   total 983040K, used 579545K [0x0000000740000000, 0x0000000800000000)
  region size 32768K, 12 young (393216K), 1 survivors (32768K)
 Metaspace       used 45891K, committed 46592K, reserved 1089536K
  class space    used 6453K, committed 6784K, reserved 1048576K

Heap Regions: E=young(eden), S=young(survivor), O=old, HS=humongous(starts), HC=humongous(continues), CS=collection set, F=free, OA=open archive, CA=closed archive, TAMS=top-at-mark-start (previous, next)
|   0|0x0000000740000000, 0x0000000742000000, 0x0000000742000000|100%| O|  |TAMS 0x0000000742000000, 0x0000000740000000| Untracked 
|   1|0x0000000742000000, 0x0000000744000000, 0x0000000744000000|100%| O|  |TAMS 0x0000000742000000, 0x0000000742000000| Untracked 
|   2|0x0000000744000000, 0x0000000746000000, 0x0000000746000000|100%| O|  |TAMS 0x0000000744000000, 0x0000000744000000| Untracked 
|   3|0x0000000746000000, 0x0000000748000000, 0x0000000748000000|100%| O|  |TAMS 0x0000000746000000, 0x0000000746000000| Untracked 
|   4|0x0000000748000000, 0x000000074a000000, 0x000000074a000000|100%| O|  |TAMS 0x0000000748000000, 0x0000000748000000| Untracked 
|   5|0x000000074a000000, 0x000000074a838800, 0x000000074c000000| 25%| O|  |TAMS 0x000000074a000000, 0x000000074a000000| Untracked 
|   6|0x000000074c000000, 0x000000074c000000, 0x000000074e000000|  0%| F|  |TAMS 0x000000074c000000, 0x000000074c000000| Untracked 
|   7|0x000000074e000000, 0x000000074e000000, 0x0000000750000000|  0%| F|  |TAMS 0x000000074e000000, 0x000000074e000000| Untracked 
|   8|0x0000000750000000, 0x0000000750000000, 0x0000000752000000|  0%| F|  |TAMS 0x0000000750000000, 0x0000000750000000| Untracked 
|   9|0x0000000752000000, 0x0000000752000000, 0x0000000754000000|  0%| F|  |TAMS 0x0000000752000000, 0x0000000752000000| Untracked 
|  10|0x0000000754000000, 0x0000000754000000, 0x0000000756000000|  0%| F|  |TAMS 0x0000000754000000, 0x0000000754000000| Untracked 
|  11|0x0000000756000000, 0x0000000758000000, 0x0000000758000000|100%| O|  |TAMS 0x0000000758000000, 0x0000000756000000| Untracked 
|  12|0x0000000758000000, 0x000000075a000000, 0x000000075a000000|100%| O|  |TAMS 0x000000075a000000, 0x0000000758000000| Untracked 
|  13|0x000000075a000000, 0x000000075c000000, 0x000000075c000000|100%| O|  |TAMS 0x000000075c000000, 0x000000075a000000| Untracked 
|  14|0x000000075c000000, 0x000000075c000000, 0x000000075e000000|  0%| F|  |TAMS 0x000000075c000000, 0x000000075c000000| Untracked 
|  15|0x000000075e000000, 0x000000075e000000, 0x0000000760000000|  0%| F|  |TAMS 0x000000075e000000, 0x000000075e000000| Untracked 
|  16|0x0000000760000000, 0x0000000760dbde98, 0x0000000762000000| 42%| S|CS|TAMS 0x0000000760000000, 0x0000000760000000| Complete 
|  17|0x0000000762000000, 0x0000000762000000, 0x0000000764000000|  0%| F|  |TAMS 0x0000000762000000, 0x0000000762000000| Untracked 
|  18|0x0000000764000000, 0x0000000764000000, 0x0000000766000000|  0%| F|  |TAMS 0x0000000764000000, 0x0000000764000000| Untracked 
|  19|0x0000000766000000, 0x0000000767e3a420, 0x0000000768000000| 94%| E|  |TAMS 0x0000000766000000, 0x0000000766000000| Complete 
|  20|0x0000000768000000, 0x000000076a000000, 0x000000076a000000|100%| E|CS|TAMS 0x0000000768000000, 0x0000000768000000| Complete 
|  21|0x000000076a000000, 0x000000076c000000, 0x000000076c000000|100%| E|CS|TAMS 0x000000076a000000, 0x000000076a000000| Complete 
|  22|0x000000076c000000, 0x000000076e000000, 0x000000076e000000|100%| E|CS|TAMS 0x000000076c000000, 0x000000076c000000| Complete 
|  23|0x000000076e000000, 0x0000000770000000, 0x0000000770000000|100%| E|CS|TAMS 0x000000076e000000, 0x000000076e000000| Complete 
|  24|0x0000000770000000, 0x0000000772000000, 0x0000000772000000|100%| E|CS|TAMS 0x0000000770000000, 0x0000000770000000| Complete 
|  25|0x0000000772000000, 0x0000000774000000, 0x0000000774000000|100%| E|CS|TAMS 0x0000000772000000, 0x0000000772000000| Complete 
|  26|0x0000000774000000, 0x0000000776000000, 0x0000000776000000|100%| E|CS|TAMS 0x0000000774000000, 0x0000000774000000| Complete 
|  27|0x0000000776000000, 0x0000000778000000, 0x0000000778000000|100%| E|  |TAMS 0x0000000776000000, 0x0000000776000000| Complete 
|  28|0x0000000778000000, 0x000000077a000000, 0x000000077a000000|100%| E|CS|TAMS 0x0000000778000000, 0x0000000778000000| Complete 
|  38|0x000000078c000000, 0x000000078e000000, 0x000000078e000000|100%| E|CS|TAMS 0x000000078c000000, 0x000000078c000000| Complete 

Card table byte_map: [0x000001edfdbc0000,0x000001edfe1c0000] _byte_map_base: 0x000001edfa1c0000

Marking Bits (Prev, Next): (CMBitMap*) 0x000001edfcfc80a0, (CMBitMap*) 0x000001edfcfc8060
 Prev Bits: [0x000001ed99690000, 0x000001ed9c690000)
 Next Bits: [0x000001ed96690000, 0x000001ed99690000)

Polling page: 0x000001edfafb0000

Metaspace:

Usage:
  Non-class:     38.51 MB used.
      Class:      6.30 MB used.
       Both:     44.82 MB used.

Virtual space:
  Non-class space:       40.00 MB reserved,      38.88 MB ( 97%) committed,  5 nodes.
      Class space:        1.00 GB reserved,       6.62 MB ( <1%) committed,  1 nodes.
              Both:        1.04 GB reserved,      45.50 MB (  4%) committed. 

Chunk freelists:
   Non-Class:  352.00 KB
       Class:  1.41 MB
        Both:  1.75 MB

MaxMetaspaceSize: 17179869184.00 GB
CompressedClassSpaceSize: 1.00 GB
 - commit_granule_bytes: 65536.
 - commit_granule_words: 8192.
 - virtual_space_node_default_size: 1048576.
 - enlarge_chunks_in_place: 1.
 - new_chunks_are_fully_committed: 0.
 - uncommit_free_chunks: 1.
 - use_allocation_guard: 0.
 - handle_deallocations: 1.


Internal statistics:

num_allocs_failed_limit: 6.
num_arena_births: 1040.
num_arena_deaths: 2.
num_vsnodes_births: 6.
num_vsnodes_deaths: 0.
num_space_committed: 725.
num_space_uncommitted: 0.
num_chunks_returned_to_freelist: 10.
num_chunks_taken_from_freelist: 2985.
num_chunk_merges: 3.
num_chunk_splits: 1912.
num_chunks_enlarged: 1309.
num_purges: 2.

CodeHeap 'non-profiled nmethods': size=120000Kb used=11335Kb max_used=11335Kb free=108664Kb
 bounds [0x000001ed8f160000, 0x000001ed8fc80000, 0x000001ed96690000]
CodeHeap 'profiled nmethods': size=120000Kb used=14584Kb max_used=15532Kb free=105415Kb
 bounds [0x000001ed87c30000, 0x000001ed88b60000, 0x000001ed8f160000]
CodeHeap 'non-nmethods': size=5760Kb used=2114Kb max_used=2170Kb free=3645Kb
 bounds [0x000001ed87690000, 0x000001ed87900000, 0x000001ed87c30000]
 total_blobs=10514 nmethods=8839 adapters=1585
 compilation: enabled
              stopped_count=0, restarted_count=0
 full_count=0

Compilation events (20 events):
Event: 291.700 Thread 0x000001edff3beab0 nmethod 15394 0x000001ed8887f690 code [0x000001ed8887f940, 0x000001ed888806c8]
Event: 291.710 Thread 0x000001edff3b6150 15395       4       necesse.engine.network.client.Client$$Lambda$1896/0x0000000801251a80::test (8 bytes)
Event: 291.710 Thread 0x000001edff3b6150 nmethod 15395 0x000001ed8fc6d690 code [0x000001ed8fc6d820, 0x000001ed8fc6d8b8]
Event: 291.711 Thread 0x000001edff3b6150 15396       4       necesse.gfx.forms.components.FormBuffHud::getHitboxes (64 bytes)
Event: 291.730 Thread 0x000001edff3b6150 nmethod 15396 0x000001ed8fc6d990 code [0x000001ed8fc6dc00, 0x000001ed8fc6ead8]
Event: 291.736 Thread 0x000001edff3beab0 15397       3       necesse.engine.ServerTickThread$1$$Lambda$1405/0x00000008011cafe8::run (8 bytes)
Event: 291.736 Thread 0x000001edff3beab0 nmethod 15397 0x000001ed8887f190 code [0x000001ed8887f340, 0x000001ed8887f528]
Event: 291.736 Thread 0x000001edff3beab0 15399       3       necesse.level.maps.regionSystem.Region::lambda$update$3 (69 bytes)
Event: 291.737 Thread 0x000001edff3beab0 nmethod 15399 0x000001ed8887d110 code [0x000001ed8887d420, 0x000001ed8887eaa8]
Event: 291.737 Thread 0x000001edff3beab0 15398       3       necesse.level.maps.regionSystem.Region$$Lambda$1935/0x00000008012599e8::run (8 bytes)
Event: 291.737 Thread 0x000001edff3beab0 nmethod 15398 0x000001ed8887cd10 code [0x000001ed8887cec0, 0x000001ed8887d008]
Event: 291.758 Thread 0x000001edff3b6150 15400       4       necesse.gfx.forms.components.FormContentBox::handleInputEvent (920 bytes)
Event: 291.770 Thread 0x000001edff3beab0 15401       3       necesse.engine.network.packet.PacketPing::processClient (6 bytes)
Event: 291.770 Thread 0x000001edff3beab0 nmethod 15401 0x000001ed8887c910 code [0x000001ed8887cac0, 0x000001ed8887cc28]
Event: 291.770 Thread 0x000001edff3beab0 15402       3       necesse.engine.network.client.Client::submitPingPacket (92 bytes)
Event: 291.771 Thread 0x000001edff3beab0 nmethod 15402 0x000001ed8887bc90 code [0x000001ed8887bea0, 0x000001ed8887c658]
Event: 291.774 Thread 0x000001edff3b6150 nmethod 15400 0x000001ed8fc6f810 code [0x000001ed8fc6fb00, 0x000001ed8fc70a88]
Event: 291.817 Thread 0x000001edff3b6150 15403       4       necesse.engine.network.client.Client::getClient (16 bytes)
Event: 291.817 Thread 0x000001edff3b6150 nmethod 15403 0x000001ed8fc71990 code [0x000001ed8fc71b20, 0x000001ed8fc71bd8]
Event: 291.862 Thread 0x000001edff3b6150 15404   !   4       necesse.engine.network.NetworkPacket::<init> (393 bytes)

GC Heap History (20 events):
Event: 284.375 GC heap before
{Heap before GC invocations=241 (full 0):
 garbage-first heap   total 983040K, used 710931K [0x0000000740000000, 0x0000000800000000)
  region size 32768K, 15 young (491520K), 1 survivors (32768K)
 Metaspace       used 45337K, committed 46080K, reserved 1089536K
  class space    used 6403K, committed 6784K, reserved 1048576K
}
Event: 284.381 GC heap after
{Heap after GC invocations=242 (full 0):
 garbage-first heap   total 983040K, used 251725K [0x0000000740000000, 0x0000000800000000)
  region size 32768K, 1 young (32768K), 1 survivors (32768K)
 Metaspace       used 45337K, committed 46080K, reserved 1089536K
  class space    used 6403K, committed 6784K, reserved 1048576K
}
Event: 285.459 GC heap before
{Heap before GC invocations=242 (full 0):
 garbage-first heap   total 983040K, used 710477K [0x0000000740000000, 0x0000000800000000)
  region size 32768K, 15 young (491520K), 1 survivors (32768K)
 Metaspace       used 45340K, committed 46080K, reserved 1089536K
  class space    used 6403K, committed 6784K, reserved 1048576K
}
Event: 285.466 GC heap after
{Heap after GC invocations=243 (full 0):
 garbage-first heap   total 983040K, used 252525K [0x0000000740000000, 0x0000000800000000)
  region size 32768K, 1 young (32768K), 1 survivors (32768K)
 Metaspace       used 45340K, committed 46080K, reserved 1089536K
  class space    used 6403K, committed 6784K, reserved 1048576K
}
Event: 286.565 GC heap before
{Heap before GC invocations=243 (full 0):
 garbage-first heap   total 983040K, used 711277K [0x0000000740000000, 0x0000000800000000)
  region size 32768K, 15 young (491520K), 1 survivors (32768K)
 Metaspace       used 45373K, committed 46144K, reserved 1089536K
  class space    used 6406K, committed 6784K, reserved 1048576K
}
Event: 286.570 GC heap after
{Heap after GC invocations=244 (full 0):
 garbage-first heap   total 983040K, used 252094K [0x0000000740000000, 0x0000000800000000)
  region size 32768K, 1 young (32768K), 1 survivors (32768K)
 Metaspace       used 45373K, committed 46144K, reserved 1089536K
  class space    used 6406K, committed 6784K, reserved 1048576K
}
Event: 287.591 GC heap before
{Heap before GC invocations=244 (full 0):
 garbage-first heap   total 983040K, used 710846K [0x0000000740000000, 0x0000000800000000)
  region size 32768K, 15 young (491520K), 1 survivors (32768K)
 Metaspace       used 45389K, committed 46144K, reserved 1089536K
  class space    used 6407K, committed 6784K, reserved 1048576K
}
Event: 287.596 GC heap after
{Heap after GC invocations=245 (full 0):
 garbage-first heap   total 983040K, used 252300K [0x0000000740000000, 0x0000000800000000)
  region size 32768K, 1 young (32768K), 1 survivors (32768K)
 Metaspace       used 45389K, committed 46144K, reserved 1089536K
  class space    used 6407K, committed 6784K, reserved 1048576K
}
Event: 288.638 GC heap before
{Heap before GC invocations=245 (full 0):
 garbage-first heap   total 983040K, used 711052K [0x0000000740000000, 0x0000000800000000)
  region size 32768K, 15 young (491520K), 1 survivors (32768K)
 Metaspace       used 45395K, committed 46144K, reserved 1089536K
  class space    used 6407K, committed 6784K, reserved 1048576K
}
Event: 288.643 GC heap after
{Heap after GC invocations=246 (full 0):
 garbage-first heap   total 983040K, used 252107K [0x0000000740000000, 0x0000000800000000)
  region size 32768K, 1 young (32768K), 1 survivors (32768K)
 Metaspace       used 45395K, committed 46144K, reserved 1089536K
  class space    used 6407K, committed 6784K, reserved 1048576K
}
Event: 289.757 GC heap before
{Heap before GC invocations=246 (full 0):
 garbage-first heap   total 983040K, used 710859K [0x0000000740000000, 0x0000000800000000)
  region size 32768K, 15 young (491520K), 1 survivors (32768K)
 Metaspace       used 45784K, committed 46528K, reserved 1089536K
  class space    used 6451K, committed 6784K, reserved 1048576K
}
Event: 289.765 GC heap after
{Heap after GC invocations=247 (full 0):
 garbage-first heap   total 983040K, used 253361K [0x0000000740000000, 0x0000000800000000)
  region size 32768K, 1 young (32768K), 1 survivors (32768K)
 Metaspace       used 45784K, committed 46528K, reserved 1089536K
  class space    used 6451K, committed 6784K, reserved 1048576K
}
Event: 290.493 GC heap before
{Heap before GC invocations=247 (full 0):
 garbage-first heap   total 983040K, used 712113K [0x0000000740000000, 0x0000000800000000)
  region size 32768K, 15 young (491520K), 1 survivors (32768K)
 Metaspace       used 45846K, committed 46528K, reserved 1089536K
  class space    used 6452K, committed 6784K, reserved 1048576K
}
Event: 290.503 GC heap after
{Heap after GC invocations=248 (full 0):
 garbage-first heap   total 983040K, used 273450K [0x0000000740000000, 0x0000000800000000)
  region size 32768K, 2 young (65536K), 2 survivors (65536K)
 Metaspace       used 45846K, committed 46528K, reserved 1089536K
  class space    used 6452K, committed 6784K, reserved 1048576K
}
Event: 291.048 GC heap before
{Heap before GC invocations=248 (full 0):
 garbage-first heap   total 983040K, used 666666K [0x0000000740000000, 0x0000000800000000)
  region size 32768K, 14 young (458752K), 2 survivors (65536K)
 Metaspace       used 45851K, committed 46528K, reserved 1089536K
  class space    used 6452K, committed 6784K, reserved 1048576K
}
Event: 291.060 GC heap after
{Heap after GC invocations=249 (full 0):
 garbage-first heap   total 983040K, used 284849K [0x0000000740000000, 0x0000000800000000)
  region size 32768K, 2 young (65536K), 2 survivors (65536K)
 Metaspace       used 45851K, committed 46528K, reserved 1089536K
  class space    used 6452K, committed 6784K, reserved 1048576K
}
Event: 291.208 GC heap before
{Heap before GC invocations=249 (full 0):
 garbage-first heap   total 983040K, used 678065K [0x0000000740000000, 0x0000000800000000)
  region size 32768K, 14 young (458752K), 2 survivors (65536K)
 Metaspace       used 45851K, committed 46528K, reserved 1089536K
  class space    used 6452K, committed 6784K, reserved 1048576K
}
Event: 291.215 GC heap after
{Heap after GC invocations=250 (full 0):
 garbage-first heap   total 983040K, used 286998K [0x0000000740000000, 0x0000000800000000)
  region size 32768K, 1 young (32768K), 1 survivors (32768K)
 Metaspace       used 45851K, committed 46528K, reserved 1089536K
  class space    used 6452K, committed 6784K, reserved 1048576K
}
Event: 291.386 GC heap before
{Heap before GC invocations=250 (full 0):
 garbage-first heap   total 983040K, used 712982K [0x0000000740000000, 0x0000000800000000)
  region size 32768K, 14 young (458752K), 1 survivors (32768K)
 Metaspace       used 45851K, committed 46528K, reserved 1089536K
  class space    used 6452K, committed 6784K, reserved 1048576K
}
Event: 291.389 GC heap after
{Heap after GC invocations=251 (full 0):
 garbage-first heap   total 983040K, used 284633K [0x0000000740000000, 0x0000000800000000)
  region size 32768K, 1 young (32768K), 1 survivors (32768K)
 Metaspace       used 45851K, committed 46528K, reserved 1089536K
  class space    used 6452K, committed 6784K, reserved 1048576K
}

Deoptimization events (20 events):
Event: 291.485 Thread 0x000001edda708850 Uncommon trap: trap_request=0xffffff45 fr.pc=0x000001ed8fa26bcc relative=0x00000000000000ac
Event: 291.485 Thread 0x000001edda708850 Uncommon trap: reason=unstable_if action=reinterpret pc=0x000001ed8fa26bcc method=necesse.entity.mobs.PlayerMob.tickMovement(F)V @ 4 c2
Event: 291.485 Thread 0x000001edda708850 DEOPT PACKING pc=0x000001ed8fa26bcc sp=0x0000008f99dfef50
Event: 291.485 Thread 0x000001edda708850 DEOPT UNPACKING pc=0x000001ed876dd72e sp=0x0000008f99dfeef0 mode 2
Event: 291.490 Thread 0x000001edfcf932c0 Uncommon trap: trap_request=0xffffff45 fr.pc=0x000001ed8f9e0370 relative=0x0000000000000150
Event: 291.490 Thread 0x000001edfcf932c0 Uncommon trap: reason=unstable_if action=reinterpret pc=0x000001ed8f9e0370 method=necesse.gfx.ui.HUD.lambda$draw$3(Lnecesse/level/maps/Level;Lnecesse/entity/mobs/PlayerMob;Lnecesse/engine/network/NetworkClient;)Z @ 15 c2
Event: 291.490 Thread 0x000001edfcf932c0 DEOPT PACKING pc=0x000001ed8f9e0370 sp=0x0000008f966fe850
Event: 291.490 Thread 0x000001edfcf932c0 DEOPT UNPACKING pc=0x000001ed876dd72e sp=0x0000008f966fe780 mode 2
Event: 291.490 Thread 0x000001edfcf932c0 Uncommon trap: trap_request=0xfffffff4 fr.pc=0x000001ed8f9b708c relative=0x000000000000006c
Event: 291.490 Thread 0x000001edfcf932c0 Uncommon trap: reason=null_check action=make_not_entrant pc=0x000001ed8f9b708c method=necesse.engine.network.client.Client$$Lambda$1896/0x0000000801251a80.test(Ljava/lang/Object;)Z @ 1 c2
Event: 291.490 Thread 0x000001edfcf932c0 DEOPT PACKING pc=0x000001ed8f9b708c sp=0x0000008f966fe8f0
Event: 291.490 Thread 0x000001edfcf932c0 DEOPT UNPACKING pc=0x000001ed876dd72e sp=0x0000008f966fe870 mode 2
Event: 291.492 Thread 0x000001edfcf932c0 Uncommon trap: trap_request=0xffffff45 fr.pc=0x000001ed8fc1cdd0 relative=0x0000000000004fb0
Event: 291.492 Thread 0x000001edfcf932c0 Uncommon trap: reason=unstable_if action=reinterpret pc=0x000001ed8fc1cdd0 method=necesse.gfx.forms.components.FormMapBox.draw(Lnecesse/engine/tickManager/TickManager;Lnecesse/entity/mobs/PlayerMob;Ljava/awt/Rectangle;)V @ 678 c2
Event: 291.492 Thread 0x000001edfcf932c0 DEOPT PACKING pc=0x000001ed8fc1cdd0 sp=0x0000008f966fe060
Event: 291.492 Thread 0x000001edfcf932c0 DEOPT UNPACKING pc=0x000001ed876dd72e sp=0x0000008f966fdf80 mode 2
Event: 291.511 Thread 0x000001edb91ccfe0 Uncommon trap: trap_request=0xffffff45 fr.pc=0x000001ed8f9c1560 relative=0x0000000000002200
Event: 291.511 Thread 0x000001edb91ccfe0 Uncommon trap: reason=unstable_if action=reinterpret pc=0x000001ed8f9c1560 method=necesse.entity.mobs.PlayerMob.getInvincibilityFrameAlpha()F @ 6 c2
Event: 291.511 Thread 0x000001edb91ccfe0 DEOPT PACKING pc=0x000001ed8f9c1560 sp=0x0000008f984fe530
Event: 291.511 Thread 0x000001edb91ccfe0 DEOPT UNPACKING pc=0x000001ed876dd72e sp=0x0000008f984fe468 mode 2

Classes unloaded (1 events):
Event: 11.330 Thread 0x000001edfd066aa0 Unloading class 0x0000000800de0800 'net/bytebuddy/mirror/AccessibleObject'

Classes redefined (20 events):
Event: 4.886 Thread 0x000001edfd066aa0 redefined class name=dragonsaga.ui.patches.maingameformmanager.MainGameFormManagerSetupPatch, count=2
Event: 4.886 Thread 0x000001edfd066aa0 redefined class name=dragonsaga.ui.patches.maingameformmanager.MainGameFormManagerUpdatePatch, count=2
Event: 4.955 Thread 0x000001edfd066aa0 redefined class name=necesse.entity.mobs.PlayerMob, count=1
Event: 4.959 Thread 0x000001edfd066aa0 redefined class name=dragonsaga.examples.ExampleConstructorPatch, count=3
Event: 4.959 Thread 0x000001edfd066aa0 redefined class name=dragonsaga.examples.ExampleMethodPatch, count=3
Event: 4.959 Thread 0x000001edfd066aa0 redefined class name=dragonsaga.mobs.human.patches.PlayerMobConstructorPatch, count=3
Event: 4.959 Thread 0x000001edfd066aa0 redefined class name=dragonsaga.ui.patches.maingameformmanager.MainGameFormManagerSetupPatch, count=3
Event: 4.959 Thread 0x000001edfd066aa0 redefined class name=dragonsaga.ui.patches.maingameformmanager.MainGameFormManagerUpdatePatch, count=3
Event: 5.001 Thread 0x000001edfd066aa0 redefined class name=necesse.gfx.forms.MainGameFormManager, count=1
Event: 5.006 Thread 0x000001edfd066aa0 redefined class name=dragonsaga.examples.ExampleConstructorPatch, count=4
Event: 5.006 Thread 0x000001edfd066aa0 redefined class name=dragonsaga.examples.ExampleMethodPatch, count=4
Event: 5.006 Thread 0x000001edfd066aa0 redefined class name=dragonsaga.mobs.human.patches.PlayerMobConstructorPatch, count=4
Event: 5.006 Thread 0x000001edfd066aa0 redefined class name=dragonsaga.ui.patches.maingameformmanager.MainGameFormManagerSetupPatch, count=4
Event: 5.006 Thread 0x000001edfd066aa0 redefined class name=dragonsaga.ui.patches.maingameformmanager.MainGameFormManagerUpdatePatch, count=4
Event: 5.035 Thread 0x000001edfd066aa0 redefined class name=necesse.gfx.forms.MainGameFormManager, count=2
Event: 5.040 Thread 0x000001edfd066aa0 redefined class name=dragonsaga.examples.ExampleConstructorPatch, count=5
Event: 5.040 Thread 0x000001edfd066aa0 redefined class name=dragonsaga.examples.ExampleMethodPatch, count=5
Event: 5.040 Thread 0x000001edfd066aa0 redefined class name=dragonsaga.mobs.human.patches.PlayerMobConstructorPatch, count=5
Event: 5.040 Thread 0x000001edfd066aa0 redefined class name=dragonsaga.ui.patches.maingameformmanager.MainGameFormManagerSetupPatch, count=5
Event: 5.040 Thread 0x000001edfd066aa0 redefined class name=dragonsaga.ui.patches.maingameformmanager.MainGameFormManagerUpdatePatch, count=5

Internal exceptions (20 events):
Event: 289.910 Thread 0x000001edda708850 Implicit null exception at 0x000001ed8821ac76 to 0x000001ed8821adac
Event: 289.910 Thread 0x000001edda708850 Exception <a 'java/lang/NullPointerException'{0x0000000775ee3258}> (0x0000000775ee3258) 
thrown [t:\workspace\open\src\hotspot\share\runtime\sharedRuntime.cpp, line 624]
Event: 289.910 Thread 0x000001edda708850 Implicit null exception at 0x000001ed886a6abf to 0x000001ed886a7981
Event: 289.910 Thread 0x000001edda708850 Exception <a 'java/lang/NullPointerException'{0x0000000775ee4250}> (0x0000000775ee4250) 
thrown [t:\workspace\open\src\hotspot\share\runtime\sharedRuntime.cpp, line 624]
Event: 289.910 Thread 0x000001edda708850 Implicit null exception at 0x000001ed886a6abf to 0x000001ed886a7981
Event: 289.910 Thread 0x000001edda708850 Exception <a 'java/lang/NullPointerException'{0x0000000775ee60b0}> (0x0000000775ee60b0) 
thrown [t:\workspace\open\src\hotspot\share\runtime\sharedRuntime.cpp, line 624]
Event: 289.910 Thread 0x000001edda708850 Implicit null exception at 0x000001ed886a6abf to 0x000001ed886a7981
Event: 289.910 Thread 0x000001edda708850 Exception <a 'java/lang/NullPointerException'{0x0000000775ee6708}> (0x0000000775ee6708) 
thrown [t:\workspace\open\src\hotspot\share\runtime\sharedRuntime.cpp, line 624]
Event: 289.911 Thread 0x000001edda708850 Implicit null exception at 0x000001ed886a6abf to 0x000001ed886a7981
Event: 289.911 Thread 0x000001edda708850 Exception <a 'java/lang/NullPointerException'{0x0000000775ee8620}> (0x0000000775ee8620) 
thrown [t:\workspace\open\src\hotspot\share\runtime\sharedRuntime.cpp, line 624]
Event: 289.911 Thread 0x000001edda708850 Implicit null exception at 0x000001ed886a6abf to 0x000001ed886a7981
Event: 289.911 Thread 0x000001edda708850 Exception <a 'java/lang/NullPointerException'{0x0000000775eea800}> (0x0000000775eea800) 
thrown [t:\workspace\open\src\hotspot\share\runtime\sharedRuntime.cpp, line 624]
Event: 289.912 Thread 0x000001edda708850 Implicit null exception at 0x000001ed886a6abf to 0x000001ed886a7981
Event: 289.912 Thread 0x000001edda708850 Exception <a 'java/lang/NullPointerException'{0x0000000775efefa0}> (0x0000000775efefa0) 
thrown [t:\workspace\open\src\hotspot\share\runtime\sharedRuntime.cpp, line 624]
Event: 289.912 Thread 0x000001edda708850 Implicit null exception at 0x000001ed8821ac76 to 0x000001ed8821adac
Event: 289.912 Thread 0x000001edda708850 Exception <a 'java/lang/NullPointerException'{0x0000000775f18cf0}> (0x0000000775f18cf0) 
thrown [t:\workspace\open\src\hotspot\share\runtime\sharedRuntime.cpp, line 624]
Event: 290.085 Thread 0x000001edda708850 Implicit null exception at 0x000001ed886a6abf to 0x000001ed886a7981
Event: 290.086 Thread 0x000001edda708850 Exception <a 'java/lang/NullPointerException'{0x000000076d8ccd00}> (0x000000076d8ccd00) 
thrown [t:\workspace\open\src\hotspot\share\runtime\sharedRuntime.cpp, line 624]
Event: 290.094 Thread 0x000001edda708850 Implicit null exception at 0x000001ed8fbbc7ac to 0x000001ed8fbbce20
Event: 291.490 Thread 0x000001edfcf932c0 Implicit null exception at 0x000001ed8f9b704c to 0x000001ed8f9b7080

Events (20 events):
Event: 291.420 Thread 0x000001ed9fa77820 Thread added: 0x000001ed9fa77820
Event: 291.432 Thread 0x000001edb93b0de0 Thread added: 0x000001edb93b0de0
Event: 291.480 Thread 0x000001edb98105c0 Thread exited: 0x000001edb98105c0
Event: 291.480 Thread 0x000001edb9813040 Thread exited: 0x000001edb9813040
Event: 291.480 Thread 0x000001edb9813590 Thread exited: 0x000001edb9813590
Event: 291.480 Thread 0x000001edb9814ad0 Thread exited: 0x000001edb9814ad0
Event: 291.480 Thread 0x000001edb9812af0 Thread exited: 0x000001edb9812af0
Event: 291.480 Thread 0x000001edb9815020 Thread exited: 0x000001edb9815020
Event: 291.480 Thread 0x000001edb9813ae0 Thread exited: 0x000001edb9813ae0
Event: 291.480 Thread 0x000001edb98115b0 Thread exited: 0x000001edb98115b0
Event: 291.480 Thread 0x000001edb9815570 Thread exited: 0x000001edb9815570
Event: 291.480 Thread 0x000001edb9811b00 Thread exited: 0x000001edb9811b00
Event: 291.480 Thread 0x000001edb91cea70 Thread added: 0x000001edb91cea70
Event: 291.481 Thread 0x000001edb91cf510 Thread added: 0x000001edb91cf510
Event: 291.481 Thread 0x000001edb91cfa60 Thread added: 0x000001edb91cfa60
Event: 291.481 Thread 0x000001edb91ccfe0 Thread added: 0x000001edb91ccfe0
Event: 291.505 Executing  VM operation: ICBufferFull
Event: 291.505 Executing  VM operation: ICBufferFull done
Event: 291.641 Thread 0x000001edb93b0de0 Thread exited: 0x000001edb93b0de0
Event: 291.736 Thread 0x000001ed9fa77820 Thread exited: 0x000001ed9fa77820


Dynamic libraries:
0x00007ff7b9860000 - 0x00007ff7b9870000 	C:\Program Files\Java\jdk-16\bin\java.exe
0x00007ffd660d0000 - 0x00007ffd662c7000 	C:\WINDOWS\SYSTEM32\ntdll.dll
0x00007ffd65720000 - 0x00007ffd657dd000 	C:\WINDOWS\System32\KERNEL32.DLL
0x00007ffd63b50000 - 0x00007ffd63e1d000 	C:\WINDOWS\System32\KERNELBASE.dll
0x00007ffd638d0000 - 0x00007ffd639d0000 	C:\WINDOWS\System32\ucrtbase.dll
0x00007ffd4e790000 - 0x00007ffd4e7a9000 	C:\Program Files\Java\jdk-16\bin\VCRUNTIME140.dll
0x00007ffd4e7b0000 - 0x00007ffd4e7c8000 	C:\Program Files\Java\jdk-16\bin\jli.dll
0x00007ffd64ea0000 - 0x00007ffd64f4e000 	C:\WINDOWS\System32\ADVAPI32.dll
0x00007ffd65b50000 - 0x00007ffd65bee000 	C:\WINDOWS\System32\msvcrt.dll
0x00007ffd65320000 - 0x00007ffd653bc000 	C:\WINDOWS\System32\sechost.dll
0x00007ffd65a20000 - 0x00007ffd65b45000 	C:\WINDOWS\System32\RPCRT4.dll
0x00007ffd65460000 - 0x00007ffd65600000 	C:\WINDOWS\System32\USER32.dll
0x00007ffd4f000000 - 0x00007ffd4f29a000 	C:\WINDOWS\WinSxS\amd64_microsoft.windows.common-controls_6595b64144ccf1df_6.0.19041.1110_none_60b5254171f9507e\COMCTL32.dll
0x00007ffd638a0000 - 0x00007ffd638c2000 	C:\WINDOWS\System32\win32u.dll
0x00007ffd65430000 - 0x00007ffd6545a000 	C:\WINDOWS\System32\GDI32.dll
0x00007ffd639d0000 - 0x00007ffd63adb000 	C:\WINDOWS\System32\gdi32full.dll
0x00007ffd63f30000 - 0x00007ffd63fcd000 	C:\WINDOWS\System32\msvcp_win.dll
0x00007ffd5a7b0000 - 0x00007ffd5a7ba000 	C:\WINDOWS\SYSTEM32\VERSION.dll
0x00007ffd65bf0000 - 0x00007ffd65c20000 	C:\WINDOWS\System32\IMM32.DLL
0x00007ffd5fec0000 - 0x00007ffd5fecc000 	C:\Program Files\Java\jdk-16\bin\vcruntime140_1.dll
0x00007ffd45810000 - 0x00007ffd458a1000 	C:\Program Files\Java\jdk-16\bin\msvcp140.dll
0x00007ffd10c60000 - 0x00007ffd1180b000 	C:\Program Files\Java\jdk-16\bin\server\jvm.dll
0x00007ffd64f50000 - 0x00007ffd64f58000 	C:\WINDOWS\System32\PSAPI.DLL
0x00007ffd46ea0000 - 0x00007ffd46ea9000 	C:\WINDOWS\SYSTEM32\WSOCK32.dll
0x00007ffd57870000 - 0x00007ffd57897000 	C:\WINDOWS\SYSTEM32\WINMM.dll
0x00007ffd653c0000 - 0x00007ffd6542b000 	C:\WINDOWS\System32\WS2_32.dll
0x00007ffd62060000 - 0x00007ffd62072000 	C:\WINDOWS\SYSTEM32\kernel.appcore.dll
0x00007ffd4e740000 - 0x00007ffd4e74a000 	C:\Program Files\Java\jdk-16\bin\jimage.dll
0x00007ffd613e0000 - 0x00007ffd615c4000 	C:\WINDOWS\SYSTEM32\DBGHELP.DLL
0x00007ffd48c50000 - 0x00007ffd48c7c000 	C:\WINDOWS\SYSTEM32\dbgcore.DLL
0x00007ffd63ea0000 - 0x00007ffd63f22000 	C:\WINDOWS\System32\bcryptPrimitives.dll
0x00007ffd4e710000 - 0x00007ffd4e735000 	C:\Program Files\Java\jdk-16\bin\java.dll
0x00007ffd64750000 - 0x00007ffd64e94000 	C:\WINDOWS\System32\SHELL32.dll
0x00007ffd618b0000 - 0x00007ffd62044000 	C:\WINDOWS\SYSTEM32\windows.storage.dll
0x00007ffd64130000 - 0x00007ffd64484000 	C:\WINDOWS\System32\combase.dll
0x00007ffd63170000 - 0x00007ffd6319c000 	C:\WINDOWS\SYSTEM32\Wldp.dll
0x00007ffd64fd0000 - 0x00007ffd6507d000 	C:\WINDOWS\System32\SHCORE.dll
0x00007ffd646f0000 - 0x00007ffd64745000 	C:\WINDOWS\System32\shlwapi.dll
0x00007ffd63730000 - 0x00007ffd6374f000 	C:\WINDOWS\SYSTEM32\profapi.dll
0x00007ffd4e6f0000 - 0x00007ffd4e709000 	C:\Program Files\Java\jdk-16\bin\net.dll
0x00007ffd551c0000 - 0x00007ffd552ca000 	C:\WINDOWS\SYSTEM32\WINHTTP.dll
0x00007ffd62f50000 - 0x00007ffd62fba000 	C:\WINDOWS\system32\mswsock.dll
0x00007ffd4d6d0000 - 0x00007ffd4d6e3000 	C:\Program Files\Java\jdk-16\bin\nio.dll
0x00007ffd4d530000 - 0x00007ffd4d548000 	C:\Program Files\Java\jdk-16\bin\zip.dll
0x00007ffd4e6e0000 - 0x00007ffd4e6f0000 	C:\Program Files\Java\jdk-16\bin\verify.dll
0x00007ffd634b0000 - 0x00007ffd634c8000 	C:\WINDOWS\SYSTEM32\CRYPTSP.dll
0x00007ffd62880000 - 0x00007ffd628b4000 	C:\WINDOWS\system32\rsaenh.dll
0x00007ffd63e20000 - 0x00007ffd63e47000 	C:\WINDOWS\System32\bcrypt.dll
0x00007ffd636f0000 - 0x00007ffd6371e000 	C:\WINDOWS\SYSTEM32\USERENV.dll
0x00007ffd630e0000 - 0x00007ffd630ec000 	C:\WINDOWS\SYSTEM32\CRYPTBASE.dll
0x00007ffd62c10000 - 0x00007ffd62c4b000 	C:\WINDOWS\SYSTEM32\IPHLPAPI.DLL
0x00007ffd65310000 - 0x00007ffd65318000 	C:\WINDOWS\System32\NSI.dll
0x00007ffd5c470000 - 0x00007ffd5c487000 	C:\WINDOWS\SYSTEM32\dhcpcsvc6.DLL
0x00007ffd5cf00000 - 0x00007ffd5cf1d000 	C:\WINDOWS\SYSTEM32\dhcpcsvc.DLL
0x00007ffd62c50000 - 0x00007ffd62d1b000 	C:\WINDOWS\SYSTEM32\DNSAPI.dll
0x00007ffd60570000 - 0x00007ffd605b5000 	G:\SteamLibrary\steamapps\common\Necesse\natives\jna10369718186230509569.dll
0x00007ffd65080000 - 0x00007ffd651aa000 	C:\WINDOWS\System32\Ole32.dll
0x00007ffd644f0000 - 0x00007ffd64599000 	C:\WINDOWS\System32\clbcatq.dll
0x00007ffd64620000 - 0x00007ffd646ed000 	C:\WINDOWS\System32\OleAut32.dll
0x00007ffd57730000 - 0x00007ffd57750000 	C:\WINDOWS\SYSTEM32\amsi.dll
0x00007ffd56ed0000 - 0x00007ffd56f4b000 	C:\ProgramData\Microsoft\Windows Defender\Platform\4.18.2205.7-0\MpOav.dll
0x00007ffd4e370000 - 0x00007ffd4e379000 	C:\Program Files\Java\jdk-16\bin\management.dll
0x00007ffd4d750000 - 0x00007ffd4d75b000 	C:\Program Files\Java\jdk-16\bin\management_ext.dll
0x00007ffd5a760000 - 0x00007ffd5a7ac000 	G:\SteamLibrary\steamapps\common\Necesse\natives\steam_api64.dll
0x00007ffd5a710000 - 0x00007ffd5a75d000 	G:\SteamLibrary\steamapps\common\Necesse\natives\steamworks4j64.dll
0x00007ffcb8f00000 - 0x00007ffcba3f7000 	C:\Program Files (x86)\Steam\steamclient64.dll
0x00007ffd63fd0000 - 0x00007ffd64126000 	C:\WINDOWS\System32\CRYPT32.dll
0x00007ffd64600000 - 0x00007ffd6461d000 	C:\WINDOWS\System32\imagehlp.dll
0x00007ffd65c20000 - 0x00007ffd6608f000 	C:\WINDOWS\System32\SETUPAPI.dll
0x00007ffd63e50000 - 0x00007ffd63e9e000 	C:\WINDOWS\System32\cfgmgr32.dll
0x00007ffd53770000 - 0x00007ffd5377c000 	C:\WINDOWS\SYSTEM32\Secur32.dll
0x00007ffd0a0c0000 - 0x00007ffd0a234000 	C:\Program Files (x86)\Steam\tier0_s64.dll
0x00007ffd1ded0000 - 0x00007ffd1df51000 	C:\Program Files (x86)\Steam\vstdlib_s64.dll
0x00007ffd636b0000 - 0x00007ffd636e2000 	C:\WINDOWS\SYSTEM32\SSPICLI.DLL
0x00007ffd09b30000 - 0x00007ffd09cb8000 	C:\Program Files (x86)\Steam\gameoverlayrenderer64.dll
0x00007ffd45690000 - 0x00007ffd45701000 	G:\SteamLibrary\steamapps\common\Necesse\natives\lwjgl.dll
0x00007ffd30f60000 - 0x00007ffd30fc1000 	G:\SteamLibrary\steamapps\common\Necesse\natives\glfw.dll
0x00007ffd45640000 - 0x00007ffd45685000 	C:\WINDOWS\SYSTEM32\dinput8.dll
0x00007ffd58130000 - 0x00007ffd58282000 	C:\WINDOWS\SYSTEM32\inputhost.dll
0x00007ffd5f070000 - 0x00007ffd5f1c4000 	C:\WINDOWS\SYSTEM32\wintypes.dll
0x00007ffd608c0000 - 0x00007ffd609b2000 	C:\WINDOWS\SYSTEM32\CoreMessaging.dll
0x00007ffd5ebc0000 - 0x00007ffd5ecb6000 	C:\WINDOWS\SYSTEM32\PROPSYS.dll
0x00007ffd601e0000 - 0x00007ffd6053e000 	C:\WINDOWS\SYSTEM32\CoreUIComponents.dll
0x00007ffd624b0000 - 0x00007ffd624e3000 	C:\WINDOWS\SYSTEM32\ntmarta.dll
0x00007ffd39520000 - 0x00007ffd39531000 	C:\WINDOWS\SYSTEM32\xinput1_4.dll
0x00007ffd635a0000 - 0x00007ffd635cc000 	C:\WINDOWS\SYSTEM32\DEVOBJ.dll
0x00007ffd60fa0000 - 0x00007ffd60fcf000 	C:\WINDOWS\SYSTEM32\dwmapi.dll
0x00007ffd60d00000 - 0x00007ffd60d9e000 	C:\WINDOWS\system32\uxtheme.dll
0x00007ffd65600000 - 0x00007ffd65715000 	C:\WINDOWS\System32\MSCTF.dll
0x00007ffd1f770000 - 0x00007ffd1f8f0000 	C:\Program Files\Java\jdk-16\bin\awt.dll
0x00007ffd60bd0000 - 0x00007ffd60c60000 	C:\WINDOWS\SYSTEM32\apphelp.dll
0x00007ffd1fae0000 - 0x00007ffd1fc06000 	C:\WINDOWS\SYSTEM32\opengl32.dll
0x00007ffd4c620000 - 0x00007ffd4c64c000 	C:\WINDOWS\SYSTEM32\GLU32.dll
0x00007ffcd7080000 - 0x00007ffcda0a8000 	C:\WINDOWS\System32\DriverStore\FileRepository\nv_dispi.inf_amd64_3b12ac0f95b18b9d\nvoglv64.dll
0x00007ffd5ed70000 - 0x00007ffd5ed84000 	C:\WINDOWS\SYSTEM32\WTSAPI32.dll
0x00007ffd63540000 - 0x00007ffd63552000 	C:\WINDOWS\SYSTEM32\msasn1.dll
0x00007ffd5a690000 - 0x00007ffd5a6c1000 	C:\WINDOWS\SYSTEM32\cryptnet.dll
0x00007ffd587b0000 - 0x00007ffd588f8000 	C:\WINDOWS\SYSTEM32\drvstore.dll
0x00007ffd63ae0000 - 0x00007ffd63b47000 	C:\WINDOWS\System32\WINTRUST.dll
0x00007ffd59440000 - 0x00007ffd5947b000 	C:\WINDOWS\SYSTEM32\dxcore.dll
0x00007ffcfed20000 - 0x00007ffcfefe7000 	C:\WINDOWS\system32\nvspcap64.dll
0x00007ffd62d30000 - 0x00007ffd62d7b000 	C:\WINDOWS\SYSTEM32\powrprof.dll
0x00007ffd62bf0000 - 0x00007ffd62c02000 	C:\WINDOWS\SYSTEM32\UMPDC.dll
0x00007ffd62520000 - 0x00007ffd6257a000 	C:\WINDOWS\SYSTEM32\WINSTA.dll
0x00007ffd5d450000 - 0x00007ffd5d4d5000 	C:\WINDOWS\System32\MMDevApi.dll
0x00007ffd5d540000 - 0x00007ffd5d6c2000 	C:\WINDOWS\SYSTEM32\AUDIOSES.DLL
0x00007ffd30c40000 - 0x00007ffd30c9d000 	G:\SteamLibrary\steamapps\common\Necesse\natives\lwjgl_opengl.dll
0x00007ffd58030000 - 0x00007ffd58129000 	C:\WINDOWS\SYSTEM32\textinputframework.dll
0x00007ffd30980000 - 0x00007ffd30a01000 	G:\SteamLibrary\steamapps\common\Necesse\natives\lwjgl_stb.dll
0x00007ffd5c040000 - 0x00007ffd5c0ee000 	C:\WINDOWS\SYSTEM32\mscms.dll
0x00007ffd5c1d0000 - 0x00007ffd5c1e1000 	C:\WINDOWS\SYSTEM32\ColorAdapterClient.dll
0x00007ffd4c850000 - 0x00007ffd4c893000 	C:\WINDOWS\SYSTEM32\icm32.dll
0x00007ffd1c060000 - 0x00007ffd1c1f7000 	G:\SteamLibrary\steamapps\common\Necesse\natives\OpenAL.dll
0x00007ffd60ea0000 - 0x00007ffd60eb4000 	C:\WINDOWS\SYSTEM32\resourcepolicyclient.dll
0x00007ffd60540000 - 0x00007ffd6054e000 	C:\Program Files\Java\jdk-16\bin\instrument.dll
0x00007ffd3ab60000 - 0x00007ffd3ab77000 	C:\WINDOWS\system32\napinsp.dll
0x00007ffd39be0000 - 0x00007ffd39bfb000 	C:\WINDOWS\system32\pnrpnsp.dll
0x00007ffd39bc0000 - 0x00007ffd39bd5000 	C:\WINDOWS\system32\wshbth.dll
0x00007ffd5f1d0000 - 0x00007ffd5f1ed000 	C:\WINDOWS\system32\NLAapi.dll
0x00007ffd39ba0000 - 0x00007ffd39bb2000 	C:\WINDOWS\System32\winrnr.dll
0x0000000071ef0000 - 0x0000000071f16000 	C:\Program Files\Bonjour\mdnsNSP.dll
0x00007ffd53780000 - 0x00007ffd5378a000 	C:\Windows\System32\rasadhlp.dll
0x00007ffd5a870000 - 0x00007ffd5a8f0000 	C:\WINDOWS\System32\fwpuclnt.dll

dbghelp: loaded successfully - version: 4.0.5 - missing functions: none
symbol engine: initialized successfully - sym options: 0x614 - pdb path: .;C:\Program Files\Java\jdk-16\bin;C:\WINDOWS\SYSTEM32;C:\WINDOWS\WinSxS\amd64_microsoft.windows.common-controls_6595b64144ccf1df_6.0.19041.1110_none_60b5254171f9507e;C:\Program Files\Java\jdk-16\bin\server;G:\SteamLibrary\steamapps\common\Necesse\natives;C:\ProgramData\Microsoft\Windows Defender\Platform\4.18.2205.7-0;C:\Program Files (x86)\Steam;C:\WINDOWS\System32\DriverStore\FileRepository\nv_dispi.inf_amd64_3b12ac0f95b18b9d;C:\Program Files\Bonjour

VM Arguments:
jvm_args: -XX:+UnlockExperimentalVMOptions -XX:+UseG1GC -XX:G1NewSizePercent=20 -XX:G1ReservePercent=20 -XX:MaxGCPauseMillis=50 -XX:G1HeapRegionSize=32M -Xms512m -Xmx3G -Dfile.encoding=windows-1252 -Duser.country=US -Duser.language=en -Duser.variant 
java_command: StartClient -mod build/jar
java_class_path (initial): G:\SteamLibrary\steamapps\common\Necesse\Necesse.jar
Launcher Type: SUN_STANDARD

[Global flags]
     intx CICompilerCount                          = 4                                         {product} {ergonomic}
     uint ConcGCThreads                            = 3                                         {product} {ergonomic}
     uint G1ConcRefinementThreads                  = 10                                        {product} {ergonomic}
   size_t G1HeapRegionSize                         = 33554432                                  {product} {command line}
    uintx G1NewSizePercent                         = 20                                   {experimental} {command line}
    uintx G1ReservePercent                         = 20                                        {product} {command line}
    uintx GCDrainStackTargetSize                   = 64                                        {product} {ergonomic}
   size_t InitialHeapSize                          = 536870912                                 {product} {command line}
   size_t MarkStackSize                            = 4194304                                   {product} {ergonomic}
    uintx MaxGCPauseMillis                         = 50                                        {product} {command line}
   size_t MaxHeapSize                              = 3221225472                                {product} {command line}
   size_t MaxNewSize                               = 1912602624                                {product} {ergonomic}
   size_t MinHeapDeltaBytes                        = 33554432                                  {product} {ergonomic}
   size_t MinHeapSize                              = 536870912                                 {product} {command line}
    uintx NonNMethodCodeHeapSize                   = 5839372                                {pd product} {ergonomic}
    uintx NonProfiledCodeHeapSize                  = 122909434                              {pd product} {ergonomic}
    uintx ProfiledCodeHeapSize                     = 122909434                              {pd product} {ergonomic}
    uintx ReservedCodeCacheSize                    = 251658240                              {pd product} {ergonomic}
     bool SegmentedCodeCache                       = true                                      {product} {ergonomic}
   size_t SoftMaxHeapSize                          = 3221225472                             {manageable} {ergonomic}
     bool UnlockExperimentalVMOptions              = true                                 {experimental} {command line}
     bool UseAOT                                   = false                                {experimental} {ergonomic}
     bool UseCompressedClassPointers               = true                           {product lp64_product} {ergonomic}
     bool UseCompressedOops                        = true                           {product lp64_product} {ergonomic}
     bool UseG1GC                                  = true                                      {product} {command line}
     bool UseLargePagesIndividualAllocation        = false                                  {pd product} {ergonomic}

Logging:
Log output configuration:
 #0: stdout all=warning uptime,level,tags
 #1: stderr all=off uptime,level,tags

Environment Variables:
PATH=C:\Program Files (x86)\Common Files\Oracle\Java\javapath;C:\WinAVR-20100110\bin;C:\WinAVR-20100110\utils\bin;C:\Program Files\NVIDIA Corporation\NVIDIA NvDLISR;C:\Users\elito\.cargo\bin;C:\Ruby27-x64\bin;C:\Users\elito\scoop\apps\python\current;C:\Users\elito\scoop\apps\python\current\Scripts;C:\Users\elito\scoop\apps\gcc\current\bin;C:\Users\elito\scoop\shims;C:\Users\elito\AppData\Local\Programs\Python\Python38-32\Scripts\;C:\Users\elito\AppData\Local\Programs\Python\Python38-32\;C:\Users\elito\AppData\Local\Microsoft\WindowsApps;C:\Users\elito\go\bin;C:\Users\elito\.dotnet\tools;C:\Program Files (x86)\Atmel\Flip 3.4.7\bin;C:\Program Files\JetBrains\JetBrains Rider 2020.1.4\bin;C:\Users\elito\AppData\Local\GitHubDesktop\bin;C:\Program Files\JetBrains\PyCharm Community Edition 2020.2\bin;C:\Users\elito\spicetify-cli;C:\Users\elito\AppData\Local\Microsoft\WindowsApps;C:\Program Files (x86)\GitHub CLI\;C:\Users\elito\.dotnet\tools;C:\Users\elito\AppData\Roaming\npm;C:\Program Files\JetBrains\Rider for Unreal Engine 2021.1.1\bin;C:\Users\elito\go\bin;C:\Program Files\JetBrains\GoLand 2021.1.1\bin;C:\Program Files\JetBrains\IntelliJ IDEA Community Edition 2021.2.2\bin;C:\Users\elito\AppData\Local\Programs\Microsoft VS Code\bin
USERNAME=elito
OS=Windows_NT
PROCESSOR_IDENTIFIER=AMD64 Family 23 Model 113 Stepping 0, AuthenticAMD



---------------  S Y S T E M  ---------------

OS:
 Windows 10 , 64 bit Build 19041 (10.0.19041.1741)
OS uptime: 7 days 4:03 hours
Hyper-V role detected

CPU: total 12 (initial active 12) (12 cores per cpu, 2 threads per core) family 23 model 113 stepping 0 microcode 0x0, cx8, cmov, fxsr, ht, mmx, 3dnowpref, sse, sse2, sse3, ssse3, sse4a, sse4.1, sse4.2, popcnt, lzcnt, tsc, tscinvbit, avx, avx2, aes, clmul, bmi1, bmi2, adx, sha, fma, vzeroupper, clflush, clflushopt, hv

Memory: 4k page, system-wide physical 16334M (513M free)
TotalPageFile size 65486M (AvailPageFile size 5M)
current process WorkingSet (physical memory assigned to process): 2512M, peak: 2905M
current process commit charge ("private bytes"): 3093M, peak: 3479M

vm_info: Java HotSpot(TM) 64-Bit Server VM (16+36-2231) for windows-amd64 JRE (16+36-2231), built on Feb  8 2021 11:43:10 by "mach5one" with MS VC++ 16.7 (VS2019)

END.
