#
# A fatal error has been detected by the Java Runtime Environment:
#
#  EXCEPTION_ACCESS_VIOLATION (0xc0000005) at pc=0x00007ffd360dbe63, pid=31148, tid=16680
#
# JRE version: Java(TM) SE Runtime Environment (16.0+36) (build 16+36-2231)
# Java VM: Java HotSpot(TM) 64-Bit Server VM (16+36-2231, mixed mode, sharing, tiered, compressed oops, g1 gc, windows-amd64)
# Problematic frame:
# C  [steamworks4j64.dll+0xbe63]
#
# No core dump will be written. Minidumps are not enabled by default on client versions of Windows
#
# If you would like to submit a bug report, please visit:
#   https://bugreport.java.com/bugreport/crash.jsp
# The crash happened outside the Java Virtual Machine in native code.
# See problematic frame for where to report the bug.
#

---------------  S U M M A R Y ------------

Command Line: -XX:+UnlockExperimentalVMOptions -XX:+UseG1GC -XX:G1NewSizePercent=20 -XX:G1ReservePercent=20 -XX:MaxGCPauseMillis=50 -XX:G1HeapRegionSize=32M -Xms512m -Xmx3G -Dfile.encoding=windows-1252 -Duser.country=US -Duser.language=en -Duser.variant StartClient -dev 1 -mod build/jar

Host: AMD Ryzen 5 3600X 6-Core Processor             , 12 cores, 15G,  Windows 10 , 64 bit Build 19041 (10.0.19041.1741)
Time: Sat Jul  2 14:15:54 2022 Eastern Daylight Time elapsed time: 64.422740 seconds (0d 0h 1m 4s)

---------------  T H R E A D  ---------------

Current thread (0x0000023ae25f17a0):  JavaThread "Steam P2P Socket" [_thread_in_native, id=16680, stack(0x0000003f2cc00000,0x0000003f2cd00000)]

Stack: [0x0000003f2cc00000,0x0000003f2cd00000],  sp=0x0000003f2ccfee50,  free space=1019k
Native frames: (J=compiled Java code, j=interpreted, Vv=VM code, C=native code)
C  [steamworks4j64.dll+0xbe63]

Java frames: (J=compiled Java code, j=interpreted, Vv=VM code)
J 10157  com.codedisaster.steamworks.SteamNetworkingNative.isP2PPacketAvailable(Z[II)Z (0 bytes) @ 0x0000023ace487b8a [0x0000023ace487b20+0x000000000000006a]
J 12889 c2 com.codedisaster.steamworks.SteamNetworking.isP2PPacketAvailable(I[I)Z (10 bytes) @ 0x0000023acea18b60 [0x0000023acea18b20+0x0000000000000040]
j  necesse.engine.network.server.network.ServerSteamListenThread.run()V+178
v  ~StubRoutines::call_stub

siginfo: EXCEPTION_ACCESS_VIOLATION (0xc0000005), reading address 0x0000000000000000


Register to memory mapping:

RIP=0x00007ffd360dbe63 steamworks4j64.dll
RAX=0x00007ffd361100d0 steamworks4j64.dll
RBX=0x0 is NULL
RCX=0x0 is NULL
RDX=0x000000077c516d68 points into unknown readable memory: 0x0000000000000000 | 00 00 00 00 00 00 00 00
RSP=0x0000003f2ccfee50 is pointing into the stack for thread: 0x0000023ae25f17a0
RBP=0x000000077c516d68 points into unknown readable memory: 0x0000000000000000 | 00 00 00 00 00 00 00 00
RSI=0x0000003f2ccfeeb0 is pointing into the stack for thread: 0x0000023ae25f17a0
RDI=0x0000023ae25f1ab0 points into unknown readable memory: 0x00007ffceef233d0 | d0 33 f2 ee fc 7f 00 00
R8 =0x0 is NULL
R9 =0x0000003f2ccfe560 is pointing into the stack for thread: 0x0000023ae25f17a0
R10=0x0 is NULL
R11=0x0000003f2ccfe990 is pointing into the stack for thread: 0x0000023ae25f17a0
R12=0x0 is NULL
R13=0x0000003f2ccfef30 is pointing into the stack for thread: 0x0000023ae25f17a0
R14=0x0000003f2ccfeed8 is pointing into the stack for thread: 0x0000023ae25f17a0
R15=0x0000023ae25f17a0 is a thread


Registers:
RAX=0x00007ffd361100d0, RBX=0x0000000000000000, RCX=0x0000000000000000, RDX=0x000000077c516d68
RSP=0x0000003f2ccfee50, RBP=0x000000077c516d68, RSI=0x0000003f2ccfeeb0, RDI=0x0000023ae25f1ab0
R8 =0x0000000000000000, R9 =0x0000003f2ccfe560, R10=0x0000000000000000, R11=0x0000003f2ccfe990
R12=0x0000000000000000, R13=0x0000003f2ccfef30, R14=0x0000003f2ccfeed8, R15=0x0000023ae25f17a0
RIP=0x00007ffd360dbe63, EFLAGS=0x0000000000010202

Top of Stack: (sp=0x0000003f2ccfee50)
0x0000003f2ccfee50:   0000000000000000 0000003f2ccfeeb0
0x0000003f2ccfee60:   0000000800015a08 00000000fce9e40f
0x0000003f2ccfee70:   0000000000000000 0000023ace487c2a
0x0000003f2ccfee80:   0000023b351928a0 0000003f2ccfeef0
0x0000003f2ccfee90:   0000000000000000 0000003f2ccfef10
0x0000003f2ccfeea0:   0000000000000000 00007ffceec46db6
0x0000003f2ccfeeb0:   000000077c516d58 0000023ace86ce0d
0x0000003f2ccfeec0:   0000000000000005 0000000000000000
0x0000003f2ccfeed0:   0000000000000001 00000007471072a0
0x0000003f2ccfeee0:   0000000000000000 00007ffcee827fc5
0x0000003f2ccfeef0:   0000003f2ccfef90 0000023acea18b60
0x0000003f2ccfef00:   0000000000000000 0000000000000001
0x0000003f2ccfef10:   0000003f2ccfef90 0000023ac6879626
0x0000003f2ccfef20:   00000000000000bc 0000023ac6879626
0x0000003f2ccfef30:   000000077c516d58 0000000000000000
0x0000003f2ccfef40:   00000007471bd2e0 0000003f2ccfef48 

Instructions: (pc=0x00007ffd360dbe63)
0x00007ffd360dbd63:   90 f0 02 00 00 4c 8b 17 48 8b d6 44 8b 4c 24 28
0x00007ffd360dbd73:   4c 8b c0 48 8b cf 41 ff 92 68 03 00 00 48 8b 07
0x00007ffd360dbd83:   4c 8d 0d 4a a2 01 00 4c 8d 05 1f bf 01 00 48 8b
0x00007ffd360dbd93:   d3 48 8b cf ff 90 f0 02 00 00 4c 8b 17 48 8b d6
0x00007ffd360dbda3:   44 8b 4c 24 2c 4c 8b c0 48 8b cf 41 ff 92 68 03
0x00007ffd360dbdb3:   00 00 48 8b 07 4c 8d 0d f5 a1 01 00 4c 8d 05 fa
0x00007ffd360dbdc3:   be 01 00 48 8b d3 48 8b cf ff 90 f0 02 00 00 4c
0x00007ffd360dbdd3:   8b 17 48 8b d6 44 0f b7 4c 24 30 4c 8b c0 48 8b
0x00007ffd360dbde3:   cf 41 ff 92 60 03 00 00 b0 01 eb 02 32 c0 48 8b
0x00007ffd360dbdf3:   4c 24 38 48 33 cc e8 72 60 00 00 48 8b 5c 24 58
0x00007ffd360dbe03:   48 8b 74 24 60 48 83 c4 40 5f c3 cc cc 48 89 5c
0x00007ffd360dbe13:   24 08 48 89 6c 24 10 48 89 74 24 18 57 48 83 ec
0x00007ffd360dbe23:   20 48 8b 01 41 0f b6 d8 45 33 c0 49 8b d1 49 8b
0x00007ffd360dbe33:   f1 48 8b f9 ff 90 f0 06 00 00 48 8d 0d 94 42 03
0x00007ffd360dbe43:   00 48 8b e8 84 db 75 07 48 8d 0d 6e 42 03 00 ff
0x00007ffd360dbe53:   15 28 94 01 00 44 8b 44 24 50 48 8b d5 48 8b 08
0x00007ffd360dbe63:   48 8b 01 ff 50 08 4c 8b 17 45 33 c9 4c 8b c5 48
0x00007ffd360dbe73:   8b d6 48 8b cf 0f b6 d8 41 ff 92 f8 06 00 00 48
0x00007ffd360dbe83:   8b 6c 24 38 0f b6 c3 48 8b 5c 24 30 48 8b 74 24
0x00007ffd360dbe93:   40 48 83 c4 20 5f c3 cc cc cc cc cc cc 48 89 5c
0x00007ffd360dbea3:   24 10 48 89 6c 24 18 56 57 41 56 48 83 ec 30 41
0x00007ffd360dbeb3:   0f b6 e8 48 8b d9 4d 85 c9 74 11 48 8b 01 49 8b
0x00007ffd360dbec3:   d1 ff 90 30 07 00 00 48 8b f8 eb 02 33 ff 48 8b
0x00007ffd360dbed3:   03 45 33 c0 48 8b 94 24 80 00 00 00 48 8b cb ff
0x00007ffd360dbee3:   90 f0 06 00 00 4c 8b 0b 45 33 c0 48 8b 94 24 88
0x00007ffd360dbef3:   00 00 00 48 8b cb 4c 8b f0 41 ff 91 f0 06 00 00
0x00007ffd360dbf03:   48 8d 0d ce 41 03 00 48 8b f0 40 84 ed 75 07 48
0x00007ffd360dbf13:   8d 0d a7 41 03 00 ff 15 61 93 01 00 48 63 54 24
0x00007ffd360dbf23:   70 4d 8b ce 44 8b 44 24 78 48 03 d7 48 8b 08 81
0x00007ffd360dbf33:   64 24 54 ff ff 0f ff 8b 84 24 90 00 00 00 c6 44
0x00007ffd360dbf43:   24 57 00 81 64 24 54 00 00 f0 ff 89 44 24 28 48
0x00007ffd360dbf53:   8d 44 24 50 c7 44 24 50 00 00 00 00 4c 8b 11 48 


Stack slot to memory mapping:
stack at sp + 0 slots: 0x0 is NULL
stack at sp + 1 slots: 0x0000003f2ccfeeb0 is pointing into the stack for thread: 0x0000023ae25f17a0
stack at sp + 2 slots: 0x0000000800015a08 is a pointer to class: 
stack at sp + 3 slots: 0x00000000fce9e40f is an unknown value
stack at sp + 4 slots: 0x0 is NULL
stack at sp + 5 slots: 0x0000023ace487c2a is at entry_point+266 in (nmethod*)0x0000023ace487990
stack at sp + 6 slots: {method} {0x0000023b351928a8} 'isP2PPacketAvailable' '(I[I)Z' in 'com/codedisaster/steamworks/SteamNetworking'
stack at sp + 7 slots: 0x0000003f2ccfeef0 is pointing into the stack for thread: 0x0000023ae25f17a0


---------------  P R O C E S S  ---------------

Threads class SMR info:
_java_thread_list=0x0000023a8010c300, length=22, elements={
0x0000023abd9f9850, 0x0000023abd9fb370, 0x0000023ae02dd000, 0x0000023ae02dd910,
0x0000023ae02de220, 0x0000023ae02e32f0, 0x0000023ae02f2d80, 0x0000023ae02f3780,
0x0000023ae02e8000, 0x0000023ae0d6de60, 0x0000023ae0d70e70, 0x0000023ae25ebd50,
0x0000023ae25f0d00, 0x0000023ae25f17a0, 0x0000023ae25ec2a0, 0x0000023ae25eed20,
0x0000023ae18725a0, 0x0000023ae1872af0, 0x0000023ae1874ad0, 0x0000023ae1877aa0,
0x0000023ae1877550, 0x0000023ae1875570
}

Java Threads: ( => current thread )
  0x0000023abd9f9850 JavaThread "Reference Handler" daemon [_thread_blocked, id=23236, stack(0x0000003f29e00000,0x0000003f29f00000)]
  0x0000023abd9fb370 JavaThread "Finalizer" daemon [_thread_blocked, id=27332, stack(0x0000003f29f00000,0x0000003f2a000000)]
  0x0000023ae02dd000 JavaThread "Signal Dispatcher" daemon [_thread_blocked, id=3312, stack(0x0000003f2a000000,0x0000003f2a100000)]
  0x0000023ae02dd910 JavaThread "Attach Listener" daemon [_thread_blocked, id=27940, stack(0x0000003f2a100000,0x0000003f2a200000)]
  0x0000023ae02de220 JavaThread "Service Thread" daemon [_thread_blocked, id=14796, stack(0x0000003f2a200000,0x0000003f2a300000)]
  0x0000023ae02e32f0 JavaThread "Monitor Deflation Thread" daemon [_thread_blocked, id=32764, stack(0x0000003f2a300000,0x0000003f2a400000)]
  0x0000023ae02f2d80 JavaThread "C2 CompilerThread0" daemon [_thread_blocked, id=3708, stack(0x0000003f2a400000,0x0000003f2a500000)]
  0x0000023ae02f3780 JavaThread "C1 CompilerThread0" daemon [_thread_blocked, id=1112, stack(0x0000003f2a500000,0x0000003f2a600000)]
  0x0000023ae02e8000 JavaThread "Sweeper thread" daemon [_thread_blocked, id=14636, stack(0x0000003f2a600000,0x0000003f2a700000)]
  0x0000023ae0d6de60 JavaThread "Notification Thread" daemon [_thread_blocked, id=23932, stack(0x0000003f2a700000,0x0000003f2a800000)]
  0x0000023ae0d70e70 JavaThread "Common-Cleaner" daemon [_thread_blocked, id=26332, stack(0x0000003f2a900000,0x0000003f2aa00000)]
  0x0000023ae25ebd50 JavaThread "Server Socket" [_thread_in_native, id=13064, stack(0x0000003f2bf00000,0x0000003f2c000000)]
  0x0000023ae25f0d00 JavaThread "Server LAN Socket" [_thread_in_native, id=28184, stack(0x0000003f2c000000,0x0000003f2c100000)]
=>0x0000023ae25f17a0 JavaThread "Steam P2P Socket" [_thread_in_native, id=16680, stack(0x0000003f2cc00000,0x0000003f2cd00000)]
  0x0000023ae25ec2a0 JavaThread "Server Thread" [_thread_in_native, id=4196, stack(0x0000003f2cd00000,0x0000003f2ce00000)]
  0x0000023ae25eed20 JavaThread "level-s-7056x2474d0-executor-1" [_thread_blocked, id=16556, stack(0x0000003f2d100000,0x0000003f2d200000)]
  0x0000023ae18725a0 JavaThread "level-s-7056x2474d0-executor-2" [_thread_blocked, id=39504, stack(0x0000003f2d300000,0x0000003f2d400000)]
  0x0000023ae1872af0 JavaThread "level-s-7056x2474d0-executor-3" [_thread_blocked, id=13808, stack(0x0000003f2d400000,0x0000003f2d500000)]
  0x0000023ae1874ad0 JavaThread "level-s-7056x2474d0-executor-4" [_thread_blocked, id=22304, stack(0x0000003f2d500000,0x0000003f2d600000)]
  0x0000023ae1877aa0 JavaThread "level-s-7056x2474d0-executor-5" [_thread_blocked, id=17748, stack(0x0000003f2d600000,0x0000003f2d700000)]
  0x0000023ae1877550 JavaThread "level-na-7056x2474d0-light-update" [_thread_blocked, id=36456, stack(0x0000003f2c500000,0x0000003f2c600000)]
  0x0000023ae1875570 JavaThread "DestroyJavaVM" [_thread_blocked, id=2220, stack(0x0000003f29700000,0x0000003f29800000)]

Other Threads:
  0x0000023abd9f36a0 VMThread "VM Thread" [stack: 0x0000003f29d00000,0x0000003f29e00000] [id=38828]
  0x0000023ae0d6f5c0 WatcherThread [stack: 0x0000003f2a800000,0x0000003f2a900000] [id=35544]
  0x0000023abd958e20 GCTaskThread "GC Thread#0" [stack: 0x0000003f29800000,0x0000003f29900000] [id=16964]
  0x0000023ae2a45eb0 GCTaskThread "GC Thread#1" [stack: 0x0000003f2ac00000,0x0000003f2ad00000] [id=23484]
  0x0000023ae2acb6f0 GCTaskThread "GC Thread#2" [stack: 0x0000003f2ad00000,0x0000003f2ae00000] [id=19740]
  0x0000023ae2acba00 GCTaskThread "GC Thread#3" [stack: 0x0000003f2ae00000,0x0000003f2af00000] [id=20436]
  0x0000023ae25d2150 GCTaskThread "GC Thread#4" [stack: 0x0000003f2af00000,0x0000003f2b000000] [id=37748]
  0x0000023ae25d2460 GCTaskThread "GC Thread#5" [stack: 0x0000003f2b000000,0x0000003f2b100000] [id=15104]
  0x0000023ae29e3c60 GCTaskThread "GC Thread#6" [stack: 0x0000003f2b100000,0x0000003f2b200000] [id=34724]
  0x0000023ae25d2b40 GCTaskThread "GC Thread#7" [stack: 0x0000003f2b200000,0x0000003f2b300000] [id=12748]
  0x0000023ae2814e90 GCTaskThread "GC Thread#8" [stack: 0x0000003f2b300000,0x0000003f2b400000] [id=30236]
  0x0000023ae28151a0 GCTaskThread "GC Thread#9" [stack: 0x0000003f2b400000,0x0000003f2b500000] [id=27196]
  0x0000023abd95aa70 ConcurrentGCThread "G1 Main Marker" [stack: 0x0000003f29900000,0x0000003f29a00000] [id=23148]
  0x0000023abd95b470 ConcurrentGCThread "G1 Conc#0" [stack: 0x0000003f29a00000,0x0000003f29b00000] [id=8692]
  0x0000023ae24923a0 ConcurrentGCThread "G1 Conc#1" [stack: 0x0000003f2bd00000,0x0000003f2be00000] [id=28688]
  0x0000023ae2495ac0 ConcurrentGCThread "G1 Conc#2" [stack: 0x0000003f2be00000,0x0000003f2bf00000] [id=10664]
  0x0000023abd9c8aa0 ConcurrentGCThread "G1 Refine#0" [stack: 0x0000003f29b00000,0x0000003f29c00000] [id=38400]
  0x0000023afc7e7b30 ConcurrentGCThread "G1 Refine#1" [stack: 0x0000003f2d700000,0x0000003f2d800000] [id=22708]
  0x0000023afc7e5ab0 ConcurrentGCThread "G1 Refine#2" [stack: 0x0000003f2d800000,0x0000003f2d900000] [id=1736]
  0x0000023afc7e67b0 ConcurrentGCThread "G1 Refine#3" [stack: 0x0000003f2c600000,0x0000003f2c700000] [id=29616]
  0x0000023abd9ca360 ConcurrentGCThread "G1 Service" [stack: 0x0000003f29c00000,0x0000003f29d00000] [id=12172]

Threads with active compile tasks:

VM state: not at safepoint (normal execution)

VM Mutex/Monitor currently owned by a thread: None

Heap address: 0x0000000740000000, size: 3072 MB, Compressed Oops mode: Zero based, Oop shift amount: 3
CDS archive(s) mapped at: [0x0000000800000000-0x0000000800bb0000-0x0000000800bb0000), size 12255232, SharedBaseAddress: 0x0000000800000000, ArchiveRelocationMode: 0.
Compressed class space mapped at: 0x0000000800c00000-0x0000000840c00000, reserved size: 1073741824
Narrow klass base: 0x0000000800000000, Narrow klass shift: 3, Narrow klass range: 0x100000000

GC Precious Log:
 CPUs: 12 total, 12 available
 Memory: 16334M
 Large Page Support: Disabled
 NUMA Support: Disabled
 Compressed Oops: Enabled (Zero based)
 Heap Region Size: 32M
 Heap Min Capacity: 512M
 Heap Initial Capacity: 512M
 Heap Max Capacity: 3G
 Pre-touch: Disabled
 Parallel Workers: 10
 Concurrent Workers: 3
 Concurrent Refinement Workers: 10
 Periodic GC: Disabled

Heap:
 garbage-first heap   total 884736K, used 272767K [0x0000000740000000, 0x0000000800000000)
  region size 32768K, 3 young (98304K), 1 survivors (32768K)
 Metaspace       used 45477K, committed 46208K, reserved 1089536K
  class space    used 6485K, committed 6848K, reserved 1048576K

Heap Regions: E=young(eden), S=young(survivor), O=old, HS=humongous(starts), HC=humongous(continues), CS=collection set, F=free, OA=open archive, CA=closed archive, TAMS=top-at-mark-start (previous, next)
|   0|0x0000000740000000, 0x0000000742000000, 0x0000000742000000|100%| O|  |TAMS 0x0000000742000000, 0x0000000740000000| Untracked 
|   1|0x0000000742000000, 0x0000000743c5ae00, 0x0000000744000000| 88%| O|  |TAMS 0x0000000743c5ae00, 0x0000000742000000| Untracked 
|   2|0x0000000744000000, 0x0000000745308a00, 0x0000000746000000| 59%| O|  |TAMS 0x0000000745302000, 0x0000000744000000| Untracked 
|   3|0x0000000746000000, 0x0000000748000000, 0x0000000748000000|100%| O|  |TAMS 0x0000000746000000, 0x0000000746000000| Untracked 
|   4|0x0000000748000000, 0x0000000749580e00, 0x000000074a000000| 67%| O|  |TAMS 0x0000000748000000, 0x0000000748000000| Untracked 
|   5|0x000000074a000000, 0x000000074a000000, 0x000000074c000000|  0%| F|  |TAMS 0x000000074a000000, 0x000000074a000000| Untracked 
|   6|0x000000074c000000, 0x000000074c000000, 0x000000074e000000|  0%| F|  |TAMS 0x000000074c000000, 0x000000074c000000| Untracked 
|   7|0x000000074e000000, 0x000000074e000000, 0x0000000750000000|  0%| F|  |TAMS 0x000000074e000000, 0x000000074e000000| Untracked 
|   8|0x0000000750000000, 0x0000000750000000, 0x0000000752000000|  0%| F|  |TAMS 0x0000000750000000, 0x0000000750000000| Untracked 
|   9|0x0000000752000000, 0x0000000752000000, 0x0000000754000000|  0%| F|  |TAMS 0x0000000752000000, 0x0000000752000000| Untracked 
|  10|0x0000000754000000, 0x0000000756000000, 0x0000000756000000|100%| O|  |TAMS 0x0000000756000000, 0x0000000754000000| Untracked 
|  11|0x0000000756000000, 0x0000000758000000, 0x0000000758000000|100%| O|  |TAMS 0x0000000758000000, 0x0000000756000000| Untracked 
|  12|0x0000000758000000, 0x000000075a000000, 0x000000075a000000|100%| O|  |TAMS 0x000000075a000000, 0x0000000758000000| Untracked 
|  13|0x000000075a000000, 0x000000075a000000, 0x000000075c000000|  0%| F|  |TAMS 0x000000075a000000, 0x000000075a000000| Untracked 
|  14|0x000000075c000000, 0x000000075c000000, 0x000000075e000000|  0%| F|  |TAMS 0x000000075c000000, 0x000000075c000000| Untracked 
|  15|0x000000075e000000, 0x000000075e57b778, 0x0000000760000000| 17%| S|CS|TAMS 0x000000075e000000, 0x000000075e000000| Complete 
|  16|0x0000000760000000, 0x0000000760000000, 0x0000000762000000|  0%| F|  |TAMS 0x0000000760000000, 0x0000000760000000| Untracked 
|  17|0x0000000762000000, 0x0000000762000000, 0x0000000764000000|  0%| F|  |TAMS 0x0000000762000000, 0x0000000762000000| Untracked 
|  18|0x0000000764000000, 0x0000000764000000, 0x0000000766000000|  0%| F|  |TAMS 0x0000000764000000, 0x0000000764000000| Untracked 
|  19|0x0000000766000000, 0x0000000766000000, 0x0000000768000000|  0%| F|  |TAMS 0x0000000766000000, 0x0000000766000000| Untracked 
|  20|0x0000000768000000, 0x0000000768000000, 0x000000076a000000|  0%| F|  |TAMS 0x0000000768000000, 0x0000000768000000| Untracked 
|  21|0x000000076a000000, 0x000000076a000000, 0x000000076c000000|  0%| F|  |TAMS 0x000000076a000000, 0x000000076a000000| Untracked 
|  22|0x000000076c000000, 0x000000076c000000, 0x000000076e000000|  0%| F|  |TAMS 0x000000076c000000, 0x000000076c000000| Untracked 
|  23|0x000000076e000000, 0x000000076e000000, 0x0000000770000000|  0%| F|  |TAMS 0x000000076e000000, 0x000000076e000000| Untracked 
|  24|0x0000000770000000, 0x0000000770000000, 0x0000000772000000|  0%| F|  |TAMS 0x0000000770000000, 0x0000000770000000| Untracked 
|  30|0x000000077c000000, 0x000000077c58fb50, 0x000000077e000000| 17%| E|  |TAMS 0x000000077c000000, 0x000000077c000000| Complete 
|  39|0x000000078e000000, 0x0000000790000000, 0x0000000790000000|100%| E|CS|TAMS 0x000000078e000000, 0x000000078e000000| Complete 

Card table byte_map: [0x0000023ad6b00000,0x0000023ad7100000] _byte_map_base: 0x0000023ad3100000

Marking Bits (Prev, Next): (CMBitMap*) 0x0000023abd959460, (CMBitMap*) 0x0000023abd959420
 Prev Bits: [0x0000023ada700000, 0x0000023add700000)
 Next Bits: [0x0000023ad7700000, 0x0000023ada700000)

Polling page: 0x0000023abda00000

Metaspace:

Usage:
  Non-class:     38.08 MB used.
      Class:      6.33 MB used.
       Both:     44.41 MB used.

Virtual space:
  Non-class space:       40.00 MB reserved,      38.44 MB ( 96%) committed,  5 nodes.
      Class space:        1.00 GB reserved,       6.69 MB ( <1%) committed,  1 nodes.
              Both:        1.04 GB reserved,      45.12 MB (  4%) committed. 

Chunk freelists:
   Non-Class:  704.00 KB
       Class:  1.36 MB
        Both:  2.05 MB

MaxMetaspaceSize: 17179869184.00 GB
CompressedClassSpaceSize: 1.00 GB
 - commit_granule_bytes: 65536.
 - commit_granule_words: 8192.
 - virtual_space_node_default_size: 1048576.
 - enlarge_chunks_in_place: 1.
 - new_chunks_are_fully_committed: 0.
 - uncommit_free_chunks: 1.
 - use_allocation_guard: 0.
 - handle_deallocations: 1.


Internal statistics:

num_allocs_failed_limit: 6.
num_arena_births: 1062.
num_arena_deaths: 2.
num_vsnodes_births: 6.
num_vsnodes_deaths: 0.
num_space_committed: 719.
num_space_uncommitted: 0.
num_chunks_returned_to_freelist: 10.
num_chunks_taken_from_freelist: 2967.
num_chunk_merges: 6.
num_chunk_splits: 1917.
num_chunks_enlarged: 1305.
num_purges: 2.

CodeHeap 'non-profiled nmethods': size=120000Kb used=7905Kb max_used=7936Kb free=112094Kb
 bounds [0x0000023ace340000, 0x0000023aceb10000, 0x0000023ad5870000]
CodeHeap 'profiled nmethods': size=120000Kb used=15545Kb max_used=16861Kb free=104454Kb
 bounds [0x0000023ac6e10000, 0x0000023ac7e90000, 0x0000023ace340000]
CodeHeap 'non-nmethods': size=5760Kb used=2115Kb max_used=2170Kb free=3644Kb
 bounds [0x0000023ac6870000, 0x0000023ac6ae0000, 0x0000023ac6e10000]
 total_blobs=9785 nmethods=8109 adapters=1586
 compilation: enabled
              stopped_count=0, restarted_count=0
 full_count=0

Compilation events (20 events):
Event: 64.337 Thread 0x0000023ae02f3780 13835       3       necesse.inventory.Inventory::getItemSlot (21 bytes)
Event: 64.337 Thread 0x0000023ae02f3780 nmethod 13835 0x0000023ac7a60090 code [0x0000023ac7a60240, 0x0000023ac7a603f8]
Event: 64.338 Thread 0x0000023ae02f3780 13836       3       java.math.BigDecimal::saturateLong (30 bytes)
Event: 64.338 Thread 0x0000023ae02f3780 nmethod 13836 0x0000023ac7a70690 code [0x0000023ac7a70840, 0x0000023ac7a70a38]
Event: 64.338 Thread 0x0000023ae02f3780 13837       3       java.math.BigDecimal::divide (298 bytes)
Event: 64.338 Thread 0x0000023ae02f3780 nmethod 13837 0x0000023ac7d22d90 code [0x0000023ac7d230e0, 0x0000023ac7d23cc8]
Event: 64.339 Thread 0x0000023ae02f3780 13838       3       java.math.BigDecimal::setScale (10 bytes)
Event: 64.339 Thread 0x0000023ae02f3780 nmethod 13838 0x0000023ac7a5bf10 code [0x0000023ac7a5c0c0, 0x0000023ac7a5c208]
Event: 64.386 Thread 0x0000023ae02f3780 13839       3       java.util.Collections$UnmodifiableCollection::iterator (9 bytes)
Event: 64.387 Thread 0x0000023ae02f2d80 13842       4       java.lang.String::valueOf (15 bytes)
Event: 64.387 Thread 0x0000023ae02f3780 nmethod 13839 0x0000023ac77f8d90 code [0x0000023ac77f8f60, 0x0000023ac77f9328]
Event: 64.387 Thread 0x0000023ae02f3780 13840       3       java.util.Collections$UnmodifiableCollection$1::<init> (26 bytes)
Event: 64.387 Thread 0x0000023ae02f3780 nmethod 13840 0x0000023ac79d8490 code [0x0000023ac79d8640, 0x0000023ac79d8968]
Event: 64.387 Thread 0x0000023ae02f3780 13841       3       java.math.BigDecimal::divideAndRound (132 bytes)
Event: 64.387 Thread 0x0000023ae02f2d80 nmethod 13842 0x0000023ace7ef110 code [0x0000023ace7ef2a0, 0x0000023ace7ef338]
Event: 64.387 Thread 0x0000023ae02f3780 nmethod 13841 0x0000023ac7c8e610 code [0x0000023ac7c8e820, 0x0000023ac7c8edc8]
Event: 64.387 Thread 0x0000023ae02f3780 13843       3       java.io.FileDescriptor::valid (25 bytes)
Event: 64.387 Thread 0x0000023ae02f3780 nmethod 13843 0x0000023ac77f8990 code [0x0000023ac77f8b20, 0x0000023ac77f8cd8]
Event: 64.401 Thread 0x0000023ae02f3780 13844       3       necesse.engine.network.server.Server::frameTick (118 bytes)
Event: 64.402 Thread 0x0000023ae02f3780 nmethod 13844 0x0000023ac7336310 code [0x0000023ac73365e0, 0x0000023ac7337458]

GC Heap History (20 events):
Event: 43.111 GC heap before
{Heap before GC invocations=63 (full 0):
 garbage-first heap   total 884736K, used 599875K [0x0000000740000000, 0x0000000800000000)
  region size 32768K, 12 young (393216K), 1 survivors (32768K)
 Metaspace       used 44885K, committed 45568K, reserved 1089536K
  class space    used 6406K, committed 6720K, reserved 1048576K
}
Event: 43.117 GC heap after
{Heap after GC invocations=64 (full 0):
 garbage-first heap   total 884736K, used 239049K [0x0000000740000000, 0x0000000800000000)
  region size 32768K, 1 young (32768K), 1 survivors (32768K)
 Metaspace       used 44885K, committed 45568K, reserved 1089536K
  class space    used 6406K, committed 6720K, reserved 1048576K
}
Event: 45.425 GC heap before
{Heap before GC invocations=64 (full 0):
 garbage-first heap   total 884736K, used 599497K [0x0000000740000000, 0x0000000800000000)
  region size 32768K, 12 young (393216K), 1 survivors (32768K)
 Metaspace       used 44902K, committed 45568K, reserved 1089536K
  class space    used 6406K, committed 6720K, reserved 1048576K
}
Event: 45.429 GC heap after
{Heap after GC invocations=65 (full 0):
 garbage-first heap   total 884736K, used 238586K [0x0000000740000000, 0x0000000800000000)
  region size 32768K, 1 young (32768K), 1 survivors (32768K)
 Metaspace       used 44902K, committed 45568K, reserved 1089536K
  class space    used 6406K, committed 6720K, reserved 1048576K
}
Event: 47.712 GC heap before
{Heap before GC invocations=65 (full 0):
 garbage-first heap   total 884736K, used 599034K [0x0000000740000000, 0x0000000800000000)
  region size 32768K, 12 young (393216K), 1 survivors (32768K)
 Metaspace       used 44918K, committed 45568K, reserved 1089536K
  class space    used 6406K, committed 6720K, reserved 1048576K
}
Event: 47.714 GC heap after
{Heap after GC invocations=66 (full 0):
 garbage-first heap   total 884736K, used 238809K [0x0000000740000000, 0x0000000800000000)
  region size 32768K, 1 young (32768K), 1 survivors (32768K)
 Metaspace       used 44918K, committed 45568K, reserved 1089536K
  class space    used 6406K, committed 6720K, reserved 1048576K
}
Event: 49.993 GC heap before
{Heap before GC invocations=66 (full 0):
 garbage-first heap   total 884736K, used 599257K [0x0000000740000000, 0x0000000800000000)
  region size 32768K, 12 young (393216K), 1 survivors (32768K)
 Metaspace       used 44936K, committed 45632K, reserved 1089536K
  class space    used 6407K, committed 6720K, reserved 1048576K
}
Event: 49.994 GC heap after
{Heap after GC invocations=67 (full 0):
 garbage-first heap   total 884736K, used 239173K [0x0000000740000000, 0x0000000800000000)
  region size 32768K, 1 young (32768K), 1 survivors (32768K)
 Metaspace       used 44936K, committed 45632K, reserved 1089536K
  class space    used 6407K, committed 6720K, reserved 1048576K
}
Event: 52.274 GC heap before
{Heap before GC invocations=67 (full 0):
 garbage-first heap   total 884736K, used 599621K [0x0000000740000000, 0x0000000800000000)
  region size 32768K, 12 young (393216K), 1 survivors (32768K)
 Metaspace       used 44963K, committed 45632K, reserved 1089536K
  class space    used 6407K, committed 6720K, reserved 1048576K
}
Event: 52.275 GC heap after
{Heap after GC invocations=68 (full 0):
 garbage-first heap   total 884736K, used 238569K [0x0000000740000000, 0x0000000800000000)
  region size 32768K, 1 young (32768K), 1 survivors (32768K)
 Metaspace       used 44963K, committed 45632K, reserved 1089536K
  class space    used 6407K, committed 6720K, reserved 1048576K
}
Event: 54.558 GC heap before
{Heap before GC invocations=68 (full 0):
 garbage-first heap   total 884736K, used 599017K [0x0000000740000000, 0x0000000800000000)
  region size 32768K, 12 young (393216K), 1 survivors (32768K)
 Metaspace       used 44968K, committed 45632K, reserved 1089536K
  class space    used 6407K, committed 6720K, reserved 1048576K
}
Event: 54.559 GC heap after
{Heap after GC invocations=69 (full 0):
 garbage-first heap   total 884736K, used 239045K [0x0000000740000000, 0x0000000800000000)
  region size 32768K, 1 young (32768K), 1 survivors (32768K)
 Metaspace       used 44968K, committed 45632K, reserved 1089536K
  class space    used 6407K, committed 6720K, reserved 1048576K
}
Event: 56.846 GC heap before
{Heap before GC invocations=69 (full 0):
 garbage-first heap   total 884736K, used 599493K [0x0000000740000000, 0x0000000800000000)
  region size 32768K, 12 young (393216K), 1 survivors (32768K)
 Metaspace       used 44989K, committed 45632K, reserved 1089536K
  class space    used 6409K, committed 6720K, reserved 1048576K
}
Event: 56.847 GC heap after
{Heap after GC invocations=70 (full 0):
 garbage-first heap   total 884736K, used 239575K [0x0000000740000000, 0x0000000800000000)
  region size 32768K, 1 young (32768K), 1 survivors (32768K)
 Metaspace       used 44989K, committed 45632K, reserved 1089536K
  class space    used 6409K, committed 6720K, reserved 1048576K
}
Event: 59.128 GC heap before
{Heap before GC invocations=70 (full 0):
 garbage-first heap   total 884736K, used 600023K [0x0000000740000000, 0x0000000800000000)
  region size 32768K, 12 young (393216K), 1 survivors (32768K)
 Metaspace       used 45005K, committed 45696K, reserved 1089536K
  class space    used 6410K, committed 6720K, reserved 1048576K
}
Event: 59.129 GC heap after
{Heap after GC invocations=71 (full 0):
 garbage-first heap   total 884736K, used 239146K [0x0000000740000000, 0x0000000800000000)
  region size 32768K, 1 young (32768K), 1 survivors (32768K)
 Metaspace       used 45005K, committed 45696K, reserved 1089536K
  class space    used 6410K, committed 6720K, reserved 1048576K
}
Event: 61.318 GC heap before
{Heap before GC invocations=71 (full 0):
 garbage-first heap   total 884736K, used 599594K [0x0000000740000000, 0x0000000800000000)
  region size 32768K, 12 young (393216K), 1 survivors (32768K)
 Metaspace       used 45172K, committed 45888K, reserved 1089536K
  class space    used 6438K, committed 6784K, reserved 1048576K
}
Event: 61.320 GC heap after
{Heap after GC invocations=72 (full 0):
 garbage-first heap   total 884736K, used 238965K [0x0000000740000000, 0x0000000800000000)
  region size 32768K, 1 young (32768K), 1 survivors (32768K)
 Metaspace       used 45172K, committed 45888K, reserved 1089536K
  class space    used 6438K, committed 6784K, reserved 1048576K
}
Event: 63.534 GC heap before
{Heap before GC invocations=72 (full 0):
 garbage-first heap   total 884736K, used 599413K [0x0000000740000000, 0x0000000800000000)
  region size 32768K, 12 young (393216K), 1 survivors (32768K)
 Metaspace       used 45200K, committed 45952K, reserved 1089536K
  class space    used 6438K, committed 6784K, reserved 1048576K
}
Event: 63.535 GC heap after
{Heap after GC invocations=73 (full 0):
 garbage-first heap   total 884736K, used 239999K [0x0000000740000000, 0x0000000800000000)
  region size 32768K, 1 young (32768K), 1 survivors (32768K)
 Metaspace       used 45200K, committed 45952K, reserved 1089536K
  class space    used 6438K, committed 6784K, reserved 1048576K
}

Deoptimization events (20 events):
Event: 63.785 Thread 0x0000023ae25ec2a0 Uncommon trap: trap_request=0xffffffbe fr.pc=0x0000023aceabd630 relative=0x00000000000008d0
Event: 63.785 Thread 0x0000023ae25ec2a0 Uncommon trap: reason=profile_predicate action=maybe_recompile pc=0x0000023aceabd630 method=java.util.HashMap.forEach(Ljava/util/function/BiConsumer;)V @ 48 c2
Event: 63.785 Thread 0x0000023ae25ec2a0 DEOPT PACKING pc=0x0000023aceabd630 sp=0x0000003f2cdfe8b0
Event: 63.785 Thread 0x0000023ae25ec2a0 DEOPT UNPACKING pc=0x0000023ac68bd72e sp=0x0000003f2cdfe8a8 mode 2
Event: 63.785 Thread 0x0000023ae25ec2a0 Uncommon trap: trap_request=0xffffff45 fr.pc=0x0000023aceabd644 relative=0x00000000000008e4
Event: 63.785 Thread 0x0000023ae25ec2a0 Uncommon trap: reason=unstable_if action=reinterpret pc=0x0000023aceabd644 method=java.util.HashMap.forEach(Ljava/util/function/BiConsumer;)V @ 16 c2
Event: 63.785 Thread 0x0000023ae25ec2a0 DEOPT PACKING pc=0x0000023aceabd644 sp=0x0000003f2cdfe8b0
Event: 63.785 Thread 0x0000023ae25ec2a0 DEOPT UNPACKING pc=0x0000023ac68bd72e sp=0x0000003f2cdfe8b0 mode 2
Event: 63.788 Thread 0x0000023ae25ec2a0 DEOPT PACKING pc=0x0000023ac6e231ec sp=0x0000003f2cdfe930
Event: 63.788 Thread 0x0000023ae25ec2a0 DEOPT UNPACKING pc=0x0000023ac68bdece sp=0x0000003f2cdfdda8 mode 0
Event: 63.809 Thread 0x0000023ae25ec2a0 DEOPT PACKING pc=0x0000023ac7047518 sp=0x0000003f2cdfe320
Event: 63.809 Thread 0x0000023ae25ec2a0 DEOPT UNPACKING pc=0x0000023ac68bdece sp=0x0000003f2cdfd898 mode 0
Event: 63.816 Thread 0x0000023ae25ec2a0 Uncommon trap: trap_request=0xffffff45 fr.pc=0x0000023aceab83e4 relative=0x0000000000003f84
Event: 63.816 Thread 0x0000023ae25ec2a0 Uncommon trap: reason=unstable_if action=reinterpret pc=0x0000023aceab83e4 method=necesse.engine.network.server.Server.frameTick(Lnecesse/engine/tickManager/TickManager;)V @ 11 c2
Event: 63.816 Thread 0x0000023ae25ec2a0 DEOPT PACKING pc=0x0000023aceab83e4 sp=0x0000003f2cdfec80
Event: 63.816 Thread 0x0000023ae25ec2a0 DEOPT UNPACKING pc=0x0000023ac68bd72e sp=0x0000003f2cdfec90 mode 2
Event: 63.854 Thread 0x0000023abd922f40 Uncommon trap: trap_request=0xffffff45 fr.pc=0x0000023acea47120 relative=0x0000000000000100
Event: 63.854 Thread 0x0000023abd922f40 Uncommon trap: reason=unstable_if action=reinterpret pc=0x0000023acea47120 method=java.util.LinkedList.clear()V @ 6 c2
Event: 63.854 Thread 0x0000023abd922f40 DEOPT PACKING pc=0x0000023acea47120 sp=0x0000003f297feb00
Event: 63.854 Thread 0x0000023abd922f40 DEOPT UNPACKING pc=0x0000023ac68bd72e sp=0x0000003f297feab0 mode 2

Classes unloaded (1 events):
Event: 10.879 Thread 0x0000023abd9f36a0 Unloading class 0x0000000800de4800 'net/bytebuddy/mirror/AccessibleObject'

Classes redefined (20 events):
Event: 5.505 Thread 0x0000023abd9f36a0 redefined class name=necesse.gfx.forms.MainGameFormManager, count=1
Event: 5.512 Thread 0x0000023abd9f36a0 redefined class name=dragonsaga.examples.ExampleConstructorPatch, count=8
Event: 5.512 Thread 0x0000023abd9f36a0 redefined class name=dragonsaga.examples.ExampleMethodPatch, count=8
Event: 5.512 Thread 0x0000023abd9f36a0 redefined class name=dragonsaga.mobs.human.patches.PlayerMobClientTickPatch, count=8
Event: 5.512 Thread 0x0000023abd9f36a0 redefined class name=dragonsaga.mobs.human.patches.PlayerMobConstructorPatch, count=8
Event: 5.512 Thread 0x0000023abd9f36a0 redefined class name=dragonsaga.mobs.human.patches.PlayerMobLoadSavePatch, count=8
Event: 5.512 Thread 0x0000023abd9f36a0 redefined class name=dragonsaga.mobs.human.patches.PlayerMobSavePatch, count=8
Event: 5.512 Thread 0x0000023abd9f36a0 redefined class name=dragonsaga.mobs.human.patches.PlayerMobServerTickPatch, count=8
Event: 5.512 Thread 0x0000023abd9f36a0 redefined class name=dragonsaga.ui.patches.maingameformmanager.MainGameFormManagerSetupPatch, count=8
Event: 5.512 Thread 0x0000023abd9f36a0 redefined class name=dragonsaga.ui.patches.maingameformmanager.MainGameFormManagerUpdatePatch, count=8
Event: 5.534 Thread 0x0000023abd9f36a0 redefined class name=necesse.gfx.forms.MainGameFormManager, count=2
Event: 5.540 Thread 0x0000023abd9f36a0 redefined class name=dragonsaga.examples.ExampleConstructorPatch, count=9
Event: 5.540 Thread 0x0000023abd9f36a0 redefined class name=dragonsaga.examples.ExampleMethodPatch, count=9
Event: 5.540 Thread 0x0000023abd9f36a0 redefined class name=dragonsaga.mobs.human.patches.PlayerMobClientTickPatch, count=9
Event: 5.540 Thread 0x0000023abd9f36a0 redefined class name=dragonsaga.mobs.human.patches.PlayerMobConstructorPatch, count=9
Event: 5.540 Thread 0x0000023abd9f36a0 redefined class name=dragonsaga.mobs.human.patches.PlayerMobLoadSavePatch, count=9
Event: 5.540 Thread 0x0000023abd9f36a0 redefined class name=dragonsaga.mobs.human.patches.PlayerMobSavePatch, count=9
Event: 5.540 Thread 0x0000023abd9f36a0 redefined class name=dragonsaga.mobs.human.patches.PlayerMobServerTickPatch, count=9
Event: 5.540 Thread 0x0000023abd9f36a0 redefined class name=dragonsaga.ui.patches.maingameformmanager.MainGameFormManagerSetupPatch, count=9
Event: 5.540 Thread 0x0000023abd9f36a0 redefined class name=dragonsaga.ui.patches.maingameformmanager.MainGameFormManagerUpdatePatch, count=9

Internal exceptions (20 events):
Event: 14.661 Thread 0x0000023abd922f40 Implicit null exception at 0x0000023ace85a5ec to 0x0000023ace85b3b0
Event: 14.661 Thread 0x0000023abd922f40 Implicit null exception at 0x0000023ace85a5ec to 0x0000023ace85b3b0
Event: 14.924 Thread 0x0000023ae25ec2a0 Exception <a 'java/lang/IncompatibleClassChangeError'{0x00000007676580d8}: Found class java.lang.Object, but interface was expected> (0x00000007676580d8) 
thrown [t:\workspace\open\src\hotspot\share\interpreter\linkResolver.cpp, line 857]
Event: 15.621 Thread 0x0000023abd922f40 Exception <a 'java/lang/NoSuchMethodError'{0x000000076f280398}: 'int java.lang.invoke.DirectMethodHandle$Holder.invokeSpecial(java.lang.Object, java.lang.Object, java.lang.Object, java.lang.Object)'> (0x000000076f280398) 
thrown [t:\workspace\open\src\hotspot\share\interpreter\linkResolver.cpp, line 790]
Event: 15.658 Thread 0x0000023abd922f40 Exception <a 'java/lang/NoSuchMethodError'{0x000000076fbe2be0}: 'void java.lang.invoke.DirectMethodHandle$Holder.invokeStatic(java.lang.Object, int, java.lang.Object)'> (0x000000076fbe2be0) 
thrown [t:\workspace\open\src\hotspot\share\interpreter\linkResolver.cpp, line 790]
Event: 15.679 Thread 0x0000023abd922f40 Exception <a 'java/lang/NoSuchMethodError'{0x000000076c3e8df8}: 'void java.lang.invoke.DirectMethodHandle$Holder.invokeStaticInit(java.lang.Object, java.lang.Object, java.lang.Object)'> (0x000000076c3e8df8) 
thrown [t:\workspace\open\src\hotspot\share\interpreter\linkResolver.cpp, line 790]
Event: 15.746 Thread 0x0000023abd922f40 Exception <a 'java/lang/NoSuchMethodError'{0x000000076cac53b0}: 'void java.lang.invoke.DirectMethodHandle$Holder.invokeInterface(java.lang.Object, java.lang.Object, int, int)'> (0x000000076cac53b0) 
thrown [t:\workspace\open\src\hotspot\share\interpreter\linkResolver.cpp, line 790]
Event: 15.746 Thread 0x0000023abd922f40 Exception <a 'java/lang/IncompatibleClassChangeError'{0x000000076cac8ba8}: Found class java.lang.Object, but interface was expected> (0x000000076cac8ba8) 
thrown [t:\workspace\open\src\hotspot\share\interpreter\linkResolver.cpp, line 857]
Event: 15.770 Thread 0x0000023ae1875570 Exception <a 'java/lang/NoSuchMethodError'{0x000000076d89a010}: 'int java.lang.invoke.DirectMethodHandle$Holder.invokeVirtual(java.lang.Object, java.lang.Object, int, int)'> (0x000000076d89a010) 
thrown [t:\workspace\open\src\hotspot\share\interpreter\linkResolver.cpp, line 790]
Event: 15.770 Thread 0x0000023ae1878a90 Exception <a 'java/lang/NoSuchMethodError'{0x000000076d794108}: 'int java.lang.invoke.DirectMethodHandle$Holder.invokeVirtual(java.lang.Object, java.lang.Object, int, int)'> (0x000000076d794108) 
thrown [t:\workspace\open\src\hotspot\share\interpreter\linkResolver.cpp, line 790]
Event: 15.972 Thread 0x0000023abd922f40 Exception <a 'java/lang/NoSuchMethodError'{0x000000076bc3be00}: 'java.lang.Object java.lang.invoke.DirectMethodHandle$Holder.newInvokeSpecial(java.lang.Object, java.lang.Object, float, float)'> (0x000000076bc3be00) 
thrown [t:\workspace\open\src\hotspot\share\interpreter\linkResolver.cpp, line 790]
Event: 15.992 Thread 0x0000023ae1875570 Exception <a 'java/lang/NoSuchMethodError'{0x000000076853fc98}: 'java.lang.Object java.lang.invoke.DirectMethodHandle$Holder.newInvokeSpecial(java.lang.Object, java.lang.Object, int, int, float)'> (0x000000076853fc98) 
thrown [t:\workspace\open\src\hotspot\share\interpreter\linkResolver.cpp, line 790]
Event: 16.481 Thread 0x0000023ae25ec2a0 Implicit null exception at 0x0000023ace796b54 to 0x0000023ace796bb1
Event: 16.482 Thread 0x0000023ae25ec2a0 Exception <a 'java/lang/NoSuchMethodError'{0x0000000768e69998}: 'java.lang.Object java.lang.invoke.DirectMethodHandle$Holder.invokeStatic(java.lang.Object, java.lang.Object, java.lang.Object, int, int)'> (0x0000000768e69998) 
thrown [t:\workspace\open\src\hotspot\share\interpreter\linkResolver.cpp, line 790]
Event: 16.482 Thread 0x0000023ae25ec2a0 Exception <a 'java/lang/NoSuchMethodError'{0x0000000768e70c98}: 'java.lang.Object java.lang.invoke.DirectMethodHandle$Holder.newInvokeSpecial(java.lang.Object, java.lang.Object, java.lang.Object, int, int)'> (0x0000000768e70c98) 
thrown [t:\workspace\open\src\hotspot\share\interpreter\linkResolver.cpp, line 790]
Event: 16.482 Thread 0x0000023ae25ec2a0 Exception <a 'java/lang/NoSuchMethodError'{0x0000000768e74bc0}: 'java.lang.Object java.lang.invoke.DirectMethodHandle$Holder.invokeSpecial(java.lang.Object, java.lang.Object, java.lang.Object, java.lang.Object, int, int)'> (0x0000000768e74bc0) 
thrown [t:\workspace\open\src\hotspot\share\interpreter\linkResolver.cpp, line 790]
Event: 16.483 Thread 0x0000023ae25ec2a0 Exception <a 'java/lang/NoSuchMethodError'{0x0000000768e78800}: 'java.lang.Object java.lang.invoke.Invokers$Holder.linkToTargetMethod(java.lang.Object, java.lang.Object, int, int, java.lang.Object)'> (0x0000000768e78800) 
thrown [t:\workspace\open\src\hotspot\share\interpreter\linkResolver.cpp, line 790]
Event: 16.488 Thread 0x0000023ae25ec2a0 Exception <a 'java/lang/NoSuchMethodError'{0x000000076929ebc8}: 'java.lang.Object java.lang.invoke.DirectMethodHandle$Holder.invokeSpecial(java.lang.Object, java.lang.Object, int, java.lang.Object, java.lang.Object)'> (0x000000076929ebc8) 
thrown [t:\workspace\open\src\hotspot\share\interpreter\linkResolver.cpp, line 790]
Event: 59.529 Thread 0x0000023ae25ec2a0 Exception <a 'java/lang/NoSuchMethodError'{0x000000077ddec4d8}: 'void java.lang.invoke.DirectMethodHandle$Holder.invokeInterface(java.lang.Object, java.lang.Object, java.lang.Object)'> (0x000000077ddec4d8) 
thrown [t:\workspace\open\src\hotspot\share\interpreter\linkResolver.cpp, line 790]
Event: 59.539 Thread 0x0000023ae1878a90 Implicit null exception at 0x0000023aceadd8d0 to 0x0000023aceae1c88

Events (20 events):
Event: 61.320 Executing  VM operation: G1CollectForAllocation done
Event: 61.982 Thread 0x0000023afcea3d10 Thread added: 0x0000023afcea3d10
Event: 61.982 Thread 0x0000023a996e4100 Thread added: 0x0000023a996e4100
Event: 62.233 Thread 0x0000023a996e4100 Thread exited: 0x0000023a996e4100
Event: 62.233 Thread 0x0000023afcea3d10 Thread exited: 0x0000023afcea3d10
Event: 62.320 Executing  VM operation: Cleanup
Event: 62.320 Executing  VM operation: Cleanup done
Event: 63.534 Executing  VM operation: G1CollectForAllocation
Event: 63.535 Executing  VM operation: G1CollectForAllocation done
Event: 63.779 Thread 0x0000023ae25f1250 Thread exited: 0x0000023ae25f1250
Event: 63.779 Thread 0x0000023ae25ef270 Thread exited: 0x0000023ae25ef270
Event: 63.779 Thread 0x0000023ae1875ac0 Thread exited: 0x0000023ae1875ac0
Event: 63.779 Thread 0x0000023ae1875570 Thread exited: 0x0000023ae1875570
Event: 63.779 Thread 0x0000023ae18715b0 Thread exited: 0x0000023ae18715b0
Event: 63.779 Thread 0x0000023ae1878a90 Thread exited: 0x0000023ae1878a90
Event: 63.793 Thread 0x0000023afcea3d10 Thread added: 0x0000023afcea3d10
Event: 63.793 Thread 0x0000023a97c38ad0 Thread added: 0x0000023a97c38ad0
Event: 63.851 Thread 0x0000023ae25efd10 Thread exited: 0x0000023ae25efd10
Event: 64.037 Thread 0x0000023a97c38ad0 Thread exited: 0x0000023a97c38ad0
Event: 64.038 Thread 0x0000023afcea3d10 Thread exited: 0x0000023afcea3d10


Dynamic libraries:
0x00007ff7a5670000 - 0x00007ff7a5680000 	C:\Program Files\Java\jdk-16\bin\java.exe
0x00007ffd660d0000 - 0x00007ffd662c7000 	C:\WINDOWS\SYSTEM32\ntdll.dll
0x00007ffd65720000 - 0x00007ffd657dd000 	C:\WINDOWS\System32\KERNEL32.DLL
0x00007ffd63b50000 - 0x00007ffd63e1d000 	C:\WINDOWS\System32\KERNELBASE.dll
0x00007ffd638d0000 - 0x00007ffd639d0000 	C:\WINDOWS\System32\ucrtbase.dll
0x00007ffd58790000 - 0x00007ffd587a9000 	C:\Program Files\Java\jdk-16\bin\VCRUNTIME140.dll
0x00007ffd557e0000 - 0x00007ffd557f8000 	C:\Program Files\Java\jdk-16\bin\jli.dll
0x00007ffd64ea0000 - 0x00007ffd64f4e000 	C:\WINDOWS\System32\ADVAPI32.dll
0x00007ffd65b50000 - 0x00007ffd65bee000 	C:\WINDOWS\System32\msvcrt.dll
0x00007ffd65320000 - 0x00007ffd653bc000 	C:\WINDOWS\System32\sechost.dll
0x00007ffd65a20000 - 0x00007ffd65b45000 	C:\WINDOWS\System32\RPCRT4.dll
0x00007ffd65460000 - 0x00007ffd65600000 	C:\WINDOWS\System32\USER32.dll
0x00007ffd4f000000 - 0x00007ffd4f29a000 	C:\WINDOWS\WinSxS\amd64_microsoft.windows.common-controls_6595b64144ccf1df_6.0.19041.1110_none_60b5254171f9507e\COMCTL32.dll
0x00007ffd638a0000 - 0x00007ffd638c2000 	C:\WINDOWS\System32\win32u.dll
0x00007ffd65430000 - 0x00007ffd6545a000 	C:\WINDOWS\System32\GDI32.dll
0x00007ffd639d0000 - 0x00007ffd63adb000 	C:\WINDOWS\System32\gdi32full.dll
0x00007ffd63f30000 - 0x00007ffd63fcd000 	C:\WINDOWS\System32\msvcp_win.dll
0x00007ffd5a7b0000 - 0x00007ffd5a7ba000 	C:\WINDOWS\SYSTEM32\VERSION.dll
0x00007ffd65bf0000 - 0x00007ffd65c20000 	C:\WINDOWS\System32\IMM32.DLL
0x00007ffd5fec0000 - 0x00007ffd5fecc000 	C:\Program Files\Java\jdk-16\bin\vcruntime140_1.dll
0x00007ffd31530000 - 0x00007ffd315c1000 	C:\Program Files\Java\jdk-16\bin\msvcp140.dll
0x00007ffcee4b0000 - 0x00007ffcef05b000 	C:\Program Files\Java\jdk-16\bin\server\jvm.dll
0x00007ffd64f50000 - 0x00007ffd64f58000 	C:\WINDOWS\System32\PSAPI.DLL
0x00007ffd57870000 - 0x00007ffd57897000 	C:\WINDOWS\SYSTEM32\WINMM.dll
0x00007ffd46ea0000 - 0x00007ffd46ea9000 	C:\WINDOWS\SYSTEM32\WSOCK32.dll
0x00007ffd653c0000 - 0x00007ffd6542b000 	C:\WINDOWS\System32\WS2_32.dll
0x00007ffd62060000 - 0x00007ffd62072000 	C:\WINDOWS\SYSTEM32\kernel.appcore.dll
0x00007ffd5e930000 - 0x00007ffd5e93a000 	C:\Program Files\Java\jdk-16\bin\jimage.dll
0x00007ffd613e0000 - 0x00007ffd615c4000 	C:\WINDOWS\SYSTEM32\DBGHELP.DLL
0x00007ffd48c50000 - 0x00007ffd48c7c000 	C:\WINDOWS\SYSTEM32\dbgcore.DLL
0x00007ffd63ea0000 - 0x00007ffd63f22000 	C:\WINDOWS\System32\bcryptPrimitives.dll
0x00007ffd55160000 - 0x00007ffd55185000 	C:\Program Files\Java\jdk-16\bin\java.dll
0x00007ffd64750000 - 0x00007ffd64e94000 	C:\WINDOWS\System32\SHELL32.dll
0x00007ffd618b0000 - 0x00007ffd62044000 	C:\WINDOWS\SYSTEM32\windows.storage.dll
0x00007ffd64130000 - 0x00007ffd64484000 	C:\WINDOWS\System32\combase.dll
0x00007ffd63170000 - 0x00007ffd6319c000 	C:\WINDOWS\SYSTEM32\Wldp.dll
0x00007ffd64fd0000 - 0x00007ffd6507d000 	C:\WINDOWS\System32\SHCORE.dll
0x00007ffd646f0000 - 0x00007ffd64745000 	C:\WINDOWS\System32\shlwapi.dll
0x00007ffd63730000 - 0x00007ffd6374f000 	C:\WINDOWS\SYSTEM32\profapi.dll
0x00007ffd54930000 - 0x00007ffd54949000 	C:\Program Files\Java\jdk-16\bin\net.dll
0x00007ffd551c0000 - 0x00007ffd552ca000 	C:\WINDOWS\SYSTEM32\WINHTTP.dll
0x00007ffd62f50000 - 0x00007ffd62fba000 	C:\WINDOWS\system32\mswsock.dll
0x00007ffd4e730000 - 0x00007ffd4e743000 	C:\Program Files\Java\jdk-16\bin\nio.dll
0x00007ffd4e380000 - 0x00007ffd4e398000 	C:\Program Files\Java\jdk-16\bin\zip.dll
0x00007ffd5d1c0000 - 0x00007ffd5d1d0000 	C:\Program Files\Java\jdk-16\bin\verify.dll
0x00007ffd634b0000 - 0x00007ffd634c8000 	C:\WINDOWS\SYSTEM32\CRYPTSP.dll
0x00007ffd62880000 - 0x00007ffd628b4000 	C:\WINDOWS\system32\rsaenh.dll
0x00007ffd63e20000 - 0x00007ffd63e47000 	C:\WINDOWS\System32\bcrypt.dll
0x00007ffd636f0000 - 0x00007ffd6371e000 	C:\WINDOWS\SYSTEM32\USERENV.dll
0x00007ffd630e0000 - 0x00007ffd630ec000 	C:\WINDOWS\SYSTEM32\CRYPTBASE.dll
0x00007ffd62c10000 - 0x00007ffd62c4b000 	C:\WINDOWS\SYSTEM32\IPHLPAPI.DLL
0x00007ffd65310000 - 0x00007ffd65318000 	C:\WINDOWS\System32\NSI.dll
0x00007ffd5c470000 - 0x00007ffd5c487000 	C:\WINDOWS\SYSTEM32\dhcpcsvc6.DLL
0x00007ffd5cf00000 - 0x00007ffd5cf1d000 	C:\WINDOWS\SYSTEM32\dhcpcsvc.DLL
0x00007ffd62c50000 - 0x00007ffd62d1b000 	C:\WINDOWS\SYSTEM32\DNSAPI.dll
0x00007ffd4e780000 - 0x00007ffd4e7c5000 	G:\SteamLibrary\steamapps\common\Necesse\natives\jna3763821625788631722.dll
0x00007ffd65080000 - 0x00007ffd651aa000 	C:\WINDOWS\System32\Ole32.dll
0x00007ffd644f0000 - 0x00007ffd64599000 	C:\WINDOWS\System32\clbcatq.dll
0x00007ffd64620000 - 0x00007ffd646ed000 	C:\WINDOWS\System32\OleAut32.dll
0x00007ffd57730000 - 0x00007ffd57750000 	C:\WINDOWS\SYSTEM32\amsi.dll
0x00007ffd56ed0000 - 0x00007ffd56f4b000 	C:\ProgramData\Microsoft\Windows Defender\Platform\4.18.2205.7-0\MpOav.dll
0x00007ffd5a730000 - 0x00007ffd5a739000 	C:\Program Files\Java\jdk-16\bin\management.dll
0x00007ffd4e760000 - 0x00007ffd4e76b000 	C:\Program Files\Java\jdk-16\bin\management_ext.dll
0x00007ffd38b20000 - 0x00007ffd38b6c000 	G:\SteamLibrary\steamapps\common\Necesse\natives\steam_api64.dll
0x00007ffd360d0000 - 0x00007ffd3611d000 	G:\SteamLibrary\steamapps\common\Necesse\natives\steamworks4j64.dll
0x00007ffd63fd0000 - 0x00007ffd64126000 	C:\WINDOWS\System32\CRYPT32.dll
0x00007ffd65c20000 - 0x00007ffd6608f000 	C:\WINDOWS\System32\SETUPAPI.dll
0x00007ffd63e50000 - 0x00007ffd63e9e000 	C:\WINDOWS\System32\cfgmgr32.dll
0x00007ffd1bd00000 - 0x00007ffd1be88000 	C:\Program Files (x86)\Steam\gameoverlayrenderer64.dll
0x00007ffd30f50000 - 0x00007ffd30fc1000 	G:\SteamLibrary\steamapps\common\Necesse\natives\lwjgl.dll
0x00007ffd30c30000 - 0x00007ffd30c91000 	G:\SteamLibrary\steamapps\common\Necesse\natives\glfw.dll
0x00007ffd35ee0000 - 0x00007ffd35f25000 	C:\WINDOWS\SYSTEM32\dinput8.dll
0x00007ffd58130000 - 0x00007ffd58282000 	C:\WINDOWS\SYSTEM32\inputhost.dll
0x00007ffd608c0000 - 0x00007ffd609b2000 	C:\WINDOWS\SYSTEM32\CoreMessaging.dll
0x00007ffd5ebc0000 - 0x00007ffd5ecb6000 	C:\WINDOWS\SYSTEM32\PROPSYS.dll
0x00007ffd5f070000 - 0x00007ffd5f1c4000 	C:\WINDOWS\SYSTEM32\wintypes.dll
0x00007ffd601e0000 - 0x00007ffd6053e000 	C:\WINDOWS\SYSTEM32\CoreUIComponents.dll
0x00007ffd624b0000 - 0x00007ffd624e3000 	C:\WINDOWS\SYSTEM32\ntmarta.dll
0x00007ffd39520000 - 0x00007ffd39531000 	C:\WINDOWS\SYSTEM32\xinput1_4.dll
0x00007ffd635a0000 - 0x00007ffd635cc000 	C:\WINDOWS\SYSTEM32\DEVOBJ.dll
0x00007ffd60fa0000 - 0x00007ffd60fcf000 	C:\WINDOWS\SYSTEM32\dwmapi.dll
0x00007ffd60d00000 - 0x00007ffd60d9e000 	C:\WINDOWS\system32\uxtheme.dll
0x00007ffd65600000 - 0x00007ffd65715000 	C:\WINDOWS\System32\MSCTF.dll
0x00007ffd1bb80000 - 0x00007ffd1bd00000 	C:\Program Files\Java\jdk-16\bin\awt.dll
0x00007ffd60bd0000 - 0x00007ffd60c60000 	C:\WINDOWS\SYSTEM32\apphelp.dll
0x00007ffd1fae0000 - 0x00007ffd1fc06000 	C:\WINDOWS\SYSTEM32\opengl32.dll
0x00007ffd4c620000 - 0x00007ffd4c64c000 	C:\WINDOWS\SYSTEM32\GLU32.dll
0x00007ffcd7080000 - 0x00007ffcda0a8000 	C:\WINDOWS\System32\DriverStore\FileRepository\nv_dispi.inf_amd64_3b12ac0f95b18b9d\nvoglv64.dll
0x00007ffd5ed70000 - 0x00007ffd5ed84000 	C:\WINDOWS\SYSTEM32\WTSAPI32.dll
0x00007ffd63540000 - 0x00007ffd63552000 	C:\WINDOWS\SYSTEM32\msasn1.dll
0x00007ffd5a690000 - 0x00007ffd5a6c1000 	C:\WINDOWS\SYSTEM32\cryptnet.dll
0x00007ffd587b0000 - 0x00007ffd588f8000 	C:\WINDOWS\SYSTEM32\drvstore.dll
0x00007ffd63ae0000 - 0x00007ffd63b47000 	C:\WINDOWS\System32\WINTRUST.dll
0x00007ffd59440000 - 0x00007ffd5947b000 	C:\WINDOWS\SYSTEM32\dxcore.dll
0x00007ffcfed20000 - 0x00007ffcfefe7000 	C:\WINDOWS\system32\nvspcap64.dll
0x00007ffd62d30000 - 0x00007ffd62d7b000 	C:\WINDOWS\SYSTEM32\powrprof.dll
0x00007ffd62bf0000 - 0x00007ffd62c02000 	C:\WINDOWS\SYSTEM32\UMPDC.dll
0x00007ffd62520000 - 0x00007ffd6257a000 	C:\WINDOWS\SYSTEM32\WINSTA.dll
0x00007ffd5d450000 - 0x00007ffd5d4d5000 	C:\WINDOWS\System32\MMDevApi.dll
0x00007ffd5d540000 - 0x00007ffd5d6c2000 	C:\WINDOWS\SYSTEM32\AUDIOSES.DLL
0x00007ffd30bd0000 - 0x00007ffd30c2d000 	G:\SteamLibrary\steamapps\common\Necesse\natives\lwjgl_opengl.dll
0x00007ffd58030000 - 0x00007ffd58129000 	C:\WINDOWS\SYSTEM32\textinputframework.dll
0x00007ffd30980000 - 0x00007ffd30a01000 	G:\SteamLibrary\steamapps\common\Necesse\natives\lwjgl_stb.dll
0x00007ffd5c040000 - 0x00007ffd5c0ee000 	C:\WINDOWS\SYSTEM32\mscms.dll
0x00007ffd5c1d0000 - 0x00007ffd5c1e1000 	C:\WINDOWS\SYSTEM32\ColorAdapterClient.dll
0x00007ffd4c850000 - 0x00007ffd4c893000 	C:\WINDOWS\SYSTEM32\icm32.dll
0x00007ffd1b9e0000 - 0x00007ffd1bb77000 	G:\SteamLibrary\steamapps\common\Necesse\natives\OpenAL.dll
0x00007ffd60ea0000 - 0x00007ffd60eb4000 	C:\WINDOWS\SYSTEM32\resourcepolicyclient.dll
0x00007ffd5d2d0000 - 0x00007ffd5d2de000 	C:\Program Files\Java\jdk-16\bin\instrument.dll
0x00007ffd3ab60000 - 0x00007ffd3ab77000 	C:\WINDOWS\system32\napinsp.dll
0x00007ffd39be0000 - 0x00007ffd39bfb000 	C:\WINDOWS\system32\pnrpnsp.dll
0x00007ffd39bc0000 - 0x00007ffd39bd5000 	C:\WINDOWS\system32\wshbth.dll
0x00007ffd5f1d0000 - 0x00007ffd5f1ed000 	C:\WINDOWS\system32\NLAapi.dll
0x00007ffd39ba0000 - 0x00007ffd39bb2000 	C:\WINDOWS\System32\winrnr.dll
0x0000000071ef0000 - 0x0000000071f16000 	C:\Program Files\Bonjour\mdnsNSP.dll
0x00007ffd53780000 - 0x00007ffd5378a000 	C:\Windows\System32\rasadhlp.dll
0x00007ffd5a870000 - 0x00007ffd5a8f0000 	C:\WINDOWS\System32\fwpuclnt.dll

dbghelp: loaded successfully - version: 4.0.5 - missing functions: none
symbol engine: initialized successfully - sym options: 0x614 - pdb path: .;C:\Program Files\Java\jdk-16\bin;C:\WINDOWS\SYSTEM32;C:\WINDOWS\WinSxS\amd64_microsoft.windows.common-controls_6595b64144ccf1df_6.0.19041.1110_none_60b5254171f9507e;C:\Program Files\Java\jdk-16\bin\server;G:\SteamLibrary\steamapps\common\Necesse\natives;C:\ProgramData\Microsoft\Windows Defender\Platform\4.18.2205.7-0;C:\Program Files (x86)\Steam;C:\WINDOWS\System32\DriverStore\FileRepository\nv_dispi.inf_amd64_3b12ac0f95b18b9d;C:\Program Files\Bonjour

VM Arguments:
jvm_args: -XX:+UnlockExperimentalVMOptions -XX:+UseG1GC -XX:G1NewSizePercent=20 -XX:G1ReservePercent=20 -XX:MaxGCPauseMillis=50 -XX:G1HeapRegionSize=32M -Xms512m -Xmx3G -Dfile.encoding=windows-1252 -Duser.country=US -Duser.language=en -Duser.variant 
java_command: StartClient -dev 1 -mod build/jar
java_class_path (initial): G:\SteamLibrary\steamapps\common\Necesse\Necesse.jar
Launcher Type: SUN_STANDARD

[Global flags]
     intx CICompilerCount                          = 4                                         {product} {ergonomic}
     uint ConcGCThreads                            = 3                                         {product} {ergonomic}
     uint G1ConcRefinementThreads                  = 10                                        {product} {ergonomic}
   size_t G1HeapRegionSize                         = 33554432                                  {product} {command line}
    uintx G1NewSizePercent                         = 20                                   {experimental} {command line}
    uintx G1ReservePercent                         = 20                                        {product} {command line}
    uintx GCDrainStackTargetSize                   = 64                                        {product} {ergonomic}
   size_t InitialHeapSize                          = 536870912                                 {product} {command line}
   size_t MarkStackSize                            = 4194304                                   {product} {ergonomic}
    uintx MaxGCPauseMillis                         = 50                                        {product} {command line}
   size_t MaxHeapSize                              = 3221225472                                {product} {command line}
   size_t MaxNewSize                               = 1912602624                                {product} {ergonomic}
   size_t MinHeapDeltaBytes                        = 33554432                                  {product} {ergonomic}
   size_t MinHeapSize                              = 536870912                                 {product} {command line}
    uintx NonNMethodCodeHeapSize                   = 5839372                                {pd product} {ergonomic}
    uintx NonProfiledCodeHeapSize                  = 122909434                              {pd product} {ergonomic}
    uintx ProfiledCodeHeapSize                     = 122909434                              {pd product} {ergonomic}
    uintx ReservedCodeCacheSize                    = 251658240                              {pd product} {ergonomic}
     bool SegmentedCodeCache                       = true                                      {product} {ergonomic}
   size_t SoftMaxHeapSize                          = 3221225472                             {manageable} {ergonomic}
     bool UnlockExperimentalVMOptions              = true                                 {experimental} {command line}
     bool UseAOT                                   = false                                {experimental} {ergonomic}
     bool UseCompressedClassPointers               = true                           {product lp64_product} {ergonomic}
     bool UseCompressedOops                        = true                           {product lp64_product} {ergonomic}
     bool UseG1GC                                  = true                                      {product} {command line}
     bool UseLargePagesIndividualAllocation        = false                                  {pd product} {ergonomic}

Logging:
Log output configuration:
 #0: stdout all=warning uptime,level,tags
 #1: stderr all=off uptime,level,tags

Environment Variables:
PATH=C:\Program Files (x86)\Common Files\Oracle\Java\javapath;C:\WinAVR-20100110\bin;C:\WinAVR-20100110\utils\bin;C:\Program Files\NVIDIA Corporation\NVIDIA NvDLISR;C:\Users\elito\.cargo\bin;C:\Ruby27-x64\bin;C:\Users\elito\scoop\apps\python\current;C:\Users\elito\scoop\apps\python\current\Scripts;C:\Users\elito\scoop\apps\gcc\current\bin;C:\Users\elito\scoop\shims;C:\Users\elito\AppData\Local\Programs\Python\Python38-32\Scripts\;C:\Users\elito\AppData\Local\Programs\Python\Python38-32\;C:\Users\elito\AppData\Local\Microsoft\WindowsApps;C:\Users\elito\go\bin;C:\Users\elito\.dotnet\tools;C:\Program Files (x86)\Atmel\Flip 3.4.7\bin;C:\Program Files\JetBrains\JetBrains Rider 2020.1.4\bin;C:\Users\elito\AppData\Local\GitHubDesktop\bin;C:\Program Files\JetBrains\PyCharm Community Edition 2020.2\bin;C:\Users\elito\spicetify-cli;C:\Users\elito\AppData\Local\Microsoft\WindowsApps;C:\Program Files (x86)\GitHub CLI\;C:\Users\elito\.dotnet\tools;C:\Users\elito\AppData\Roaming\npm;C:\Program Files\JetBrains\Rider for Unreal Engine 2021.1.1\bin;C:\Users\elito\go\bin;C:\Program Files\JetBrains\GoLand 2021.1.1\bin;C:\Program Files\JetBrains\IntelliJ IDEA Community Edition 2021.2.2\bin;C:\Users\elito\AppData\Local\Programs\Microsoft VS Code\bin
USERNAME=elito
OS=Windows_NT
PROCESSOR_IDENTIFIER=AMD64 Family 23 Model 113 Stepping 0, AuthenticAMD



---------------  S Y S T E M  ---------------

OS:
 Windows 10 , 64 bit Build 19041 (10.0.19041.1741)
OS uptime: 7 days 19:29 hours
Hyper-V role detected

CPU: total 12 (initial active 12) (12 cores per cpu, 2 threads per core) family 23 model 113 stepping 0 microcode 0x0, cx8, cmov, fxsr, ht, mmx, 3dnowpref, sse, sse2, sse3, ssse3, sse4a, sse4.1, sse4.2, popcnt, lzcnt, tsc, tscinvbit, avx, avx2, aes, clmul, bmi1, bmi2, adx, sha, fma, vzeroupper, clflush, clflushopt, hv

Memory: 4k page, system-wide physical 16334M (3771M free)
TotalPageFile size 65486M (AvailPageFile size 36855M)
current process WorkingSet (physical memory assigned to process): 1480M, peak: 2943M
current process commit charge ("private bytes"): 1748M, peak: 3526M

vm_info: Java HotSpot(TM) 64-Bit Server VM (16+36-2231) for windows-amd64 JRE (16+36-2231), built on Feb  8 2021 11:43:10 by "mach5one" with MS VC++ 16.7 (VS2019)

END.
