#
# There is insufficient memory for the Java Runtime Environment to continue.
# Native memory allocation (malloc) failed to allocate 1368976 bytes for Chunk::new
# Possible reasons:
#   The system is out of physical RAM or swap space
#   The process is running with CompressedOops enabled, and the Java Heap may be blocking the growth of the native heap
# Possible solutions:
#   Reduce memory load on the system
#   Increase physical memory or swap space
#   Check if swap backing store is full
#   Decrease Java heap size (-Xmx/-Xms)
#   Decrease number of Java threads
#   Decrease Java thread stack sizes (-Xss)
#   Set larger code cache with -XX:ReservedCodeCacheSize=
#   JVM is running with Zero Based Compressed Oops mode in which the Java heap is
#     placed in the first 32GB address space. The Java Heap base address is the
#     maximum limit for the native heap growth. Please use -XX:HeapBaseMinAddress
#     to set the Java Heap base and to place the Java Heap above 32GB virtual address.
# This output file may be truncated or incomplete.
#
#  Out of Memory Error (arena.cpp:195), pid=25872, tid=21324
#
# JRE version: Java(TM) SE Runtime Environment (16.0+36) (build 16+36-2231)
# Java VM: Java HotSpot(TM) 64-Bit Server VM (16+36-2231, mixed mode, sharing, tiered, compressed oops, g1 gc, windows-amd64)
# No core dump will be written. Minidumps are not enabled by default on client versions of Windows
#

---------------  S U M M A R Y ------------

Command Line: -XX:+UnlockExperimentalVMOptions -XX:+UseG1GC -XX:G1NewSizePercent=20 -XX:G1ReservePercent=20 -XX:MaxGCPauseMillis=50 -XX:G1HeapRegionSize=32M -agentlib:jdwp=transport=dt_socket,server=n,suspend=y,address=127.0.0.1:54944 -Xms512m -Xmx3G -Dfile.encoding=windows-1252 -Duser.country=US -Duser.language=en -Duser.variant StartClient -mod build/jar

Host: AMD Ryzen 5 3600X 6-Core Processor             , 12 cores, 15G,  Windows 10 , 64 bit Build 19041 (10.0.19041.1741)
Time: Sat Jul  2 01:07:02 2022 Eastern Daylight Time elapsed time: 12.652054 seconds (0d 0h 0m 12s)

---------------  T H R E A D  ---------------

Current thread (0x0000024651994900):  JavaThread "C2 CompilerThread0" daemon [_thread_in_native, id=21324, stack(0x000000cd99e00000,0x000000cd99f00000)]


Current CompileTask:
C2:  12652 4816       4       necesse.engine.save.SaveComponent::compile (684 bytes)

Stack: [0x000000cd99e00000,0x000000cd99f00000]
Native frames: (J=compiled Java code, j=interpreted, Vv=VM code, C=native code)
V  [jvm.dll+0x6681da]
V  [jvm.dll+0x7c9d99]
V  [jvm.dll+0x7cb4d3]
V  [jvm.dll+0x7cbb33]
V  [jvm.dll+0x242ee5]
V  [jvm.dll+0xadeca]
V  [jvm.dll+0xae5ac]
V  [jvm.dll+0x2a4d0f]
V  [jvm.dll+0x573d69]
V  [jvm.dll+0x21eb45]
V  [jvm.dll+0x217e41]
V  [jvm.dll+0x21523c]
V  [jvm.dll+0x1a1d8b]
V  [jvm.dll+0x225398]
V  [jvm.dll+0x2233dc]
V  [jvm.dll+0x77f9e2]
V  [jvm.dll+0x77952a]
V  [jvm.dll+0x667076]
C  [ucrtbase.dll+0x21bb2]
C  [KERNEL32.DLL+0x17034]
C  [ntdll.dll+0x52651]


---------------  P R O C E S S  ---------------

Threads class SMR info:
_java_thread_list=0x0000024652ba9c30, length=15, elements={
0x0000024630ef4750, 0x0000024651979010, 0x000002465197bdf0, 0x000002465198a1b0,
0x000002465198acc0, 0x000002465198d5e0, 0x000002465198ff00, 0x0000024651994900,
0x000002465199d310, 0x000002465199fc70, 0x0000024652491930, 0x00000246524a3250,
0x00000246524a57a0, 0x00000246524b3730, 0x00000246524ac710
}

Java Threads: ( => current thread )
  0x0000024630ef4750 JavaThread "main" [_thread_in_native, id=39836, stack(0x000000cd99100000,0x000000cd99200000)]
  0x0000024651979010 JavaThread "Reference Handler" daemon [_thread_blocked, id=40420, stack(0x000000cd99800000,0x000000cd99900000)]
  0x000002465197bdf0 JavaThread "Finalizer" daemon [_thread_blocked, id=35804, stack(0x000000cd99900000,0x000000cd99a00000)]
  0x000002465198a1b0 JavaThread "Signal Dispatcher" daemon [_thread_blocked, id=36836, stack(0x000000cd99a00000,0x000000cd99b00000)]
  0x000002465198acc0 JavaThread "Attach Listener" daemon [_thread_blocked, id=39888, stack(0x000000cd99b00000,0x000000cd99c00000)]
  0x000002465198d5e0 JavaThread "Service Thread" daemon [_thread_blocked, id=7048, stack(0x000000cd99c00000,0x000000cd99d00000)]
  0x000002465198ff00 JavaThread "Monitor Deflation Thread" daemon [_thread_blocked, id=33752, stack(0x000000cd99d00000,0x000000cd99e00000)]
=>0x0000024651994900 JavaThread "C2 CompilerThread0" daemon [_thread_in_native, id=21324, stack(0x000000cd99e00000,0x000000cd99f00000)]
  0x000002465199d310 JavaThread "C1 CompilerThread0" daemon [_thread_blocked, id=14360, stack(0x000000cd99f00000,0x000000cd9a000000)]
  0x000002465199fc70 JavaThread "Sweeper thread" daemon [_thread_blocked, id=2244, stack(0x000000cd9a000000,0x000000cd9a100000)]
  0x0000024652491930 JavaThread "JDWP Transport Listener: dt_socket" daemon [_thread_blocked, id=33520, stack(0x000000cd9a100000,0x000000cd9a200000)]
  0x00000246524a3250 JavaThread "JDWP Event Helper Thread" daemon [_thread_blocked, id=11544, stack(0x000000cd9a200000,0x000000cd9a300000)]
  0x00000246524a57a0 JavaThread "JDWP Command Reader" daemon [_thread_in_native, id=34340, stack(0x000000cd9a300000,0x000000cd9a400000)]
  0x00000246524b3730 JavaThread "Notification Thread" daemon [_thread_blocked, id=14440, stack(0x000000cd9a400000,0x000000cd9a500000)]
  0x00000246524ac710 JavaThread "Common-Cleaner" daemon [_thread_blocked, id=24984, stack(0x000000cd9a600000,0x000000cd9a700000)]

Other Threads:
  0x0000024651976860 VMThread "VM Thread" [stack: 0x000000cd99700000,0x000000cd99800000] [id=19576]
  0x00000246524a8470 WatcherThread [stack: 0x000000cd9a500000,0x000000cd9a600000] [id=23064]
  0x0000024630f28af0 GCTaskThread "GC Thread#0" [stack: 0x000000cd99200000,0x000000cd99300000] [id=5608]
  0x0000024654eb49e0 GCTaskThread "GC Thread#1" [stack: 0x000000cd9a900000,0x000000cd9aa00000] [id=19800]
  0x0000024652e79490 GCTaskThread "GC Thread#2" [stack: 0x000000cd9aa00000,0x000000cd9ab00000] [id=18784]
  0x00000246554577b0 GCTaskThread "GC Thread#3" [stack: 0x000000cd9ab00000,0x000000cd9ac00000] [id=37296]
  0x000002465537e970 GCTaskThread "GC Thread#4" [stack: 0x000000cd9ac00000,0x000000cd9ad00000] [id=19784]
  0x0000024654c8a230 GCTaskThread "GC Thread#5" [stack: 0x000000cd9ad00000,0x000000cd9ae00000] [id=34088]
  0x0000024654e1e8b0 GCTaskThread "GC Thread#6" [stack: 0x000000cd9ae00000,0x000000cd9af00000] [id=21084]
  0x00000246553adf50 GCTaskThread "GC Thread#7" [stack: 0x000000cd9af00000,0x000000cd9b000000] [id=39996]
  0x00000246553aea40 GCTaskThread "GC Thread#8" [stack: 0x000000cd9b000000,0x000000cd9b100000] [id=39336]
  0x0000024654308a60 GCTaskThread "GC Thread#9" [stack: 0x000000cd9b100000,0x000000cd9b200000] [id=22032]
  0x0000024630f2a740 ConcurrentGCThread "G1 Main Marker" [stack: 0x000000cd99300000,0x000000cd99400000] [id=39736]
  0x0000024630f2b8e0 ConcurrentGCThread "G1 Conc#0" [stack: 0x000000cd99400000,0x000000cd99500000] [id=6844]
  0x00000246553918c0 ConcurrentGCThread "G1 Conc#1" [stack: 0x000000cd9ba00000,0x000000cd9bb00000] [id=13560]
  0x0000024655390f90 ConcurrentGCThread "G1 Conc#2" [stack: 0x000000cd9bb00000,0x000000cd9bc00000] [id=30188]
  0x0000024630f9a800 ConcurrentGCThread "G1 Refine#0" [stack: 0x000000cd99500000,0x000000cd99600000] [id=32]
  0x0000024630f9c1a0 ConcurrentGCThread "G1 Service" [stack: 0x000000cd99600000,0x000000cd99700000] [id=30596]

Threads with active compile tasks:
C2 CompilerThread0    12680 4816       4       necesse.engine.save.SaveComponent::compile (684 bytes)

VM state: not at safepoint (normal execution)

VM Mutex/Monitor currently owned by a thread: None

Heap address: 0x0000000740000000, size: 3072 MB, Compressed Oops mode: Zero based, Oop shift amount: 3
CDS archive(s) mapped at: [0x0000000800000000-0x0000000800bb0000-0x0000000800bb0000), size 12255232, SharedBaseAddress: 0x0000000800000000, ArchiveRelocationMode: 0.
Compressed class space mapped at: 0x0000000800c00000-0x0000000840c00000, reserved size: 1073741824
Narrow klass base: 0x0000000800000000, Narrow klass shift: 3, Narrow klass range: 0x100000000

GC Precious Log:
 CPUs: 12 total, 12 available
 Memory: 16334M
 Large Page Support: Disabled
 NUMA Support: Disabled
 Compressed Oops: Enabled (Zero based)
 Heap Region Size: 32M
 Heap Min Capacity: 512M
 Heap Initial Capacity: 512M
 Heap Max Capacity: 3G
 Pre-touch: Disabled
 Parallel Workers: 10
 Concurrent Workers: 3
 Concurrent Refinement Workers: 10
 Periodic GC: Disabled

Heap:
 garbage-first heap   total 1343488K, used 321419K [0x0000000740000000, 0x0000000800000000)
  region size 32768K, 7 young (229376K), 1 survivors (32768K)
 Metaspace       used 33376K, committed 33728K, reserved 1081344K
  class space    used 4804K, committed 4992K, reserved 1048576K

Heap Regions: E=young(eden), S=young(survivor), O=old, HS=humongous(starts), HC=humongous(continues), CS=collection set, F=free, OA=open archive, CA=closed archive, TAMS=top-at-mark-start (previous, next)
|   0|0x0000000740000000, 0x0000000740580600, 0x0000000742000000| 17%| O|  |TAMS 0x0000000740580600, 0x0000000740000000| Untracked 
|   1|0x0000000742000000, 0x000000074335e400, 0x0000000744000000| 60%| O|  |TAMS 0x0000000742000000, 0x0000000742000000| Untracked 
|   2|0x0000000744000000, 0x0000000744000000, 0x0000000746000000|  0%| F|  |TAMS 0x0000000744000000, 0x0000000744000000| Untracked 
|   3|0x0000000746000000, 0x0000000746000000, 0x0000000748000000|  0%| F|  |TAMS 0x0000000746000000, 0x0000000746000000| Untracked 
|   4|0x0000000748000000, 0x000000074a000000, 0x000000074a000000|100%| O|  |TAMS 0x000000074a000000, 0x0000000748000000| Untracked 
|   5|0x000000074a000000, 0x000000074c000000, 0x000000074c000000|100%| O|  |TAMS 0x000000074c000000, 0x000000074a000000| Untracked 
|   6|0x000000074c000000, 0x000000074e000000, 0x000000074e000000|100%| O|  |TAMS 0x000000074e000000, 0x000000074c000000| Untracked 
|   7|0x000000074e000000, 0x000000074e000000, 0x0000000750000000|  0%| F|  |TAMS 0x000000074e000000, 0x000000074e000000| Untracked 
|   8|0x0000000750000000, 0x0000000750000000, 0x0000000752000000|  0%| F|  |TAMS 0x0000000750000000, 0x0000000750000000| Untracked 
|   9|0x0000000752000000, 0x0000000752000000, 0x0000000754000000|  0%| F|  |TAMS 0x0000000752000000, 0x0000000752000000| Untracked 
|  10|0x0000000754000000, 0x0000000754000000, 0x0000000756000000|  0%| F|  |TAMS 0x0000000754000000, 0x0000000754000000| Untracked 
|  11|0x0000000756000000, 0x0000000756000000, 0x0000000758000000|  0%| F|  |TAMS 0x0000000756000000, 0x0000000756000000| Untracked 
|  12|0x0000000758000000, 0x000000075a000000, 0x000000075a000000|100%| O|  |TAMS 0x000000075a000000, 0x0000000758000000| Untracked 
|  13|0x000000075a000000, 0x000000075c000000, 0x000000075c000000|100%| O|  |TAMS 0x000000075c000000, 0x000000075a000000| Untracked 
|  14|0x000000075c000000, 0x000000075c000000, 0x000000075e000000|  0%| F|  |TAMS 0x000000075c000000, 0x000000075c000000| Untracked 
|  15|0x000000075e000000, 0x000000075e000000, 0x0000000760000000|  0%| F|  |TAMS 0x000000075e000000, 0x000000075e000000| Untracked 
|  16|0x0000000760000000, 0x0000000760000000, 0x0000000762000000|  0%| F|  |TAMS 0x0000000760000000, 0x0000000760000000| Untracked 
|  17|0x0000000762000000, 0x0000000762104280, 0x0000000764000000|  3%| S|CS|TAMS 0x0000000762000000, 0x0000000762000000| Complete 
|  18|0x0000000764000000, 0x0000000764000000, 0x0000000766000000|  0%| F|  |TAMS 0x0000000764000000, 0x0000000764000000| Untracked 
|  19|0x0000000766000000, 0x0000000766000000, 0x0000000768000000|  0%| F|  |TAMS 0x0000000766000000, 0x0000000766000000| Untracked 
|  20|0x0000000768000000, 0x0000000768000000, 0x000000076a000000|  0%| F|  |TAMS 0x0000000768000000, 0x0000000768000000| Untracked 
|  21|0x000000076a000000, 0x000000076a000000, 0x000000076c000000|  0%| F|  |TAMS 0x000000076a000000, 0x000000076a000000| Untracked 
|  22|0x000000076c000000, 0x000000076c000000, 0x000000076e000000|  0%| F|  |TAMS 0x000000076c000000, 0x000000076c000000| Untracked 
|  23|0x000000076e000000, 0x000000076e000000, 0x0000000770000000|  0%| F|  |TAMS 0x000000076e000000, 0x000000076e000000| Untracked 
|  24|0x0000000770000000, 0x0000000770000000, 0x0000000772000000|  0%| F|  |TAMS 0x0000000770000000, 0x0000000770000000| Untracked 
|  25|0x0000000772000000, 0x0000000772000000, 0x0000000774000000|  0%| F|  |TAMS 0x0000000772000000, 0x0000000772000000| Untracked 
|  26|0x0000000774000000, 0x0000000774000000, 0x0000000776000000|  0%| F|  |TAMS 0x0000000774000000, 0x0000000774000000| Untracked 
|  27|0x0000000776000000, 0x0000000776000000, 0x0000000778000000|  0%| F|  |TAMS 0x0000000776000000, 0x0000000776000000| Untracked 
|  28|0x0000000778000000, 0x0000000778000000, 0x000000077a000000|  0%| F|  |TAMS 0x0000000778000000, 0x0000000778000000| Untracked 
|  29|0x000000077a000000, 0x000000077a000000, 0x000000077c000000|  0%| F|  |TAMS 0x000000077a000000, 0x000000077a000000| Untracked 
|  30|0x000000077c000000, 0x000000077c000000, 0x000000077e000000|  0%| F|  |TAMS 0x000000077c000000, 0x000000077c000000| Untracked 
|  31|0x000000077e000000, 0x000000077e000000, 0x0000000780000000|  0%| F|  |TAMS 0x000000077e000000, 0x000000077e000000| Untracked 
|  32|0x0000000780000000, 0x0000000780000000, 0x0000000782000000|  0%| F|  |TAMS 0x0000000780000000, 0x0000000780000000| Untracked 
|  33|0x0000000782000000, 0x0000000782000000, 0x0000000784000000|  0%| F|  |TAMS 0x0000000782000000, 0x0000000782000000| Untracked 
|  34|0x0000000784000000, 0x0000000784000000, 0x0000000786000000|  0%| F|  |TAMS 0x0000000784000000, 0x0000000784000000| Untracked 
|  35|0x0000000786000000, 0x000000078787e838, 0x0000000788000000| 76%| E|  |TAMS 0x0000000786000000, 0x0000000786000000| Complete 
|  36|0x0000000788000000, 0x000000078a000000, 0x000000078a000000|100%| E|CS|TAMS 0x0000000788000000, 0x0000000788000000| Complete 
|  37|0x000000078a000000, 0x000000078c000000, 0x000000078c000000|100%| E|  |TAMS 0x000000078a000000, 0x000000078a000000| Complete 
|  38|0x000000078c000000, 0x000000078e000000, 0x000000078e000000|100%| E|CS|TAMS 0x000000078c000000, 0x000000078c000000| Complete 
|  39|0x000000078e000000, 0x0000000790000000, 0x0000000790000000|100%| E|CS|TAMS 0x000000078e000000, 0x000000078e000000| Complete 
|  40|0x0000000790000000, 0x0000000792000000, 0x0000000792000000|100%| E|CS|TAMS 0x0000000790000000, 0x0000000790000000| Complete 

Card table byte_map: [0x00000246481b0000,0x00000246487b0000] _byte_map_base: 0x00000246447b0000

Marking Bits (Prev, Next): (CMBitMap*) 0x0000024630f290f0, (CMBitMap*) 0x0000024630f29130
 Prev Bits: [0x0000024648db0000, 0x000002464bdb0000)
 Next Bits: [0x000002464bdb0000, 0x000002464edb0000)

Polling page: 0x000002462ed70000

Metaspace:

Usage:
  Non-class:     27.90 MB used.
      Class:      4.69 MB used.
       Both:     32.59 MB used.

Virtual space:
  Non-class space:       32.00 MB reserved,      28.06 MB ( 88%) committed,  4 nodes.
      Class space:        1.00 GB reserved,       4.88 MB ( <1%) committed,  1 nodes.
              Both:        1.03 GB reserved,      32.94 MB (  3%) committed. 

Chunk freelists:
   Non-Class:  3.77 MB
       Class:  3.19 MB
        Both:  6.95 MB

MaxMetaspaceSize: 17179869184.00 GB
CompressedClassSpaceSize: 1.00 GB
 - commit_granule_bytes: 65536.
 - commit_granule_words: 8192.
 - virtual_space_node_default_size: 1048576.
 - enlarge_chunks_in_place: 1.
 - new_chunks_are_fully_committed: 0.
 - uncommit_free_chunks: 1.
 - use_allocation_guard: 0.
 - handle_deallocations: 1.


Internal statistics:

num_allocs_failed_limit: 6.
num_arena_births: 382.
num_arena_deaths: 0.
num_vsnodes_births: 5.
num_vsnodes_deaths: 0.
num_space_committed: 524.
num_space_uncommitted: 0.
num_chunks_returned_to_freelist: 6.
num_chunks_taken_from_freelist: 1565.
num_chunk_merges: 6.
num_chunk_splits: 1100.
num_chunks_enlarged: 832.
num_purges: 0.

CodeHeap 'non-profiled nmethods': size=120000Kb used=2802Kb max_used=2802Kb free=117197Kb
 bounds [0x0000024640130000, 0x00000246403f0000, 0x0000024647660000]
CodeHeap 'profiled nmethods': size=120000Kb used=7858Kb max_used=7884Kb free=112141Kb
 bounds [0x0000024638c00000, 0x00000246393c0000, 0x0000024640130000]
CodeHeap 'non-nmethods': size=5760Kb used=2001Kb max_used=2069Kb free=3758Kb
 bounds [0x0000024638660000, 0x00000246388d0000, 0x0000024638c00000]
 total_blobs=5428 nmethods=3990 adapters=1349
 compilation: enabled
              stopped_count=0, restarted_count=0
 full_count=0

Compilation events (20 events):
Event: 12.544 Thread 0x000002465199d310 4831       3       necesse.engine.util.HashMapCollection::addToList (9 bytes)
Event: 12.544 Thread 0x000002465199d310 nmethod 4831 0x0000024638dc9b10 code [0x0000024638dc9cc0, 0x0000024638dc9ea8]
Event: 12.544 Thread 0x000002465199d310 4833       1       necesse.inventory.recipe.Ingredient::isGlobalIngredient (5 bytes)
Event: 12.544 Thread 0x000002465199d310 nmethod 4833 0x00000246403ebc90 code [0x00000246403ebe20, 0x00000246403ebef8]
Event: 12.544 Thread 0x000002465199d310 4835       3       necesse.inventory.recipe.RecipeList::addResultItem (75 bytes)
Event: 12.545 Thread 0x000002465199d310 nmethod 4835 0x0000024638dc8510 code [0x0000024638dc8780, 0x0000024638dc9638]
Event: 12.545 Thread 0x000002465199d310 4834       1       necesse.inventory.recipe.Ingredient::getIngredientID (5 bytes)
Event: 12.545 Thread 0x000002465199d310 nmethod 4834 0x00000246403ebf90 code [0x00000246403ec120, 0x00000246403ec1f8]
Event: 12.545 Thread 0x000002465199d310 4836       3       necesse.engine.registries.GlobalIngredientRegistry::getGlobalIngredient (14 bytes)
Event: 12.545 Thread 0x000002465199d310 nmethod 4836 0x0000024638dc7f90 code [0x0000024638dc8140, 0x0000024638dc8408]
Event: 12.545 Thread 0x000002465199d310 4837       1       necesse.inventory.recipe.GlobalIngredient::getRegisteredItemIDs (5 bytes)
Event: 12.545 Thread 0x000002465199d310 nmethod 4837 0x00000246403ec290 code [0x00000246403ec420, 0x00000246403ec4f8]
Event: 12.546 Thread 0x000002465199d310 4839       3       java.lang.invoke.InvokerBytecodeGenerator::className (23 bytes)
Event: 12.547 Thread 0x000002465199d310 nmethod 4839 0x0000024638dc7610 code [0x0000024638dc7820, 0x0000024638dc7da8]
Event: 12.632 Thread 0x000002465199d310 4840       3       net.bytebuddy.jar.asm.ClassReader::readParameterAnnotations (106 bytes)
Event: 12.632 Thread 0x000002465199d310 nmethod 4840 0x0000024638dc6910 code [0x0000024638dc6b40, 0x0000024638dc7238]
Event: 12.632 Thread 0x000002465199d310 4841       3       net.bytebuddy.pool.TypePool$Default$TypeExtractor$MethodExtractor::visitAnnotableParameterCount (42 bytes)
Event: 12.633 Thread 0x000002465199d310 nmethod 4841 0x0000024638dc6110 code [0x0000024638dc6320, 0x0000024638dc66d8]
Event: 12.634 Thread 0x000002465199d310 4843       3       java.util.concurrent.ConcurrentHashMap$ValueIterator::<init> (12 bytes)
Event: 12.634 Thread 0x000002465199d310 nmethod 4843 0x0000024638dd6d10 code [0x0000024638dd6ec0, 0x0000024638dd7048]

GC Heap History (20 events):
Event: 8.440 GC heap before
{Heap before GC invocations=36 (full 0):
 garbage-first heap   total 1343488K, used 943101K [0x0000000740000000, 0x0000000800000000)
  region size 32768K, 24 young (786432K), 1 survivors (32768K)
 Metaspace       used 32276K, committed 32640K, reserved 1081344K
  class space    used 4698K, committed 4864K, reserved 1048576K
}
Event: 8.441 GC heap after
{Heap after GC invocations=37 (full 0):
 garbage-first heap   total 1343488K, used 189434K [0x0000000740000000, 0x0000000800000000)
  region size 32768K, 1 young (32768K), 1 survivors (32768K)
 Metaspace       used 32276K, committed 32640K, reserved 1081344K
  class space    used 4698K, committed 4864K, reserved 1048576K
}
Event: 8.512 GC heap before
{Heap before GC invocations=37 (full 0):
 garbage-first heap   total 1343488K, used 943098K [0x0000000740000000, 0x0000000800000000)
  region size 32768K, 24 young (786432K), 1 survivors (32768K)
 Metaspace       used 32276K, committed 32640K, reserved 1081344K
  class space    used 4698K, committed 4864K, reserved 1048576K
}
Event: 8.513 GC heap after
{Heap after GC invocations=38 (full 0):
 garbage-first heap   total 1343488K, used 189447K [0x0000000740000000, 0x0000000800000000)
  region size 32768K, 1 young (32768K), 1 survivors (32768K)
 Metaspace       used 32276K, committed 32640K, reserved 1081344K
  class space    used 4698K, committed 4864K, reserved 1048576K
}
Event: 8.584 GC heap before
{Heap before GC invocations=38 (full 0):
 garbage-first heap   total 1343488K, used 943111K [0x0000000740000000, 0x0000000800000000)
  region size 32768K, 24 young (786432K), 1 survivors (32768K)
 Metaspace       used 32279K, committed 32640K, reserved 1081344K
  class space    used 4699K, committed 4864K, reserved 1048576K
}
Event: 8.585 GC heap after
{Heap after GC invocations=39 (full 0):
 garbage-first heap   total 1343488K, used 189480K [0x0000000740000000, 0x0000000800000000)
  region size 32768K, 1 young (32768K), 1 survivors (32768K)
 Metaspace       used 32279K, committed 32640K, reserved 1081344K
  class space    used 4699K, committed 4864K, reserved 1048576K
}
Event: 8.662 GC heap before
{Heap before GC invocations=39 (full 0):
 garbage-first heap   total 1343488K, used 943144K [0x0000000740000000, 0x0000000800000000)
  region size 32768K, 24 young (786432K), 1 survivors (32768K)
 Metaspace       used 32281K, committed 32640K, reserved 1081344K
  class space    used 4699K, committed 4864K, reserved 1048576K
}
Event: 8.663 GC heap after
{Heap after GC invocations=40 (full 0):
 garbage-first heap   total 1343488K, used 189520K [0x0000000740000000, 0x0000000800000000)
  region size 32768K, 1 young (32768K), 1 survivors (32768K)
 Metaspace       used 32281K, committed 32640K, reserved 1081344K
  class space    used 4699K, committed 4864K, reserved 1048576K
}
Event: 8.755 GC heap before
{Heap before GC invocations=40 (full 0):
 garbage-first heap   total 1343488K, used 943184K [0x0000000740000000, 0x0000000800000000)
  region size 32768K, 24 young (786432K), 1 survivors (32768K)
 Metaspace       used 32281K, committed 32640K, reserved 1081344K
  class space    used 4699K, committed 4864K, reserved 1048576K
}
Event: 8.756 GC heap after
{Heap after GC invocations=41 (full 0):
 garbage-first heap   total 1343488K, used 189528K [0x0000000740000000, 0x0000000800000000)
  region size 32768K, 1 young (32768K), 1 survivors (32768K)
 Metaspace       used 32281K, committed 32640K, reserved 1081344K
  class space    used 4699K, committed 4864K, reserved 1048576K
}
Event: 8.834 GC heap before
{Heap before GC invocations=41 (full 0):
 garbage-first heap   total 1343488K, used 943192K [0x0000000740000000, 0x0000000800000000)
  region size 32768K, 24 young (786432K), 1 survivors (32768K)
 Metaspace       used 32281K, committed 32640K, reserved 1081344K
  class space    used 4699K, committed 4864K, reserved 1048576K
}
Event: 8.835 GC heap after
{Heap after GC invocations=42 (full 0):
 garbage-first heap   total 1343488K, used 189574K [0x0000000740000000, 0x0000000800000000)
  region size 32768K, 1 young (32768K), 1 survivors (32768K)
 Metaspace       used 32281K, committed 32640K, reserved 1081344K
  class space    used 4699K, committed 4864K, reserved 1048576K
}
Event: 8.912 GC heap before
{Heap before GC invocations=42 (full 0):
 garbage-first heap   total 1343488K, used 943238K [0x0000000740000000, 0x0000000800000000)
  region size 32768K, 24 young (786432K), 1 survivors (32768K)
 Metaspace       used 32281K, committed 32640K, reserved 1081344K
  class space    used 4699K, committed 4864K, reserved 1048576K
}
Event: 8.913 GC heap after
{Heap after GC invocations=43 (full 0):
 garbage-first heap   total 1343488K, used 189595K [0x0000000740000000, 0x0000000800000000)
  region size 32768K, 1 young (32768K), 1 survivors (32768K)
 Metaspace       used 32281K, committed 32640K, reserved 1081344K
  class space    used 4699K, committed 4864K, reserved 1048576K
}
Event: 8.998 GC heap before
{Heap before GC invocations=43 (full 0):
 garbage-first heap   total 1343488K, used 943259K [0x0000000740000000, 0x0000000800000000)
  region size 32768K, 24 young (786432K), 1 survivors (32768K)
 Metaspace       used 32289K, committed 32640K, reserved 1081344K
  class space    used 4702K, committed 4864K, reserved 1048576K
}
Event: 8.999 GC heap after
{Heap after GC invocations=44 (full 0):
 garbage-first heap   total 1343488K, used 189648K [0x0000000740000000, 0x0000000800000000)
  region size 32768K, 1 young (32768K), 1 survivors (32768K)
 Metaspace       used 32289K, committed 32640K, reserved 1081344K
  class space    used 4702K, committed 4864K, reserved 1048576K
}
Event: 9.728 GC heap before
{Heap before GC invocations=44 (full 0):
 garbage-first heap   total 1343488K, used 910544K [0x0000000740000000, 0x0000000800000000)
  region size 32768K, 24 young (786432K), 1 survivors (32768K)
 Metaspace       used 32911K, committed 33216K, reserved 1081344K
  class space    used 4756K, committed 4928K, reserved 1048576K
}
Event: 9.730 GC heap after
{Heap after GC invocations=45 (full 0):
 garbage-first heap   total 1343488K, used 190142K [0x0000000740000000, 0x0000000800000000)
  region size 32768K, 1 young (32768K), 1 survivors (32768K)
 Metaspace       used 32911K, committed 33216K, reserved 1081344K
  class space    used 4756K, committed 4928K, reserved 1048576K
}
Event: 10.384 GC heap before
{Heap before GC invocations=45 (full 0):
 garbage-first heap   total 1343488K, used 911038K [0x0000000740000000, 0x0000000800000000)
  region size 32768K, 24 young (786432K), 1 survivors (32768K)
 Metaspace       used 33004K, committed 33344K, reserved 1081344K
  class space    used 4769K, committed 4928K, reserved 1048576K
}
Event: 10.386 GC heap after
{Heap after GC invocations=46 (full 0):
 garbage-first heap   total 1343488K, used 190347K [0x0000000740000000, 0x0000000800000000)
  region size 32768K, 1 young (32768K), 1 survivors (32768K)
 Metaspace       used 33004K, committed 33344K, reserved 1081344K
  class space    used 4769K, committed 4928K, reserved 1048576K
}

Deoptimization events (20 events):
Event: 12.533 Thread 0x0000024630ef4750 DEOPT PACKING pc=0x00000246393066f4 sp=0x000000cd991febd0
Event: 12.533 Thread 0x0000024630ef4750 DEOPT UNPACKING pc=0x00000246386adece sp=0x000000cd991fe080 mode 1
Event: 12.533 Thread 0x0000024630ef4750 DEOPT PACKING pc=0x000002463913d314 sp=0x000000cd991fec90
Event: 12.533 Thread 0x0000024630ef4750 DEOPT UNPACKING pc=0x00000246386adece sp=0x000000cd991fe0c0 mode 1
Event: 12.533 Thread 0x0000024630ef4750 DEOPT PACKING pc=0x00000246393066f4 sp=0x000000cd991febd0
Event: 12.533 Thread 0x0000024630ef4750 DEOPT UNPACKING pc=0x00000246386adece sp=0x000000cd991fe080 mode 1
Event: 12.533 Thread 0x0000024630ef4750 DEOPT PACKING pc=0x000002463913d314 sp=0x000000cd991fec90
Event: 12.533 Thread 0x0000024630ef4750 DEOPT UNPACKING pc=0x00000246386adece sp=0x000000cd991fe0c0 mode 1
Event: 12.534 Thread 0x0000024630ef4750 DEOPT PACKING pc=0x00000246393066f4 sp=0x000000cd991febd0
Event: 12.534 Thread 0x0000024630ef4750 DEOPT UNPACKING pc=0x00000246386adece sp=0x000000cd991fe080 mode 1
Event: 12.534 Thread 0x0000024630ef4750 DEOPT PACKING pc=0x000002463913d314 sp=0x000000cd991fec90
Event: 12.534 Thread 0x0000024630ef4750 DEOPT UNPACKING pc=0x00000246386adece sp=0x000000cd991fe0c0 mode 1
Event: 12.535 Thread 0x0000024630ef4750 DEOPT PACKING pc=0x00000246393066f4 sp=0x000000cd991febd0
Event: 12.535 Thread 0x0000024630ef4750 DEOPT UNPACKING pc=0x00000246386adece sp=0x000000cd991fe080 mode 1
Event: 12.535 Thread 0x0000024630ef4750 DEOPT PACKING pc=0x000002463913d314 sp=0x000000cd991fec90
Event: 12.535 Thread 0x0000024630ef4750 DEOPT UNPACKING pc=0x00000246386adece sp=0x000000cd991fe0c0 mode 1
Event: 12.537 Thread 0x0000024630ef4750 DEOPT PACKING pc=0x00000246393066f4 sp=0x000000cd991febd0
Event: 12.537 Thread 0x0000024630ef4750 DEOPT UNPACKING pc=0x00000246386adece sp=0x000000cd991fe080 mode 1
Event: 12.537 Thread 0x0000024630ef4750 DEOPT PACKING pc=0x000002463913d314 sp=0x000000cd991fec90
Event: 12.537 Thread 0x0000024630ef4750 DEOPT UNPACKING pc=0x00000246386adece sp=0x000000cd991fe0c0 mode 1

Classes unloaded (0 events):
No events

Classes redefined (20 events):
Event: 5.415 Thread 0x0000024651976860 redefined class name=dragonsaga.mobs.human.patches.PlayerMobLoadSavePatch, count=5
Event: 5.415 Thread 0x0000024651976860 redefined class name=dragonsaga.mobs.human.patches.PlayerMobSavePatch, count=5
Event: 5.415 Thread 0x0000024651976860 redefined class name=dragonsaga.ui.patches.maingameformmanager.MainGameFormManagerSetupPatch, count=5
Event: 5.415 Thread 0x0000024651976860 redefined class name=dragonsaga.ui.patches.maingameformmanager.MainGameFormManagerUpdatePatch, count=5
Event: 5.466 Thread 0x0000024651976860 redefined class name=necesse.gfx.forms.MainGameFormManager, count=1
Event: 5.480 Thread 0x0000024651976860 redefined class name=dragonsaga.examples.ExampleConstructorPatch, count=6
Event: 5.480 Thread 0x0000024651976860 redefined class name=dragonsaga.examples.ExampleMethodPatch, count=6
Event: 5.480 Thread 0x0000024651976860 redefined class name=dragonsaga.mobs.human.patches.PlayerMobConstructorPatch, count=6
Event: 5.480 Thread 0x0000024651976860 redefined class name=dragonsaga.mobs.human.patches.PlayerMobLoadSavePatch, count=6
Event: 5.480 Thread 0x0000024651976860 redefined class name=dragonsaga.mobs.human.patches.PlayerMobSavePatch, count=6
Event: 5.480 Thread 0x0000024651976860 redefined class name=dragonsaga.ui.patches.maingameformmanager.MainGameFormManagerSetupPatch, count=6
Event: 5.480 Thread 0x0000024651976860 redefined class name=dragonsaga.ui.patches.maingameformmanager.MainGameFormManagerUpdatePatch, count=6
Event: 5.532 Thread 0x0000024651976860 redefined class name=necesse.gfx.forms.MainGameFormManager, count=2
Event: 5.549 Thread 0x0000024651976860 redefined class name=dragonsaga.examples.ExampleConstructorPatch, count=7
Event: 5.549 Thread 0x0000024651976860 redefined class name=dragonsaga.examples.ExampleMethodPatch, count=7
Event: 5.549 Thread 0x0000024651976860 redefined class name=dragonsaga.mobs.human.patches.PlayerMobConstructorPatch, count=7
Event: 5.549 Thread 0x0000024651976860 redefined class name=dragonsaga.mobs.human.patches.PlayerMobLoadSavePatch, count=7
Event: 5.549 Thread 0x0000024651976860 redefined class name=dragonsaga.mobs.human.patches.PlayerMobSavePatch, count=7
Event: 5.549 Thread 0x0000024651976860 redefined class name=dragonsaga.ui.patches.maingameformmanager.MainGameFormManagerSetupPatch, count=7
Event: 5.549 Thread 0x0000024651976860 redefined class name=dragonsaga.ui.patches.maingameformmanager.MainGameFormManagerUpdatePatch, count=7

Internal exceptions (20 events):
Event: 6.504 Thread 0x0000024630ef4750 Exception <a 'java/lang/NoSuchMethodError'{0x000000076c944ee0}: 'java.lang.Object java.lang.invoke.DirectMethodHandle$Holder.invokeStaticInit(java.lang.Object, java.lang.Object, int, int)'> (0x000000076c944ee0) 
thrown [t:\workspace\open\src\hotspot\share\interpreter\linkResolver.cpp, line 790]
Event: 6.506 Thread 0x0000024630ef4750 Exception <a 'java/lang/NoSuchMethodError'{0x000000076c959508}: 'java.lang.Object java.lang.invoke.DirectMethodHandle$Holder.invokeStaticInit(java.lang.Object, int, int, int, int, java.lang.Object, int, int)'> (0x000000076c959508) 
thrown [t:\workspace\open\src\hotspot\share\interpreter\linkResolver.cpp, line 790]
Event: 6.507 Thread 0x0000024630ef4750 Exception <a 'java/lang/NoSuchMethodError'{0x000000076c9600a0}: 'java.lang.Object java.lang.invoke.DirectMethodHandle$Holder.newInvokeSpecial(java.lang.Object, int, int, int, int)'> (0x000000076c9600a0) 
thrown [t:\workspace\open\src\hotspot\share\interpreter\linkResolver.cpp, line 790]
Event: 6.507 Thread 0x0000024630ef4750 Exception <a 'java/lang/NoSuchMethodError'{0x000000076c963eb0}: 'java.lang.Object java.lang.invoke.DirectMethodHandle$Holder.invokeSpecial(java.lang.Object, java.lang.Object, int, int, int, int)'> (0x000000076c963eb0) 
thrown [t:\workspace\open\src\hotspot\share\interpreter\linkResolver.cpp, line 790]
Event: 6.508 Thread 0x0000024630ef4750 Exception <a 'java/lang/NoSuchMethodError'{0x000000076c973b48}: 'java.lang.Object java.lang.invoke.DirectMethodHandle$Holder.invokeStaticInit(java.lang.Object, int, int, java.lang.Object, int, int)'> (0x000000076c973b48) 
thrown [t:\workspace\open\src\hotspot\share\interpreter\linkResolver.cpp, line 790]
Event: 6.891 Thread 0x0000024630ef4750 Exception <a 'java/lang/NoSuchMethodError'{0x0000000777aa2118}: 'int java.lang.invoke.DirectMethodHandle$Holder.invokeVirtual(java.lang.Object, java.lang.Object)'> (0x0000000777aa2118) 
thrown [t:\workspace\open\src\hotspot\share\interpreter\linkResolver.cpp, line 790]
Event: 6.914 Thread 0x0000024630ef4750 Exception <a 'java/lang/NoSuchMethodError'{0x0000000777c9a5d8}: 'java.lang.Object java.lang.invoke.DirectMethodHandle$Holder.invokeStatic(java.lang.Object, java.lang.Object, int, java.lang.Object, java.lang.Object)'> (0x0000000777c9a5d8) 
thrown [t:\workspace\open\src\hotspot\share\interpreter\linkResolver.cpp, line 790]
Event: 6.927 Thread 0x0000024630ef4750 Exception <a 'java/lang/NoSuchMethodError'{0x0000000777da0ad8}: 'java.lang.Object java.lang.invoke.DirectMethodHandle$Holder.invokeStatic(java.lang.Object, java.lang.Object, int, java.lang.Object)'> (0x0000000777da0ad8) 
thrown [t:\workspace\open\src\hotspot\share\interpreter\linkResolver.cpp, line 790]
Event: 6.996 Thread 0x0000024630ef4750 Exception <a 'java/lang/NoSuchMethodError'{0x0000000770bd9608}: 'long java.lang.invoke.DirectMethodHandle$Holder.invokeStatic(java.lang.Object, java.lang.Object, java.lang.Object)'> (0x0000000770bd9608) 
thrown [t:\workspace\open\src\hotspot\share\interpreter\linkResolver.cpp, line 790]
Event: 7.033 Thread 0x0000024630ef4750 Exception <a 'java/lang/NoSuchMethodError'{0x00000007715b70c8}: 'void java.lang.invoke.DirectMethodHandle$Holder.invokeStaticInit(java.lang.Object, java.lang.Object, java.lang.Object, java.lang.Object, java.lang.Object)'> (0x00000007715b70c8) 
thrown [t:\workspace\open\src\hotspot\share\interpreter\linkResolver.cpp, line 790]
Event: 7.047 Thread 0x0000024630ef4750 Exception <a 'java/lang/NoSuchMethodError'{0x00000007718d96f0}: 'void java.lang.invoke.DirectMethodHandle$Holder.invokeStatic(java.lang.Object, java.lang.Object, java.lang.Object, int, java.lang.Object)'> (0x00000007718d96f0) 
thrown [t:\workspace\open\src\hotspot\share\interpreter\linkResolver.cpp, line 790]
Event: 7.048 Thread 0x0000024630ef4750 Exception <a 'java/lang/NoSuchMethodError'{0x00000007718dcea0}: 'void java.lang.invoke.DirectMethodHandle$Holder.invokeStaticInit(java.lang.Object, java.lang.Object, java.lang.Object, int, java.lang.Object)'> (0x00000007718dcea0) 
thrown [t:\workspace\open\src\hotspot\share\interpreter\linkResolver.cpp, line 790]
Event: 7.168 Thread 0x0000024652ed98c0 Implicit null exception at 0x000002464035126b to 0x0000024640352454
Event: 8.549 Thread 0x0000024674ce83d0 Implicit null exception at 0x000002464034a4e2 to 0x000002464034b294
Event: 8.619 Thread 0x0000024652edae00 Implicit null exception at 0x0000024640240784 to 0x000002464024088c
Event: 9.309 Thread 0x0000024630ef4750 Exception <a 'java/lang/NoSuchMethodError'{0x000000078abe2978}: static Lnecesse/gfx/ui/GameTextureData;.<clinit>()V> (0x000000078abe2978) 
thrown [t:\workspace\open\src\hotspot\share\prims\jni.cpp, line 1210]
Event: 9.936 Thread 0x0000024630ef4750 Exception <a 'java/lang/NoSuchMethodError'{0x000000077bf76330}: 'java.lang.Object java.lang.invoke.DirectMethodHandle$Holder.newInvokeSpecial(java.lang.Object, java.lang.Object, int, int)'> (0x000000077bf76330) 
thrown [t:\workspace\open\src\hotspot\share\interpreter\linkResolver.cpp, line 790]
Event: 9.936 Thread 0x0000024630ef4750 Exception <a 'java/lang/NoSuchMethodError'{0x000000077bf7d938}: 'java.lang.Object java.lang.invoke.Invokers$Holder.linkToTargetMethod(java.lang.Object, int, int, java.lang.Object)'> (0x000000077bf7d938) 
thrown [t:\workspace\open\src\hotspot\share\interpreter\linkResolver.cpp, line 790]
Event: 10.646 Thread 0x0000024630ef4750 Implicit null exception at 0x00000246401bad89 to 0x00000246401baf64
Event: 12.546 Thread 0x0000024630ef4750 Exception <a 'java/lang/NoSuchMethodError'{0x0000000786f07728}: 'void java.lang.invoke.DirectMethodHandle$Holder.invokeInterface(java.lang.Object, java.lang.Object)'> (0x0000000786f07728) 
thrown [t:\workspace\open\src\hotspot\share\interpreter\linkResolver.cpp, line 790]

Events (20 events):
Event: 11.458 Executing  VM operation: Cleanup done
Event: 11.748 Thread 0x0000024652986b90 Thread exited: 0x0000024652986b90
Event: 12.270 Thread 0x0000024674ce6940 Thread exited: 0x0000024674ce6940
Event: 12.270 Thread 0x0000024674ce2ed0 Thread exited: 0x0000024674ce2ed0
Event: 12.270 Thread 0x0000024674ce2980 Thread exited: 0x0000024674ce2980
Event: 12.270 Thread 0x000002460afbb040 Thread exited: 0x000002460afbb040
Event: 12.270 Thread 0x000002460afbb590 Thread exited: 0x000002460afbb590
Event: 12.270 Thread 0x0000024674ce9e60 Thread exited: 0x0000024674ce9e60
Event: 12.270 Thread 0x000002460afba5a0 Thread exited: 0x000002460afba5a0
Event: 12.270 Thread 0x0000024674ce4eb0 Thread exited: 0x0000024674ce4eb0
Event: 12.270 Thread 0x000002460afba050 Thread exited: 0x000002460afba050
Event: 12.270 Thread 0x0000024674ce3420 Thread exited: 0x0000024674ce3420
Event: 12.271 loading class java/util/Collections$ReverseComparator
Event: 12.271 loading class java/util/Collections$ReverseComparator done
Event: 12.272 loading class java/util/Comparators$NaturalOrderComparator
Event: 12.272 loading class java/util/Comparators$NaturalOrderComparator done
Event: 12.272 loading class java/util/Collections$ReverseComparator2
Event: 12.272 loading class java/util/Collections$ReverseComparator2 done
Event: 12.470 Executing  VM operation: Cleanup
Event: 12.470 Executing  VM operation: Cleanup done


Dynamic libraries:
0x00007ff7b9860000 - 0x00007ff7b9870000 	C:\Program Files\Java\jdk-16\bin\java.exe
0x00007ffd660d0000 - 0x00007ffd662c7000 	C:\WINDOWS\SYSTEM32\ntdll.dll
0x00007ffd65720000 - 0x00007ffd657dd000 	C:\WINDOWS\System32\KERNEL32.DLL
0x00007ffd63b50000 - 0x00007ffd63e1d000 	C:\WINDOWS\System32\KERNELBASE.dll
0x00007ffd638d0000 - 0x00007ffd639d0000 	C:\WINDOWS\System32\ucrtbase.dll
0x00007ffd4e7b0000 - 0x00007ffd4e7c8000 	C:\Program Files\Java\jdk-16\bin\jli.dll
0x00007ffd4e790000 - 0x00007ffd4e7a9000 	C:\Program Files\Java\jdk-16\bin\VCRUNTIME140.dll
0x00007ffd64ea0000 - 0x00007ffd64f4e000 	C:\WINDOWS\System32\ADVAPI32.dll
0x00007ffd65b50000 - 0x00007ffd65bee000 	C:\WINDOWS\System32\msvcrt.dll
0x00007ffd65320000 - 0x00007ffd653bc000 	C:\WINDOWS\System32\sechost.dll
0x00007ffd65a20000 - 0x00007ffd65b45000 	C:\WINDOWS\System32\RPCRT4.dll
0x00007ffd65460000 - 0x00007ffd65600000 	C:\WINDOWS\System32\USER32.dll
0x00007ffd4f000000 - 0x00007ffd4f29a000 	C:\WINDOWS\WinSxS\amd64_microsoft.windows.common-controls_6595b64144ccf1df_6.0.19041.1110_none_60b5254171f9507e\COMCTL32.dll
0x00007ffd638a0000 - 0x00007ffd638c2000 	C:\WINDOWS\System32\win32u.dll
0x00007ffd65430000 - 0x00007ffd6545a000 	C:\WINDOWS\System32\GDI32.dll
0x00007ffd639d0000 - 0x00007ffd63adb000 	C:\WINDOWS\System32\gdi32full.dll
0x00007ffd5a7b0000 - 0x00007ffd5a7ba000 	C:\WINDOWS\SYSTEM32\VERSION.dll
0x00007ffd63f30000 - 0x00007ffd63fcd000 	C:\WINDOWS\System32\msvcp_win.dll
0x00007ffd65bf0000 - 0x00007ffd65c20000 	C:\WINDOWS\System32\IMM32.DLL
0x00007ffd5fec0000 - 0x00007ffd5fecc000 	C:\Program Files\Java\jdk-16\bin\vcruntime140_1.dll
0x00007ffd45810000 - 0x00007ffd458a1000 	C:\Program Files\Java\jdk-16\bin\msvcp140.dll
0x00007ffd10c60000 - 0x00007ffd1180b000 	C:\Program Files\Java\jdk-16\bin\server\jvm.dll
0x00007ffd64f50000 - 0x00007ffd64f58000 	C:\WINDOWS\System32\PSAPI.DLL
0x00007ffd57870000 - 0x00007ffd57897000 	C:\WINDOWS\SYSTEM32\WINMM.dll
0x00007ffd46ea0000 - 0x00007ffd46ea9000 	C:\WINDOWS\SYSTEM32\WSOCK32.dll
0x00007ffd653c0000 - 0x00007ffd6542b000 	C:\WINDOWS\System32\WS2_32.dll
0x00007ffd62060000 - 0x00007ffd62072000 	C:\WINDOWS\SYSTEM32\kernel.appcore.dll
0x00007ffd4e740000 - 0x00007ffd4e74a000 	C:\Program Files\Java\jdk-16\bin\jimage.dll
0x00007ffd613e0000 - 0x00007ffd615c4000 	C:\WINDOWS\SYSTEM32\DBGHELP.DLL
0x00007ffd48c50000 - 0x00007ffd48c7c000 	C:\WINDOWS\SYSTEM32\dbgcore.DLL
0x00007ffd63ea0000 - 0x00007ffd63f22000 	C:\WINDOWS\System32\bcryptPrimitives.dll
0x00007ffd491d0000 - 0x00007ffd4920b000 	C:\Program Files\Java\jdk-16\bin\jdwp.dll
0x00007ffd4e710000 - 0x00007ffd4e735000 	C:\Program Files\Java\jdk-16\bin\java.dll
0x00007ffd64750000 - 0x00007ffd64e94000 	C:\WINDOWS\System32\SHELL32.dll
0x00007ffd618b0000 - 0x00007ffd62044000 	C:\WINDOWS\SYSTEM32\windows.storage.dll
0x00007ffd64130000 - 0x00007ffd64484000 	C:\WINDOWS\System32\combase.dll
0x00007ffd63170000 - 0x00007ffd6319c000 	C:\WINDOWS\SYSTEM32\Wldp.dll
0x00007ffd64fd0000 - 0x00007ffd6507d000 	C:\WINDOWS\System32\SHCORE.dll
0x00007ffd646f0000 - 0x00007ffd64745000 	C:\WINDOWS\System32\shlwapi.dll
0x00007ffd63730000 - 0x00007ffd6374f000 	C:\WINDOWS\SYSTEM32\profapi.dll
0x00007ffd5d1c0000 - 0x00007ffd5d1cc000 	C:\Program Files\Java\jdk-16\bin\dt_socket.dll
0x00007ffd62c10000 - 0x00007ffd62c4b000 	C:\WINDOWS\SYSTEM32\IPHLPAPI.DLL
0x00007ffd62f50000 - 0x00007ffd62fba000 	C:\WINDOWS\system32\mswsock.dll
0x00007ffd4e6f0000 - 0x00007ffd4e709000 	C:\Program Files\Java\jdk-16\bin\net.dll
0x00007ffd551c0000 - 0x00007ffd552ca000 	C:\WINDOWS\SYSTEM32\WINHTTP.dll
0x00007ffd4d6d0000 - 0x00007ffd4d6e3000 	C:\Program Files\Java\jdk-16\bin\nio.dll
0x00007ffd4d530000 - 0x00007ffd4d548000 	C:\Program Files\Java\jdk-16\bin\zip.dll
0x00007ffd4e6e0000 - 0x00007ffd4e6f0000 	C:\Program Files\Java\jdk-16\bin\verify.dll
0x00007ffd634b0000 - 0x00007ffd634c8000 	C:\WINDOWS\SYSTEM32\CRYPTSP.dll
0x00007ffd62880000 - 0x00007ffd628b4000 	C:\WINDOWS\system32\rsaenh.dll
0x00007ffd63e20000 - 0x00007ffd63e47000 	C:\WINDOWS\System32\bcrypt.dll
0x00007ffd636f0000 - 0x00007ffd6371e000 	C:\WINDOWS\SYSTEM32\USERENV.dll
0x00007ffd630e0000 - 0x00007ffd630ec000 	C:\WINDOWS\SYSTEM32\CRYPTBASE.dll
0x00007ffd65310000 - 0x00007ffd65318000 	C:\WINDOWS\System32\NSI.dll
0x00007ffd5c470000 - 0x00007ffd5c487000 	C:\WINDOWS\SYSTEM32\dhcpcsvc6.DLL
0x00007ffd5cf00000 - 0x00007ffd5cf1d000 	C:\WINDOWS\SYSTEM32\dhcpcsvc.DLL
0x00007ffd62c50000 - 0x00007ffd62d1b000 	C:\WINDOWS\SYSTEM32\DNSAPI.dll
0x00007ffd459a0000 - 0x00007ffd459e5000 	G:\SteamLibrary\steamapps\common\Necesse\natives\jna11260086711167301788.dll
0x00007ffd65080000 - 0x00007ffd651aa000 	C:\WINDOWS\System32\Ole32.dll
0x00007ffd644f0000 - 0x00007ffd64599000 	C:\WINDOWS\System32\clbcatq.dll
0x00007ffd64620000 - 0x00007ffd646ed000 	C:\WINDOWS\System32\OleAut32.dll
0x00007ffd57730000 - 0x00007ffd57750000 	C:\WINDOWS\SYSTEM32\amsi.dll
0x00007ffd56ed0000 - 0x00007ffd56f4b000 	C:\ProgramData\Microsoft\Windows Defender\Platform\4.18.2205.7-0\MpOav.dll
0x00007ffd4e370000 - 0x00007ffd4e379000 	C:\Program Files\Java\jdk-16\bin\management.dll
0x00007ffd4d750000 - 0x00007ffd4d75b000 	C:\Program Files\Java\jdk-16\bin\management_ext.dll
0x00007ffd45950000 - 0x00007ffd4599c000 	G:\SteamLibrary\steamapps\common\Necesse\natives\steam_api64.dll
0x00007ffd45900000 - 0x00007ffd4594d000 	G:\SteamLibrary\steamapps\common\Necesse\natives\steamworks4j64.dll
0x00007ffcb8f00000 - 0x00007ffcba3f7000 	C:\Program Files (x86)\Steam\steamclient64.dll
0x00007ffd63fd0000 - 0x00007ffd64126000 	C:\WINDOWS\System32\CRYPT32.dll
0x00007ffd64600000 - 0x00007ffd6461d000 	C:\WINDOWS\System32\imagehlp.dll
0x00007ffd65c20000 - 0x00007ffd6608f000 	C:\WINDOWS\System32\SETUPAPI.dll
0x00007ffd63e50000 - 0x00007ffd63e9e000 	C:\WINDOWS\System32\cfgmgr32.dll
0x00007ffd0a0c0000 - 0x00007ffd0a234000 	C:\Program Files (x86)\Steam\tier0_s64.dll
0x00007ffd1ded0000 - 0x00007ffd1df51000 	C:\Program Files (x86)\Steam\vstdlib_s64.dll
0x00007ffd53770000 - 0x00007ffd5377c000 	C:\WINDOWS\SYSTEM32\Secur32.dll
0x00007ffd636b0000 - 0x00007ffd636e2000 	C:\WINDOWS\SYSTEM32\SSPICLI.DLL
0x00007ffd09b30000 - 0x00007ffd09cb8000 	C:\Program Files (x86)\Steam\gameoverlayrenderer64.dll
0x00007ffd395b0000 - 0x00007ffd39621000 	G:\SteamLibrary\steamapps\common\Necesse\natives\lwjgl.dll
0x00007ffd40ea0000 - 0x00007ffd40f01000 	G:\SteamLibrary\steamapps\common\Necesse\natives\glfw.dll
0x00007ffd458b0000 - 0x00007ffd458f5000 	C:\WINDOWS\SYSTEM32\dinput8.dll
0x00007ffd58130000 - 0x00007ffd58282000 	C:\WINDOWS\SYSTEM32\inputhost.dll
0x00007ffd5f070000 - 0x00007ffd5f1c4000 	C:\WINDOWS\SYSTEM32\wintypes.dll
0x00007ffd5ebc0000 - 0x00007ffd5ecb6000 	C:\WINDOWS\SYSTEM32\PROPSYS.dll
0x00007ffd601e0000 - 0x00007ffd6053e000 	C:\WINDOWS\SYSTEM32\CoreUIComponents.dll
0x00007ffd608c0000 - 0x00007ffd609b2000 	C:\WINDOWS\SYSTEM32\CoreMessaging.dll
0x00007ffd624b0000 - 0x00007ffd624e3000 	C:\WINDOWS\SYSTEM32\ntmarta.dll
0x00007ffd39520000 - 0x00007ffd39531000 	C:\WINDOWS\SYSTEM32\xinput1_4.dll
0x00007ffd635a0000 - 0x00007ffd635cc000 	C:\WINDOWS\SYSTEM32\DEVOBJ.dll
0x00007ffd60fa0000 - 0x00007ffd60fcf000 	C:\WINDOWS\SYSTEM32\dwmapi.dll
0x00007ffd60d00000 - 0x00007ffd60d9e000 	C:\WINDOWS\system32\uxtheme.dll
0x00007ffd65600000 - 0x00007ffd65715000 	C:\WINDOWS\System32\MSCTF.dll
0x00007ffd1dad0000 - 0x00007ffd1dc50000 	C:\Program Files\Java\jdk-16\bin\awt.dll
0x00007ffd60bd0000 - 0x00007ffd60c60000 	C:\WINDOWS\SYSTEM32\apphelp.dll
0x00007ffd1fae0000 - 0x00007ffd1fc06000 	C:\WINDOWS\SYSTEM32\opengl32.dll
0x00007ffd4c620000 - 0x00007ffd4c64c000 	C:\WINDOWS\SYSTEM32\GLU32.dll
0x00007ffcd7080000 - 0x00007ffcda0a8000 	C:\WINDOWS\System32\DriverStore\FileRepository\nv_dispi.inf_amd64_3b12ac0f95b18b9d\nvoglv64.dll
0x00007ffd5ed70000 - 0x00007ffd5ed84000 	C:\WINDOWS\SYSTEM32\WTSAPI32.dll
0x00007ffd63540000 - 0x00007ffd63552000 	C:\WINDOWS\SYSTEM32\msasn1.dll
0x00007ffd5a690000 - 0x00007ffd5a6c1000 	C:\WINDOWS\SYSTEM32\cryptnet.dll
0x00007ffd587b0000 - 0x00007ffd588f8000 	C:\WINDOWS\SYSTEM32\drvstore.dll
0x00007ffd63ae0000 - 0x00007ffd63b47000 	C:\WINDOWS\System32\WINTRUST.dll
0x00007ffd59440000 - 0x00007ffd5947b000 	C:\WINDOWS\SYSTEM32\dxcore.dll
0x00007ffcfed20000 - 0x00007ffcfefe7000 	C:\WINDOWS\system32\nvspcap64.dll
0x00007ffd62d30000 - 0x00007ffd62d7b000 	C:\WINDOWS\SYSTEM32\powrprof.dll
0x00007ffd62bf0000 - 0x00007ffd62c02000 	C:\WINDOWS\SYSTEM32\UMPDC.dll
0x00007ffd62520000 - 0x00007ffd6257a000 	C:\WINDOWS\SYSTEM32\WINSTA.dll
0x00007ffd5d450000 - 0x00007ffd5d4d5000 	C:\WINDOWS\System32\MMDevApi.dll
0x00007ffd5d540000 - 0x00007ffd5d6c2000 	C:\WINDOWS\SYSTEM32\AUDIOSES.DLL
0x00007ffd30f70000 - 0x00007ffd30fcd000 	G:\SteamLibrary\steamapps\common\Necesse\natives\lwjgl_opengl.dll
0x00007ffd58030000 - 0x00007ffd58129000 	C:\WINDOWS\SYSTEM32\textinputframework.dll
0x00007ffd30c10000 - 0x00007ffd30c91000 	G:\SteamLibrary\steamapps\common\Necesse\natives\lwjgl_stb.dll
0x00007ffd5c040000 - 0x00007ffd5c0ee000 	C:\WINDOWS\SYSTEM32\mscms.dll
0x00007ffd5c1d0000 - 0x00007ffd5c1e1000 	C:\WINDOWS\SYSTEM32\ColorAdapterClient.dll
0x00007ffd4c850000 - 0x00007ffd4c893000 	C:\WINDOWS\SYSTEM32\icm32.dll
0x00007ffd1ab00000 - 0x00007ffd1ac97000 	G:\SteamLibrary\steamapps\common\Necesse\natives\OpenAL.dll
0x00007ffd60ea0000 - 0x00007ffd60eb4000 	C:\WINDOWS\SYSTEM32\resourcepolicyclient.dll
0x00007ffd5bee0000 - 0x00007ffd5beee000 	C:\Program Files\Java\jdk-16\bin\instrument.dll

dbghelp: loaded successfully - version: 4.0.5 - missing functions: none
symbol engine: initialized successfully - sym options: 0x614 - pdb path: .;C:\Program Files\Java\jdk-16\bin;C:\WINDOWS\SYSTEM32;C:\WINDOWS\WinSxS\amd64_microsoft.windows.common-controls_6595b64144ccf1df_6.0.19041.1110_none_60b5254171f9507e;C:\Program Files\Java\jdk-16\bin\server;G:\SteamLibrary\steamapps\common\Necesse\natives;C:\ProgramData\Microsoft\Windows Defender\Platform\4.18.2205.7-0;C:\Program Files (x86)\Steam;C:\WINDOWS\System32\DriverStore\FileRepository\nv_dispi.inf_amd64_3b12ac0f95b18b9d

VM Arguments:
jvm_args: -XX:+UnlockExperimentalVMOptions -XX:+UseG1GC -XX:G1NewSizePercent=20 -XX:G1ReservePercent=20 -XX:MaxGCPauseMillis=50 -XX:G1HeapRegionSize=32M -agentlib:jdwp=transport=dt_socket,server=n,suspend=y,address=127.0.0.1:54944 -Xms512m -Xmx3G -Dfile.encoding=windows-1252 -Duser.country=US -Duser.language=en -Duser.variant 
java_command: StartClient -mod build/jar
java_class_path (initial): G:\SteamLibrary\steamapps\common\Necesse\Necesse.jar
Launcher Type: SUN_STANDARD

[Global flags]
     intx CICompilerCount                          = 4                                         {product} {ergonomic}
     uint ConcGCThreads                            = 3                                         {product} {ergonomic}
     uint G1ConcRefinementThreads                  = 10                                        {product} {ergonomic}
   size_t G1HeapRegionSize                         = 33554432                                  {product} {command line}
    uintx G1NewSizePercent                         = 20                                   {experimental} {command line}
    uintx G1ReservePercent                         = 20                                        {product} {command line}
    uintx GCDrainStackTargetSize                   = 64                                        {product} {ergonomic}
   size_t InitialHeapSize                          = 536870912                                 {product} {command line}
   size_t MarkStackSize                            = 4194304                                   {product} {ergonomic}
    uintx MaxGCPauseMillis                         = 50                                        {product} {command line}
   size_t MaxHeapSize                              = 3221225472                                {product} {command line}
   size_t MaxNewSize                               = 1912602624                                {product} {ergonomic}
   size_t MinHeapDeltaBytes                        = 33554432                                  {product} {ergonomic}
   size_t MinHeapSize                              = 536870912                                 {product} {command line}
    uintx NonNMethodCodeHeapSize                   = 5839372                                {pd product} {ergonomic}
    uintx NonProfiledCodeHeapSize                  = 122909434                              {pd product} {ergonomic}
    uintx ProfiledCodeHeapSize                     = 122909434                              {pd product} {ergonomic}
    uintx ReservedCodeCacheSize                    = 251658240                              {pd product} {ergonomic}
     bool SegmentedCodeCache                       = true                                      {product} {ergonomic}
   size_t SoftMaxHeapSize                          = 3221225472                             {manageable} {ergonomic}
     bool UnlockExperimentalVMOptions              = true                                 {experimental} {command line}
     bool UseAOT                                   = false                                {experimental} {ergonomic}
     bool UseCompressedClassPointers               = true                           {product lp64_product} {ergonomic}
     bool UseCompressedOops                        = true                           {product lp64_product} {ergonomic}
     bool UseG1GC                                  = true                                      {product} {command line}
     bool UseLargePagesIndividualAllocation        = false                                  {pd product} {ergonomic}

Logging:
Log output configuration:
 #0: stdout all=warning uptime,level,tags
 #1: stderr all=off uptime,level,tags

Environment Variables:
PATH=C:\Program Files (x86)\Common Files\Oracle\Java\javapath;C:\WinAVR-20100110\bin;C:\WinAVR-20100110\utils\bin;C:\Program Files\NVIDIA Corporation\NVIDIA NvDLISR;C:\Users\elito\.cargo\bin;C:\Ruby27-x64\bin;C:\Users\elito\scoop\apps\python\current;C:\Users\elito\scoop\apps\python\current\Scripts;C:\Users\elito\scoop\apps\gcc\current\bin;C:\Users\elito\scoop\shims;C:\Users\elito\AppData\Local\Programs\Python\Python38-32\Scripts\;C:\Users\elito\AppData\Local\Programs\Python\Python38-32\;C:\Users\elito\AppData\Local\Microsoft\WindowsApps;C:\Users\elito\go\bin;C:\Users\elito\.dotnet\tools;C:\Program Files (x86)\Atmel\Flip 3.4.7\bin;C:\Program Files\JetBrains\JetBrains Rider 2020.1.4\bin;C:\Users\elito\AppData\Local\GitHubDesktop\bin;C:\Program Files\JetBrains\PyCharm Community Edition 2020.2\bin;C:\Users\elito\spicetify-cli;C:\Users\elito\AppData\Local\Microsoft\WindowsApps;C:\Program Files (x86)\GitHub CLI\;C:\Users\elito\.dotnet\tools;C:\Users\elito\AppData\Roaming\npm;C:\Program Files\JetBrains\Rider for Unreal Engine 2021.1.1\bin;C:\Users\elito\go\bin;C:\Program Files\JetBrains\GoLand 2021.1.1\bin;C:\Program Files\JetBrains\IntelliJ IDEA Community Edition 2021.2.2\bin;C:\Users\elito\AppData\Local\Programs\Microsoft VS Code\bin
USERNAME=elito
OS=Windows_NT
PROCESSOR_IDENTIFIER=AMD64 Family 23 Model 113 Stepping 0, AuthenticAMD



---------------  S Y S T E M  ---------------

OS:
 Windows 10 , 64 bit Build 19041 (10.0.19041.1741)
OS uptime: 7 days 6:20 hours
Hyper-V role detected

CPU: total 12 (initial active 12) (12 cores per cpu, 2 threads per core) family 23 model 113 stepping 0 microcode 0x0, cx8, cmov, fxsr, ht, mmx, 3dnowpref, sse, sse2, sse3, ssse3, sse4a, sse4.1, sse4.2, popcnt, lzcnt, tsc, tscinvbit, avx, avx2, aes, clmul, bmi1, bmi2, adx, sha, fma, vzeroupper, clflush, clflushopt, hv

Memory: 4k page, system-wide physical 16334M (307M free)
TotalPageFile size 65486M (AvailPageFile size 9M)
current process WorkingSet (physical memory assigned to process): 2846M, peak: 2920M
current process commit charge ("private bytes"): 3470M, peak: 3517M

vm_info: Java HotSpot(TM) 64-Bit Server VM (16+36-2231) for windows-amd64 JRE (16+36-2231), built on Feb  8 2021 11:43:10 by "mach5one" with MS VC++ 16.7 (VS2019)

END.
