#
# A fatal error has been detected by the Java Runtime Environment:
#
#  EXCEPTION_ACCESS_VIOLATION (0xc0000005) at pc=0x00007ffd35eebe63, pid=13344, tid=22140
#
# JRE version: Java(TM) SE Runtime Environment (16.0+36) (build 16+36-2231)
# Java VM: Java HotSpot(TM) 64-Bit Server VM (16+36-2231, mixed mode, sharing, tiered, compressed oops, g1 gc, windows-amd64)
# Problematic frame:
# C  [steamworks4j64.dll+0xbe63]
#
# No core dump will be written. Minidumps are not enabled by default on client versions of Windows
#
# If you would like to submit a bug report, please visit:
#   https://bugreport.java.com/bugreport/crash.jsp
# The crash happened outside the Java Virtual Machine in native code.
# See problematic frame for where to report the bug.
#

---------------  S U M M A R Y ------------

Command Line: -XX:+UnlockExperimentalVMOptions -XX:+UseG1GC -XX:G1NewSizePercent=20 -XX:G1ReservePercent=20 -XX:MaxGCPauseMillis=50 -XX:G1HeapRegionSize=32M -Xms512m -Xmx3G -Dfile.encoding=windows-1252 -Duser.country=US -Duser.language=en -Duser.variant StartClient -mod build/jar

Host: AMD Ryzen 5 3600X 6-Core Processor             , 12 cores, 15G,  Windows 10 , 64 bit Build 19041 (10.0.19041.1741)
Time: Sat Jul  2 13:44:59 2022 Eastern Daylight Time elapsed time: 38.129548 seconds (0d 0h 0m 38s)

---------------  T H R E A D  ---------------

Current thread (0x000002541bbdd590):  JavaThread "Steam P2P Socket" [_thread_in_native, id=22140, stack(0x000000b417c00000,0x000000b417d00000)]

Stack: [0x000000b417c00000,0x000000b417d00000],  sp=0x000000b417cfed50,  free space=1019k
Native frames: (J=compiled Java code, j=interpreted, Vv=VM code, C=native code)
C  [steamworks4j64.dll+0xbe63]

Java frames: (J=compiled Java code, j=interpreted, Vv=VM code)
J 11071  com.codedisaster.steamworks.SteamNetworkingNative.isP2PPacketAvailable(Z[II)Z (0 bytes) @ 0x0000025451c14a8a [0x0000025451c14a20+0x000000000000006a]
J 11070 c1 com.codedisaster.steamworks.SteamNetworking.isP2PPacketAvailable(I[I)Z (10 bytes) @ 0x000002544aa5d13c [0x000002544aa5d0c0+0x000000000000007c]
j  necesse.engine.network.server.network.ServerSteamListenThread.run()V+178
v  ~StubRoutines::call_stub

siginfo: EXCEPTION_ACCESS_VIOLATION (0xc0000005), reading address 0x0000000000000000


Register to memory mapping:

RIP=0x00007ffd35eebe63 steamworks4j64.dll
RAX=0x00007ffd35f200d0 steamworks4j64.dll
RBX=0x0 is NULL
RCX=0x0 is NULL
RDX=
[error occurred during error reporting (printing register info), id 0xc0000005, EXCEPTION_ACCESS_VIOLATION (0xc0000005) at pc=0x00007ffcee77992d]

Registers:
RAX=0x00007ffd35f200d0, RBX=0x0000000000000000, RCX=0x0000000000000000, RDX=0x00000007934266e0
RSP=0x000000b417cfed50, RBP=0x00000007934266e0, RSI=0x000000b417cfedb0, RDI=0x000002541bbdd8a0
R8 =0x0000000000000000, R9 =0x000000b417cfe460, R10=0x0000000000000000, R11=0x000000b417cfe890
R12=0x0000000000000000, R13=0x000000b417cfee50, R14=0x000000b417cfedd8, R15=0x000002541bbdd590
RIP=0x00007ffd35eebe63, EFLAGS=0x0000000000010202

Top of Stack: (sp=0x000000b417cfed50)
0x000000b417cfed50:   0000000000000000 000000b417cfedb0
0x000000b417cfed60:   0000000000000001 00007ffcee6c0125
0x000000b417cfed70:   00000000000003cc 0000025451c14b2a
0x000000b417cfed80:   00000254b32020d0 000000b417cfedf0
0x000000b417cfed90:   0000000000000000 000002541bbdd590
0x000000b417cfeda0:   0000000000000000 0000000000000003
0x000000b417cfedb0:   00000007934266d0 000000b417cfee30
0x000000b417cfedc0:   0000000000000001 00007ffceec46db6
0x000000b417cfedd0:   000000b417cfee40 0000000747364eb0
0x000000b417cfede0:   0000000700000005 0000000000000000
0x000000b417cfedf0:   000000b417cfeeb0 000002544aa5d13c
0x000000b417cfee00:   00000000000003ca 00007ffcee827fc5
0x000000b417cfee10:   000002541bbdd590 000000b417cfeeb0
0x000000b417cfee20:   0000000000000000 00000254b32020d0
0x000000b417cfee30:   000000b417cfeeb0 0000025449ba9626
0x000000b417cfee40:   00000000000000bc 0000025449ba9626 

Instructions: (pc=0x00007ffd35eebe63)
0x00007ffd35eebd63:   90 f0 02 00 00 4c 8b 17 48 8b d6 44 8b 4c 24 28
0x00007ffd35eebd73:   4c 8b c0 48 8b cf 41 ff 92 68 03 00 00 48 8b 07
0x00007ffd35eebd83:   4c 8d 0d 4a a2 01 00 4c 8d 05 1f bf 01 00 48 8b
0x00007ffd35eebd93:   d3 48 8b cf ff 90 f0 02 00 00 4c 8b 17 48 8b d6
0x00007ffd35eebda3:   44 8b 4c 24 2c 4c 8b c0 48 8b cf 41 ff 92 68 03
0x00007ffd35eebdb3:   00 00 48 8b 07 4c 8d 0d f5 a1 01 00 4c 8d 05 fa
0x00007ffd35eebdc3:   be 01 00 48 8b d3 48 8b cf ff 90 f0 02 00 00 4c
0x00007ffd35eebdd3:   8b 17 48 8b d6 44 0f b7 4c 24 30 4c 8b c0 48 8b
0x00007ffd35eebde3:   cf 41 ff 92 60 03 00 00 b0 01 eb 02 32 c0 48 8b
0x00007ffd35eebdf3:   4c 24 38 48 33 cc e8 72 60 00 00 48 8b 5c 24 58
0x00007ffd35eebe03:   48 8b 74 24 60 48 83 c4 40 5f c3 cc cc 48 89 5c
0x00007ffd35eebe13:   24 08 48 89 6c 24 10 48 89 74 24 18 57 48 83 ec
0x00007ffd35eebe23:   20 48 8b 01 41 0f b6 d8 45 33 c0 49 8b d1 49 8b
0x00007ffd35eebe33:   f1 48 8b f9 ff 90 f0 06 00 00 48 8d 0d 94 42 03
0x00007ffd35eebe43:   00 48 8b e8 84 db 75 07 48 8d 0d 6e 42 03 00 ff
0x00007ffd35eebe53:   15 28 94 01 00 44 8b 44 24 50 48 8b d5 48 8b 08
0x00007ffd35eebe63:   48 8b 01 ff 50 08 4c 8b 17 45 33 c9 4c 8b c5 48
0x00007ffd35eebe73:   8b d6 48 8b cf 0f b6 d8 41 ff 92 f8 06 00 00 48
0x00007ffd35eebe83:   8b 6c 24 38 0f b6 c3 48 8b 5c 24 30 48 8b 74 24
0x00007ffd35eebe93:   40 48 83 c4 20 5f c3 cc cc cc cc cc cc 48 89 5c
0x00007ffd35eebea3:   24 10 48 89 6c 24 18 56 57 41 56 48 83 ec 30 41
0x00007ffd35eebeb3:   0f b6 e8 48 8b d9 4d 85 c9 74 11 48 8b 01 49 8b
0x00007ffd35eebec3:   d1 ff 90 30 07 00 00 48 8b f8 eb 02 33 ff 48 8b
0x00007ffd35eebed3:   03 45 33 c0 48 8b 94 24 80 00 00 00 48 8b cb ff
0x00007ffd35eebee3:   90 f0 06 00 00 4c 8b 0b 45 33 c0 48 8b 94 24 88
0x00007ffd35eebef3:   00 00 00 48 8b cb 4c 8b f0 41 ff 91 f0 06 00 00
0x00007ffd35eebf03:   48 8d 0d ce 41 03 00 48 8b f0 40 84 ed 75 07 48
0x00007ffd35eebf13:   8d 0d a7 41 03 00 ff 15 61 93 01 00 48 63 54 24
0x00007ffd35eebf23:   70 4d 8b ce 44 8b 44 24 78 48 03 d7 48 8b 08 81
0x00007ffd35eebf33:   64 24 54 ff ff 0f ff 8b 84 24 90 00 00 00 c6 44
0x00007ffd35eebf43:   24 57 00 81 64 24 54 00 00 f0 ff 89 44 24 28 48
0x00007ffd35eebf53:   8d 44 24 50 c7 44 24 50 00 00 00 00 4c 8b 11 48 


Stack slot to memory mapping:
stack at sp + 0 slots: 0x0 is NULL
stack at sp + 1 slots: 0x000000b417cfedb0 is pointing into the stack for thread: 0x000002541bbdd590
stack at sp + 2 slots: 0x0000000000000001 is an unknown value
stack at sp + 3 slots: 0x00007ffcee6c0125 jvm.dll
stack at sp + 4 slots: 0x00000000000003cc is an unknown value
stack at sp + 5 slots: 0x0000025451c14b2a is at entry_point+266 in (nmethod*)0x0000025451c14890
stack at sp + 6 slots: {method} {0x00000254b32020d8} 'isP2PPacketAvailable' '(I[I)Z' in 'com/codedisaster/steamworks/SteamNetworking'
stack at sp + 7 slots: 0x000000b417cfedf0 is pointing into the stack for thread: 0x000002541bbdd590


---------------  P R O C E S S  ---------------

Threads class SMR info:
_java_thread_list=0x0000025465c7a7b0, length=21, elements={
0x000002544250bc90, 0x000002544250da70, 0x0000025462ebccc0, 0x0000025462ebd7d0,
0x0000025462ec00f0, 0x0000025462ec2e10, 0x0000025462ec3b00, 0x0000025462ec4500,
0x0000025462ecfbb0, 0x0000025463975e40, 0x0000025463979670, 0x000002541bbdcaf0,
0x000002541bbdc050, 0x000002541bbdd590, 0x000002541d5ec280, 0x000002541accefb0,
0x000002541acccfd0, 0x00000254210e4820, 0x00000254210e3d80, 0x00000254213dc2b0,
0x0000025464fafff0
}

Java Threads: ( => current thread )
  0x000002544250bc90 JavaThread "Reference Handler" daemon [_thread_blocked, id=28852, stack(0x000000b414e00000,0x000000b414f00000)]
  0x000002544250da70 JavaThread "Finalizer" daemon [_thread_blocked, id=37212, stack(0x000000b414f00000,0x000000b415000000)]
  0x0000025462ebccc0 JavaThread "Signal Dispatcher" daemon [_thread_blocked, id=39544, stack(0x000000b415000000,0x000000b415100000)]
  0x0000025462ebd7d0 JavaThread "Attach Listener" daemon [_thread_blocked, id=28208, stack(0x000000b415100000,0x000000b415200000)]
  0x0000025462ec00f0 JavaThread "Service Thread" daemon [_thread_blocked, id=3860, stack(0x000000b415200000,0x000000b415300000)]
  0x0000025462ec2e10 JavaThread "Monitor Deflation Thread" daemon [_thread_blocked, id=25308, stack(0x000000b415300000,0x000000b415400000)]
  0x0000025462ec3b00 JavaThread "C2 CompilerThread0" daemon [_thread_blocked, id=27656, stack(0x000000b415400000,0x000000b415500000)]
  0x0000025462ec4500 JavaThread "C1 CompilerThread0" daemon [_thread_blocked, id=19808, stack(0x000000b415500000,0x000000b415600000)]
  0x0000025462ecfbb0 JavaThread "Sweeper thread" daemon [_thread_blocked, id=40304, stack(0x000000b415600000,0x000000b415700000)]
  0x0000025463975e40 JavaThread "Notification Thread" daemon [_thread_blocked, id=3408, stack(0x000000b415700000,0x000000b415800000)]
  0x0000025463979670 JavaThread "Common-Cleaner" daemon [_thread_blocked, id=29020, stack(0x000000b415900000,0x000000b415a00000)]
  0x000002541bbdcaf0 JavaThread "Server Socket" [_thread_in_native, id=6056, stack(0x000000b416f00000,0x000000b417000000)]
  0x000002541bbdc050 JavaThread "Server LAN Socket" [_thread_in_native, id=37052, stack(0x000000b417000000,0x000000b417100000)]
=>0x000002541bbdd590 JavaThread "Steam P2P Socket" [_thread_in_native, id=22140, stack(0x000000b417c00000,0x000000b417d00000)]
  0x000002541d5ec280 JavaThread "Server Thread" [_thread_in_native, id=30792, stack(0x000000b417d00000,0x000000b417e00000)]
  0x000002541accefb0 JavaThread "level-s-7056x2474d0-executor-1" [_thread_blocked, id=27008, stack(0x000000b418100000,0x000000b418200000)]
  0x000002541acccfd0 JavaThread "level-s-7056x2474d0-executor-2" [_thread_blocked, id=4084, stack(0x000000b418200000,0x000000b418300000)]
  0x00000254210e4820 JavaThread "level-s-7056x2474d0-executor-3" [_thread_blocked, id=11832, stack(0x000000b418300000,0x000000b418400000)]
  0x00000254210e3d80 JavaThread "level-s-7056x2474d0-executor-4" [_thread_blocked, id=2380, stack(0x000000b418500000,0x000000b418600000)]
  0x00000254213dc2b0 JavaThread "level-s-7056x2474d0-executor-5" [_thread_blocked, id=31108, stack(0x000000b418600000,0x000000b418700000)]
  0x0000025464fafff0 JavaThread "DestroyJavaVM" [_thread_blocked, id=33280, stack(0x000000b414700000,0x000000b414800000)]

Other Threads:
  0x0000025442506120 VMThread "VM Thread" [stack: 0x000000b414d00000,0x000000b414e00000] [id=38148]
  0x0000025463978370 WatcherThread [stack: 0x000000b415800000,0x000000b415900000] [id=23164]
  0x000002544246a5b0 GCTaskThread "GC Thread#0" [stack: 0x000000b414800000,0x000000b414900000] [id=23956]
  0x0000025465306de0 GCTaskThread "GC Thread#1" [stack: 0x000000b415b00000,0x000000b415c00000] [id=13060]
  0x0000025464682360 GCTaskThread "GC Thread#2" [stack: 0x000000b415f00000,0x000000b416000000] [id=39764]
  0x0000025464682a80 GCTaskThread "GC Thread#3" [stack: 0x000000b416000000,0x000000b416100000] [id=35660]
  0x000002546589f4e0 GCTaskThread "GC Thread#4" [stack: 0x000000b416100000,0x000000b416200000] [id=37712]
  0x000002546589f7f0 GCTaskThread "GC Thread#5" [stack: 0x000000b416200000,0x000000b416300000] [id=31244]
  0x000002546589fb00 GCTaskThread "GC Thread#6" [stack: 0x000000b416300000,0x000000b416400000] [id=40032]
  0x0000025465c1ece0 GCTaskThread "GC Thread#7" [stack: 0x000000b416400000,0x000000b416500000] [id=35144]
  0x0000025465be7ee0 GCTaskThread "GC Thread#8" [stack: 0x000000b416500000,0x000000b416600000] [id=23780]
  0x0000025465be81f0 GCTaskThread "GC Thread#9" [stack: 0x000000b416600000,0x000000b416700000] [id=39532]
  0x000002544246c200 ConcurrentGCThread "G1 Main Marker" [stack: 0x000000b414900000,0x000000b414a00000] [id=35960]
  0x000002544246d3a0 ConcurrentGCThread "G1 Conc#0" [stack: 0x000000b414a00000,0x000000b414b00000] [id=39796]
  0x00000254655a0c60 ConcurrentGCThread "G1 Conc#1" [stack: 0x000000b416d00000,0x000000b416e00000] [id=37360]
  0x00000254655a0f70 ConcurrentGCThread "G1 Conc#2" [stack: 0x000000b416e00000,0x000000b416f00000] [id=29132]
  0x00000254424da230 ConcurrentGCThread "G1 Refine#0" [stack: 0x000000b414b00000,0x000000b414c00000] [id=2644]
  0x00000254424dac40 ConcurrentGCThread "G1 Service" [stack: 0x000000b414c00000,0x000000b414d00000] [id=25452]

Threads with active compile tasks:

VM state: not at safepoint (normal execution)

VM Mutex/Monitor currently owned by a thread: None

Heap address: 0x0000000740000000, size: 3072 MB, Compressed Oops mode: Zero based, Oop shift amount: 3
CDS archive(s) mapped at: [0x0000000800000000-0x0000000800bb0000-0x0000000800bb0000), size 12255232, SharedBaseAddress: 0x0000000800000000, ArchiveRelocationMode: 0.
Compressed class space mapped at: 0x0000000800c00000-0x0000000840c00000, reserved size: 1073741824
Narrow klass base: 0x0000000800000000, Narrow klass shift: 3, Narrow klass range: 0x100000000

GC Precious Log:
 CPUs: 12 total, 12 available
 Memory: 16334M
 Large Page Support: Disabled
 NUMA Support: Disabled
 Compressed Oops: Enabled (Zero based)
 Heap Region Size: 32M
 Heap Min Capacity: 512M
 Heap Initial Capacity: 512M
 Heap Max Capacity: 3G
 Pre-touch: Disabled
 Parallel Workers: 10
 Concurrent Workers: 3
 Concurrent Refinement Workers: 10
 Periodic GC: Disabled

Heap:
 garbage-first heap   total 884736K, used 240400K [0x0000000740000000, 0x0000000800000000)
  region size 32768K, 2 young (65536K), 1 survivors (32768K)
 Metaspace       used 44874K, committed 45568K, reserved 1089536K
  class space    used 6407K, committed 6720K, reserved 1048576K

Heap Regions: E=young(eden), S=young(survivor), O=old, HS=humongous(starts), HC=humongous(continues), CS=collection set, F=free, OA=open archive, CA=closed archive, TAMS=top-at-mark-start (previous, next)
|   0|0x0000000740000000, 0x0000000742000000, 0x0000000742000000|100%| O|  |TAMS 0x0000000742000000, 0x0000000740000000| Untracked 
|   1|0x0000000742000000, 0x0000000743c96e00, 0x0000000744000000| 89%| O|  |TAMS 0x0000000743c96e00, 0x0000000742000000| Untracked 
|   2|0x0000000744000000, 0x000000074529fc00, 0x0000000746000000| 58%| O|  |TAMS 0x0000000745296200, 0x0000000744000000| Untracked 
|   3|0x0000000746000000, 0x0000000748000000, 0x0000000748000000|100%| O|  |TAMS 0x0000000746000000, 0x0000000746000000| Untracked 
|   4|0x0000000748000000, 0x0000000748640800, 0x000000074a000000| 19%| O|  |TAMS 0x0000000748000000, 0x0000000748000000| Untracked 
|   5|0x000000074a000000, 0x000000074a000000, 0x000000074c000000|  0%| F|  |TAMS 0x000000074a000000, 0x000000074a000000| Untracked 
|   6|0x000000074c000000, 0x000000074c000000, 0x000000074e000000|  0%| F|  |TAMS 0x000000074c000000, 0x000000074c000000| Untracked 
|   7|0x000000074e000000, 0x000000074e000000, 0x0000000750000000|  0%| F|  |TAMS 0x000000074e000000, 0x000000074e000000| Untracked 
|   8|0x0000000750000000, 0x0000000750000000, 0x0000000752000000|  0%| F|  |TAMS 0x0000000750000000, 0x0000000750000000| Untracked 
|   9|0x0000000752000000, 0x0000000752000000, 0x0000000754000000|  0%| F|  |TAMS 0x0000000752000000, 0x0000000752000000| Untracked 
|  10|0x0000000754000000, 0x0000000756000000, 0x0000000756000000|100%| O|  |TAMS 0x0000000756000000, 0x0000000754000000| Untracked 
|  11|0x0000000756000000, 0x0000000758000000, 0x0000000758000000|100%| O|  |TAMS 0x0000000758000000, 0x0000000756000000| Untracked 
|  12|0x0000000758000000, 0x000000075a000000, 0x000000075a000000|100%| O|  |TAMS 0x000000075a000000, 0x0000000758000000| Untracked 
|  13|0x000000075a000000, 0x000000075a000000, 0x000000075c000000|  0%| F|  |TAMS 0x000000075a000000, 0x000000075a000000| Untracked 
|  14|0x000000075c000000, 0x000000075c000000, 0x000000075e000000|  0%| F|  |TAMS 0x000000075c000000, 0x000000075c000000| Untracked 
|  15|0x000000075e000000, 0x000000075f54cee0, 0x0000000760000000| 66%| S|CS|TAMS 0x000000075e000000, 0x000000075e000000| Complete 
|  16|0x0000000760000000, 0x0000000760000000, 0x0000000762000000|  0%| F|  |TAMS 0x0000000760000000, 0x0000000760000000| Untracked 
|  17|0x0000000762000000, 0x0000000762000000, 0x0000000764000000|  0%| F|  |TAMS 0x0000000762000000, 0x0000000762000000| Untracked 
|  18|0x0000000764000000, 0x0000000764000000, 0x0000000766000000|  0%| F|  |TAMS 0x0000000764000000, 0x0000000764000000| Untracked 
|  19|0x0000000766000000, 0x0000000766000000, 0x0000000768000000|  0%| F|  |TAMS 0x0000000766000000, 0x0000000766000000| Untracked 
|  20|0x0000000768000000, 0x0000000768000000, 0x000000076a000000|  0%| F|  |TAMS 0x0000000768000000, 0x0000000768000000| Untracked 
|  21|0x000000076a000000, 0x000000076a000000, 0x000000076c000000|  0%| F|  |TAMS 0x000000076a000000, 0x000000076a000000| Untracked 
|  22|0x000000076c000000, 0x000000076c000000, 0x000000076e000000|  0%| F|  |TAMS 0x000000076c000000, 0x000000076c000000| Untracked 
|  23|0x000000076e000000, 0x000000076e000000, 0x0000000770000000|  0%| F|  |TAMS 0x000000076e000000, 0x000000076e000000| Untracked 
|  24|0x0000000770000000, 0x0000000770000000, 0x0000000772000000|  0%| F|  |TAMS 0x0000000770000000, 0x0000000770000000| Untracked 
|  25|0x0000000772000000, 0x0000000772000000, 0x0000000774000000|  0%| F|  |TAMS 0x0000000772000000, 0x0000000772000000| Untracked 
|  41|0x0000000792000000, 0x00000007935903a0, 0x0000000794000000| 67%| E|  |TAMS 0x0000000792000000, 0x0000000792000000| Complete 

Card table byte_map: [0x00000254596f0000,0x0000025459cf0000] _byte_map_base: 0x0000025455cf0000

Marking Bits (Prev, Next): (CMBitMap*) 0x000002544246abf0, (CMBitMap*) 0x000002544246abb0
 Prev Bits: [0x000002545d2f0000, 0x00000254602f0000)
 Next Bits: [0x000002545a2f0000, 0x000002545d2f0000)

Polling page: 0x0000025441c10000

Metaspace:

Usage:
  Non-class:     37.57 MB used.
      Class:      6.26 MB used.
       Both:     43.82 MB used.

Virtual space:
  Non-class space:       40.00 MB reserved,      37.94 MB ( 95%) committed,  5 nodes.
      Class space:        1.00 GB reserved,       6.56 MB ( <1%) committed,  1 nodes.
              Both:        1.04 GB reserved,      44.50 MB (  4%) committed. 

Chunk freelists:
   Non-Class:  2.05 MB
       Class:  1.45 MB
        Both:  3.50 MB

MaxMetaspaceSize: 17179869184.00 GB
CompressedClassSpaceSize: 1.00 GB
 - commit_granule_bytes: 65536.
 - commit_granule_words: 8192.
 - virtual_space_node_default_size: 1048576.
 - enlarge_chunks_in_place: 1.
 - new_chunks_are_fully_committed: 0.
 - uncommit_free_chunks: 1.
 - use_allocation_guard: 0.
 - handle_deallocations: 1.


Internal statistics:

num_allocs_failed_limit: 6.
num_arena_births: 1012.
num_arena_deaths: 2.
num_vsnodes_births: 6.
num_vsnodes_deaths: 0.
num_space_committed: 709.
num_space_uncommitted: 0.
num_chunks_returned_to_freelist: 10.
num_chunks_taken_from_freelist: 2901.
num_chunk_merges: 6.
num_chunk_splits: 1858.
num_chunks_enlarged: 1232.
num_purges: 2.

CodeHeap 'non-profiled nmethods': size=120000Kb used=7557Kb max_used=7557Kb free=112442Kb
 bounds [0x0000025451670000, 0x0000025451de0000, 0x0000025458ba0000]
CodeHeap 'profiled nmethods': size=120000Kb used=16295Kb max_used=16295Kb free=103704Kb
 bounds [0x000002544a140000, 0x000002544b130000, 0x0000025451670000]
CodeHeap 'non-nmethods': size=5760Kb used=2103Kb max_used=2157Kb free=3656Kb
 bounds [0x0000025449ba0000, 0x0000025449e10000, 0x000002544a140000]
 total_blobs=9856 nmethods=8194 adapters=1573
 compilation: enabled
              stopped_count=0, restarted_count=0
 full_count=0

Compilation events (20 events):
Event: 38.030 Thread 0x0000025462ec4500 13415       3       java.time.zone.ZoneOffsetTransition::getDurationSeconds (16 bytes)
Event: 38.030 Thread 0x0000025462ec4500 nmethod 13415 0x000002544b125890 code [0x000002544b125a40, 0x000002544b125bd8]
Event: 38.030 Thread 0x0000025462ec4500 13416       1       jdk.nio.zipfs.ZipFileSystem::provider (5 bytes)
Event: 38.030 Thread 0x0000025462ec4500 nmethod 13416 0x0000025451dd0f10 code [0x0000025451dd10a0, 0x0000025451dd1178]
Event: 38.031 Thread 0x0000025462ec3b00 13417       4       java.lang.Long::signum (12 bytes)
Event: 38.031 Thread 0x0000025462ec4500 13418       3       java.math.BigDecimal::createAndStripZerosToMatchScale (74 bytes)
Event: 38.031 Thread 0x0000025462ec3b00 nmethod 13417 0x0000025451dd1210 code [0x0000025451dd1380, 0x0000025451dd13f8]
Event: 38.031 Thread 0x0000025462ec4500 nmethod 13418 0x000002544b125d10 code [0x000002544b125f20, 0x000002544b1263c8]
Event: 38.031 Thread 0x0000025462ec4500 13419       3       java.lang.Long::toString (55 bytes)
Event: 38.031 Thread 0x0000025462ec4500 nmethod 13419 0x000002544b126610 code [0x000002544b1267e0, 0x000002544b126b78]
Event: 38.082 Thread 0x0000025462ec4500 13420       3       java.util.HashSet::isEmpty (8 bytes)
Event: 38.082 Thread 0x0000025462ec4500 nmethod 13420 0x000002544b126d10 code [0x000002544b126ec0, 0x000002544b127118]
Event: 38.082 Thread 0x0000025462ec4500 13421       3       necesse.engine.save.SaveData::addBoolean (13 bytes)
Event: 38.082 Thread 0x0000025462ec4500 nmethod 13421 0x000002544b127210 code [0x000002544b1273e0, 0x000002544b127668]
Event: 38.082 Thread 0x0000025462ec4500 13422       3       sun.util.locale.provider.LocaleProviderAdapter::getAdapter (177 bytes)
Event: 38.083 Thread 0x0000025462ec4500 nmethod 13422 0x000002544b127790 code [0x000002544b127ae0, 0x000002544b1291a8]
Event: 38.083 Thread 0x0000025462ec4500 13424       3       java.lang.Throwable$WrappedPrintStream::println (9 bytes)
Event: 38.083 Thread 0x0000025462ec4500 nmethod 13424 0x000002544b129810 code [0x000002544b1299c0, 0x000002544b129ba8]
Event: 38.083 Thread 0x0000025462ec4500 13423       3       java.math.BigDecimal::setScale (10 bytes)
Event: 38.083 Thread 0x0000025462ec4500 nmethod 13423 0x000002544b129c90 code [0x000002544b129e40, 0x000002544b129f88]

GC Heap History (20 events):
Event: 30.825 GC heap before
{Heap before GC invocations=67 (full 0):
 garbage-first heap   total 884736K, used 598200K [0x0000000740000000, 0x0000000800000000)
  region size 32768K, 12 young (393216K), 1 survivors (32768K)
 Metaspace       used 43626K, committed 44352K, reserved 1089536K
  class space    used 6320K, committed 6656K, reserved 1048576K
}
Event: 30.834 GC heap after
{Heap after GC invocations=68 (full 0):
 garbage-first heap   total 884736K, used 241268K [0x0000000740000000, 0x0000000800000000)
  region size 32768K, 2 young (65536K), 2 survivors (65536K)
 Metaspace       used 43626K, committed 44352K, reserved 1089536K
  class space    used 6320K, committed 6656K, reserved 1048576K
}
Event: 31.260 GC heap before
{Heap before GC invocations=68 (full 0):
 garbage-first heap   total 884736K, used 568948K [0x0000000740000000, 0x0000000800000000)
  region size 32768K, 12 young (393216K), 2 survivors (65536K)
 Metaspace       used 43797K, committed 44544K, reserved 1089536K
  class space    used 6331K, committed 6656K, reserved 1048576K
}
Event: 31.267 GC heap after
{Heap after GC invocations=69 (full 0):
 garbage-first heap   total 884736K, used 241375K [0x0000000740000000, 0x0000000800000000)
  region size 32768K, 1 young (32768K), 1 survivors (32768K)
 Metaspace       used 43797K, committed 44544K, reserved 1089536K
  class space    used 6331K, committed 6656K, reserved 1048576K
}
Event: 31.856 GC heap before
{Heap before GC invocations=69 (full 0):
 garbage-first heap   total 884736K, used 601823K [0x0000000740000000, 0x0000000800000000)
  region size 32768K, 12 young (393216K), 1 survivors (32768K)
 Metaspace       used 43895K, committed 44608K, reserved 1089536K
  class space    used 6332K, committed 6656K, reserved 1048576K
}
Event: 31.861 GC heap after
{Heap after GC invocations=70 (full 0):
 garbage-first heap   total 884736K, used 242046K [0x0000000740000000, 0x0000000800000000)
  region size 32768K, 1 young (32768K), 1 survivors (32768K)
 Metaspace       used 43895K, committed 44608K, reserved 1089536K
  class space    used 6332K, committed 6656K, reserved 1048576K
}
Event: 32.418 GC heap before
{Heap before GC invocations=70 (full 0):
 garbage-first heap   total 884736K, used 602494K [0x0000000740000000, 0x0000000800000000)
  region size 32768K, 12 young (393216K), 1 survivors (32768K)
 Metaspace       used 43973K, committed 44672K, reserved 1089536K
  class space    used 6333K, committed 6656K, reserved 1048576K
}
Event: 32.423 GC heap after
{Heap after GC invocations=71 (full 0):
 garbage-first heap   total 884736K, used 241524K [0x0000000740000000, 0x0000000800000000)
  region size 32768K, 1 young (32768K), 1 survivors (32768K)
 Metaspace       used 43973K, committed 44672K, reserved 1089536K
  class space    used 6333K, committed 6656K, reserved 1048576K
}
Event: 32.917 GC heap before
{Heap before GC invocations=71 (full 0):
 garbage-first heap   total 884736K, used 601972K [0x0000000740000000, 0x0000000800000000)
  region size 32768K, 12 young (393216K), 1 survivors (32768K)
 Metaspace       used 44117K, committed 44800K, reserved 1089536K
  class space    used 6334K, committed 6656K, reserved 1048576K
}
Event: 32.922 GC heap after
{Heap after GC invocations=72 (full 0):
 garbage-first heap   total 884736K, used 241443K [0x0000000740000000, 0x0000000800000000)
  region size 32768K, 1 young (32768K), 1 survivors (32768K)
 Metaspace       used 44117K, committed 44800K, reserved 1089536K
  class space    used 6334K, committed 6656K, reserved 1048576K
}
Event: 33.520 GC heap before
{Heap before GC invocations=72 (full 0):
 garbage-first heap   total 884736K, used 601891K [0x0000000740000000, 0x0000000800000000)
  region size 32768K, 12 young (393216K), 1 survivors (32768K)
 Metaspace       used 44209K, committed 44928K, reserved 1089536K
  class space    used 6334K, committed 6656K, reserved 1048576K
}
Event: 33.525 GC heap after
{Heap after GC invocations=73 (full 0):
 garbage-first heap   total 884736K, used 240132K [0x0000000740000000, 0x0000000800000000)
  region size 32768K, 1 young (32768K), 1 survivors (32768K)
 Metaspace       used 44209K, committed 44928K, reserved 1089536K
  class space    used 6334K, committed 6656K, reserved 1048576K
}
Event: 34.117 GC heap before
{Heap before GC invocations=73 (full 0):
 garbage-first heap   total 884736K, used 600580K [0x0000000740000000, 0x0000000800000000)
  region size 32768K, 12 young (393216K), 1 survivors (32768K)
 Metaspace       used 44307K, committed 44992K, reserved 1089536K
  class space    used 6336K, committed 6656K, reserved 1048576K
}
Event: 34.123 GC heap after
{Heap after GC invocations=74 (full 0):
 garbage-first heap   total 884736K, used 241060K [0x0000000740000000, 0x0000000800000000)
  region size 32768K, 1 young (32768K), 1 survivors (32768K)
 Metaspace       used 44307K, committed 44992K, reserved 1089536K
  class space    used 6336K, committed 6656K, reserved 1048576K
}
Event: 35.072 GC heap before
{Heap before GC invocations=74 (full 0):
 garbage-first heap   total 884736K, used 601508K [0x0000000740000000, 0x0000000800000000)
  region size 32768K, 12 young (393216K), 1 survivors (32768K)
 Metaspace       used 44324K, committed 44992K, reserved 1089536K
  class space    used 6337K, committed 6656K, reserved 1048576K
}
Event: 35.077 GC heap after
{Heap after GC invocations=75 (full 0):
 garbage-first heap   total 884736K, used 240114K [0x0000000740000000, 0x0000000800000000)
  region size 32768K, 1 young (32768K), 1 survivors (32768K)
 Metaspace       used 44324K, committed 44992K, reserved 1089536K
  class space    used 6337K, committed 6656K, reserved 1048576K
}
Event: 36.804 GC heap before
{Heap before GC invocations=75 (full 0):
 garbage-first heap   total 884736K, used 600562K [0x0000000740000000, 0x0000000800000000)
  region size 32768K, 12 young (393216K), 1 survivors (32768K)
 Metaspace       used 44564K, committed 45248K, reserved 1089536K
  class space    used 6361K, committed 6656K, reserved 1048576K
}
Event: 36.809 GC heap after
{Heap after GC invocations=76 (full 0):
 garbage-first heap   total 884736K, used 240341K [0x0000000740000000, 0x0000000800000000)
  region size 32768K, 1 young (32768K), 1 survivors (32768K)
 Metaspace       used 44564K, committed 45248K, reserved 1089536K
  class space    used 6361K, committed 6656K, reserved 1048576K
}
Event: 37.413 GC heap before
{Heap before GC invocations=76 (full 0):
 garbage-first heap   total 884736K, used 600789K [0x0000000740000000, 0x0000000800000000)
  region size 32768K, 12 young (393216K), 1 survivors (32768K)
 Metaspace       used 44598K, committed 45248K, reserved 1089536K
  class space    used 6361K, committed 6656K, reserved 1048576K
}
Event: 37.418 GC heap after
{Heap after GC invocations=77 (full 0):
 garbage-first heap   total 884736K, used 240400K [0x0000000740000000, 0x0000000800000000)
  region size 32768K, 1 young (32768K), 1 survivors (32768K)
 Metaspace       used 44598K, committed 45248K, reserved 1089536K
  class space    used 6361K, committed 6656K, reserved 1048576K
}

Deoptimization events (20 events):
Event: 37.579 Thread 0x000002541d5ec280 DEOPT PACKING pc=0x0000025451be22e0 sp=0x000000b417dfe370
Event: 37.579 Thread 0x000002541d5ec280 DEOPT UNPACKING pc=0x0000025449bed72e sp=0x000000b417dfe360 mode 2
Event: 37.581 Thread 0x000002541d5ec280 Uncommon trap: trap_request=0xffffffc6 fr.pc=0x0000025451ac4098 relative=0x00000000000007b8
Event: 37.581 Thread 0x000002541d5ec280 Uncommon trap: reason=bimorphic_or_optimized_type_check action=maybe_recompile pc=0x0000025451ac4098 method=java.util.Collections$2.tryAdvance(Ljava/util/function/Consumer;)Z @ 29 c2
Event: 37.581 Thread 0x000002541d5ec280 DEOPT PACKING pc=0x0000025451ac4098 sp=0x000000b417dfe410
Event: 37.581 Thread 0x000002541d5ec280 DEOPT UNPACKING pc=0x0000025449bed72e sp=0x000000b417dfe3e8 mode 2
Event: 37.582 Thread 0x000002541d5ec280 DEOPT PACKING pc=0x000002544a481118 sp=0x000000b417dfe3e0
Event: 37.582 Thread 0x000002541d5ec280 DEOPT UNPACKING pc=0x0000025449bedece sp=0x000000b417dfd958 mode 0
Event: 37.630 Thread 0x000002541d5ec280 Uncommon trap: trap_request=0xffffffde fr.pc=0x0000025451be22e0 relative=0x0000000000000b80
Event: 37.630 Thread 0x000002541d5ec280 Uncommon trap: reason=class_check action=maybe_recompile pc=0x0000025451be22e0 method=necesse.entity.mobs.ai.behaviourTree.event.AIEventHandler.submitEvent(Lnecesse/entity/mobs/ai/behaviourTree/event/AIEvent;)V @ 36 c2
Event: 37.630 Thread 0x000002541d5ec280 DEOPT PACKING pc=0x0000025451be22e0 sp=0x000000b417dfe370
Event: 37.630 Thread 0x000002541d5ec280 DEOPT UNPACKING pc=0x0000025449bed72e sp=0x000000b417dfe360 mode 2
Event: 37.631 Thread 0x000002541d5ec280 Uncommon trap: trap_request=0xffffffc6 fr.pc=0x0000025451ac4098 relative=0x00000000000007b8
Event: 37.631 Thread 0x000002541d5ec280 Uncommon trap: reason=bimorphic_or_optimized_type_check action=maybe_recompile pc=0x0000025451ac4098 method=java.util.Collections$2.tryAdvance(Ljava/util/function/Consumer;)Z @ 29 c2
Event: 37.631 Thread 0x000002541d5ec280 DEOPT PACKING pc=0x0000025451ac4098 sp=0x000000b417dfe410
Event: 37.631 Thread 0x000002541d5ec280 DEOPT UNPACKING pc=0x0000025449bed72e sp=0x000000b417dfe3e8 mode 2
Event: 37.680 Thread 0x000002541d5ec280 Uncommon trap: trap_request=0xffffffde fr.pc=0x0000025451be22e0 relative=0x0000000000000b80
Event: 37.680 Thread 0x000002541d5ec280 Uncommon trap: reason=class_check action=maybe_recompile pc=0x0000025451be22e0 method=necesse.entity.mobs.ai.behaviourTree.event.AIEventHandler.submitEvent(Lnecesse/entity/mobs/ai/behaviourTree/event/AIEvent;)V @ 36 c2
Event: 37.680 Thread 0x000002541d5ec280 DEOPT PACKING pc=0x0000025451be22e0 sp=0x000000b417dfe370
Event: 37.680 Thread 0x000002541d5ec280 DEOPT UNPACKING pc=0x0000025449bed72e sp=0x000000b417dfe360 mode 2

Classes unloaded (1 events):
Event: 11.773 Thread 0x0000025442506120 Unloading class 0x0000000800de0800 'net/bytebuddy/mirror/AccessibleObject'

Classes redefined (20 events):
Event: 5.209 Thread 0x0000025442506120 redefined class name=necesse.gfx.forms.MainGameFormManager, count=1
Event: 5.217 Thread 0x0000025442506120 redefined class name=dragonsaga.examples.ExampleConstructorPatch, count=8
Event: 5.217 Thread 0x0000025442506120 redefined class name=dragonsaga.examples.ExampleMethodPatch, count=8
Event: 5.217 Thread 0x0000025442506120 redefined class name=dragonsaga.mobs.human.patches.PlayerMobClientTickPatch, count=8
Event: 5.217 Thread 0x0000025442506120 redefined class name=dragonsaga.mobs.human.patches.PlayerMobConstructorPatch, count=8
Event: 5.217 Thread 0x0000025442506120 redefined class name=dragonsaga.mobs.human.patches.PlayerMobLoadSavePatch, count=8
Event: 5.217 Thread 0x0000025442506120 redefined class name=dragonsaga.mobs.human.patches.PlayerMobSavePatch, count=8
Event: 5.217 Thread 0x0000025442506120 redefined class name=dragonsaga.mobs.human.patches.PlayerMobServerTickPatch, count=8
Event: 5.217 Thread 0x0000025442506120 redefined class name=dragonsaga.ui.patches.maingameformmanager.MainGameFormManagerSetupPatch, count=8
Event: 5.217 Thread 0x0000025442506120 redefined class name=dragonsaga.ui.patches.maingameformmanager.MainGameFormManagerUpdatePatch, count=8
Event: 5.240 Thread 0x0000025442506120 redefined class name=necesse.gfx.forms.MainGameFormManager, count=2
Event: 5.248 Thread 0x0000025442506120 redefined class name=dragonsaga.examples.ExampleConstructorPatch, count=9
Event: 5.248 Thread 0x0000025442506120 redefined class name=dragonsaga.examples.ExampleMethodPatch, count=9
Event: 5.248 Thread 0x0000025442506120 redefined class name=dragonsaga.mobs.human.patches.PlayerMobClientTickPatch, count=9
Event: 5.248 Thread 0x0000025442506120 redefined class name=dragonsaga.mobs.human.patches.PlayerMobConstructorPatch, count=9
Event: 5.248 Thread 0x0000025442506120 redefined class name=dragonsaga.mobs.human.patches.PlayerMobLoadSavePatch, count=9
Event: 5.248 Thread 0x0000025442506120 redefined class name=dragonsaga.mobs.human.patches.PlayerMobSavePatch, count=9
Event: 5.248 Thread 0x0000025442506120 redefined class name=dragonsaga.mobs.human.patches.PlayerMobServerTickPatch, count=9
Event: 5.248 Thread 0x0000025442506120 redefined class name=dragonsaga.ui.patches.maingameformmanager.MainGameFormManagerSetupPatch, count=9
Event: 5.248 Thread 0x0000025442506120 redefined class name=dragonsaga.ui.patches.maingameformmanager.MainGameFormManagerUpdatePatch, count=9

Internal exceptions (20 events):
Event: 28.900 Thread 0x000002541d5ec280 Exception <a 'java/lang/NoSuchMethodError'{0x0000000767654b50}: 'java.lang.Object java.lang.invoke.Invokers$Holder.linkToTargetMethod(java.lang.Object, java.lang.Object, int, int, java.lang.Object, java.lang.Object, java.lang.Object)'> (0x0000000767654b50) 
thrown [t:\workspace\open\src\hotspot\share\interpreter\linkResolver.cpp, line 790]
Event: 28.908 Thread 0x000002541d5ec280 Exception <a 'java/lang/NoSuchMethodError'{0x0000000767cde4e8}: 'java.lang.Object java.lang.invoke.DirectMethodHandle$Holder.newInvokeSpecial(java.lang.Object, java.lang.Object, java.lang.Object, int, java.lang.Object)'> (0x0000000767cde4e8) 
thrown [t:\workspace\open\src\hotspot\share\interpreter\linkResolver.cpp, line 790]
Event: 28.908 Thread 0x000002541d5ec280 Exception <a 'java/lang/NoSuchMethodError'{0x0000000767ce27b0}: 'java.lang.Object java.lang.invoke.DirectMethodHandle$Holder.invokeSpecial(java.lang.Object, java.lang.Object, java.lang.Object, java.lang.Object, int, java.lang.Object)'> (0x0000000767ce27b0) 
thrown [t:\workspace\open\src\hotspot\share\interpreter\linkResolver.cpp, line 790]
Event: 28.908 Thread 0x000002541d5ec280 Exception <a 'java/lang/NoSuchMethodError'{0x0000000767ce6498}: 'java.lang.Object java.lang.invoke.Invokers$Holder.linkToTargetMethod(java.lang.Object, java.lang.Object, int, java.lang.Object, java.lang.Object)'> (0x0000000767ce6498) 
thrown [t:\workspace\open\src\hotspot\share\interpreter\linkResolver.cpp, line 790]
Event: 30.249 Thread 0x000002544242ff90 Exception <a 'java/lang/NoSuchMethodError'{0x000000076e187ae8}: 'int java.lang.invoke.DirectMethodHandle$Holder.invokeSpecial(java.lang.Object, java.lang.Object, java.lang.Object, java.lang.Object)'> (0x000000076e187ae8) 
thrown [t:\workspace\open\src\hotspot\share\interpreter\linkResolver.cpp, line 790]
Event: 30.293 Thread 0x000002544242ff90 Exception <a 'java/lang/NoSuchMethodError'{0x000000076eb47a88}: 'void java.lang.invoke.DirectMethodHandle$Holder.invokeStatic(java.lang.Object, int, java.lang.Object)'> (0x000000076eb47a88) 
thrown [t:\workspace\open\src\hotspot\share\interpreter\linkResolver.cpp, line 790]
Event: 30.314 Thread 0x000002544242ff90 Exception <a 'java/lang/NoSuchMethodError'{0x000000076f3cf440}: 'void java.lang.invoke.DirectMethodHandle$Holder.invokeStaticInit(java.lang.Object, java.lang.Object, java.lang.Object)'> (0x000000076f3cf440) 
thrown [t:\workspace\open\src\hotspot\share\interpreter\linkResolver.cpp, line 790]
Event: 30.383 Thread 0x000002544242ff90 Exception <a 'java/lang/NoSuchMethodError'{0x000000076fbe1b30}: 'void java.lang.invoke.DirectMethodHandle$Holder.invokeInterface(java.lang.Object, java.lang.Object, int, int)'> (0x000000076fbe1b30) 
thrown [t:\workspace\open\src\hotspot\share\interpreter\linkResolver.cpp, line 790]
Event: 30.383 Thread 0x000002544242ff90 Exception <a 'java/lang/IncompatibleClassChangeError'{0x000000076fbe5328}: Found class java.lang.Object, but interface was expected> (0x000000076fbe5328) 
thrown [t:\workspace\open\src\hotspot\share\interpreter\linkResolver.cpp, line 857]
Event: 30.409 Thread 0x000002541d5ee260 Exception <a 'java/lang/NoSuchMethodError'{0x000000076c7027c0}: 'int java.lang.invoke.DirectMethodHandle$Holder.invokeVirtual(java.lang.Object, java.lang.Object, int, int)'> (0x000000076c7027c0) 
thrown [t:\workspace\open\src\hotspot\share\interpreter\linkResolver.cpp, line 790]
Event: 30.581 Thread 0x000002544242ff90 Exception <a 'java/lang/NoSuchMethodError'{0x0000000768482db8}: 'java.lang.Object java.lang.invoke.DirectMethodHandle$Holder.newInvokeSpecial(java.lang.Object, java.lang.Object, float, float)'> (0x0000000768482db8) 
thrown [t:\workspace\open\src\hotspot\share\interpreter\linkResolver.cpp, line 790]
Event: 30.607 Thread 0x000002541d5ee260 Exception <a 'java/lang/NoSuchMethodError'{0x0000000769197dc0}: 'java.lang.Object java.lang.invoke.DirectMethodHandle$Holder.newInvokeSpecial(java.lang.Object, java.lang.Object, int, int, float)'> (0x0000000769197dc0) 
thrown [t:\workspace\open\src\hotspot\share\interpreter\linkResolver.cpp, line 790]
Event: 31.126 Thread 0x000002541d5ec280 Exception <a 'java/lang/NoSuchMethodError'{0x00000007676ce5b0}: 'java.lang.Object java.lang.invoke.DirectMethodHandle$Holder.invokeStatic(java.lang.Object, java.lang.Object, java.lang.Object, int, int)'> (0x00000007676ce5b0) 
thrown [t:\workspace\open\src\hotspot\share\interpreter\linkResolver.cpp, line 790]
Event: 31.126 Thread 0x000002541d5ec280 Exception <a 'java/lang/NoSuchMethodError'{0x00000007676d58b0}: 'java.lang.Object java.lang.invoke.DirectMethodHandle$Holder.newInvokeSpecial(java.lang.Object, java.lang.Object, java.lang.Object, int, int)'> (0x00000007676d58b0) 
thrown [t:\workspace\open\src\hotspot\share\interpreter\linkResolver.cpp, line 790]
Event: 31.126 Thread 0x000002541d5ec280 Exception <a 'java/lang/NoSuchMethodError'{0x00000007676d97d8}: 'java.lang.Object java.lang.invoke.DirectMethodHandle$Holder.invokeSpecial(java.lang.Object, java.lang.Object, java.lang.Object, java.lang.Object, int, int)'> (0x00000007676d97d8) 
thrown [t:\workspace\open\src\hotspot\share\interpreter\linkResolver.cpp, line 790]
Event: 31.126 Thread 0x000002541d5ec280 Exception <a 'java/lang/NoSuchMethodError'{0x00000007676dd418}: 'java.lang.Object java.lang.invoke.Invokers$Holder.linkToTargetMethod(java.lang.Object, java.lang.Object, int, int, java.lang.Object)'> (0x00000007676dd418) 
thrown [t:\workspace\open\src\hotspot\share\interpreter\linkResolver.cpp, line 790]
Event: 31.129 Thread 0x000002541d5ec280 Exception <a 'java/lang/NoSuchMethodError'{0x000000076784ed00}: 'java.lang.Object java.lang.invoke.DirectMethodHandle$Holder.invokeSpecial(java.lang.Object, java.lang.Object, int, java.lang.Object, java.lang.Object)'> (0x000000076784ed00) 
thrown [t:\workspace\open\src\hotspot\share\interpreter\linkResolver.cpp, line 790]
Event: 36.323 Thread 0x000002541d5ec280 Exception <a 'java/lang/IncompatibleClassChangeError'{0x000000076bdb5370}: Found class java.lang.Object, but interface was expected> (0x000000076bdb5370) 
thrown [t:\workspace\open\src\hotspot\share\interpreter\linkResolver.cpp, line 857]
Event: 36.786 Thread 0x000002544242ff90 Exception <a 'java/lang/NoSuchMethodError'{0x00000007614c8ad8}: 'java.lang.Object java.lang.invoke.DirectMethodHandle$Holder.newInvokeSpecial(java.lang.Object, int, int, java.lang.Object, java.lang.Object)'> (0x00000007614c8ad8) 
thrown [t:\workspace\open\src\hotspot\share\interpreter\linkResolver.cpp, line 790]
Event: 36.786 Thread 0x000002544242ff90 Exception <a 'java/lang/NoSuchMethodError'{0x00000007614ccd78}: 'java.lang.Object java.lang.invoke.DirectMethodHandle$Holder.invokeSpecial(java.lang.Object, java.lang.Object, int, int, java.lang.Object, java.lang.Object)'> (0x00000007614ccd78) 
thrown [t:\workspace\open\src\hotspot\share\interpreter\linkResolver.cpp, line 790]

Events (20 events):
Event: 35.320 loading class java/awt/geom/Rectangle2D$Double done
Event: 35.321 Executing  VM operation: HandshakeAllThreads
Event: 35.321 Executing  VM operation: HandshakeAllThreads done
Event: 35.323 Thread 0x000002541a17e0a0 Thread added: 0x000002541a17e0a0
Event: 35.326 Thread 0x000002541a17ca60 Thread added: 0x000002541a17ca60
Event: 35.504 Thread 0x000002541a17ca60 Thread exited: 0x000002541a17ca60
Event: 35.955 Thread 0x000002541a17e0a0 Thread exited: 0x000002541a17e0a0
Event: 36.320 Executing  VM operation: Cleanup
Event: 36.320 Executing  VM operation: Cleanup done
Event: 36.804 Executing  VM operation: G1CollectForAllocation
Event: 36.809 Executing  VM operation: G1CollectForAllocation done
Event: 37.413 Executing  VM operation: G1CollectForAllocation
Event: 37.418 Executing  VM operation: G1CollectForAllocation done
Event: 37.486 Thread 0x0000025464fb0a90 Thread exited: 0x0000025464fb0a90
Event: 37.486 Thread 0x000002541d5ef7a0 Thread exited: 0x000002541d5ef7a0
Event: 37.486 Thread 0x000002541d5ee260 Thread exited: 0x000002541d5ee260
Event: 37.486 Thread 0x000002541d5ecd20 Thread exited: 0x000002541d5ecd20
Event: 37.486 Thread 0x000002541d5ed270 Thread exited: 0x000002541d5ed270
Event: 37.486 Thread 0x000002541d5ec7d0 Thread exited: 0x000002541d5ec7d0
Event: 37.552 Thread 0x00000254219ad720 Thread exited: 0x00000254219ad720


Dynamic libraries:
0x00007ff7a5670000 - 0x00007ff7a5680000 	C:\Program Files\Java\jdk-16\bin\java.exe
0x00007ffd660d0000 - 0x00007ffd662c7000 	C:\WINDOWS\SYSTEM32\ntdll.dll
0x00007ffd65720000 - 0x00007ffd657dd000 	C:\WINDOWS\System32\KERNEL32.DLL
0x00007ffd63b50000 - 0x00007ffd63e1d000 	C:\WINDOWS\System32\KERNELBASE.dll
0x00007ffd638d0000 - 0x00007ffd639d0000 	C:\WINDOWS\System32\ucrtbase.dll
0x00007ffd58790000 - 0x00007ffd587a9000 	C:\Program Files\Java\jdk-16\bin\VCRUNTIME140.dll
0x00007ffd557e0000 - 0x00007ffd557f8000 	C:\Program Files\Java\jdk-16\bin\jli.dll
0x00007ffd64ea0000 - 0x00007ffd64f4e000 	C:\WINDOWS\System32\ADVAPI32.dll
0x00007ffd65b50000 - 0x00007ffd65bee000 	C:\WINDOWS\System32\msvcrt.dll
0x00007ffd65320000 - 0x00007ffd653bc000 	C:\WINDOWS\System32\sechost.dll
0x00007ffd65a20000 - 0x00007ffd65b45000 	C:\WINDOWS\System32\RPCRT4.dll
0x00007ffd65460000 - 0x00007ffd65600000 	C:\WINDOWS\System32\USER32.dll
0x00007ffd4f000000 - 0x00007ffd4f29a000 	C:\WINDOWS\WinSxS\amd64_microsoft.windows.common-controls_6595b64144ccf1df_6.0.19041.1110_none_60b5254171f9507e\COMCTL32.dll
0x00007ffd638a0000 - 0x00007ffd638c2000 	C:\WINDOWS\System32\win32u.dll
0x00007ffd65430000 - 0x00007ffd6545a000 	C:\WINDOWS\System32\GDI32.dll
0x00007ffd639d0000 - 0x00007ffd63adb000 	C:\WINDOWS\System32\gdi32full.dll
0x00007ffd5a7b0000 - 0x00007ffd5a7ba000 	C:\WINDOWS\SYSTEM32\VERSION.dll
0x00007ffd63f30000 - 0x00007ffd63fcd000 	C:\WINDOWS\System32\msvcp_win.dll
0x00007ffd65bf0000 - 0x00007ffd65c20000 	C:\WINDOWS\System32\IMM32.DLL
0x00007ffd5fec0000 - 0x00007ffd5fecc000 	C:\Program Files\Java\jdk-16\bin\vcruntime140_1.dll
0x00007ffd31530000 - 0x00007ffd315c1000 	C:\Program Files\Java\jdk-16\bin\msvcp140.dll
0x00007ffcee4b0000 - 0x00007ffcef05b000 	C:\Program Files\Java\jdk-16\bin\server\jvm.dll
0x00007ffd64f50000 - 0x00007ffd64f58000 	C:\WINDOWS\System32\PSAPI.DLL
0x00007ffd46ea0000 - 0x00007ffd46ea9000 	C:\WINDOWS\SYSTEM32\WSOCK32.dll
0x00007ffd57870000 - 0x00007ffd57897000 	C:\WINDOWS\SYSTEM32\WINMM.dll
0x00007ffd653c0000 - 0x00007ffd6542b000 	C:\WINDOWS\System32\WS2_32.dll
0x00007ffd62060000 - 0x00007ffd62072000 	C:\WINDOWS\SYSTEM32\kernel.appcore.dll
0x00007ffd5e930000 - 0x00007ffd5e93a000 	C:\Program Files\Java\jdk-16\bin\jimage.dll
0x00007ffd613e0000 - 0x00007ffd615c4000 	C:\WINDOWS\SYSTEM32\DBGHELP.DLL
0x00007ffd48c50000 - 0x00007ffd48c7c000 	C:\WINDOWS\SYSTEM32\dbgcore.DLL
0x00007ffd63ea0000 - 0x00007ffd63f22000 	C:\WINDOWS\System32\bcryptPrimitives.dll
0x00007ffd55160000 - 0x00007ffd55185000 	C:\Program Files\Java\jdk-16\bin\java.dll
0x00007ffd64750000 - 0x00007ffd64e94000 	C:\WINDOWS\System32\SHELL32.dll
0x00007ffd618b0000 - 0x00007ffd62044000 	C:\WINDOWS\SYSTEM32\windows.storage.dll
0x00007ffd64130000 - 0x00007ffd64484000 	C:\WINDOWS\System32\combase.dll
0x00007ffd63170000 - 0x00007ffd6319c000 	C:\WINDOWS\SYSTEM32\Wldp.dll
0x00007ffd64fd0000 - 0x00007ffd6507d000 	C:\WINDOWS\System32\SHCORE.dll
0x00007ffd646f0000 - 0x00007ffd64745000 	C:\WINDOWS\System32\shlwapi.dll
0x00007ffd63730000 - 0x00007ffd6374f000 	C:\WINDOWS\SYSTEM32\profapi.dll
0x00007ffd54930000 - 0x00007ffd54949000 	C:\Program Files\Java\jdk-16\bin\net.dll
0x00007ffd551c0000 - 0x00007ffd552ca000 	C:\WINDOWS\SYSTEM32\WINHTTP.dll
0x00007ffd62f50000 - 0x00007ffd62fba000 	C:\WINDOWS\system32\mswsock.dll
0x00007ffd4e730000 - 0x00007ffd4e743000 	C:\Program Files\Java\jdk-16\bin\nio.dll
0x00007ffd4e380000 - 0x00007ffd4e398000 	C:\Program Files\Java\jdk-16\bin\zip.dll
0x00007ffd5d1c0000 - 0x00007ffd5d1d0000 	C:\Program Files\Java\jdk-16\bin\verify.dll
0x00007ffd634b0000 - 0x00007ffd634c8000 	C:\WINDOWS\SYSTEM32\CRYPTSP.dll
0x00007ffd62880000 - 0x00007ffd628b4000 	C:\WINDOWS\system32\rsaenh.dll
0x00007ffd63e20000 - 0x00007ffd63e47000 	C:\WINDOWS\System32\bcrypt.dll
0x00007ffd636f0000 - 0x00007ffd6371e000 	C:\WINDOWS\SYSTEM32\USERENV.dll
0x00007ffd630e0000 - 0x00007ffd630ec000 	C:\WINDOWS\SYSTEM32\CRYPTBASE.dll
0x00007ffd62c10000 - 0x00007ffd62c4b000 	C:\WINDOWS\SYSTEM32\IPHLPAPI.DLL
0x00007ffd65310000 - 0x00007ffd65318000 	C:\WINDOWS\System32\NSI.dll
0x00007ffd5c470000 - 0x00007ffd5c487000 	C:\WINDOWS\SYSTEM32\dhcpcsvc6.DLL
0x00007ffd5cf00000 - 0x00007ffd5cf1d000 	C:\WINDOWS\SYSTEM32\dhcpcsvc.DLL
0x00007ffd62c50000 - 0x00007ffd62d1b000 	C:\WINDOWS\SYSTEM32\DNSAPI.dll
0x00007ffd45a00000 - 0x00007ffd45a45000 	G:\SteamLibrary\steamapps\common\Necesse\natives\jna7637549767447477258.dll
0x00007ffd65080000 - 0x00007ffd651aa000 	C:\WINDOWS\System32\Ole32.dll
0x00007ffd644f0000 - 0x00007ffd64599000 	C:\WINDOWS\System32\clbcatq.dll
0x00007ffd64620000 - 0x00007ffd646ed000 	C:\WINDOWS\System32\OleAut32.dll
0x00007ffd57730000 - 0x00007ffd57750000 	C:\WINDOWS\SYSTEM32\amsi.dll
0x00007ffd56ed0000 - 0x00007ffd56f4b000 	C:\ProgramData\Microsoft\Windows Defender\Platform\4.18.2205.7-0\MpOav.dll
0x00007ffd5a730000 - 0x00007ffd5a739000 	C:\Program Files\Java\jdk-16\bin\management.dll
0x00007ffd4e760000 - 0x00007ffd4e76b000 	C:\Program Files\Java\jdk-16\bin\management_ext.dll
0x00007ffd38b20000 - 0x00007ffd38b6c000 	G:\SteamLibrary\steamapps\common\Necesse\natives\steam_api64.dll
0x00007ffd35ee0000 - 0x00007ffd35f2d000 	G:\SteamLibrary\steamapps\common\Necesse\natives\steamworks4j64.dll
0x00007ffd63fd0000 - 0x00007ffd64126000 	C:\WINDOWS\System32\CRYPT32.dll
0x00007ffd65c20000 - 0x00007ffd6608f000 	C:\WINDOWS\System32\SETUPAPI.dll
0x00007ffd63e50000 - 0x00007ffd63e9e000 	C:\WINDOWS\System32\cfgmgr32.dll
0x00007ffd1bb80000 - 0x00007ffd1bd08000 	C:\Program Files (x86)\Steam\gameoverlayrenderer64.dll
0x00007ffd30f50000 - 0x00007ffd30fc1000 	G:\SteamLibrary\steamapps\common\Necesse\natives\lwjgl.dll
0x00007ffd30c30000 - 0x00007ffd30c91000 	G:\SteamLibrary\steamapps\common\Necesse\natives\glfw.dll
0x00007ffd34830000 - 0x00007ffd34875000 	C:\WINDOWS\SYSTEM32\dinput8.dll
0x00007ffd58130000 - 0x00007ffd58282000 	C:\WINDOWS\SYSTEM32\inputhost.dll
0x00007ffd608c0000 - 0x00007ffd609b2000 	C:\WINDOWS\SYSTEM32\CoreMessaging.dll
0x00007ffd5f070000 - 0x00007ffd5f1c4000 	C:\WINDOWS\SYSTEM32\wintypes.dll
0x00007ffd5ebc0000 - 0x00007ffd5ecb6000 	C:\WINDOWS\SYSTEM32\PROPSYS.dll
0x00007ffd601e0000 - 0x00007ffd6053e000 	C:\WINDOWS\SYSTEM32\CoreUIComponents.dll
0x00007ffd624b0000 - 0x00007ffd624e3000 	C:\WINDOWS\SYSTEM32\ntmarta.dll
0x00007ffd39520000 - 0x00007ffd39531000 	C:\WINDOWS\SYSTEM32\xinput1_4.dll
0x00007ffd635a0000 - 0x00007ffd635cc000 	C:\WINDOWS\SYSTEM32\DEVOBJ.dll
0x00007ffd60fa0000 - 0x00007ffd60fcf000 	C:\WINDOWS\SYSTEM32\dwmapi.dll
0x00007ffd60d00000 - 0x00007ffd60d9e000 	C:\WINDOWS\system32\uxtheme.dll
0x00007ffd65600000 - 0x00007ffd65715000 	C:\WINDOWS\System32\MSCTF.dll
0x00007ffd1ba00000 - 0x00007ffd1bb80000 	C:\Program Files\Java\jdk-16\bin\awt.dll
0x00007ffd60bd0000 - 0x00007ffd60c60000 	C:\WINDOWS\SYSTEM32\apphelp.dll
0x00007ffd1fae0000 - 0x00007ffd1fc06000 	C:\WINDOWS\SYSTEM32\opengl32.dll
0x00007ffd4c620000 - 0x00007ffd4c64c000 	C:\WINDOWS\SYSTEM32\GLU32.dll
0x00007ffcd7080000 - 0x00007ffcda0a8000 	C:\WINDOWS\System32\DriverStore\FileRepository\nv_dispi.inf_amd64_3b12ac0f95b18b9d\nvoglv64.dll
0x00007ffd5ed70000 - 0x00007ffd5ed84000 	C:\WINDOWS\SYSTEM32\WTSAPI32.dll
0x00007ffd63540000 - 0x00007ffd63552000 	C:\WINDOWS\SYSTEM32\msasn1.dll
0x00007ffd5a690000 - 0x00007ffd5a6c1000 	C:\WINDOWS\SYSTEM32\cryptnet.dll
0x00007ffd587b0000 - 0x00007ffd588f8000 	C:\WINDOWS\SYSTEM32\drvstore.dll
0x00007ffd63ae0000 - 0x00007ffd63b47000 	C:\WINDOWS\System32\WINTRUST.dll
0x00007ffd59440000 - 0x00007ffd5947b000 	C:\WINDOWS\SYSTEM32\dxcore.dll
0x00007ffcfed20000 - 0x00007ffcfefe7000 	C:\WINDOWS\system32\nvspcap64.dll
0x00007ffd62d30000 - 0x00007ffd62d7b000 	C:\WINDOWS\SYSTEM32\powrprof.dll
0x00007ffd62bf0000 - 0x00007ffd62c02000 	C:\WINDOWS\SYSTEM32\UMPDC.dll
0x00007ffd62520000 - 0x00007ffd6257a000 	C:\WINDOWS\SYSTEM32\WINSTA.dll
0x00007ffd5d450000 - 0x00007ffd5d4d5000 	C:\WINDOWS\System32\MMDevApi.dll
0x00007ffd5d540000 - 0x00007ffd5d6c2000 	C:\WINDOWS\SYSTEM32\AUDIOSES.DLL
0x00007ffd309b0000 - 0x00007ffd30a0d000 	G:\SteamLibrary\steamapps\common\Necesse\natives\lwjgl_opengl.dll
0x00007ffd58030000 - 0x00007ffd58129000 	C:\WINDOWS\SYSTEM32\textinputframework.dll
0x00007ffd305b0000 - 0x00007ffd30631000 	G:\SteamLibrary\steamapps\common\Necesse\natives\lwjgl_stb.dll
0x00007ffd5c040000 - 0x00007ffd5c0ee000 	C:\WINDOWS\SYSTEM32\mscms.dll
0x00007ffd5c1d0000 - 0x00007ffd5c1e1000 	C:\WINDOWS\SYSTEM32\ColorAdapterClient.dll
0x00007ffd4c850000 - 0x00007ffd4c893000 	C:\WINDOWS\SYSTEM32\icm32.dll
0x00007ffd1a0e0000 - 0x00007ffd1a277000 	G:\SteamLibrary\steamapps\common\Necesse\natives\OpenAL.dll
0x00007ffd60ea0000 - 0x00007ffd60eb4000 	C:\WINDOWS\SYSTEM32\resourcepolicyclient.dll
0x00007ffd5d2d0000 - 0x00007ffd5d2de000 	C:\Program Files\Java\jdk-16\bin\instrument.dll
0x00007ffd3ab60000 - 0x00007ffd3ab77000 	C:\WINDOWS\system32\napinsp.dll
0x00007ffd39be0000 - 0x00007ffd39bfb000 	C:\WINDOWS\system32\pnrpnsp.dll
0x00007ffd39bc0000 - 0x00007ffd39bd5000 	C:\WINDOWS\system32\wshbth.dll
0x00007ffd5f1d0000 - 0x00007ffd5f1ed000 	C:\WINDOWS\system32\NLAapi.dll
0x00007ffd39ba0000 - 0x00007ffd39bb2000 	C:\WINDOWS\System32\winrnr.dll
0x0000000071ef0000 - 0x0000000071f16000 	C:\Program Files\Bonjour\mdnsNSP.dll
0x00007ffd53780000 - 0x00007ffd5378a000 	C:\Windows\System32\rasadhlp.dll
0x00007ffd5a870000 - 0x00007ffd5a8f0000 	C:\WINDOWS\System32\fwpuclnt.dll

dbghelp: loaded successfully - version: 4.0.5 - missing functions: none
symbol engine: initialized successfully - sym options: 0x614 - pdb path: .;C:\Program Files\Java\jdk-16\bin;C:\WINDOWS\SYSTEM32;C:\WINDOWS\WinSxS\amd64_microsoft.windows.common-controls_6595b64144ccf1df_6.0.19041.1110_none_60b5254171f9507e;C:\Program Files\Java\jdk-16\bin\server;G:\SteamLibrary\steamapps\common\Necesse\natives;C:\ProgramData\Microsoft\Windows Defender\Platform\4.18.2205.7-0;C:\Program Files (x86)\Steam;C:\WINDOWS\System32\DriverStore\FileRepository\nv_dispi.inf_amd64_3b12ac0f95b18b9d;C:\Program Files\Bonjour

VM Arguments:
jvm_args: -XX:+UnlockExperimentalVMOptions -XX:+UseG1GC -XX:G1NewSizePercent=20 -XX:G1ReservePercent=20 -XX:MaxGCPauseMillis=50 -XX:G1HeapRegionSize=32M -Xms512m -Xmx3G -Dfile.encoding=windows-1252 -Duser.country=US -Duser.language=en -Duser.variant 
java_command: StartClient -mod build/jar
java_class_path (initial): G:\SteamLibrary\steamapps\common\Necesse\Necesse.jar
Launcher Type: SUN_STANDARD

[Global flags]
     intx CICompilerCount                          = 4                                         {product} {ergonomic}
     uint ConcGCThreads                            = 3                                         {product} {ergonomic}
     uint G1ConcRefinementThreads                  = 10                                        {product} {ergonomic}
   size_t G1HeapRegionSize                         = 33554432                                  {product} {command line}
    uintx G1NewSizePercent                         = 20                                   {experimental} {command line}
    uintx G1ReservePercent                         = 20                                        {product} {command line}
    uintx GCDrainStackTargetSize                   = 64                                        {product} {ergonomic}
   size_t InitialHeapSize                          = 536870912                                 {product} {command line}
   size_t MarkStackSize                            = 4194304                                   {product} {ergonomic}
    uintx MaxGCPauseMillis                         = 50                                        {product} {command line}
   size_t MaxHeapSize                              = 3221225472                                {product} {command line}
   size_t MaxNewSize                               = 1912602624                                {product} {ergonomic}
   size_t MinHeapDeltaBytes                        = 33554432                                  {product} {ergonomic}
   size_t MinHeapSize                              = 536870912                                 {product} {command line}
    uintx NonNMethodCodeHeapSize                   = 5839372                                {pd product} {ergonomic}
    uintx NonProfiledCodeHeapSize                  = 122909434                              {pd product} {ergonomic}
    uintx ProfiledCodeHeapSize                     = 122909434                              {pd product} {ergonomic}
    uintx ReservedCodeCacheSize                    = 251658240                              {pd product} {ergonomic}
     bool SegmentedCodeCache                       = true                                      {product} {ergonomic}
   size_t SoftMaxHeapSize                          = 3221225472                             {manageable} {ergonomic}
     bool UnlockExperimentalVMOptions              = true                                 {experimental} {command line}
     bool UseAOT                                   = false                                {experimental} {ergonomic}
     bool UseCompressedClassPointers               = true                           {product lp64_product} {ergonomic}
     bool UseCompressedOops                        = true                           {product lp64_product} {ergonomic}
     bool UseG1GC                                  = true                                      {product} {command line}
     bool UseLargePagesIndividualAllocation        = false                                  {pd product} {ergonomic}

Logging:
Log output configuration:
 #0: stdout all=warning uptime,level,tags
 #1: stderr all=off uptime,level,tags

Environment Variables:
PATH=C:\Program Files (x86)\Common Files\Oracle\Java\javapath;C:\WinAVR-20100110\bin;C:\WinAVR-20100110\utils\bin;C:\Program Files\NVIDIA Corporation\NVIDIA NvDLISR;C:\Users\elito\.cargo\bin;C:\Ruby27-x64\bin;C:\Users\elito\scoop\apps\python\current;C:\Users\elito\scoop\apps\python\current\Scripts;C:\Users\elito\scoop\apps\gcc\current\bin;C:\Users\elito\scoop\shims;C:\Users\elito\AppData\Local\Programs\Python\Python38-32\Scripts\;C:\Users\elito\AppData\Local\Programs\Python\Python38-32\;C:\Users\elito\AppData\Local\Microsoft\WindowsApps;C:\Users\elito\go\bin;C:\Users\elito\.dotnet\tools;C:\Program Files (x86)\Atmel\Flip 3.4.7\bin;C:\Program Files\JetBrains\JetBrains Rider 2020.1.4\bin;C:\Users\elito\AppData\Local\GitHubDesktop\bin;C:\Program Files\JetBrains\PyCharm Community Edition 2020.2\bin;C:\Users\elito\spicetify-cli;C:\Users\elito\AppData\Local\Microsoft\WindowsApps;C:\Program Files (x86)\GitHub CLI\;C:\Users\elito\.dotnet\tools;C:\Users\elito\AppData\Roaming\npm;C:\Program Files\JetBrains\Rider for Unreal Engine 2021.1.1\bin;C:\Users\elito\go\bin;C:\Program Files\JetBrains\GoLand 2021.1.1\bin;C:\Program Files\JetBrains\IntelliJ IDEA Community Edition 2021.2.2\bin;C:\Users\elito\AppData\Local\Programs\Microsoft VS Code\bin
USERNAME=elito
OS=Windows_NT
PROCESSOR_IDENTIFIER=AMD64 Family 23 Model 113 Stepping 0, AuthenticAMD



---------------  S Y S T E M  ---------------

OS:
 Windows 10 , 64 bit Build 19041 (10.0.19041.1741)
OS uptime: 7 days 18:58 hours
Hyper-V role detected

CPU: total 12 (initial active 12) (12 cores per cpu, 2 threads per core) family 23 model 113 stepping 0 microcode 0x0, cx8, cmov, fxsr, ht, mmx, 3dnowpref, sse, sse2, sse3, ssse3, sse4a, sse4.1, sse4.2, popcnt, lzcnt, tsc, tscinvbit, avx, avx2, aes, clmul, bmi1, bmi2, adx, sha, fma, vzeroupper, clflush, clflushopt, hv

Memory: 4k page, system-wide physical 16334M (4052M free)
TotalPageFile size 65486M (AvailPageFile size 37685M)
current process WorkingSet (physical memory assigned to process): 1464M, peak: 2998M
current process commit charge ("private bytes"): 1740M, peak: 3586M

vm_info: Java HotSpot(TM) 64-Bit Server VM (16+36-2231) for windows-amd64 JRE (16+36-2231), built on Feb  8 2021 11:43:10 by "mach5one" with MS VC++ 16.7 (VS2019)

END.
