#
# A fatal error has been detected by the Java Runtime Environment:
#
#  EXCEPTION_ACCESS_VIOLATION (0xc0000005) at pc=0x0000003630307475, pid=4256, tid=33364
#
# JRE version: Java(TM) SE Runtime Environment (16.0+36) (build 16+36-2231)
# Java VM: Java HotSpot(TM) 64-Bit Server VM (16+36-2231, mixed mode, sharing, tiered, compressed oops, g1 gc, windows-amd64)
# Problematic frame:
# C  0x0000003630307475
#
# No core dump will be written. Minidumps are not enabled by default on client versions of Windows
#
# If you would like to submit a bug report, please visit:
#   https://bugreport.java.com/bugreport/crash.jsp
# The crash happened outside the Java Virtual Machine in native code.
# See problematic frame for where to report the bug.
#

---------------  S U M M A R Y ------------

Command Line: -XX:+UnlockExperimentalVMOptions -XX:+UseG1GC -XX:G1NewSizePercent=20 -XX:G1ReservePercent=20 -XX:MaxGCPauseMillis=50 -XX:G1HeapRegionSize=32M -Xms512m -Xmx3G -Dfile.encoding=windows-1252 -Duser.country=US -Duser.language=en -Duser.variant StartClient -dev 1 -mod build/jar

Host: AMD Ryzen 5 3600X 6-Core Processor             , 12 cores, 15G,  Windows 10 , 64 bit Build 19041 (10.0.19041.1741)
Time: Sat Jul  2 14:12:07 2022 Eastern Daylight Time elapsed time: 54.789731 seconds (0d 0h 0m 54s)

---------------  T H R E A D  ---------------

Current thread (0x000001913ec1e920):  JavaThread "Steam P2P Socket" [_thread_in_native, id=33364, stack(0x00000026c3900000,0x00000026c3a00000)]

Stack: [0x00000026c3900000,0x00000026c3a00000],  sp=0x00000026c39ff068,  free space=1020k
Native frames: (J=compiled Java code, j=interpreted, Vv=VM code, C=native code)
C  0x0000003630307475

Java frames: (J=compiled Java code, j=interpreted, Vv=VM code)
J 11089  com.codedisaster.steamworks.SteamNetworkingNative.isP2PPacketAvailable(Z[II)Z (0 bytes) @ 0x0000019108047f0a [0x0000019108047ea0+0x000000000000006a]
J 13644 c2 com.codedisaster.steamworks.SteamNetworking.isP2PPacketAvailable(I[I)Z (10 bytes) @ 0x000001910813cbe0 [0x000001910813cba0+0x0000000000000040]
j  necesse.engine.network.server.network.ServerSteamListenThread.run()V+178
v  ~StubRoutines::call_stub

siginfo: EXCEPTION_ACCESS_VIOLATION (0xc0000005), data execution prevention violation at address 0x0000003630307475


Register to memory mapping:

RIP=0x0000003630307475 is an unknown value
RAX=0x000001910f050b10 is an unknown value
RBX=0x0 is NULL
RCX=0x000001910f050b70 is an unknown value
RDX=0x000000077283fca0 is an oop: java.util.LinkedList$ListItr 
{0x000000077283fca0} - klass: 'java/util/LinkedList$ListItr'
RSP=0x00000026c39ff068 is pointing into the stack for thread: 0x000001913ec1e920
RBP=0x000000077283fca0 is an oop: java.util.LinkedList$ListItr 
{0x000000077283fca0} - klass: 'java/util/LinkedList$ListItr'
RSI=0x00000026c39ff0d0 is pointing into the stack for thread: 0x000001913ec1e920
RDI=0x000001913ec1ec30 points into unknown readable memory: 0x00007ffceef233d0 | d0 33 f2 ee fc 7f 00 00
R8 =0x0 is NULL
R9 =0x00000026c39ff0d0 is pointing into the stack for thread: 0x000001913ec1e920
R10=0x00007ffd4581be10 steamworks4j64.dll
R11=0x0 is NULL
R12=0x0 is NULL
R13=0x00000026c39ff150 is pointing into the stack for thread: 0x000001913ec1e920
R14=0x00000026c39ff0f8 is pointing into the stack for thread: 0x000001913ec1e920
R15=0x000001913ec1e920 is a thread


Registers:
RAX=0x000001910f050b10, RBX=0x0000000000000000, RCX=0x000001910f050b70, RDX=0x000000077283fca0
RSP=0x00000026c39ff068, RBP=0x000000077283fca0, RSI=0x00000026c39ff0d0, RDI=0x000001913ec1ec30
R8 =0x0000000000000000, R9 =0x00000026c39ff0d0, R10=0x00007ffd4581be10, R11=0x0000000000000000
R12=0x0000000000000000, R13=0x00000026c39ff150, R14=0x00000026c39ff0f8, R15=0x000001913ec1e920
RIP=0x0000003630307475, EFLAGS=0x0000000000010206

Top of Stack: (sp=0x00000026c39ff068)
0x00000026c39ff068:   00007ffd4581be69 0000000000000000
0x00000026c39ff078:   00000026c39ff0d0 0000000800015a08
0x00000026c39ff088:   00000000fce9e40f 0000000000000000
0x00000026c39ff098:   0000019108047faa 00000191b3e1e8a0
0x00000026c39ff0a8:   00000026c39ff110 0000000000000000
0x00000026c39ff0b8:   00000026c39ff130 0000000000000000
0x00000026c39ff0c8:   00007ffceec46db6 000000077283fc90
0x00000026c39ff0d8:   0000019107fbf90d 0000019100000005
0x00000026c39ff0e8:   0000000000000000 0000000000000001
0x00000026c39ff0f8:   0000000749df41a0 0000000000000000
0x00000026c39ff108:   00007ffcee827fc5 00000026c39ff1b0
0x00000026c39ff118:   000001910813cbe0 0000000000000000
0x00000026c39ff128:   00000191b3e1e8a0 00000026c39ff1b0
0x00000026c39ff138:   0000019100009626 00000000000000bc
0x00000026c39ff148:   0000019100009626 000000077283fc90
0x00000026c39ff158:   0000000000000000 0000000749da6f50 

Instructions: (pc=0x0000003630307475)
0x0000003630307375:   ?? ?? ?? ?? ?? ?? ?? ?? ?? ?? ?? ?? ?? ?? ?? ??
0x0000003630307385:   ?? ?? ?? ?? ?? ?? ?? ?? ?? ?? ?? ?? ?? ?? ?? ??
0x0000003630307395:   ?? ?? ?? ?? ?? ?? ?? ?? ?? ?? ?? ?? ?? ?? ?? ??
0x00000036303073a5:   ?? ?? ?? ?? ?? ?? ?? ?? ?? ?? ?? ?? ?? ?? ?? ??
0x00000036303073b5:   ?? ?? ?? ?? ?? ?? ?? ?? ?? ?? ?? ?? ?? ?? ?? ??
0x00000036303073c5:   ?? ?? ?? ?? ?? ?? ?? ?? ?? ?? ?? ?? ?? ?? ?? ??
0x00000036303073d5:   ?? ?? ?? ?? ?? ?? ?? ?? ?? ?? ?? ?? ?? ?? ?? ??
0x00000036303073e5:   ?? ?? ?? ?? ?? ?? ?? ?? ?? ?? ?? ?? ?? ?? ?? ??
0x00000036303073f5:   ?? ?? ?? ?? ?? ?? ?? ?? ?? ?? ?? ?? ?? ?? ?? ??
0x0000003630307405:   ?? ?? ?? ?? ?? ?? ?? ?? ?? ?? ?? ?? ?? ?? ?? ??
0x0000003630307415:   ?? ?? ?? ?? ?? ?? ?? ?? ?? ?? ?? ?? ?? ?? ?? ??
0x0000003630307425:   ?? ?? ?? ?? ?? ?? ?? ?? ?? ?? ?? ?? ?? ?? ?? ??
0x0000003630307435:   ?? ?? ?? ?? ?? ?? ?? ?? ?? ?? ?? ?? ?? ?? ?? ??
0x0000003630307445:   ?? ?? ?? ?? ?? ?? ?? ?? ?? ?? ?? ?? ?? ?? ?? ??
0x0000003630307455:   ?? ?? ?? ?? ?? ?? ?? ?? ?? ?? ?? ?? ?? ?? ?? ??
0x0000003630307465:   ?? ?? ?? ?? ?? ?? ?? ?? ?? ?? ?? ?? ?? ?? ?? ??
0x0000003630307475:   ?? ?? ?? ?? ?? ?? ?? ?? ?? ?? ?? ?? ?? ?? ?? ??
0x0000003630307485:   ?? ?? ?? ?? ?? ?? ?? ?? ?? ?? ?? ?? ?? ?? ?? ??
0x0000003630307495:   ?? ?? ?? ?? ?? ?? ?? ?? ?? ?? ?? ?? ?? ?? ?? ??
0x00000036303074a5:   ?? ?? ?? ?? ?? ?? ?? ?? ?? ?? ?? ?? ?? ?? ?? ??
0x00000036303074b5:   ?? ?? ?? ?? ?? ?? ?? ?? ?? ?? ?? ?? ?? ?? ?? ??
0x00000036303074c5:   ?? ?? ?? ?? ?? ?? ?? ?? ?? ?? ?? ?? ?? ?? ?? ??
0x00000036303074d5:   ?? ?? ?? ?? ?? ?? ?? ?? ?? ?? ?? ?? ?? ?? ?? ??
0x00000036303074e5:   ?? ?? ?? ?? ?? ?? ?? ?? ?? ?? ?? ?? ?? ?? ?? ??
0x00000036303074f5:   ?? ?? ?? ?? ?? ?? ?? ?? ?? ?? ?? ?? ?? ?? ?? ??
0x0000003630307505:   ?? ?? ?? ?? ?? ?? ?? ?? ?? ?? ?? ?? ?? ?? ?? ??
0x0000003630307515:   ?? ?? ?? ?? ?? ?? ?? ?? ?? ?? ?? ?? ?? ?? ?? ??
0x0000003630307525:   ?? ?? ?? ?? ?? ?? ?? ?? ?? ?? ?? ?? ?? ?? ?? ??
0x0000003630307535:   ?? ?? ?? ?? ?? ?? ?? ?? ?? ?? ?? ?? ?? ?? ?? ??
0x0000003630307545:   ?? ?? ?? ?? ?? ?? ?? ?? ?? ?? ?? ?? ?? ?? ?? ??
0x0000003630307555:   ?? ?? ?? ?? ?? ?? ?? ?? ?? ?? ?? ?? ?? ?? ?? ??
0x0000003630307565:   ?? ?? ?? ?? ?? ?? ?? ?? ?? ?? ?? ?? ?? ?? ?? ?? 


Stack slot to memory mapping:
stack at sp + 0 slots: 0x00007ffd4581be69 steamworks4j64.dll
stack at sp + 1 slots: 0x0 is NULL
stack at sp + 2 slots: 0x00000026c39ff0d0 is pointing into the stack for thread: 0x000001913ec1e920
stack at sp + 3 slots: 0x0000000800015a08 is a pointer to class: 
stack at sp + 4 slots: 0x00000000fce9e40f is an unknown value
stack at sp + 5 slots: 0x0 is NULL
stack at sp + 6 slots: 0x0000019108047faa is at entry_point+266 in (nmethod*)0x0000019108047d10
stack at sp + 7 slots: {method} {0x00000191b3e1e8a8} 'isP2PPacketAvailable' '(I[I)Z' in 'com/codedisaster/steamworks/SteamNetworking'


---------------  P R O C E S S  ---------------

Threads class SMR info:
_java_thread_list=0x000001917e4fb6f0, length=22, elements={
0x000001916a878b30, 0x000001916a87a910, 0x000001917c23ac10, 0x000001917c23b720,
0x000001917c23e040, 0x000001917c240f70, 0x000001917c245160, 0x000001917c24e580,
0x000001917c251f20, 0x000001917cd75bc0, 0x000001917cd7b5e0, 0x000001913ec1e3d0,
0x000001913ec1d3e0, 0x000001913ec1e920, 0x000001913ec1f910, 0x000001913ec22390,
0x000001913ec1b400, 0x000001913ec1b950, 0x000001913ec1bea0, 0x000001912e1b5df0,
0x000001913ec213a0, 0x000001913ec1fe60
}

Java Threads: ( => current thread )
  0x000001916a878b30 JavaThread "Reference Handler" daemon [_thread_blocked, id=40892, stack(0x00000026c0400000,0x00000026c0500000)]
  0x000001916a87a910 JavaThread "Finalizer" daemon [_thread_blocked, id=35004, stack(0x00000026c0500000,0x00000026c0600000)]
  0x000001917c23ac10 JavaThread "Signal Dispatcher" daemon [_thread_blocked, id=17908, stack(0x00000026c0600000,0x00000026c0700000)]
  0x000001917c23b720 JavaThread "Attach Listener" daemon [_thread_blocked, id=29916, stack(0x00000026c0700000,0x00000026c0800000)]
  0x000001917c23e040 JavaThread "Service Thread" daemon [_thread_blocked, id=17948, stack(0x00000026c0800000,0x00000026c0900000)]
  0x000001917c240f70 JavaThread "Monitor Deflation Thread" daemon [_thread_blocked, id=21920, stack(0x00000026c0900000,0x00000026c0a00000)]
  0x000001917c245160 JavaThread "C2 CompilerThread0" daemon [_thread_blocked, id=32776, stack(0x00000026c0a00000,0x00000026c0b00000)]
  0x000001917c24e580 JavaThread "C1 CompilerThread0" daemon [_thread_blocked, id=26552, stack(0x00000026c0b00000,0x00000026c0c00000)]
  0x000001917c251f20 JavaThread "Sweeper thread" daemon [_thread_blocked, id=37704, stack(0x00000026c0c00000,0x00000026c0d00000)]
  0x000001917cd75bc0 JavaThread "Notification Thread" daemon [_thread_blocked, id=36688, stack(0x00000026c0d00000,0x00000026c0e00000)]
  0x000001917cd7b5e0 JavaThread "Common-Cleaner" daemon [_thread_blocked, id=2732, stack(0x00000026c0f00000,0x00000026c1000000)]
  0x000001913ec1e3d0 JavaThread "Server Socket" [_thread_in_native, id=31160, stack(0x00000026c2500000,0x00000026c2600000)]
  0x000001913ec1d3e0 JavaThread "Server LAN Socket" [_thread_in_native, id=11252, stack(0x00000026c2600000,0x00000026c2700000)]
=>0x000001913ec1e920 JavaThread "Steam P2P Socket" [_thread_in_native, id=33364, stack(0x00000026c3900000,0x00000026c3a00000)]
  0x000001913ec1f910 JavaThread "Server Thread" [_thread_in_native, id=13488, stack(0x00000026c3a00000,0x00000026c3b00000)]
  0x000001913ec22390 JavaThread "level-s-7056x2474d0-executor-1" [_thread_blocked, id=17964, stack(0x00000026c3e00000,0x00000026c3f00000)]
  0x000001913ec1b400 JavaThread "level-s-7056x2474d0-executor-2" [_thread_blocked, id=16956, stack(0x00000026c4000000,0x00000026c4100000)]
  0x000001913ec1b950 JavaThread "level-s-7056x2474d0-executor-3" [_thread_blocked, id=17276, stack(0x00000026c4100000,0x00000026c4200000)]
  0x000001913ec1bea0 JavaThread "level-s-7056x2474d0-executor-4" [_thread_blocked, id=35484, stack(0x00000026c4200000,0x00000026c4300000)]
  0x000001912e1b5df0 JavaThread "level-s-7056x2474d0-executor-5" [_thread_blocked, id=25908, stack(0x00000026c3200000,0x00000026c3300000)]
  0x000001913ec213a0 JavaThread "level-na-7056x2474d0-light-update" [_thread_blocked, id=22320, stack(0x00000026c3400000,0x00000026c3500000)]
  0x000001913ec1fe60 JavaThread "DestroyJavaVM" [_thread_blocked, id=21776, stack(0x00000026bfd00000,0x00000026bfe00000)]

Other Threads:
  0x000001916a874fd0 VMThread "VM Thread" [stack: 0x00000026c0300000,0x00000026c0400000] [id=14880]
  0x000001917cd77910 WatcherThread [stack: 0x00000026c0e00000,0x00000026c0f00000] [id=2532]
  0x000001916a7d8290 GCTaskThread "GC Thread#0" [stack: 0x00000026bfe00000,0x00000026bff00000] [id=22532]
  0x000001917d7d89a0 GCTaskThread "GC Thread#1" [stack: 0x00000026c1200000,0x00000026c1300000] [id=22136]
  0x000001917d6a20c0 GCTaskThread "GC Thread#2" [stack: 0x00000026c1300000,0x00000026c1400000] [id=29880]
  0x000001917e633170 GCTaskThread "GC Thread#3" [stack: 0x00000026c1400000,0x00000026c1500000] [id=32168]
  0x000001917e8a7490 GCTaskThread "GC Thread#4" [stack: 0x00000026c1500000,0x00000026c1600000] [id=19004]
  0x000001917d4cb3b0 GCTaskThread "GC Thread#5" [stack: 0x00000026c1600000,0x00000026c1700000] [id=33888]
  0x000001917dfbeac0 GCTaskThread "GC Thread#6" [stack: 0x00000026c1700000,0x00000026c1800000] [id=28084]
  0x000001917e1cca70 GCTaskThread "GC Thread#7" [stack: 0x00000026c1800000,0x00000026c1900000] [id=26832]
  0x000001917e1cd190 GCTaskThread "GC Thread#8" [stack: 0x00000026c1900000,0x00000026c1a00000] [id=10572]
  0x000001917d233440 GCTaskThread "GC Thread#9" [stack: 0x00000026c1a00000,0x00000026c1b00000] [id=35884]
  0x000001916a7d9ee0 ConcurrentGCThread "G1 Main Marker" [stack: 0x00000026bff00000,0x00000026c0000000] [id=11028]
  0x000001916a7da8e0 ConcurrentGCThread "G1 Conc#0" [stack: 0x00000026c0000000,0x00000026c0100000] [id=33176]
  0x000001917e0e0410 ConcurrentGCThread "G1 Conc#1" [stack: 0x00000026c2300000,0x00000026c2400000] [id=40096]
  0x000001917e0deea0 ConcurrentGCThread "G1 Conc#2" [stack: 0x00000026c2400000,0x00000026c2500000] [id=7504]
  0x000001916a849270 ConcurrentGCThread "G1 Refine#0" [stack: 0x00000026c0100000,0x00000026c0200000] [id=37440]
  0x000001917f3bd200 ConcurrentGCThread "G1 Refine#1" [stack: 0x00000026c2700000,0x00000026c2800000] [id=27492]
  0x000001917ef693d0 ConcurrentGCThread "G1 Refine#2" [stack: 0x00000026c2800000,0x00000026c2900000] [id=8200]
  0x000001917e6fb440 ConcurrentGCThread "G1 Refine#3" [stack: 0x00000026c2900000,0x00000026c2a00000] [id=8268]
  0x000001917f545760 ConcurrentGCThread "G1 Refine#4" [stack: 0x00000026c2a00000,0x00000026c2b00000] [id=33020]
  0x000001917f2f89c0 ConcurrentGCThread "G1 Refine#5" [stack: 0x00000026c2b00000,0x00000026c2c00000] [id=35680]
  0x000001917f99bba0 ConcurrentGCThread "G1 Refine#6" [stack: 0x00000026c2c00000,0x00000026c2d00000] [id=32804]
  0x000001917f5159b0 ConcurrentGCThread "G1 Refine#7" [stack: 0x00000026c2d00000,0x00000026c2e00000] [id=33424]
  0x000001916a849c80 ConcurrentGCThread "G1 Service" [stack: 0x00000026c0200000,0x00000026c0300000] [id=3960]

Threads with active compile tasks:

VM state: not at safepoint (normal execution)

VM Mutex/Monitor currently owned by a thread: None

Heap address: 0x0000000740000000, size: 3072 MB, Compressed Oops mode: Zero based, Oop shift amount: 3
CDS archive(s) mapped at: [0x0000000800000000-0x0000000800bb0000-0x0000000800bb0000), size 12255232, SharedBaseAddress: 0x0000000800000000, ArchiveRelocationMode: 0.
Compressed class space mapped at: 0x0000000800c00000-0x0000000840c00000, reserved size: 1073741824
Narrow klass base: 0x0000000800000000, Narrow klass shift: 3, Narrow klass range: 0x100000000

GC Precious Log:
 CPUs: 12 total, 12 available
 Memory: 16334M
 Large Page Support: Disabled
 NUMA Support: Disabled
 Compressed Oops: Enabled (Zero based)
 Heap Region Size: 32M
 Heap Min Capacity: 512M
 Heap Initial Capacity: 512M
 Heap Max Capacity: 3G
 Pre-touch: Disabled
 Parallel Workers: 10
 Concurrent Workers: 3
 Concurrent Refinement Workers: 10
 Periodic GC: Disabled

Heap:
 garbage-first heap   total 983040K, used 366620K [0x0000000740000000, 0x0000000800000000)
  region size 32768K, 6 young (196608K), 1 survivors (32768K)
 Metaspace       used 45799K, committed 46528K, reserved 1089536K
  class space    used 6522K, committed 6848K, reserved 1048576K

Heap Regions: E=young(eden), S=young(survivor), O=old, HS=humongous(starts), HC=humongous(continues), CS=collection set, F=free, OA=open archive, CA=closed archive, TAMS=top-at-mark-start (previous, next)
|   0|0x0000000740000000, 0x0000000742000000, 0x0000000742000000|100%| O|  |TAMS 0x0000000740000000, 0x0000000740000000| Untracked 
|   1|0x0000000742000000, 0x00000007421c8a00, 0x0000000744000000|  5%| O|  |TAMS 0x0000000742000000, 0x0000000742000000| Untracked 
|   2|0x0000000744000000, 0x0000000744000000, 0x0000000746000000|  0%| F|  |TAMS 0x0000000744000000, 0x0000000744000000| Untracked 
|   3|0x0000000746000000, 0x0000000748000000, 0x0000000748000000|100%| O|  |TAMS 0x0000000746000000, 0x0000000746000000| Untracked 
|   4|0x0000000748000000, 0x000000074a000000, 0x000000074a000000|100%| O|  |TAMS 0x0000000748000000, 0x0000000748000000| Untracked 
|   5|0x000000074a000000, 0x000000074a000000, 0x000000074c000000|  0%| F|  |TAMS 0x000000074a000000, 0x000000074a000000| Untracked 
|   6|0x000000074c000000, 0x000000074c000000, 0x000000074e000000|  0%| F|  |TAMS 0x000000074c000000, 0x000000074c000000| Untracked 
|   7|0x000000074e000000, 0x000000074e000000, 0x0000000750000000|  0%| F|  |TAMS 0x000000074e000000, 0x000000074e000000| Untracked 
|   8|0x0000000750000000, 0x0000000750000000, 0x0000000752000000|  0%| F|  |TAMS 0x0000000750000000, 0x0000000750000000| Untracked 
|   9|0x0000000752000000, 0x0000000752000000, 0x0000000754000000|  0%| F|  |TAMS 0x0000000752000000, 0x0000000752000000| Untracked 
|  10|0x0000000754000000, 0x0000000756000000, 0x0000000756000000|100%| O|  |TAMS 0x0000000756000000, 0x0000000754000000| Untracked 
|  11|0x0000000756000000, 0x0000000758000000, 0x0000000758000000|100%| O|  |TAMS 0x0000000758000000, 0x0000000756000000| Untracked 
|  12|0x0000000758000000, 0x000000075a000000, 0x000000075a000000|100%| O|  |TAMS 0x000000075a000000, 0x0000000758000000| Untracked 
|  13|0x000000075a000000, 0x000000075c000000, 0x000000075c000000|100%| O|  |TAMS 0x000000075c000000, 0x000000075a000000| Untracked 
|  14|0x000000075c000000, 0x000000075c43e9a0, 0x000000075e000000| 13%| S|CS|TAMS 0x000000075c000000, 0x000000075c000000| Complete 
|  15|0x000000075e000000, 0x000000075e000000, 0x0000000760000000|  0%| F|  |TAMS 0x000000075e000000, 0x000000075e000000| Untracked 
|  16|0x0000000760000000, 0x0000000760000000, 0x0000000762000000|  0%| F|  |TAMS 0x0000000760000000, 0x0000000760000000| Untracked 
|  17|0x0000000762000000, 0x0000000762000000, 0x0000000764000000|  0%| F|  |TAMS 0x0000000762000000, 0x0000000762000000| Untracked 
|  18|0x0000000764000000, 0x0000000764000000, 0x0000000766000000|  0%| F|  |TAMS 0x0000000764000000, 0x0000000764000000| Untracked 
|  19|0x0000000766000000, 0x0000000766000000, 0x0000000768000000|  0%| F|  |TAMS 0x0000000766000000, 0x0000000766000000| Untracked 
|  20|0x0000000768000000, 0x0000000768000000, 0x000000076a000000|  0%| F|  |TAMS 0x0000000768000000, 0x0000000768000000| Untracked 
|  21|0x000000076a000000, 0x000000076a000000, 0x000000076c000000|  0%| F|  |TAMS 0x000000076a000000, 0x000000076a000000| Untracked 
|  22|0x000000076c000000, 0x000000076c000000, 0x000000076e000000|  0%| F|  |TAMS 0x000000076c000000, 0x000000076c000000| Untracked 
|  23|0x000000076e000000, 0x000000076e000000, 0x0000000770000000|  0%| F|  |TAMS 0x000000076e000000, 0x000000076e000000| Untracked 
|  24|0x0000000770000000, 0x0000000770000000, 0x0000000772000000|  0%| F|  |TAMS 0x0000000770000000, 0x0000000770000000| Untracked 
|  25|0x0000000772000000, 0x0000000772948c30, 0x0000000774000000| 29%| E|  |TAMS 0x0000000772000000, 0x0000000772000000| Complete 
|  26|0x0000000774000000, 0x0000000776000000, 0x0000000776000000|100%| E|CS|TAMS 0x0000000774000000, 0x0000000774000000| Complete 
|  27|0x0000000776000000, 0x0000000778000000, 0x0000000778000000|100%| E|CS|TAMS 0x0000000776000000, 0x0000000776000000| Complete 
|  30|0x000000077c000000, 0x000000077e000000, 0x000000077e000000|100%| E|CS|TAMS 0x000000077c000000, 0x000000077c000000| Complete 
|  41|0x0000000792000000, 0x0000000794000000, 0x0000000794000000|100%| E|CS|TAMS 0x0000000792000000, 0x0000000792000000| Complete 

Card table byte_map: [0x0000019172a70000,0x0000019173070000] _byte_map_base: 0x000001916f070000

Marking Bits (Prev, Next): (CMBitMap*) 0x000001916a7d88d0, (CMBitMap*) 0x000001916a7d8890
 Prev Bits: [0x0000019176670000, 0x0000019179670000)
 Next Bits: [0x0000019173670000, 0x0000019176670000)

Polling page: 0x0000019169f80000

Metaspace:

Usage:
  Non-class:     38.36 MB used.
      Class:      6.37 MB used.
       Both:     44.73 MB used.

Virtual space:
  Non-class space:       40.00 MB reserved,      38.75 MB ( 97%) committed,  5 nodes.
      Class space:        1.00 GB reserved,       6.69 MB ( <1%) committed,  1 nodes.
              Both:        1.04 GB reserved,      45.44 MB (  4%) committed. 

Chunk freelists:
   Non-Class:  352.00 KB
       Class:  1.31 MB
        Both:  1.66 MB

MaxMetaspaceSize: 17179869184.00 GB
CompressedClassSpaceSize: 1.00 GB
 - commit_granule_bytes: 65536.
 - commit_granule_words: 8192.
 - virtual_space_node_default_size: 1048576.
 - enlarge_chunks_in_place: 1.
 - new_chunks_are_fully_committed: 0.
 - uncommit_free_chunks: 1.
 - use_allocation_guard: 0.
 - handle_deallocations: 1.


Internal statistics:

num_allocs_failed_limit: 6.
num_arena_births: 1126.
num_arena_deaths: 2.
num_vsnodes_births: 6.
num_vsnodes_deaths: 0.
num_space_committed: 724.
num_space_uncommitted: 0.
num_chunks_returned_to_freelist: 10.
num_chunks_taken_from_freelist: 3066.
num_chunk_merges: 6.
num_chunk_splits: 1948.
num_chunks_enlarged: 1295.
num_purges: 2.

CodeHeap 'non-profiled nmethods': size=120000Kb used=8420Kb max_used=8420Kb free=111579Kb
 bounds [0x0000019107ad0000, 0x0000019108310000, 0x000001910f000000]
CodeHeap 'profiled nmethods': size=120000Kb used=15894Kb max_used=16806Kb free=104105Kb
 bounds [0x00000191005a0000, 0x0000019101610000, 0x0000019107ad0000]
CodeHeap 'non-nmethods': size=5760Kb used=2123Kb max_used=2171Kb free=3636Kb
 bounds [0x0000019100000000, 0x0000019100270000, 0x00000191005a0000]
 total_blobs=10053 nmethods=8364 adapters=1599
 compilation: enabled
              stopped_count=0, restarted_count=0
 full_count=0

Compilation events (20 events):
Event: 54.733 Thread 0x000001917c24e580 14113       3       jdk.nio.zipfs.ZipPath::isAbsolute (25 bytes)
Event: 54.733 Thread 0x000001917c24e580 nmethod 14113 0x0000019100dadc90 code [0x0000019100dade40, 0x0000019100dae018]
Event: 54.733 Thread 0x000001917c24e580 14114       1       jdk.internal.math.FloatingDecimal$BinaryToASCIIBuffer::setSign (6 bytes)
Event: 54.733 Thread 0x000001917c24e580 nmethod 14114 0x0000019108308790 code [0x0000019108308920, 0x00000191083089f8]
Event: 54.733 Thread 0x000001917c245160 14115       4       java.util.Objects::equals (23 bytes)
Event: 54.734 Thread 0x000001917c24e580 14116       3       java.util.Locale::hasExtensions (13 bytes)
Event: 54.734 Thread 0x000001917c24e580 nmethod 14116 0x0000019101227410 code [0x00000191012275a0, 0x0000019101227718]
Event: 54.734 Thread 0x000001917c245160 nmethod 14115 0x0000019108308a90 code [0x0000019108308c20, 0x0000019108308cb8]
Event: 54.734 Thread 0x000001917c24e580 14117       3       java.math.BigDecimal::divideAndRound (132 bytes)
Event: 54.734 Thread 0x000001917c245160 14119       4       java.lang.String::valueOf (15 bytes)
Event: 54.734 Thread 0x000001917c24e580 nmethod 14117 0x0000019100d6dd10 code [0x0000019100d6df20, 0x0000019100d6e4c8]
Event: 54.734 Thread 0x000001917c24e580 14118       3       java.lang.Throwable$WrappedPrintStream::println (9 bytes)
Event: 54.734 Thread 0x000001917c24e580 nmethod 14118 0x0000019100d6d890 code [0x0000019100d6da40, 0x0000019100d6dc28]
Event: 54.734 Thread 0x000001917c24e580 14120       3       java.lang.StackTraceElement::toString (322 bytes)
Event: 54.735 Thread 0x000001917c245160 nmethod 14119 0x0000019108308d90 code [0x0000019108308f20, 0x0000019108308fb8]
Event: 54.736 Thread 0x000001917c24e580 nmethod 14120 0x0000019101190590 code [0x0000019101190c00, 0x0000019101193ab8]
Event: 54.736 Thread 0x000001917c24e580 14121       3       java.io.FileCleanable::register (49 bytes)
Event: 54.736 Thread 0x000001917c24e580 nmethod 14121 0x0000019100d6cb10 code [0x0000019100d6cd20, 0x0000019100d6d578]
Event: 54.736 Thread 0x000001917c24e580 14122       3       java.io.FileDescriptor$1::get (5 bytes)
Event: 54.736 Thread 0x000001917c24e580 nmethod 14122 0x00000191012f0790 code [0x00000191012f0920, 0x00000191012f0a38]

GC Heap History (20 events):
Event: 46.824 GC heap before
{Heap before GC invocations=70 (full 0):
 garbage-first heap   total 983040K, used 694386K [0x0000000740000000, 0x0000000800000000)
  region size 32768K, 15 young (491520K), 1 survivors (32768K)
 Metaspace       used 45194K, committed 45888K, reserved 1089536K
  class space    used 6441K, committed 6784K, reserved 1048576K
}
Event: 46.825 GC heap after
{Heap after GC invocations=71 (full 0):
 garbage-first heap   total 983040K, used 234942K [0x0000000740000000, 0x0000000800000000)
  region size 32768K, 1 young (32768K), 1 survivors (32768K)
 Metaspace       used 45194K, committed 45888K, reserved 1089536K
  class space    used 6441K, committed 6784K, reserved 1048576K
}
Event: 47.608 GC heap before
{Heap before GC invocations=71 (full 0):
 garbage-first heap   total 983040K, used 693694K [0x0000000740000000, 0x0000000800000000)
  region size 32768K, 15 young (491520K), 1 survivors (32768K)
 Metaspace       used 45249K, committed 45952K, reserved 1089536K
  class space    used 6449K, committed 6784K, reserved 1048576K
}
Event: 47.610 GC heap after
{Heap after GC invocations=72 (full 0):
 garbage-first heap   total 983040K, used 236048K [0x0000000740000000, 0x0000000800000000)
  region size 32768K, 1 young (32768K), 1 survivors (32768K)
 Metaspace       used 45249K, committed 45952K, reserved 1089536K
  class space    used 6449K, committed 6784K, reserved 1048576K
}
Event: 48.399 GC heap before
{Heap before GC invocations=72 (full 0):
 garbage-first heap   total 983040K, used 694800K [0x0000000740000000, 0x0000000800000000)
  region size 32768K, 15 young (491520K), 1 survivors (32768K)
 Metaspace       used 45288K, committed 46016K, reserved 1089536K
  class space    used 6453K, committed 6784K, reserved 1048576K
}
Event: 48.400 GC heap after
{Heap after GC invocations=73 (full 0):
 garbage-first heap   total 983040K, used 235266K [0x0000000740000000, 0x0000000800000000)
  region size 32768K, 1 young (32768K), 1 survivors (32768K)
 Metaspace       used 45288K, committed 46016K, reserved 1089536K
  class space    used 6453K, committed 6784K, reserved 1048576K
}
Event: 49.155 GC heap before
{Heap before GC invocations=73 (full 0):
 garbage-first heap   total 983040K, used 694018K [0x0000000740000000, 0x0000000800000000)
  region size 32768K, 15 young (491520K), 1 survivors (32768K)
 Metaspace       used 45411K, committed 46208K, reserved 1089536K
  class space    used 6472K, committed 6848K, reserved 1048576K
}
Event: 49.156 GC heap after
{Heap after GC invocations=74 (full 0):
 garbage-first heap   total 983040K, used 235183K [0x0000000740000000, 0x0000000800000000)
  region size 32768K, 1 young (32768K), 1 survivors (32768K)
 Metaspace       used 45411K, committed 46208K, reserved 1089536K
  class space    used 6472K, committed 6848K, reserved 1048576K
}
Event: 49.934 GC heap before
{Heap before GC invocations=74 (full 0):
 garbage-first heap   total 983040K, used 693935K [0x0000000740000000, 0x0000000800000000)
  region size 32768K, 15 young (491520K), 1 survivors (32768K)
 Metaspace       used 45446K, committed 46272K, reserved 1089536K
  class space    used 6473K, committed 6848K, reserved 1048576K
}
Event: 49.935 GC heap after
{Heap after GC invocations=75 (full 0):
 garbage-first heap   total 983040K, used 235471K [0x0000000740000000, 0x0000000800000000)
  region size 32768K, 1 young (32768K), 1 survivors (32768K)
 Metaspace       used 45446K, committed 46272K, reserved 1089536K
  class space    used 6473K, committed 6848K, reserved 1048576K
}
Event: 50.711 GC heap before
{Heap before GC invocations=75 (full 0):
 garbage-first heap   total 983040K, used 694223K [0x0000000740000000, 0x0000000800000000)
  region size 32768K, 15 young (491520K), 1 survivors (32768K)
 Metaspace       used 45467K, committed 46272K, reserved 1089536K
  class space    used 6476K, committed 6848K, reserved 1048576K
}
Event: 50.713 GC heap after
{Heap after GC invocations=76 (full 0):
 garbage-first heap   total 983040K, used 235504K [0x0000000740000000, 0x0000000800000000)
  region size 32768K, 1 young (32768K), 1 survivors (32768K)
 Metaspace       used 45467K, committed 46272K, reserved 1089536K
  class space    used 6476K, committed 6848K, reserved 1048576K
}
Event: 51.490 GC heap before
{Heap before GC invocations=76 (full 0):
 garbage-first heap   total 983040K, used 694256K [0x0000000740000000, 0x0000000800000000)
  region size 32768K, 15 young (491520K), 1 survivors (32768K)
 Metaspace       used 45471K, committed 46272K, reserved 1089536K
  class space    used 6476K, committed 6848K, reserved 1048576K
}
Event: 51.492 GC heap after
{Heap after GC invocations=77 (full 0):
 garbage-first heap   total 983040K, used 236102K [0x0000000740000000, 0x0000000800000000)
  region size 32768K, 1 young (32768K), 1 survivors (32768K)
 Metaspace       used 45471K, committed 46272K, reserved 1089536K
  class space    used 6476K, committed 6848K, reserved 1048576K
}
Event: 52.270 GC heap before
{Heap before GC invocations=77 (full 0):
 garbage-first heap   total 983040K, used 694854K [0x0000000740000000, 0x0000000800000000)
  region size 32768K, 15 young (491520K), 1 survivors (32768K)
 Metaspace       used 45477K, committed 46272K, reserved 1089536K
  class space    used 6476K, committed 6848K, reserved 1048576K
}
Event: 52.271 GC heap after
{Heap after GC invocations=78 (full 0):
 garbage-first heap   total 983040K, used 235497K [0x0000000740000000, 0x0000000800000000)
  region size 32768K, 1 young (32768K), 1 survivors (32768K)
 Metaspace       used 45477K, committed 46272K, reserved 1089536K
  class space    used 6476K, committed 6848K, reserved 1048576K
}
Event: 53.045 GC heap before
{Heap before GC invocations=78 (full 0):
 garbage-first heap   total 983040K, used 694249K [0x0000000740000000, 0x0000000800000000)
  region size 32768K, 15 young (491520K), 1 survivors (32768K)
 Metaspace       used 45501K, committed 46272K, reserved 1089536K
  class space    used 6476K, committed 6848K, reserved 1048576K
}
Event: 53.047 GC heap after
{Heap after GC invocations=79 (full 0):
 garbage-first heap   total 983040K, used 236036K [0x0000000740000000, 0x0000000800000000)
  region size 32768K, 1 young (32768K), 1 survivors (32768K)
 Metaspace       used 45501K, committed 46272K, reserved 1089536K
  class space    used 6476K, committed 6848K, reserved 1048576K
}
Event: 53.827 GC heap before
{Heap before GC invocations=79 (full 0):
 garbage-first heap   total 983040K, used 694788K [0x0000000740000000, 0x0000000800000000)
  region size 32768K, 15 young (491520K), 1 survivors (32768K)
 Metaspace       used 45502K, committed 46272K, reserved 1089536K
  class space    used 6476K, committed 6848K, reserved 1048576K
}
Event: 53.829 GC heap after
{Heap after GC invocations=80 (full 0):
 garbage-first heap   total 983040K, used 235548K [0x0000000740000000, 0x0000000800000000)
  region size 32768K, 1 young (32768K), 1 survivors (32768K)
 Metaspace       used 45502K, committed 46272K, reserved 1089536K
  class space    used 6476K, committed 6848K, reserved 1048576K
}

Deoptimization events (20 events):
Event: 54.180 Thread 0x000001913ec1f910 DEOPT PACKING pc=0x0000019100679298 sp=0x00000026c3afe950
Event: 54.180 Thread 0x000001913ec1f910 DEOPT UNPACKING pc=0x000001910004dece sp=0x00000026c3afdec8 mode 0
Event: 54.227 Thread 0x000001913ec1f910 Uncommon trap: trap_request=0xffffffde fr.pc=0x000001910823d2fc relative=0x000000000000005c
Event: 54.227 Thread 0x000001913ec1f910 Uncommon trap: reason=class_check action=maybe_recompile pc=0x000001910823d2fc method=necesse.entity.mobs.ai.behaviourTree.event.AIEventHandler$$Lambda$1319/0x00000008011ae588.test(Ljava/lang/Object;)Z @ 1 c2
Event: 54.227 Thread 0x000001913ec1f910 DEOPT PACKING pc=0x000001910823d2fc sp=0x00000026c3afe8b0
Event: 54.227 Thread 0x000001913ec1f910 DEOPT UNPACKING pc=0x000001910004d72e sp=0x00000026c3afe830 mode 2
Event: 54.227 Thread 0x000001913ec1f910 Uncommon trap: trap_request=0xffffffde fr.pc=0x000001910800815c relative=0x0000000000000afc
Event: 54.227 Thread 0x000001913ec1f910 Uncommon trap: reason=class_check action=maybe_recompile pc=0x000001910800815c method=necesse.entity.mobs.ai.behaviourTree.event.AIEventHandler.submitEvent(Lnecesse/entity/mobs/ai/behaviourTree/event/AIEvent;)V @ 36 c2
Event: 54.227 Thread 0x000001913ec1f910 DEOPT PACKING pc=0x000001910800815c sp=0x00000026c3afe8d0
Event: 54.227 Thread 0x000001913ec1f910 DEOPT UNPACKING pc=0x000001910004d72e sp=0x00000026c3afe8c0 mode 2
Event: 54.277 Thread 0x000001913ec1f910 Uncommon trap: trap_request=0xffffffde fr.pc=0x000001910823d2fc relative=0x000000000000005c
Event: 54.277 Thread 0x000001913ec1f910 Uncommon trap: reason=class_check action=maybe_recompile pc=0x000001910823d2fc method=necesse.entity.mobs.ai.behaviourTree.event.AIEventHandler$$Lambda$1319/0x00000008011ae588.test(Ljava/lang/Object;)Z @ 1 c2
Event: 54.277 Thread 0x000001913ec1f910 DEOPT PACKING pc=0x000001910823d2fc sp=0x00000026c3afe8b0
Event: 54.277 Thread 0x000001913ec1f910 DEOPT UNPACKING pc=0x000001910004d72e sp=0x00000026c3afe830 mode 2
Event: 54.277 Thread 0x000001913ec1f910 Uncommon trap: trap_request=0xffffffde fr.pc=0x000001910800815c relative=0x0000000000000afc
Event: 54.277 Thread 0x000001913ec1f910 Uncommon trap: reason=class_check action=maybe_recompile pc=0x000001910800815c method=necesse.entity.mobs.ai.behaviourTree.event.AIEventHandler.submitEvent(Lnecesse/entity/mobs/ai/behaviourTree/event/AIEvent;)V @ 36 c2
Event: 54.277 Thread 0x000001913ec1f910 DEOPT PACKING pc=0x000001910800815c sp=0x00000026c3afe8d0
Event: 54.277 Thread 0x000001913ec1f910 DEOPT UNPACKING pc=0x000001910004d72e sp=0x00000026c3afe8c0 mode 2
Event: 54.634 Thread 0x000001913ec1f910 DEOPT PACKING pc=0x00000191013f75ef sp=0x00000026c3afe4a0
Event: 54.634 Thread 0x000001913ec1f910 DEOPT UNPACKING pc=0x000001910004dece sp=0x00000026c3afda18 mode 0

Classes unloaded (1 events):
Event: 11.161 Thread 0x000001916a874fd0 Unloading class 0x0000000800de0800 'net/bytebuddy/mirror/AccessibleObject'

Classes redefined (20 events):
Event: 5.250 Thread 0x000001916a874fd0 redefined class name=necesse.gfx.forms.MainGameFormManager, count=1
Event: 5.256 Thread 0x000001916a874fd0 redefined class name=dragonsaga.examples.ExampleConstructorPatch, count=8
Event: 5.256 Thread 0x000001916a874fd0 redefined class name=dragonsaga.examples.ExampleMethodPatch, count=8
Event: 5.256 Thread 0x000001916a874fd0 redefined class name=dragonsaga.mobs.human.patches.PlayerMobClientTickPatch, count=8
Event: 5.256 Thread 0x000001916a874fd0 redefined class name=dragonsaga.mobs.human.patches.PlayerMobConstructorPatch, count=8
Event: 5.256 Thread 0x000001916a874fd0 redefined class name=dragonsaga.mobs.human.patches.PlayerMobLoadSavePatch, count=8
Event: 5.256 Thread 0x000001916a874fd0 redefined class name=dragonsaga.mobs.human.patches.PlayerMobSavePatch, count=8
Event: 5.256 Thread 0x000001916a874fd0 redefined class name=dragonsaga.mobs.human.patches.PlayerMobServerTickPatch, count=8
Event: 5.256 Thread 0x000001916a874fd0 redefined class name=dragonsaga.ui.patches.maingameformmanager.MainGameFormManagerSetupPatch, count=8
Event: 5.256 Thread 0x000001916a874fd0 redefined class name=dragonsaga.ui.patches.maingameformmanager.MainGameFormManagerUpdatePatch, count=8
Event: 5.279 Thread 0x000001916a874fd0 redefined class name=necesse.gfx.forms.MainGameFormManager, count=2
Event: 5.286 Thread 0x000001916a874fd0 redefined class name=dragonsaga.examples.ExampleConstructorPatch, count=9
Event: 5.286 Thread 0x000001916a874fd0 redefined class name=dragonsaga.examples.ExampleMethodPatch, count=9
Event: 5.286 Thread 0x000001916a874fd0 redefined class name=dragonsaga.mobs.human.patches.PlayerMobClientTickPatch, count=9
Event: 5.286 Thread 0x000001916a874fd0 redefined class name=dragonsaga.mobs.human.patches.PlayerMobConstructorPatch, count=9
Event: 5.286 Thread 0x000001916a874fd0 redefined class name=dragonsaga.mobs.human.patches.PlayerMobLoadSavePatch, count=9
Event: 5.286 Thread 0x000001916a874fd0 redefined class name=dragonsaga.mobs.human.patches.PlayerMobSavePatch, count=9
Event: 5.286 Thread 0x000001916a874fd0 redefined class name=dragonsaga.mobs.human.patches.PlayerMobServerTickPatch, count=9
Event: 5.286 Thread 0x000001916a874fd0 redefined class name=dragonsaga.ui.patches.maingameformmanager.MainGameFormManagerSetupPatch, count=9
Event: 5.286 Thread 0x000001916a874fd0 redefined class name=dragonsaga.ui.patches.maingameformmanager.MainGameFormManagerUpdatePatch, count=9

Internal exceptions (20 events):
Event: 31.103 Thread 0x000001912e1b4360 Exception <a 'java/lang/NoSuchMethodError'{0x0000000765599438}: 'int java.lang.invoke.DirectMethodHandle$Holder.invokeVirtual(java.lang.Object, java.lang.Object, int, int)'> (0x0000000765599438) 
thrown [t:\workspace\open\src\hotspot\share\interpreter\linkResolver.cpp, line 790]
Event: 31.210 Thread 0x000001916a79dbf0 Exception <a 'java/lang/NoSuchMethodError'{0x000000076365ec70}: 'java.lang.Object java.lang.invoke.DirectMethodHandle$Holder.newInvokeSpecial(java.lang.Object, java.lang.Object, float, float)'> (0x000000076365ec70) 
thrown [t:\workspace\open\src\hotspot\share\interpreter\linkResolver.cpp, line 790]
Event: 31.241 Thread 0x000001912e1b4360 Exception <a 'java/lang/NoSuchMethodError'{0x00000007606a0cf8}: 'java.lang.Object java.lang.invoke.DirectMethodHandle$Holder.newInvokeSpecial(java.lang.Object, java.lang.Object, int, int, float)'> (0x00000007606a0cf8) 
thrown [t:\workspace\open\src\hotspot\share\interpreter\linkResolver.cpp, line 790]
Event: 31.783 Thread 0x000001913ec1f910 Exception <a 'java/lang/NoSuchMethodError'{0x0000000765218e60}: 'java.lang.Object java.lang.invoke.DirectMethodHandle$Holder.invokeStatic(java.lang.Object, java.lang.Object, java.lang.Object, int, int)'> (0x0000000765218e60) 
thrown [t:\workspace\open\src\hotspot\share\interpreter\linkResolver.cpp, line 790]
Event: 31.783 Thread 0x000001913ec1f910 Exception <a 'java/lang/NoSuchMethodError'{0x0000000765220160}: 'java.lang.Object java.lang.invoke.DirectMethodHandle$Holder.newInvokeSpecial(java.lang.Object, java.lang.Object, java.lang.Object, int, int)'> (0x0000000765220160) 
thrown [t:\workspace\open\src\hotspot\share\interpreter\linkResolver.cpp, line 790]
Event: 31.784 Thread 0x000001913ec1f910 Exception <a 'java/lang/NoSuchMethodError'{0x0000000765224088}: 'java.lang.Object java.lang.invoke.DirectMethodHandle$Holder.invokeSpecial(java.lang.Object, java.lang.Object, java.lang.Object, java.lang.Object, int, int)'> (0x0000000765224088) 
thrown [t:\workspace\open\src\hotspot\share\interpreter\linkResolver.cpp, line 790]
Event: 31.784 Thread 0x000001913ec1f910 Exception <a 'java/lang/NoSuchMethodError'{0x0000000765227cc8}: 'java.lang.Object java.lang.invoke.Invokers$Holder.linkToTargetMethod(java.lang.Object, java.lang.Object, int, int, java.lang.Object)'> (0x0000000765227cc8) 
thrown [t:\workspace\open\src\hotspot\share\interpreter\linkResolver.cpp, line 790]
Event: 31.788 Thread 0x000001913ec1f910 Exception <a 'java/lang/NoSuchMethodError'{0x00000007655d6280}: 'java.lang.Object java.lang.invoke.DirectMethodHandle$Holder.invokeSpecial(java.lang.Object, java.lang.Object, int, java.lang.Object, java.lang.Object)'> (0x00000007655d6280) 
thrown [t:\workspace\open\src\hotspot\share\interpreter\linkResolver.cpp, line 790]
Event: 33.446 Thread 0x000001916a79dbf0 Exception <a 'java/lang/NoSuchMethodError'{0x00000007619ddbc8}: 'java.lang.Object java.lang.invoke.DirectMethodHandle$Holder.newInvokeSpecial(java.lang.Object, int, int, java.lang.Object, java.lang.Object)'> (0x00000007619ddbc8) 
thrown [t:\workspace\open\src\hotspot\share\interpreter\linkResolver.cpp, line 790]
Event: 33.446 Thread 0x000001916a79dbf0 Exception <a 'java/lang/NoSuchMethodError'{0x00000007619e1e68}: 'java.lang.Object java.lang.invoke.DirectMethodHandle$Holder.invokeSpecial(java.lang.Object, java.lang.Object, int, int, java.lang.Object, java.lang.Object)'> (0x00000007619e1e68) 
thrown [t:\workspace\open\src\hotspot\share\interpreter\linkResolver.cpp, line 790]
Event: 45.385 Thread 0x000001916a79dbf0 Exception <a 'java/lang/NoSuchMethodError'{0x0000000777cb8f58}: 'java.lang.Object java.lang.invoke.DirectMethodHandle$Holder.invokeStatic(java.lang.Object, java.lang.Object, java.lang.Object, int, int, float)'> (0x0000000777cb8f58) 
thrown [t:\workspace\open\src\hotspot\share\interpreter\linkResolver.cpp, line 790]
Event: 45.386 Thread 0x000001916a79dbf0 Exception <a 'java/lang/NoSuchMethodError'{0x0000000777cd4ed0}: 'java.lang.Object java.lang.invoke.DirectMethodHandle$Holder.newInvokeSpecial(java.lang.Object, java.lang.Object, float, java.lang.Object)'> (0x0000000777cd4ed0) 
thrown [t:\workspace\open\src\hotspot\share\interpreter\linkResolver.cpp, line 790]
Event: 45.387 Thread 0x000001916a79dbf0 Exception <a 'java/lang/NoSuchMethodError'{0x0000000777cd90f8}: 'java.lang.Object java.lang.invoke.DirectMethodHandle$Holder.invokeSpecial(java.lang.Object, java.lang.Object, java.lang.Object, float, java.lang.Object)'> (0x0000000777cd90f8) 
thrown [t:\workspace\open\src\hotspot\share\interpreter\linkResolver.cpp, line 790]
Event: 45.387 Thread 0x000001916a79dbf0 Exception <a 'java/lang/NoSuchMethodError'{0x0000000777cdccc8}: 'java.lang.Object java.lang.invoke.Invokers$Holder.linkToTargetMethod(java.lang.Object, float, java.lang.Object, java.lang.Object)'> (0x0000000777cdccc8) 
thrown [t:\workspace\open\src\hotspot\share\interpreter\linkResolver.cpp, line 790]
Event: 47.522 Thread 0x000001916a79dbf0 Exception <a 'java/lang/NoSuchMethodError'{0x0000000762675e20}: 'void java.lang.invoke.DirectMethodHandle$Holder.invokeSpecial(java.lang.Object, java.lang.Object, java.lang.Object, java.lang.Object, int, int)'> (0x0000000762675e20) 
thrown [t:\workspace\open\src\hotspot\share\interpreter\linkResolver.cpp, line 790]
Event: 48.789 Thread 0x000001913ec1f910 Exception <a 'java/lang/NoSuchMethodError'{0x000000076c03e618}: 'java.lang.Object java.lang.invoke.DirectMethodHandle$Holder.newInvokeSpecial(java.lang.Object, java.lang.Object, java.lang.Object, java.lang.Object, int, int, int)'> (0x000000076c03e618) 
thrown [t:\workspace\open\src\hotspot\share\interpreter\linkResolver.cpp, line 790]
Event: 48.789 Thread 0x000001913ec1f910 Exception <a 'java/lang/NoSuchMethodError'{0x000000076c042a78}: 'java.lang.Object java.lang.invoke.DirectMethodHandle$Holder.invokeSpecial(java.lang.Object, java.lang.Object, java.lang.Object, java.lang.Object, java.lang.Object, int, int, int)'> (0x000000076c042a78) 
thrown [t:\workspace\open\src\hotspot\share\interpreter\linkResolver.cpp, line 790]
Event: 48.790 Thread 0x000001913ec1f910 Exception <a 'java/lang/NoSuchMethodError'{0x000000076c3eeca0}: 'java.lang.Object java.lang.invoke.DirectMethodHandle$Holder.newInvokeSpecial(java.lang.Object, java.lang.Object, java.lang.Object, long, java.lang.Object)'> (0x000000076c3eeca0) 
thrown [t:\workspace\open\src\hotspot\share\interpreter\linkResolver.cpp, line 790]
Event: 48.790 Thread 0x000001913ec1f910 Exception <a 'java/lang/NoSuchMethodError'{0x000000076c3f2f68}: 'java.lang.Object java.lang.invoke.DirectMethodHandle$Holder.invokeSpecial(java.lang.Object, java.lang.Object, java.lang.Object, java.lang.Object, long, java.lang.Object)'> (0x000000076c3f2f68) 
thrown [t:\workspace\open\src\hotspot\share\interpreter\linkResolver.cpp, line 790]
Event: 48.790 Thread 0x000001913ec1f910 Exception <a 'java/lang/NoSuchMethodError'{0x000000076c3f6c50}: 'java.lang.Object java.lang.invoke.Invokers$Holder.linkToTargetMethod(java.lang.Object, java.lang.Object, long, java.lang.Object, java.lang.Object)'> (0x000000076c3f6c50) 
thrown [t:\workspace\open\src\hotspot\share\interpreter\linkResolver.cpp, line 790]

Events (20 events):
Event: 49.935 Executing  VM operation: G1CollectForAllocation done
Event: 50.711 Executing  VM operation: G1CollectForAllocation
Event: 50.713 Executing  VM operation: G1CollectForAllocation done
Event: 51.490 Executing  VM operation: G1CollectForAllocation
Event: 51.492 Executing  VM operation: G1CollectForAllocation done
Event: 52.270 Executing  VM operation: G1CollectForAllocation
Event: 52.271 Executing  VM operation: G1CollectForAllocation done
Event: 53.045 Executing  VM operation: G1CollectForAllocation
Event: 53.047 Executing  VM operation: G1CollectForAllocation done
Event: 53.827 Executing  VM operation: G1CollectForAllocation
Event: 53.829 Executing  VM operation: G1CollectForAllocation done
Event: 54.125 Thread 0x000001913ec1fe60 Thread exited: 0x000001913ec1fe60
Event: 54.125 Thread 0x000001913ec22e30 Thread exited: 0x000001913ec22e30
Event: 54.125 Thread 0x000001912e1b2e20 Thread exited: 0x000001912e1b2e20
Event: 54.125 Thread 0x000001912e1b4360 Thread exited: 0x000001912e1b4360
Event: 54.125 Thread 0x000001912e1b5350 Thread exited: 0x000001912e1b5350
Event: 54.125 Thread 0x000001912e1b6de0 Thread exited: 0x000001912e1b6de0
Event: 54.137 Thread 0x0000019139545010 Thread added: 0x0000019139545010
Event: 54.192 Thread 0x000001912e1b3e10 Thread exited: 0x000001912e1b3e10
Event: 54.333 Thread 0x0000019139545010 Thread exited: 0x0000019139545010


Dynamic libraries:
0x00007ff7a5670000 - 0x00007ff7a5680000 	C:\Program Files\Java\jdk-16\bin\java.exe
0x00007ffd660d0000 - 0x00007ffd662c7000 	C:\WINDOWS\SYSTEM32\ntdll.dll
0x00007ffd65720000 - 0x00007ffd657dd000 	C:\WINDOWS\System32\KERNEL32.DLL
0x00007ffd63b50000 - 0x00007ffd63e1d000 	C:\WINDOWS\System32\KERNELBASE.dll
0x00007ffd638d0000 - 0x00007ffd639d0000 	C:\WINDOWS\System32\ucrtbase.dll
0x00007ffd58790000 - 0x00007ffd587a9000 	C:\Program Files\Java\jdk-16\bin\VCRUNTIME140.dll
0x00007ffd557e0000 - 0x00007ffd557f8000 	C:\Program Files\Java\jdk-16\bin\jli.dll
0x00007ffd64ea0000 - 0x00007ffd64f4e000 	C:\WINDOWS\System32\ADVAPI32.dll
0x00007ffd65b50000 - 0x00007ffd65bee000 	C:\WINDOWS\System32\msvcrt.dll
0x00007ffd65320000 - 0x00007ffd653bc000 	C:\WINDOWS\System32\sechost.dll
0x00007ffd65a20000 - 0x00007ffd65b45000 	C:\WINDOWS\System32\RPCRT4.dll
0x00007ffd65460000 - 0x00007ffd65600000 	C:\WINDOWS\System32\USER32.dll
0x00007ffd4f000000 - 0x00007ffd4f29a000 	C:\WINDOWS\WinSxS\amd64_microsoft.windows.common-controls_6595b64144ccf1df_6.0.19041.1110_none_60b5254171f9507e\COMCTL32.dll
0x00007ffd638a0000 - 0x00007ffd638c2000 	C:\WINDOWS\System32\win32u.dll
0x00007ffd65430000 - 0x00007ffd6545a000 	C:\WINDOWS\System32\GDI32.dll
0x00007ffd639d0000 - 0x00007ffd63adb000 	C:\WINDOWS\System32\gdi32full.dll
0x00007ffd5a7b0000 - 0x00007ffd5a7ba000 	C:\WINDOWS\SYSTEM32\VERSION.dll
0x00007ffd63f30000 - 0x00007ffd63fcd000 	C:\WINDOWS\System32\msvcp_win.dll
0x00007ffd65bf0000 - 0x00007ffd65c20000 	C:\WINDOWS\System32\IMM32.DLL
0x00007ffd5fec0000 - 0x00007ffd5fecc000 	C:\Program Files\Java\jdk-16\bin\vcruntime140_1.dll
0x00007ffd31530000 - 0x00007ffd315c1000 	C:\Program Files\Java\jdk-16\bin\msvcp140.dll
0x00007ffcee4b0000 - 0x00007ffcef05b000 	C:\Program Files\Java\jdk-16\bin\server\jvm.dll
0x00007ffd64f50000 - 0x00007ffd64f58000 	C:\WINDOWS\System32\PSAPI.DLL
0x00007ffd57870000 - 0x00007ffd57897000 	C:\WINDOWS\SYSTEM32\WINMM.dll
0x00007ffd46ea0000 - 0x00007ffd46ea9000 	C:\WINDOWS\SYSTEM32\WSOCK32.dll
0x00007ffd653c0000 - 0x00007ffd6542b000 	C:\WINDOWS\System32\WS2_32.dll
0x00007ffd62060000 - 0x00007ffd62072000 	C:\WINDOWS\SYSTEM32\kernel.appcore.dll
0x00007ffd5e930000 - 0x00007ffd5e93a000 	C:\Program Files\Java\jdk-16\bin\jimage.dll
0x00007ffd613e0000 - 0x00007ffd615c4000 	C:\WINDOWS\SYSTEM32\DBGHELP.DLL
0x00007ffd48c50000 - 0x00007ffd48c7c000 	C:\WINDOWS\SYSTEM32\dbgcore.DLL
0x00007ffd63ea0000 - 0x00007ffd63f22000 	C:\WINDOWS\System32\bcryptPrimitives.dll
0x00007ffd55160000 - 0x00007ffd55185000 	C:\Program Files\Java\jdk-16\bin\java.dll
0x00007ffd64750000 - 0x00007ffd64e94000 	C:\WINDOWS\System32\SHELL32.dll
0x00007ffd618b0000 - 0x00007ffd62044000 	C:\WINDOWS\SYSTEM32\windows.storage.dll
0x00007ffd64130000 - 0x00007ffd64484000 	C:\WINDOWS\System32\combase.dll
0x00007ffd63170000 - 0x00007ffd6319c000 	C:\WINDOWS\SYSTEM32\Wldp.dll
0x00007ffd64fd0000 - 0x00007ffd6507d000 	C:\WINDOWS\System32\SHCORE.dll
0x00007ffd646f0000 - 0x00007ffd64745000 	C:\WINDOWS\System32\shlwapi.dll
0x00007ffd63730000 - 0x00007ffd6374f000 	C:\WINDOWS\SYSTEM32\profapi.dll
0x00007ffd54930000 - 0x00007ffd54949000 	C:\Program Files\Java\jdk-16\bin\net.dll
0x00007ffd551c0000 - 0x00007ffd552ca000 	C:\WINDOWS\SYSTEM32\WINHTTP.dll
0x00007ffd62f50000 - 0x00007ffd62fba000 	C:\WINDOWS\system32\mswsock.dll
0x00007ffd4e730000 - 0x00007ffd4e743000 	C:\Program Files\Java\jdk-16\bin\nio.dll
0x00007ffd4e380000 - 0x00007ffd4e398000 	C:\Program Files\Java\jdk-16\bin\zip.dll
0x00007ffd5d1c0000 - 0x00007ffd5d1d0000 	C:\Program Files\Java\jdk-16\bin\verify.dll
0x00007ffd634b0000 - 0x00007ffd634c8000 	C:\WINDOWS\SYSTEM32\CRYPTSP.dll
0x00007ffd62880000 - 0x00007ffd628b4000 	C:\WINDOWS\system32\rsaenh.dll
0x00007ffd63e20000 - 0x00007ffd63e47000 	C:\WINDOWS\System32\bcrypt.dll
0x00007ffd636f0000 - 0x00007ffd6371e000 	C:\WINDOWS\SYSTEM32\USERENV.dll
0x00007ffd630e0000 - 0x00007ffd630ec000 	C:\WINDOWS\SYSTEM32\CRYPTBASE.dll
0x00007ffd62c10000 - 0x00007ffd62c4b000 	C:\WINDOWS\SYSTEM32\IPHLPAPI.DLL
0x00007ffd65310000 - 0x00007ffd65318000 	C:\WINDOWS\System32\NSI.dll
0x00007ffd5c470000 - 0x00007ffd5c487000 	C:\WINDOWS\SYSTEM32\dhcpcsvc6.DLL
0x00007ffd5cf00000 - 0x00007ffd5cf1d000 	C:\WINDOWS\SYSTEM32\dhcpcsvc.DLL
0x00007ffd62c50000 - 0x00007ffd62d1b000 	C:\WINDOWS\SYSTEM32\DNSAPI.dll
0x00007ffd4e780000 - 0x00007ffd4e7c5000 	G:\SteamLibrary\steamapps\common\Necesse\natives\jna14093501509559887555.dll
0x00007ffd65080000 - 0x00007ffd651aa000 	C:\WINDOWS\System32\Ole32.dll
0x00007ffd644f0000 - 0x00007ffd64599000 	C:\WINDOWS\System32\clbcatq.dll
0x00007ffd64620000 - 0x00007ffd646ed000 	C:\WINDOWS\System32\OleAut32.dll
0x00007ffd57730000 - 0x00007ffd57750000 	C:\WINDOWS\SYSTEM32\amsi.dll
0x00007ffd56ed0000 - 0x00007ffd56f4b000 	C:\ProgramData\Microsoft\Windows Defender\Platform\4.18.2205.7-0\MpOav.dll
0x00007ffd5a730000 - 0x00007ffd5a739000 	C:\Program Files\Java\jdk-16\bin\management.dll
0x00007ffd4e760000 - 0x00007ffd4e76b000 	C:\Program Files\Java\jdk-16\bin\management_ext.dll
0x00007ffd45860000 - 0x00007ffd458ac000 	G:\SteamLibrary\steamapps\common\Necesse\natives\steam_api64.dll
0x00007ffd45810000 - 0x00007ffd4585d000 	G:\SteamLibrary\steamapps\common\Necesse\natives\steamworks4j64.dll
0x00007ffd63fd0000 - 0x00007ffd64126000 	C:\WINDOWS\System32\CRYPT32.dll
0x00007ffd65c20000 - 0x00007ffd6608f000 	C:\WINDOWS\System32\SETUPAPI.dll
0x00007ffd63e50000 - 0x00007ffd63e9e000 	C:\WINDOWS\System32\cfgmgr32.dll
0x00007ffd1bd00000 - 0x00007ffd1be88000 	C:\Program Files (x86)\Steam\gameoverlayrenderer64.dll
0x00007ffd30f50000 - 0x00007ffd30fc1000 	G:\SteamLibrary\steamapps\common\Necesse\natives\lwjgl.dll
0x00007ffd360b0000 - 0x00007ffd36111000 	G:\SteamLibrary\steamapps\common\Necesse\natives\glfw.dll
0x00007ffd38b20000 - 0x00007ffd38b65000 	C:\WINDOWS\SYSTEM32\dinput8.dll
0x00007ffd58130000 - 0x00007ffd58282000 	C:\WINDOWS\SYSTEM32\inputhost.dll
0x00007ffd5f070000 - 0x00007ffd5f1c4000 	C:\WINDOWS\SYSTEM32\wintypes.dll
0x00007ffd5ebc0000 - 0x00007ffd5ecb6000 	C:\WINDOWS\SYSTEM32\PROPSYS.dll
0x00007ffd601e0000 - 0x00007ffd6053e000 	C:\WINDOWS\SYSTEM32\CoreUIComponents.dll
0x00007ffd608c0000 - 0x00007ffd609b2000 	C:\WINDOWS\SYSTEM32\CoreMessaging.dll
0x00007ffd624b0000 - 0x00007ffd624e3000 	C:\WINDOWS\SYSTEM32\ntmarta.dll
0x00007ffd39520000 - 0x00007ffd39531000 	C:\WINDOWS\SYSTEM32\xinput1_4.dll
0x00007ffd635a0000 - 0x00007ffd635cc000 	C:\WINDOWS\SYSTEM32\DEVOBJ.dll
0x00007ffd60fa0000 - 0x00007ffd60fcf000 	C:\WINDOWS\SYSTEM32\dwmapi.dll
0x00007ffd60d00000 - 0x00007ffd60d9e000 	C:\WINDOWS\system32\uxtheme.dll
0x00007ffd65600000 - 0x00007ffd65715000 	C:\WINDOWS\System32\MSCTF.dll
0x00007ffd1bb80000 - 0x00007ffd1bd00000 	C:\Program Files\Java\jdk-16\bin\awt.dll
0x00007ffd60bd0000 - 0x00007ffd60c60000 	C:\WINDOWS\SYSTEM32\apphelp.dll
0x00007ffd1fae0000 - 0x00007ffd1fc06000 	C:\WINDOWS\SYSTEM32\opengl32.dll
0x00007ffd4c620000 - 0x00007ffd4c64c000 	C:\WINDOWS\SYSTEM32\GLU32.dll
0x00007ffcd7080000 - 0x00007ffcda0a8000 	C:\WINDOWS\System32\DriverStore\FileRepository\nv_dispi.inf_amd64_3b12ac0f95b18b9d\nvoglv64.dll
0x00007ffd5ed70000 - 0x00007ffd5ed84000 	C:\WINDOWS\SYSTEM32\WTSAPI32.dll
0x00007ffd63540000 - 0x00007ffd63552000 	C:\WINDOWS\SYSTEM32\msasn1.dll
0x00007ffd5a690000 - 0x00007ffd5a6c1000 	C:\WINDOWS\SYSTEM32\cryptnet.dll
0x00007ffd587b0000 - 0x00007ffd588f8000 	C:\WINDOWS\SYSTEM32\drvstore.dll
0x00007ffd63ae0000 - 0x00007ffd63b47000 	C:\WINDOWS\System32\WINTRUST.dll
0x00007ffd59440000 - 0x00007ffd5947b000 	C:\WINDOWS\SYSTEM32\dxcore.dll
0x00007ffcfed20000 - 0x00007ffcfefe7000 	C:\WINDOWS\system32\nvspcap64.dll
0x00007ffd62d30000 - 0x00007ffd62d7b000 	C:\WINDOWS\SYSTEM32\powrprof.dll
0x00007ffd62bf0000 - 0x00007ffd62c02000 	C:\WINDOWS\SYSTEM32\UMPDC.dll
0x00007ffd62520000 - 0x00007ffd6257a000 	C:\WINDOWS\SYSTEM32\WINSTA.dll
0x00007ffd5d450000 - 0x00007ffd5d4d5000 	C:\WINDOWS\System32\MMDevApi.dll
0x00007ffd5d540000 - 0x00007ffd5d6c2000 	C:\WINDOWS\SYSTEM32\AUDIOSES.DLL
0x00007ffd30c40000 - 0x00007ffd30c9d000 	G:\SteamLibrary\steamapps\common\Necesse\natives\lwjgl_opengl.dll
0x00007ffd58030000 - 0x00007ffd58129000 	C:\WINDOWS\SYSTEM32\textinputframework.dll
0x00007ffd30980000 - 0x00007ffd30a01000 	G:\SteamLibrary\steamapps\common\Necesse\natives\lwjgl_stb.dll
0x00007ffd5c040000 - 0x00007ffd5c0ee000 	C:\WINDOWS\SYSTEM32\mscms.dll
0x00007ffd5c1d0000 - 0x00007ffd5c1e1000 	C:\WINDOWS\SYSTEM32\ColorAdapterClient.dll
0x00007ffd4c850000 - 0x00007ffd4c893000 	C:\WINDOWS\SYSTEM32\icm32.dll
0x00007ffd1b9e0000 - 0x00007ffd1bb77000 	G:\SteamLibrary\steamapps\common\Necesse\natives\OpenAL.dll
0x00007ffd60ea0000 - 0x00007ffd60eb4000 	C:\WINDOWS\SYSTEM32\resourcepolicyclient.dll
0x00007ffd5d2d0000 - 0x00007ffd5d2de000 	C:\Program Files\Java\jdk-16\bin\instrument.dll
0x00007ffd3ab60000 - 0x00007ffd3ab77000 	C:\WINDOWS\system32\napinsp.dll
0x00007ffd39be0000 - 0x00007ffd39bfb000 	C:\WINDOWS\system32\pnrpnsp.dll
0x00007ffd39bc0000 - 0x00007ffd39bd5000 	C:\WINDOWS\system32\wshbth.dll
0x00007ffd5f1d0000 - 0x00007ffd5f1ed000 	C:\WINDOWS\system32\NLAapi.dll
0x00007ffd39ba0000 - 0x00007ffd39bb2000 	C:\WINDOWS\System32\winrnr.dll
0x0000000071ef0000 - 0x0000000071f16000 	C:\Program Files\Bonjour\mdnsNSP.dll
0x00007ffd53780000 - 0x00007ffd5378a000 	C:\Windows\System32\rasadhlp.dll
0x00007ffd5a870000 - 0x00007ffd5a8f0000 	C:\WINDOWS\System32\fwpuclnt.dll

dbghelp: loaded successfully - version: 4.0.5 - missing functions: none
symbol engine: initialized successfully - sym options: 0x614 - pdb path: .;C:\Program Files\Java\jdk-16\bin;C:\WINDOWS\SYSTEM32;C:\WINDOWS\WinSxS\amd64_microsoft.windows.common-controls_6595b64144ccf1df_6.0.19041.1110_none_60b5254171f9507e;C:\Program Files\Java\jdk-16\bin\server;G:\SteamLibrary\steamapps\common\Necesse\natives;C:\ProgramData\Microsoft\Windows Defender\Platform\4.18.2205.7-0;C:\Program Files (x86)\Steam;C:\WINDOWS\System32\DriverStore\FileRepository\nv_dispi.inf_amd64_3b12ac0f95b18b9d;C:\Program Files\Bonjour

VM Arguments:
jvm_args: -XX:+UnlockExperimentalVMOptions -XX:+UseG1GC -XX:G1NewSizePercent=20 -XX:G1ReservePercent=20 -XX:MaxGCPauseMillis=50 -XX:G1HeapRegionSize=32M -Xms512m -Xmx3G -Dfile.encoding=windows-1252 -Duser.country=US -Duser.language=en -Duser.variant 
java_command: StartClient -dev 1 -mod build/jar
java_class_path (initial): G:\SteamLibrary\steamapps\common\Necesse\Necesse.jar
Launcher Type: SUN_STANDARD

[Global flags]
     intx CICompilerCount                          = 4                                         {product} {ergonomic}
     uint ConcGCThreads                            = 3                                         {product} {ergonomic}
     uint G1ConcRefinementThreads                  = 10                                        {product} {ergonomic}
   size_t G1HeapRegionSize                         = 33554432                                  {product} {command line}
    uintx G1NewSizePercent                         = 20                                   {experimental} {command line}
    uintx G1ReservePercent                         = 20                                        {product} {command line}
    uintx GCDrainStackTargetSize                   = 64                                        {product} {ergonomic}
   size_t InitialHeapSize                          = 536870912                                 {product} {command line}
   size_t MarkStackSize                            = 4194304                                   {product} {ergonomic}
    uintx MaxGCPauseMillis                         = 50                                        {product} {command line}
   size_t MaxHeapSize                              = 3221225472                                {product} {command line}
   size_t MaxNewSize                               = 1912602624                                {product} {ergonomic}
   size_t MinHeapDeltaBytes                        = 33554432                                  {product} {ergonomic}
   size_t MinHeapSize                              = 536870912                                 {product} {command line}
    uintx NonNMethodCodeHeapSize                   = 5839372                                {pd product} {ergonomic}
    uintx NonProfiledCodeHeapSize                  = 122909434                              {pd product} {ergonomic}
    uintx ProfiledCodeHeapSize                     = 122909434                              {pd product} {ergonomic}
    uintx ReservedCodeCacheSize                    = 251658240                              {pd product} {ergonomic}
     bool SegmentedCodeCache                       = true                                      {product} {ergonomic}
   size_t SoftMaxHeapSize                          = 3221225472                             {manageable} {ergonomic}
     bool UnlockExperimentalVMOptions              = true                                 {experimental} {command line}
     bool UseAOT                                   = false                                {experimental} {ergonomic}
     bool UseCompressedClassPointers               = true                           {product lp64_product} {ergonomic}
     bool UseCompressedOops                        = true                           {product lp64_product} {ergonomic}
     bool UseG1GC                                  = true                                      {product} {command line}
     bool UseLargePagesIndividualAllocation        = false                                  {pd product} {ergonomic}

Logging:
Log output configuration:
 #0: stdout all=warning uptime,level,tags
 #1: stderr all=off uptime,level,tags

Environment Variables:
PATH=C:\Program Files (x86)\Common Files\Oracle\Java\javapath;C:\WinAVR-20100110\bin;C:\WinAVR-20100110\utils\bin;C:\Program Files\NVIDIA Corporation\NVIDIA NvDLISR;C:\Users\elito\.cargo\bin;C:\Ruby27-x64\bin;C:\Users\elito\scoop\apps\python\current;C:\Users\elito\scoop\apps\python\current\Scripts;C:\Users\elito\scoop\apps\gcc\current\bin;C:\Users\elito\scoop\shims;C:\Users\elito\AppData\Local\Programs\Python\Python38-32\Scripts\;C:\Users\elito\AppData\Local\Programs\Python\Python38-32\;C:\Users\elito\AppData\Local\Microsoft\WindowsApps;C:\Users\elito\go\bin;C:\Users\elito\.dotnet\tools;C:\Program Files (x86)\Atmel\Flip 3.4.7\bin;C:\Program Files\JetBrains\JetBrains Rider 2020.1.4\bin;C:\Users\elito\AppData\Local\GitHubDesktop\bin;C:\Program Files\JetBrains\PyCharm Community Edition 2020.2\bin;C:\Users\elito\spicetify-cli;C:\Users\elito\AppData\Local\Microsoft\WindowsApps;C:\Program Files (x86)\GitHub CLI\;C:\Users\elito\.dotnet\tools;C:\Users\elito\AppData\Roaming\npm;C:\Program Files\JetBrains\Rider for Unreal Engine 2021.1.1\bin;C:\Users\elito\go\bin;C:\Program Files\JetBrains\GoLand 2021.1.1\bin;C:\Program Files\JetBrains\IntelliJ IDEA Community Edition 2021.2.2\bin;C:\Users\elito\AppData\Local\Programs\Microsoft VS Code\bin
USERNAME=elito
OS=Windows_NT
PROCESSOR_IDENTIFIER=AMD64 Family 23 Model 113 Stepping 0, AuthenticAMD



---------------  S Y S T E M  ---------------

OS:
 Windows 10 , 64 bit Build 19041 (10.0.19041.1741)
OS uptime: 7 days 19:25 hours
Hyper-V role detected

CPU: total 12 (initial active 12) (12 cores per cpu, 2 threads per core) family 23 model 113 stepping 0 microcode 0x0, cx8, cmov, fxsr, ht, mmx, 3dnowpref, sse, sse2, sse3, ssse3, sse4a, sse4.1, sse4.2, popcnt, lzcnt, tsc, tscinvbit, avx, avx2, aes, clmul, bmi1, bmi2, adx, sha, fma, vzeroupper, clflush, clflushopt, hv

Memory: 4k page, system-wide physical 16334M (3792M free)
TotalPageFile size 65486M (AvailPageFile size 36819M)
current process WorkingSet (physical memory assigned to process): 1575M, peak: 3002M
current process commit charge ("private bytes"): 1845M, peak: 3594M

vm_info: Java HotSpot(TM) 64-Bit Server VM (16+36-2231) for windows-amd64 JRE (16+36-2231), built on Feb  8 2021 11:43:10 by "mach5one" with MS VC++ 16.7 (VS2019)

END.
