#
# There is insufficient memory for the Java Runtime Environment to continue.
# Native memory allocation (malloc) failed to allocate 32744 bytes for ChunkPool::allocate
# Possible reasons:
#   The system is out of physical RAM or swap space
#   The process is running with CompressedOops enabled, and the Java Heap may be blocking the growth of the native heap
# Possible solutions:
#   Reduce memory load on the system
#   Increase physical memory or swap space
#   Check if swap backing store is full
#   Decrease Java heap size (-Xmx/-Xms)
#   Decrease number of Java threads
#   Decrease Java thread stack sizes (-Xss)
#   Set larger code cache with -XX:ReservedCodeCacheSize=
#   JVM is running with Zero Based Compressed Oops mode in which the Java heap is
#     placed in the first 32GB address space. The Java Heap base address is the
#     maximum limit for the native heap growth. Please use -XX:HeapBaseMinAddress
#     to set the Java Heap base and to place the Java Heap above 32GB virtual address.
# This output file may be truncated or incomplete.
#
#  Out of Memory Error (arena.cpp:79), pid=39828, tid=33984
#
# JRE version: Java(TM) SE Runtime Environment (16.0+36) (build 16+36-2231)
# Java VM: Java HotSpot(TM) 64-Bit Server VM (16+36-2231, mixed mode, sharing, tiered, compressed oops, g1 gc, windows-amd64)
# No core dump will be written. Minidumps are not enabled by default on client versions of Windows
#

---------------  S U M M A R Y ------------

Command Line: -XX:+UnlockExperimentalVMOptions -XX:+UseG1GC -XX:G1NewSizePercent=20 -XX:G1ReservePercent=20 -XX:MaxGCPauseMillis=50 -XX:G1HeapRegionSize=32M -Xms512m -Xmx3G -Dfile.encoding=windows-1252 -Duser.country=US -Duser.language=en -Duser.variant StartClient -mod build/jar

Host: AMD Ryzen 5 3600X 6-Core Processor             , 12 cores, 15G,  Windows 10 , 64 bit Build 19041 (10.0.19041.1741)
Time: Fri Jul  1 17:26:41 2022 Eastern Daylight Time elapsed time: 10.951123 seconds (0d 0h 0m 10s)

---------------  T H R E A D  ---------------

Current thread (0x0000026097360170):  JavaThread "C2 CompilerThread0" daemon [_thread_in_native, id=33984, stack(0x000000c2aa500000,0x000000c2aa600000)]


Current CompileTask:
C2:  10951 6055       4       necesse.engine.save.SaveComponent::indexOf (32 bytes)

Stack: [0x000000c2aa500000,0x000000c2aa600000]
Native frames: (J=compiled Java code, j=interpreted, Vv=VM code, C=native code)
V  [jvm.dll+0x6681da]
V  [jvm.dll+0x7c9d99]
V  [jvm.dll+0x7cb4d3]
V  [jvm.dll+0x7cbb33]
V  [jvm.dll+0x242ee5]
V  [jvm.dll+0xae25f]
V  [jvm.dll+0xae03d]
V  [jvm.dll+0x647475]
V  [jvm.dll+0x645f87]
V  [jvm.dll+0x335240]
V  [jvm.dll+0x33b664]
V  [jvm.dll+0x341083]
V  [jvm.dll+0x67b7e6]
V  [jvm.dll+0x67cf7f]
V  [jvm.dll+0x680b1d]
V  [jvm.dll+0x67885b]
V  [jvm.dll+0x677e87]
V  [jvm.dll+0x675d5a]
V  [jvm.dll+0x1a4fdc]
V  [jvm.dll+0x2a3ec2]
V  [jvm.dll+0x680b44]
V  [jvm.dll+0x67885b]
V  [jvm.dll+0x677e87]
V  [jvm.dll+0x675d5a]
V  [jvm.dll+0x1a4fdc]
V  [jvm.dll+0x2a3ec2]
V  [jvm.dll+0x680b44]
V  [jvm.dll+0x67885b]
V  [jvm.dll+0x677e87]
V  [jvm.dll+0x675d5a]
V  [jvm.dll+0x1a4fdc]
V  [jvm.dll+0x214f55]
V  [jvm.dll+0x1a1d8b]
V  [jvm.dll+0x225398]
V  [jvm.dll+0x2233dc]
V  [jvm.dll+0x77f9e2]
V  [jvm.dll+0x77952a]
V  [jvm.dll+0x667076]
C  [ucrtbase.dll+0x21bb2]
C  [KERNEL32.DLL+0x17034]
C  [ntdll.dll+0x52651]


---------------  P R O C E S S  ---------------

Threads class SMR info:
_java_thread_list=0x000002609ab8c140, length=12, elements={
0x00000260f487eac0, 0x00000260f4959380, 0x00000260f495c160, 0x000002609734dfd0,
0x000002609734eae0, 0x0000026097351400, 0x0000026097353f30, 0x0000026097360170,
0x0000026097388ef0, 0x000002609738c060, 0x00000260980a22e0, 0x00000260980a6540
}

Java Threads: ( => current thread )
  0x00000260f487eac0 JavaThread "main" [_thread_in_vm, id=24740, stack(0x000000c2a9800000,0x000000c2a9900000)]
  0x00000260f4959380 JavaThread "Reference Handler" daemon [_thread_blocked, id=37140, stack(0x000000c2a9f00000,0x000000c2aa000000)]
  0x00000260f495c160 JavaThread "Finalizer" daemon [_thread_blocked, id=33536, stack(0x000000c2aa000000,0x000000c2aa100000)]
  0x000002609734dfd0 JavaThread "Signal Dispatcher" daemon [_thread_blocked, id=36764, stack(0x000000c2aa100000,0x000000c2aa200000)]
  0x000002609734eae0 JavaThread "Attach Listener" daemon [_thread_blocked, id=29340, stack(0x000000c2aa200000,0x000000c2aa300000)]
  0x0000026097351400 JavaThread "Service Thread" daemon [_thread_blocked, id=40596, stack(0x000000c2aa300000,0x000000c2aa400000)]
  0x0000026097353f30 JavaThread "Monitor Deflation Thread" daemon [_thread_blocked, id=17928, stack(0x000000c2aa400000,0x000000c2aa500000)]
=>0x0000026097360170 JavaThread "C2 CompilerThread0" daemon [_thread_in_native, id=33984, stack(0x000000c2aa500000,0x000000c2aa600000)]
  0x0000026097388ef0 JavaThread "C1 CompilerThread0" daemon [_thread_in_vm, id=40228, stack(0x000000c2aa600000,0x000000c2aa700000)]
  0x000002609738c060 JavaThread "Sweeper thread" daemon [_thread_blocked, id=34360, stack(0x000000c2aa700000,0x000000c2aa800000)]
  0x00000260980a22e0 JavaThread "Notification Thread" daemon [_thread_blocked, id=40120, stack(0x000000c2aa800000,0x000000c2aa900000)]
  0x00000260980a6540 JavaThread "Common-Cleaner" daemon [_thread_blocked, id=40540, stack(0x000000c2aaa00000,0x000000c2aab00000)]

Other Threads:
  0x00000260f4954810 VMThread "VM Thread" [stack: 0x000000c2a9e00000,0x000000c2a9f00000] [id=38976]
  0x00000260980a3810 WatcherThread [stack: 0x000000c2aa900000,0x000000c2aaa00000] [id=33952]
  0x00000260f48b8f90 GCTaskThread "GC Thread#0" [stack: 0x000000c2a9900000,0x000000c2a9a00000] [id=26736]
  0x0000026099309d50 GCTaskThread "GC Thread#1" [stack: 0x000000c2aad00000,0x000000c2aae00000] [id=19596]
  0x0000026099df29f0 GCTaskThread "GC Thread#2" [stack: 0x000000c2aae00000,0x000000c2aaf00000] [id=14304]
  0x000002609942c860 GCTaskThread "GC Thread#3" [stack: 0x000000c2aaf00000,0x000000c2ab000000] [id=23188]
  0x000002609942cb70 GCTaskThread "GC Thread#4" [stack: 0x000000c2ab000000,0x000000c2ab100000] [id=39628]
  0x0000026098599aa0 GCTaskThread "GC Thread#5" [stack: 0x000000c2ab100000,0x000000c2ab200000] [id=39984]
  0x0000026099df3110 GCTaskThread "GC Thread#6" [stack: 0x000000c2ab200000,0x000000c2ab300000] [id=26384]
  0x00000260994dcce0 GCTaskThread "GC Thread#7" [stack: 0x000000c2ab300000,0x000000c2ab400000] [id=11872]
  0x000002609a0903f0 GCTaskThread "GC Thread#8" [stack: 0x000000c2ab400000,0x000000c2ab500000] [id=26096]
  0x0000026099d26c70 GCTaskThread "GC Thread#9" [stack: 0x000000c2ab500000,0x000000c2ab600000] [id=27384]
  0x00000260f48bab60 ConcurrentGCThread "G1 Main Marker" [stack: 0x000000c2a9a00000,0x000000c2a9b00000] [id=36668]
  0x00000260f48bbd00 ConcurrentGCThread "G1 Conc#0" [stack: 0x000000c2a9b00000,0x000000c2a9c00000] [id=30804]
  0x000002609aa3de50 ConcurrentGCThread "G1 Conc#1" [stack: 0x000000c2abe00000,0x000000c2abf00000] [id=10924]
  0x000002609aa3b060 ConcurrentGCThread "G1 Conc#2" [stack: 0x000000c2abf00000,0x000000c2ac000000] [id=26836]
  0x00000260f4929aa0 ConcurrentGCThread "G1 Refine#0" [stack: 0x000000c2a9c00000,0x000000c2a9d00000] [id=29352]
  0x00000260f492acc0 ConcurrentGCThread "G1 Service" [stack: 0x000000c2a9d00000,0x000000c2a9e00000] [id=38280]

Threads with active compile tasks:
C2 CompilerThread0    11004 6055       4       necesse.engine.save.SaveComponent::indexOf (32 bytes)
C1 CompilerThread0    11004 6064       3       necesse.engine.save.SaveComponent::compile (684 bytes)

VM state: not at safepoint (normal execution)

VM Mutex/Monitor currently owned by a thread:  ([mutex/lock_event])
[0x00000260f486eb20] MetaspaceExpand_lock - owner thread: 0x00000260f487eac0
[0x00000260f4878e00] MethodData_lock - owner thread: 0x00000260f487eac0

Heap address: 0x0000000740000000, size: 3072 MB, Compressed Oops mode: Zero based, Oop shift amount: 3
CDS archive(s) mapped at: [0x0000000800000000-0x0000000800bb0000-0x0000000800bb0000), size 12255232, SharedBaseAddress: 0x0000000800000000, ArchiveRelocationMode: 0.
Compressed class space mapped at: 0x0000000800c00000-0x0000000840c00000, reserved size: 1073741824
Narrow klass base: 0x0000000800000000, Narrow klass shift: 3, Narrow klass range: 0x100000000

GC Precious Log:
 CPUs: 12 total, 12 available
 Memory: 16334M
 Large Page Support: Disabled
 NUMA Support: Disabled
 Compressed Oops: Enabled (Zero based)
 Heap Region Size: 32M
 Heap Min Capacity: 512M
 Heap Initial Capacity: 512M
 Heap Max Capacity: 3G
 Pre-touch: Disabled
 Parallel Workers: 10
 Concurrent Workers: 3
 Concurrent Refinement Workers: 10
 Periodic GC: Disabled

Heap:
 garbage-first heap   total 1376256K, used 485006K [0x0000000740000000, 0x0000000800000000)
  region size 32768K, 12 young (393216K), 1 survivors (32768K)
 Metaspace       used 32772K, committed 33088K, reserved 1081344K
  class space    used 4772K, committed 4928K, reserved 1048576K

Heap Regions: E=young(eden), S=young(survivor), O=old, HS=humongous(starts), HC=humongous(continues), CS=collection set, F=free, OA=open archive, CA=closed archive, TAMS=top-at-mark-start (previous, next)
|   0|0x0000000740000000, 0x0000000742000000, 0x0000000742000000|100%| O|  |TAMS 0x0000000742000000, 0x0000000740000000| Untracked 
|   1|0x0000000742000000, 0x0000000742583c00, 0x0000000744000000| 17%| O|  |TAMS 0x0000000742583c00, 0x0000000742000000| Untracked 
|   2|0x0000000744000000, 0x000000074533c400, 0x0000000746000000| 60%| O|  |TAMS 0x0000000744000000, 0x0000000744000000| Untracked 
|   3|0x0000000746000000, 0x0000000746000000, 0x0000000748000000|  0%| F|  |TAMS 0x0000000746000000, 0x0000000746000000| Untracked 
|   4|0x0000000748000000, 0x0000000748000000, 0x000000074a000000|  0%| F|  |TAMS 0x0000000748000000, 0x0000000748000000| Untracked 
|   5|0x000000074a000000, 0x000000074a000000, 0x000000074c000000|  0%| F|  |TAMS 0x000000074a000000, 0x000000074a000000| Untracked 
|   6|0x000000074c000000, 0x000000074c000000, 0x000000074e000000|  0%| F|  |TAMS 0x000000074c000000, 0x000000074c000000| Untracked 
|   7|0x000000074e000000, 0x000000074e000000, 0x0000000750000000|  0%| F|  |TAMS 0x000000074e000000, 0x000000074e000000| Untracked 
|   8|0x0000000750000000, 0x0000000750000000, 0x0000000752000000|  0%| F|  |TAMS 0x0000000750000000, 0x0000000750000000| Untracked 
|   9|0x0000000752000000, 0x0000000752000000, 0x0000000754000000|  0%| F|  |TAMS 0x0000000752000000, 0x0000000752000000| Untracked 
|  10|0x0000000754000000, 0x0000000756000000, 0x0000000756000000|100%| O|  |TAMS 0x0000000756000000, 0x0000000754000000| Untracked 
|  11|0x0000000756000000, 0x0000000758000000, 0x0000000758000000|100%| O|  |TAMS 0x0000000758000000, 0x0000000756000000| Untracked 
|  12|0x0000000758000000, 0x000000075a000000, 0x000000075a000000|100%| O|  |TAMS 0x000000075a000000, 0x0000000758000000| Untracked 
|  13|0x000000075a000000, 0x000000075c000000, 0x000000075c000000|100%| O|  |TAMS 0x000000075c000000, 0x000000075a000000| Untracked 
|  14|0x000000075c000000, 0x000000075c000000, 0x000000075e000000|  0%| F|  |TAMS 0x000000075c000000, 0x000000075c000000| Untracked 
|  15|0x000000075e000000, 0x000000075e000000, 0x0000000760000000|  0%| F|  |TAMS 0x000000075e000000, 0x000000075e000000| Untracked 
|  16|0x0000000760000000, 0x00000007600e3bd0, 0x0000000762000000|  2%| S|CS|TAMS 0x0000000760000000, 0x0000000760000000| Complete 
|  17|0x0000000762000000, 0x0000000762000000, 0x0000000764000000|  0%| F|  |TAMS 0x0000000762000000, 0x0000000762000000| Untracked 
|  18|0x0000000764000000, 0x0000000764000000, 0x0000000766000000|  0%| F|  |TAMS 0x0000000764000000, 0x0000000764000000| Untracked 
|  19|0x0000000766000000, 0x0000000766000000, 0x0000000768000000|  0%| F|  |TAMS 0x0000000766000000, 0x0000000766000000| Untracked 
|  20|0x0000000768000000, 0x0000000768000000, 0x000000076a000000|  0%| F|  |TAMS 0x0000000768000000, 0x0000000768000000| Untracked 
|  21|0x000000076a000000, 0x000000076a000000, 0x000000076c000000|  0%| F|  |TAMS 0x000000076a000000, 0x000000076a000000| Untracked 
|  22|0x000000076c000000, 0x000000076c000000, 0x000000076e000000|  0%| F|  |TAMS 0x000000076c000000, 0x000000076c000000| Untracked 
|  23|0x000000076e000000, 0x000000076e000000, 0x0000000770000000|  0%| F|  |TAMS 0x000000076e000000, 0x000000076e000000| Untracked 
|  24|0x0000000770000000, 0x0000000770000000, 0x0000000772000000|  0%| F|  |TAMS 0x0000000770000000, 0x0000000770000000| Untracked 
|  25|0x0000000772000000, 0x0000000772000000, 0x0000000774000000|  0%| F|  |TAMS 0x0000000772000000, 0x0000000772000000| Untracked 
|  26|0x0000000774000000, 0x0000000774000000, 0x0000000776000000|  0%| F|  |TAMS 0x0000000774000000, 0x0000000774000000| Untracked 
|  27|0x0000000776000000, 0x0000000776000000, 0x0000000778000000|  0%| F|  |TAMS 0x0000000776000000, 0x0000000776000000| Untracked 
|  28|0x0000000778000000, 0x0000000778000000, 0x000000077a000000|  0%| F|  |TAMS 0x0000000778000000, 0x0000000778000000| Untracked 
|  29|0x000000077a000000, 0x000000077a000000, 0x000000077c000000|  0%| F|  |TAMS 0x000000077a000000, 0x000000077a000000| Untracked 
|  30|0x000000077c000000, 0x000000077c000000, 0x000000077e000000|  0%| F|  |TAMS 0x000000077c000000, 0x000000077c000000| Untracked 
|  31|0x000000077e000000, 0x000000077e795d20, 0x0000000780000000| 23%| E|  |TAMS 0x000000077e000000, 0x000000077e000000| Complete 
|  32|0x0000000780000000, 0x0000000782000000, 0x0000000782000000|100%| E|CS|TAMS 0x0000000780000000, 0x0000000780000000| Complete 
|  33|0x0000000782000000, 0x0000000784000000, 0x0000000784000000|100%| E|CS|TAMS 0x0000000782000000, 0x0000000782000000| Complete 
|  34|0x0000000784000000, 0x0000000786000000, 0x0000000786000000|100%| E|  |TAMS 0x0000000784000000, 0x0000000784000000| Complete 
|  35|0x0000000786000000, 0x0000000788000000, 0x0000000788000000|100%| E|CS|TAMS 0x0000000786000000, 0x0000000786000000| Complete 
|  36|0x0000000788000000, 0x000000078a000000, 0x000000078a000000|100%| E|CS|TAMS 0x0000000788000000, 0x0000000788000000| Complete 
|  37|0x000000078a000000, 0x000000078c000000, 0x000000078c000000|100%| E|CS|TAMS 0x000000078a000000, 0x000000078a000000| Complete 
|  38|0x000000078c000000, 0x000000078e000000, 0x000000078e000000|100%| E|CS|TAMS 0x000000078c000000, 0x000000078c000000| Complete 
|  39|0x000000078e000000, 0x0000000790000000, 0x0000000790000000|100%| E|CS|TAMS 0x000000078e000000, 0x000000078e000000| Complete 
|  40|0x0000000790000000, 0x0000000792000000, 0x0000000792000000|100%| E|CS|TAMS 0x0000000790000000, 0x0000000790000000| Complete 
|  41|0x0000000792000000, 0x0000000794000000, 0x0000000794000000|100%| E|CS|TAMS 0x0000000792000000, 0x0000000792000000| Complete 

Card table byte_map: [0x00000260fea90000,0x00000260ff090000] _byte_map_base: 0x00000260fb090000

Marking Bits (Prev, Next): (CMBitMap*) 0x00000260f48b9550, (CMBitMap*) 0x00000260f48b9510
 Prev Bits: [0x0000026092000000, 0x0000026095000000)
 Next Bits: [0x000002608f000000, 0x0000026092000000)

Polling page: 0x00000260f4960000

Metaspace:

Usage:
  Non-class:     27.34 MB used.
      Class:      4.66 MB used.
       Both:     32.00 MB used.

Virtual space:
  Non-class space:       32.00 MB reserved,      27.50 MB ( 86%) committed,  4 nodes.
      Class space:        1.00 GB reserved,       4.81 MB ( <1%) committed,  1 nodes.
              Both:        1.03 GB reserved,      32.31 MB (  3%) committed. 

Chunk freelists:
   Non-Class:  3.73 MB
       Class:  3.22 MB
        Both:  6.95 MB

MaxMetaspaceSize: 17179869184.00 GB
CompressedClassSpaceSize: 1.00 GB
 - commit_granule_bytes: 65536.
 - commit_granule_words: 8192.
 - virtual_space_node_default_size: 1048576.
 - enlarge_chunks_in_place: 1.
 - new_chunks_are_fully_committed: 0.
 - uncommit_free_chunks: 1.
 - use_allocation_guard: 0.
 - handle_deallocations: 1.


Internal statistics:

num_allocs_failed_limit: 6.
num_arena_births: 374.
num_arena_deaths: 0.
num_vsnodes_births: 5.
num_vsnodes_deaths: 0.
num_space_committed: 514.
num_space_uncommitted: 0.
num_chunks_returned_to_freelist: 6.
num_chunks_taken_from_freelist: 1526.
num_chunk_merges: 6.
num_chunk_splits: 1067.
num_chunks_enlarged: 831.
num_purges: 0.

CodeHeap 'non-profiled nmethods': size=120000Kb used=2152Kb max_used=2152Kb free=117847Kb
 bounds [0x0000026087ad0000, 0x0000026087d40000, 0x000002608f000000]
CodeHeap 'profiled nmethods': size=120000Kb used=5822Kb max_used=5822Kb free=114177Kb
 bounds [0x00000260805a0000, 0x0000026080b50000, 0x0000026087ad0000]
CodeHeap 'non-nmethods': size=5760Kb used=1930Kb max_used=1968Kb free=3829Kb
 bounds [0x0000026080000000, 0x0000026080270000, 0x00000260805a0000]
 total_blobs=4655 nmethods=3219 adapters=1348
 compilation: enabled
              stopped_count=0, restarted_count=0
 full_count=0

Compilation events (20 events):
Event: 10.929 Thread 0x0000026097388ef0 6044       3       java.io.PrintStream::ensureOpen (18 bytes)
Event: 10.929 Thread 0x0000026097388ef0 nmethod 6044 0x0000026080b48d90 code [0x0000026080b48f40, 0x0000026080b49168]
Event: 10.930 Thread 0x0000026097388ef0 6046  s    1       java.lang.StringBuffer::length (5 bytes)
Event: 10.930 Thread 0x0000026097360170 6045       4       java.util.Calendar::internalSet (8 bytes)
Event: 10.931 Thread 0x0000026097388ef0 nmethod 6046 0x0000026087ce9290 code [0x0000026087ce9420, 0x0000026087ce9598]
Event: 10.931 Thread 0x0000026097388ef0 6048       3       java.util.Calendar::complete (40 bytes)
Event: 10.931 Thread 0x0000026097388ef0 nmethod 6048 0x0000026080b49210 code [0x0000026080b493e0, 0x0000026080b497b8]
Event: 10.931 Thread 0x0000026097388ef0 6049       3       java.util.Calendar::get (10 bytes)
Event: 10.931 Thread 0x0000026097388ef0 nmethod 6049 0x0000026080b49890 code [0x0000026080b49a40, 0x0000026080b49ca8]
Event: 10.932 Thread 0x0000026097360170 nmethod 6045 0x0000026087ce9610 code [0x0000026087ce97a0, 0x0000026087ce9858]
Event: 10.932 Thread 0x0000026097360170 6047       4       sun.nio.cs.SingleByte$Encoder::encode (32 bytes)
Event: 10.932 Thread 0x0000026097360170 nmethod 6047 0x0000026087ce9910 code [0x0000026087ce9aa0, 0x0000026087ce9bd8]
Event: 10.934 Thread 0x0000026097360170 6050       4       org.lwjgl.system.CustomBuffer::position (43 bytes)
Event: 10.935 Thread 0x0000026097360170 nmethod 6050 0x0000026087ce9d10 code [0x0000026087ce9ea0, 0x0000026087ce9f98]
Event: 10.944 Thread 0x0000026097388ef0 6051       3       java.lang.ClassLoader::compareCerts (197 bytes)
Event: 10.945 Thread 0x0000026097388ef0 nmethod 6051 0x0000026080b49e10 code [0x0000026080b4a040, 0x0000026080b4a918]
Event: 10.946 Thread 0x0000026097388ef0 6052       3       java.io.InputStreamReader::read (11 bytes)
Event: 10.946 Thread 0x0000026097388ef0 nmethod 6052 0x0000026080b4ac10 code [0x0000026080b4adc0, 0x0000026080b4af08]
Event: 10.946 Thread 0x0000026097388ef0 6053   !   3       sun.nio.cs.StreamDecoder::read (196 bytes)
Event: 10.946 Thread 0x0000026097360170 6055       4       necesse.engine.save.SaveComponent::indexOf (32 bytes)

GC Heap History (20 events):
Event: 6.770 GC heap before
{Heap before GC invocations=30 (full 0):
 garbage-first heap   total 1376256K, used 975674K [0x0000000740000000, 0x0000000800000000)
  region size 32768K, 25 young (819200K), 1 survivors (32768K)
 Metaspace       used 31769K, committed 32128K, reserved 1081344K
  class space    used 4680K, committed 4864K, reserved 1048576K
}
Event: 6.774 GC heap after
{Heap after GC invocations=31 (full 0):
 garbage-first heap   total 1376256K, used 189462K [0x0000000740000000, 0x0000000800000000)
  region size 32768K, 1 young (32768K), 1 survivors (32768K)
 Metaspace       used 31769K, committed 32128K, reserved 1081344K
  class space    used 4680K, committed 4864K, reserved 1048576K
}
Event: 6.838 GC heap before
{Heap before GC invocations=31 (full 0):
 garbage-first heap   total 1376256K, used 975894K [0x0000000740000000, 0x0000000800000000)
  region size 32768K, 25 young (819200K), 1 survivors (32768K)
 Metaspace       used 31769K, committed 32128K, reserved 1081344K
  class space    used 4680K, committed 4864K, reserved 1048576K
}
Event: 6.840 GC heap after
{Heap after GC invocations=32 (full 0):
 garbage-first heap   total 1376256K, used 189478K [0x0000000740000000, 0x0000000800000000)
  region size 32768K, 1 young (32768K), 1 survivors (32768K)
 Metaspace       used 31769K, committed 32128K, reserved 1081344K
  class space    used 4680K, committed 4864K, reserved 1048576K
}
Event: 6.901 GC heap before
{Heap before GC invocations=32 (full 0):
 garbage-first heap   total 1376256K, used 975910K [0x0000000740000000, 0x0000000800000000)
  region size 32768K, 25 young (819200K), 1 survivors (32768K)
 Metaspace       used 31770K, committed 32128K, reserved 1081344K
  class space    used 4680K, committed 4864K, reserved 1048576K
}
Event: 6.902 GC heap after
{Heap after GC invocations=33 (full 0):
 garbage-first heap   total 1376256K, used 189417K [0x0000000740000000, 0x0000000800000000)
  region size 32768K, 1 young (32768K), 1 survivors (32768K)
 Metaspace       used 31770K, committed 32128K, reserved 1081344K
  class space    used 4680K, committed 4864K, reserved 1048576K
}
Event: 6.967 GC heap before
{Heap before GC invocations=33 (full 0):
 garbage-first heap   total 1376256K, used 975849K [0x0000000740000000, 0x0000000800000000)
  region size 32768K, 25 young (819200K), 1 survivors (32768K)
 Metaspace       used 31770K, committed 32128K, reserved 1081344K
  class space    used 4680K, committed 4864K, reserved 1048576K
}
Event: 6.968 GC heap after
{Heap after GC invocations=34 (full 0):
 garbage-first heap   total 1376256K, used 189451K [0x0000000740000000, 0x0000000800000000)
  region size 32768K, 1 young (32768K), 1 survivors (32768K)
 Metaspace       used 31770K, committed 32128K, reserved 1081344K
  class space    used 4680K, committed 4864K, reserved 1048576K
}
Event: 7.032 GC heap before
{Heap before GC invocations=34 (full 0):
 garbage-first heap   total 1376256K, used 975883K [0x0000000740000000, 0x0000000800000000)
  region size 32768K, 25 young (819200K), 1 survivors (32768K)
 Metaspace       used 31772K, committed 32128K, reserved 1081344K
  class space    used 4680K, committed 4864K, reserved 1048576K
}
Event: 7.033 GC heap after
{Heap after GC invocations=35 (full 0):
 garbage-first heap   total 1376256K, used 189463K [0x0000000740000000, 0x0000000800000000)
  region size 32768K, 1 young (32768K), 1 survivors (32768K)
 Metaspace       used 31772K, committed 32128K, reserved 1081344K
  class space    used 4680K, committed 4864K, reserved 1048576K
}
Event: 7.110 GC heap before
{Heap before GC invocations=35 (full 0):
 garbage-first heap   total 1376256K, used 975895K [0x0000000740000000, 0x0000000800000000)
  region size 32768K, 25 young (819200K), 1 survivors (32768K)
 Metaspace       used 31772K, committed 32128K, reserved 1081344K
  class space    used 4680K, committed 4864K, reserved 1048576K
}
Event: 7.111 GC heap after
{Heap after GC invocations=36 (full 0):
 garbage-first heap   total 1376256K, used 189503K [0x0000000740000000, 0x0000000800000000)
  region size 32768K, 1 young (32768K), 1 survivors (32768K)
 Metaspace       used 31772K, committed 32128K, reserved 1081344K
  class space    used 4680K, committed 4864K, reserved 1048576K
}
Event: 7.179 GC heap before
{Heap before GC invocations=36 (full 0):
 garbage-first heap   total 1376256K, used 975935K [0x0000000740000000, 0x0000000800000000)
  region size 32768K, 25 young (819200K), 1 survivors (32768K)
 Metaspace       used 31772K, committed 32128K, reserved 1081344K
  class space    used 4680K, committed 4864K, reserved 1048576K
}
Event: 7.180 GC heap after
{Heap after GC invocations=37 (full 0):
 garbage-first heap   total 1376256K, used 189529K [0x0000000740000000, 0x0000000800000000)
  region size 32768K, 1 young (32768K), 1 survivors (32768K)
 Metaspace       used 31772K, committed 32128K, reserved 1081344K
  class space    used 4680K, committed 4864K, reserved 1048576K
}
Event: 7.245 GC heap before
{Heap before GC invocations=37 (full 0):
 garbage-first heap   total 1376256K, used 975961K [0x0000000740000000, 0x0000000800000000)
  region size 32768K, 25 young (819200K), 1 survivors (32768K)
 Metaspace       used 31773K, committed 32128K, reserved 1081344K
  class space    used 4680K, committed 4864K, reserved 1048576K
}
Event: 7.246 GC heap after
{Heap after GC invocations=38 (full 0):
 garbage-first heap   total 1376256K, used 189582K [0x0000000740000000, 0x0000000800000000)
  region size 32768K, 1 young (32768K), 1 survivors (32768K)
 Metaspace       used 31773K, committed 32128K, reserved 1081344K
  class space    used 4680K, committed 4864K, reserved 1048576K
}
Event: 7.823 GC heap before
{Heap before GC invocations=38 (full 0):
 garbage-first heap   total 1376256K, used 943246K [0x0000000740000000, 0x0000000800000000)
  region size 32768K, 25 young (819200K), 1 survivors (32768K)
 Metaspace       used 32414K, committed 32768K, reserved 1081344K
  class space    used 4737K, committed 4928K, reserved 1048576K
}
Event: 7.824 GC heap after
{Heap after GC invocations=39 (full 0):
 garbage-first heap   total 1376256K, used 190587K [0x0000000740000000, 0x0000000800000000)
  region size 32768K, 1 young (32768K), 1 survivors (32768K)
 Metaspace       used 32414K, committed 32768K, reserved 1081344K
  class space    used 4737K, committed 4928K, reserved 1048576K
}
Event: 8.303 GC heap before
{Heap before GC invocations=39 (full 0):
 garbage-first heap   total 1376256K, used 944251K [0x0000000740000000, 0x0000000800000000)
  region size 32768K, 25 young (819200K), 1 survivors (32768K)
 Metaspace       used 32498K, committed 32832K, reserved 1081344K
  class space    used 4748K, committed 4928K, reserved 1048576K
}
Event: 8.304 GC heap after
{Heap after GC invocations=40 (full 0):
 garbage-first heap   total 1376256K, used 190094K [0x0000000740000000, 0x0000000800000000)
  region size 32768K, 1 young (32768K), 1 survivors (32768K)
 Metaspace       used 32498K, committed 32832K, reserved 1081344K
  class space    used 4748K, committed 4928K, reserved 1048576K
}

Deoptimization events (20 events):
Event: 8.282 Thread 0x00000260f487eac0 DEOPT PACKING pc=0x0000026080b1d391 sp=0x000000c2a98ff310
Event: 8.282 Thread 0x00000260f487eac0 DEOPT UNPACKING pc=0x000002608004dece sp=0x000000c2a98fe838 mode 0
Event: 8.283 Thread 0x00000260f487eac0 DEOPT PACKING pc=0x0000026080b1d391 sp=0x000000c2a98ff310
Event: 8.283 Thread 0x00000260f487eac0 DEOPT UNPACKING pc=0x000002608004dece sp=0x000000c2a98fe838 mode 0
Event: 8.283 Thread 0x00000260f487eac0 DEOPT PACKING pc=0x0000026080b1d391 sp=0x000000c2a98ff310
Event: 8.283 Thread 0x00000260f487eac0 DEOPT UNPACKING pc=0x000002608004dece sp=0x000000c2a98fe838 mode 0
Event: 8.283 Thread 0x00000260f487eac0 DEOPT PACKING pc=0x0000026080b1d391 sp=0x000000c2a98ff310
Event: 8.283 Thread 0x00000260f487eac0 DEOPT UNPACKING pc=0x000002608004dece sp=0x000000c2a98fe838 mode 0
Event: 8.284 Thread 0x00000260f487eac0 DEOPT PACKING pc=0x0000026080b1d391 sp=0x000000c2a98ff310
Event: 8.284 Thread 0x00000260f487eac0 DEOPT UNPACKING pc=0x000002608004dece sp=0x000000c2a98fe838 mode 0
Event: 8.284 Thread 0x00000260f487eac0 DEOPT PACKING pc=0x0000026080b1d391 sp=0x000000c2a98ff310
Event: 8.284 Thread 0x00000260f487eac0 DEOPT UNPACKING pc=0x000002608004dece sp=0x000000c2a98fe838 mode 0
Event: 8.434 Thread 0x00000260b7818540 Uncommon trap: trap_request=0xffffff45 fr.pc=0x0000026087b4874c relative=0x000000000000188c
Event: 8.434 Thread 0x00000260b7818540 Uncommon trap: reason=unstable_if action=reinterpret pc=0x0000026087b4874c method=net.bytebuddy.jar.asm.ClassReader.readMethod(Lnet/bytebuddy/jar/asm/ClassVisitor;Lnet/bytebuddy/jar/asm/Context;I)I @ 979 c2
Event: 8.434 Thread 0x00000260b7818540 DEOPT PACKING pc=0x0000026087b4874c sp=0x000000c2ac3fc360
Event: 8.434 Thread 0x00000260b7818540 DEOPT UNPACKING pc=0x000002608004d72e sp=0x000000c2ac3fc2f8 mode 2
Event: 8.482 Thread 0x00000260f487eac0 Uncommon trap: trap_request=0xffffff45 fr.pc=0x0000026087c0dfc4 relative=0x00000000000000a4
Event: 8.482 Thread 0x00000260f487eac0 Uncommon trap: reason=unstable_if action=reinterpret pc=0x0000026087c0dfc4 method=java.lang.Integer.stringSize(I)I @ 3 c2
Event: 8.482 Thread 0x00000260f487eac0 DEOPT PACKING pc=0x0000026087c0dfc4 sp=0x000000c2a98ff170
Event: 8.482 Thread 0x00000260f487eac0 DEOPT UNPACKING pc=0x000002608004d72e sp=0x000000c2a98ff0f8 mode 2

Classes unloaded (0 events):
No events

Classes redefined (20 events):
Event: 4.481 Thread 0x00000260f4954810 redefined class name=necesse.entity.mobs.friendly.critters.RabbitMob, count=1
Event: 4.493 Thread 0x00000260f4954810 redefined class name=dragonsaga.examples.ExampleConstructorPatch, count=1
Event: 4.493 Thread 0x00000260f4954810 redefined class name=dragonsaga.examples.ExampleMethodPatch, count=1
Event: 4.493 Thread 0x00000260f4954810 redefined class name=dragonsaga.ui.patches.maingameformmanager.MainGameFormManagerSetupPatch, count=1
Event: 4.493 Thread 0x00000260f4954810 redefined class name=dragonsaga.ui.patches.maingameformmanager.MainGameFormManagerUpdatePatch, count=1
Event: 4.565 Thread 0x00000260f4954810 redefined class name=necesse.entity.projectile.IronBombProjectile, count=1
Event: 4.569 Thread 0x00000260f4954810 redefined class name=dragonsaga.examples.ExampleConstructorPatch, count=2
Event: 4.569 Thread 0x00000260f4954810 redefined class name=dragonsaga.examples.ExampleMethodPatch, count=2
Event: 4.569 Thread 0x00000260f4954810 redefined class name=dragonsaga.ui.patches.maingameformmanager.MainGameFormManagerSetupPatch, count=2
Event: 4.569 Thread 0x00000260f4954810 redefined class name=dragonsaga.ui.patches.maingameformmanager.MainGameFormManagerUpdatePatch, count=2
Event: 4.614 Thread 0x00000260f4954810 redefined class name=necesse.gfx.forms.MainGameFormManager, count=1
Event: 4.619 Thread 0x00000260f4954810 redefined class name=dragonsaga.examples.ExampleConstructorPatch, count=3
Event: 4.619 Thread 0x00000260f4954810 redefined class name=dragonsaga.examples.ExampleMethodPatch, count=3
Event: 4.619 Thread 0x00000260f4954810 redefined class name=dragonsaga.ui.patches.maingameformmanager.MainGameFormManagerSetupPatch, count=3
Event: 4.619 Thread 0x00000260f4954810 redefined class name=dragonsaga.ui.patches.maingameformmanager.MainGameFormManagerUpdatePatch, count=3
Event: 4.648 Thread 0x00000260f4954810 redefined class name=necesse.gfx.forms.MainGameFormManager, count=2
Event: 4.653 Thread 0x00000260f4954810 redefined class name=dragonsaga.examples.ExampleConstructorPatch, count=4
Event: 4.653 Thread 0x00000260f4954810 redefined class name=dragonsaga.examples.ExampleMethodPatch, count=4
Event: 4.653 Thread 0x00000260f4954810 redefined class name=dragonsaga.ui.patches.maingameformmanager.MainGameFormManagerSetupPatch, count=4
Event: 4.653 Thread 0x00000260f4954810 redefined class name=dragonsaga.ui.patches.maingameformmanager.MainGameFormManagerUpdatePatch, count=4

Internal exceptions (20 events):
Event: 5.057 Thread 0x00000260f487eac0 Exception <a 'java/lang/NoSuchMethodError'{0x0000000770624b08}: 'java.lang.Object java.lang.invoke.DirectMethodHandle$Holder.invokeStaticInit(java.lang.Object, java.lang.Object, java.lang.Object, java.lang.Object)'> (0x0000000770624b08) 
thrown [t:\workspace\open\src\hotspot\share\interpreter\linkResolver.cpp, line 790]
Event: 5.235 Thread 0x00000260f487eac0 Exception <a 'java/lang/NoSuchMethodError'{0x0000000771605940}: 'int java.lang.invoke.DirectMethodHandle$Holder.invokeSpecialIFC(java.lang.Object, java.lang.Object, java.lang.Object, java.lang.Object)'> (0x0000000771605940) 
thrown [t:\workspace\open\src\hotspot\share\interpreter\linkResolver.cpp, line 790]
Event: 5.241 Thread 0x00000260f487eac0 Exception <a 'java/lang/NoSuchMethodError'{0x00000007716dee90}: 'java.lang.Object java.lang.invoke.DirectMethodHandle$Holder.invokeSpecial(java.lang.Object, java.lang.Object, int, java.lang.Object, int)'> (0x00000007716dee90) 
thrown [t:\workspace\open\src\hotspot\share\interpreter\linkResolver.cpp, line 790]
Event: 5.310 Thread 0x00000260f487eac0 Exception <a 'java/lang/NoSuchMethodError'{0x000000076e20d538}: 'java.lang.Object java.lang.invoke.DirectMethodHandle$Holder.invokeStatic(java.lang.Object, java.lang.Object, int, int)'> (0x000000076e20d538) 
thrown [t:\workspace\open\src\hotspot\share\interpreter\linkResolver.cpp, line 790]
Event: 5.311 Thread 0x00000260f487eac0 Exception <a 'java/lang/NoSuchMethodError'{0x000000076e210f10}: 'java.lang.Object java.lang.invoke.DirectMethodHandle$Holder.invokeStaticInit(java.lang.Object, java.lang.Object, int, int)'> (0x000000076e210f10) 
thrown [t:\workspace\open\src\hotspot\share\interpreter\linkResolver.cpp, line 790]
Event: 5.312 Thread 0x00000260f487eac0 Exception <a 'java/lang/NoSuchMethodError'{0x000000076e225538}: 'java.lang.Object java.lang.invoke.DirectMethodHandle$Holder.invokeStaticInit(java.lang.Object, int, int, int, int, java.lang.Object, int, int)'> (0x000000076e225538) 
thrown [t:\workspace\open\src\hotspot\share\interpreter\linkResolver.cpp, line 790]
Event: 5.312 Thread 0x00000260f487eac0 Exception <a 'java/lang/NoSuchMethodError'{0x000000076e22c0d0}: 'java.lang.Object java.lang.invoke.DirectMethodHandle$Holder.newInvokeSpecial(java.lang.Object, int, int, int, int)'> (0x000000076e22c0d0) 
thrown [t:\workspace\open\src\hotspot\share\interpreter\linkResolver.cpp, line 790]
Event: 5.313 Thread 0x00000260f487eac0 Exception <a 'java/lang/NoSuchMethodError'{0x000000076e22fee0}: 'java.lang.Object java.lang.invoke.DirectMethodHandle$Holder.invokeSpecial(java.lang.Object, java.lang.Object, int, int, int, int)'> (0x000000076e22fee0) 
thrown [t:\workspace\open\src\hotspot\share\interpreter\linkResolver.cpp, line 790]
Event: 5.314 Thread 0x00000260f487eac0 Exception <a 'java/lang/NoSuchMethodError'{0x000000076e23f6a0}: 'java.lang.Object java.lang.invoke.DirectMethodHandle$Holder.invokeStaticInit(java.lang.Object, int, int, java.lang.Object, int, int)'> (0x000000076e23f6a0) 
thrown [t:\workspace\open\src\hotspot\share\interpreter\linkResolver.cpp, line 790]
Event: 5.682 Thread 0x00000260f487eac0 Exception <a 'java/lang/NoSuchMethodError'{0x000000076d946668}: 'int java.lang.invoke.DirectMethodHandle$Holder.invokeVirtual(java.lang.Object, java.lang.Object)'> (0x000000076d946668) 
thrown [t:\workspace\open\src\hotspot\share\interpreter\linkResolver.cpp, line 790]
Event: 5.696 Thread 0x00000260f487eac0 Exception <a 'java/lang/NoSuchMethodError'{0x000000076daff6d0}: 'java.lang.Object java.lang.invoke.DirectMethodHandle$Holder.invokeStatic(java.lang.Object, java.lang.Object, int, java.lang.Object, java.lang.Object)'> (0x000000076daff6d0) 
thrown [t:\workspace\open\src\hotspot\share\interpreter\linkResolver.cpp, line 790]
Event: 5.705 Thread 0x00000260f487eac0 Exception <a 'java/lang/NoSuchMethodError'{0x000000076dbf1f70}: 'java.lang.Object java.lang.invoke.DirectMethodHandle$Holder.invokeStatic(java.lang.Object, java.lang.Object, int, java.lang.Object)'> (0x000000076dbf1f70) 
thrown [t:\workspace\open\src\hotspot\share\interpreter\linkResolver.cpp, line 790]
Event: 5.746 Thread 0x00000260f487eac0 Exception <a 'java/lang/NoSuchMethodError'{0x000000076a60a2c0}: 'long java.lang.invoke.DirectMethodHandle$Holder.invokeStatic(java.lang.Object, java.lang.Object, java.lang.Object)'> (0x000000076a60a2c0) 
thrown [t:\workspace\open\src\hotspot\share\interpreter\linkResolver.cpp, line 790]
Event: 5.770 Thread 0x00000260f487eac0 Exception <a 'java/lang/NoSuchMethodError'{0x000000076ac9f820}: 'void java.lang.invoke.DirectMethodHandle$Holder.invokeStaticInit(java.lang.Object, java.lang.Object, java.lang.Object, java.lang.Object, java.lang.Object)'> (0x000000076ac9f820) 
thrown [t:\workspace\open\src\hotspot\share\interpreter\linkResolver.cpp, line 790]
Event: 5.777 Thread 0x00000260f487eac0 Exception <a 'java/lang/NoSuchMethodError'{0x000000076aeab4a0}: 'void java.lang.invoke.DirectMethodHandle$Holder.invokeStatic(java.lang.Object, java.lang.Object, java.lang.Object, int, java.lang.Object)'> (0x000000076aeab4a0) 
thrown [t:\workspace\open\src\hotspot\share\interpreter\linkResolver.cpp, line 790]
Event: 5.777 Thread 0x00000260f487eac0 Exception <a 'java/lang/NoSuchMethodError'{0x000000076aeaec50}: 'void java.lang.invoke.DirectMethodHandle$Holder.invokeStaticInit(java.lang.Object, java.lang.Object, java.lang.Object, int, java.lang.Object)'> (0x000000076aeaec50) 
thrown [t:\workspace\open\src\hotspot\share\interpreter\linkResolver.cpp, line 790]
Event: 5.869 Thread 0x0000026099b908f0 Implicit null exception at 0x0000026087c24aff to 0x0000026087c24bbc
Event: 7.526 Thread 0x00000260f487eac0 Exception <a 'java/lang/NoSuchMethodError'{0x0000000781a87e40}: static Lnecesse/gfx/ui/GameTextureData;.<clinit>()V> (0x0000000781a87e40) 
thrown [t:\workspace\open\src\hotspot\share\prims\jni.cpp, line 1210]
Event: 8.132 Thread 0x00000260f487eac0 Exception <a 'java/lang/NoSuchMethodError'{0x0000000770ee9308}: 'java.lang.Object java.lang.invoke.DirectMethodHandle$Holder.newInvokeSpecial(java.lang.Object, java.lang.Object, int, int)'> (0x0000000770ee9308) 
thrown [t:\workspace\open\src\hotspot\share\interpreter\linkResolver.cpp, line 790]
Event: 8.133 Thread 0x00000260f487eac0 Exception <a 'java/lang/NoSuchMethodError'{0x0000000770ef0910}: 'java.lang.Object java.lang.invoke.Invokers$Holder.linkToTargetMethod(java.lang.Object, int, int, java.lang.Object)'> (0x0000000770ef0910) 
thrown [t:\workspace\open\src\hotspot\share\interpreter\linkResolver.cpp, line 790]

Events (20 events):
Event: 10.287 Thread 0x00000260c79f7020 Thread exited: 0x00000260c79f7020
Event: 10.287 Thread 0x00000260b7818fe0 Thread exited: 0x00000260b7818fe0
Event: 10.287 Thread 0x00000260d1653790 Thread exited: 0x00000260d1653790
Event: 10.287 Thread 0x00000260b7818540 Thread exited: 0x00000260b7818540
Event: 10.287 Thread 0x00000260d1656cb0 Thread exited: 0x00000260d1656cb0
Event: 10.287 Thread 0x00000260b7817ff0 Thread exited: 0x00000260b7817ff0
Event: 10.287 Thread 0x00000260d16517b0 Thread exited: 0x00000260d16517b0
Event: 10.287 Thread 0x00000260b7818a90 Thread exited: 0x00000260b7818a90
Event: 10.290 loading class java/util/Collections$ReverseComparator
Event: 10.290 loading class java/util/Collections$ReverseComparator done
Event: 10.290 loading class java/util/Comparators$NaturalOrderComparator
Event: 10.291 loading class java/util/Comparators$NaturalOrderComparator done
Event: 10.291 loading class java/util/Collections$ReverseComparator2
Event: 10.291 loading class java/util/Collections$ReverseComparator2 done
Event: 10.457 Executing  VM operation: Cleanup
Event: 10.458 Executing  VM operation: Cleanup done
Event: 10.929 loading class java/lang/Throwable$WrappedPrintStream
Event: 10.929 loading class java/lang/Throwable$PrintStreamOrWriter
Event: 10.929 loading class java/lang/Throwable$PrintStreamOrWriter done
Event: 10.929 loading class java/lang/Throwable$WrappedPrintStream done


Dynamic libraries:
0x00007ff612fb0000 - 0x00007ff612fc0000 	C:\Program Files\Java\jdk-16\bin\java.exe
0x00007ffd660d0000 - 0x00007ffd662c7000 	C:\WINDOWS\SYSTEM32\ntdll.dll
0x00007ffd65720000 - 0x00007ffd657dd000 	C:\WINDOWS\System32\KERNEL32.DLL
0x00007ffd63b50000 - 0x00007ffd63e1d000 	C:\WINDOWS\System32\KERNELBASE.dll
0x00007ffd638d0000 - 0x00007ffd639d0000 	C:\WINDOWS\System32\ucrtbase.dll
0x00007ffd4d530000 - 0x00007ffd4d549000 	C:\Program Files\Java\jdk-16\bin\VCRUNTIME140.dll
0x00007ffd4d6d0000 - 0x00007ffd4d6e8000 	C:\Program Files\Java\jdk-16\bin\jli.dll
0x00007ffd64ea0000 - 0x00007ffd64f4e000 	C:\WINDOWS\System32\ADVAPI32.dll
0x00007ffd65b50000 - 0x00007ffd65bee000 	C:\WINDOWS\System32\msvcrt.dll
0x00007ffd65320000 - 0x00007ffd653bc000 	C:\WINDOWS\System32\sechost.dll
0x00007ffd65a20000 - 0x00007ffd65b45000 	C:\WINDOWS\System32\RPCRT4.dll
0x00007ffd65460000 - 0x00007ffd65600000 	C:\WINDOWS\System32\USER32.dll
0x00007ffd4f000000 - 0x00007ffd4f29a000 	C:\WINDOWS\WinSxS\amd64_microsoft.windows.common-controls_6595b64144ccf1df_6.0.19041.1110_none_60b5254171f9507e\COMCTL32.dll
0x00007ffd638a0000 - 0x00007ffd638c2000 	C:\WINDOWS\System32\win32u.dll
0x00007ffd65430000 - 0x00007ffd6545a000 	C:\WINDOWS\System32\GDI32.dll
0x00007ffd639d0000 - 0x00007ffd63adb000 	C:\WINDOWS\System32\gdi32full.dll
0x00007ffd63f30000 - 0x00007ffd63fcd000 	C:\WINDOWS\System32\msvcp_win.dll
0x00007ffd5a7b0000 - 0x00007ffd5a7ba000 	C:\WINDOWS\SYSTEM32\VERSION.dll
0x00007ffd65bf0000 - 0x00007ffd65c20000 	C:\WINDOWS\System32\IMM32.DLL
0x00007ffd5ff90000 - 0x00007ffd5ff9c000 	C:\Program Files\Java\jdk-16\bin\vcruntime140_1.dll
0x00007ffd39820000 - 0x00007ffd398b1000 	C:\Program Files\Java\jdk-16\bin\msvcp140.dll
0x00007ffd10c60000 - 0x00007ffd1180b000 	C:\Program Files\Java\jdk-16\bin\server\jvm.dll
0x00007ffd64f50000 - 0x00007ffd64f58000 	C:\WINDOWS\System32\PSAPI.DLL
0x00007ffd57870000 - 0x00007ffd57897000 	C:\WINDOWS\SYSTEM32\WINMM.dll
0x00007ffd46ea0000 - 0x00007ffd46ea9000 	C:\WINDOWS\SYSTEM32\WSOCK32.dll
0x00007ffd653c0000 - 0x00007ffd6542b000 	C:\WINDOWS\System32\WS2_32.dll
0x00007ffd62060000 - 0x00007ffd62072000 	C:\WINDOWS\SYSTEM32\kernel.appcore.dll
0x00007ffd5e810000 - 0x00007ffd5e81a000 	C:\Program Files\Java\jdk-16\bin\jimage.dll
0x00007ffd613e0000 - 0x00007ffd615c4000 	C:\WINDOWS\SYSTEM32\DBGHELP.DLL
0x00007ffd48c50000 - 0x00007ffd48c7c000 	C:\WINDOWS\SYSTEM32\dbgcore.DLL
0x00007ffd63ea0000 - 0x00007ffd63f22000 	C:\WINDOWS\System32\bcryptPrimitives.dll
0x00007ffd4d490000 - 0x00007ffd4d4b5000 	C:\Program Files\Java\jdk-16\bin\java.dll
0x00007ffd64750000 - 0x00007ffd64e94000 	C:\WINDOWS\System32\SHELL32.dll
0x00007ffd618b0000 - 0x00007ffd62044000 	C:\WINDOWS\SYSTEM32\windows.storage.dll
0x00007ffd64130000 - 0x00007ffd64484000 	C:\WINDOWS\System32\combase.dll
0x00007ffd63170000 - 0x00007ffd6319c000 	C:\WINDOWS\SYSTEM32\Wldp.dll
0x00007ffd64fd0000 - 0x00007ffd6507d000 	C:\WINDOWS\System32\SHCORE.dll
0x00007ffd646f0000 - 0x00007ffd64745000 	C:\WINDOWS\System32\shlwapi.dll
0x00007ffd63730000 - 0x00007ffd6374f000 	C:\WINDOWS\SYSTEM32\profapi.dll
0x00007ffd4d350000 - 0x00007ffd4d369000 	C:\Program Files\Java\jdk-16\bin\net.dll
0x00007ffd551c0000 - 0x00007ffd552ca000 	C:\WINDOWS\SYSTEM32\WINHTTP.dll
0x00007ffd62f50000 - 0x00007ffd62fba000 	C:\WINDOWS\system32\mswsock.dll
0x00007ffd4c930000 - 0x00007ffd4c943000 	C:\Program Files\Java\jdk-16\bin\nio.dll
0x00007ffd4c8d0000 - 0x00007ffd4c8e8000 	C:\Program Files\Java\jdk-16\bin\zip.dll
0x00007ffd587a0000 - 0x00007ffd587b0000 	C:\Program Files\Java\jdk-16\bin\verify.dll
0x00007ffd634b0000 - 0x00007ffd634c8000 	C:\WINDOWS\SYSTEM32\CRYPTSP.dll
0x00007ffd62880000 - 0x00007ffd628b4000 	C:\WINDOWS\system32\rsaenh.dll
0x00007ffd63e20000 - 0x00007ffd63e47000 	C:\WINDOWS\System32\bcrypt.dll
0x00007ffd636f0000 - 0x00007ffd6371e000 	C:\WINDOWS\SYSTEM32\USERENV.dll
0x00007ffd630e0000 - 0x00007ffd630ec000 	C:\WINDOWS\SYSTEM32\CRYPTBASE.dll
0x00007ffd62c10000 - 0x00007ffd62c4b000 	C:\WINDOWS\SYSTEM32\IPHLPAPI.DLL
0x00007ffd65310000 - 0x00007ffd65318000 	C:\WINDOWS\System32\NSI.dll
0x00007ffd5c470000 - 0x00007ffd5c487000 	C:\WINDOWS\SYSTEM32\dhcpcsvc6.DLL
0x00007ffd5cf00000 - 0x00007ffd5cf1d000 	C:\WINDOWS\SYSTEM32\dhcpcsvc.DLL
0x00007ffd62c50000 - 0x00007ffd62d1b000 	C:\WINDOWS\SYSTEM32\DNSAPI.dll
0x00007ffd30c50000 - 0x00007ffd30c95000 	G:\SteamLibrary\steamapps\common\Necesse\natives\jna14110893332553259986.dll
0x00007ffd65080000 - 0x00007ffd651aa000 	C:\WINDOWS\System32\Ole32.dll
0x00007ffd644f0000 - 0x00007ffd64599000 	C:\WINDOWS\System32\clbcatq.dll
0x00007ffd64620000 - 0x00007ffd646ed000 	C:\WINDOWS\System32\OleAut32.dll
0x00007ffd57730000 - 0x00007ffd57750000 	C:\WINDOWS\SYSTEM32\amsi.dll
0x00007ffd56ed0000 - 0x00007ffd56f4b000 	C:\ProgramData\Microsoft\Windows Defender\Platform\4.18.2205.7-0\MpOav.dll
0x00007ffd54920000 - 0x00007ffd54929000 	C:\Program Files\Java\jdk-16\bin\management.dll
0x00007ffd4e370000 - 0x00007ffd4e37b000 	C:\Program Files\Java\jdk-16\bin\management_ext.dll
0x00007ffd30c00000 - 0x00007ffd30c4c000 	G:\SteamLibrary\steamapps\common\Necesse\natives\steam_api64.dll
0x00007ffd309c0000 - 0x00007ffd30a0d000 	G:\SteamLibrary\steamapps\common\Necesse\natives\steamworks4j64.dll
0x00007ffcb8f00000 - 0x00007ffcba3f7000 	C:\Program Files (x86)\Steam\steamclient64.dll
0x00007ffd63fd0000 - 0x00007ffd64126000 	C:\WINDOWS\System32\CRYPT32.dll
0x00007ffd64600000 - 0x00007ffd6461d000 	C:\WINDOWS\System32\imagehlp.dll
0x00007ffd65c20000 - 0x00007ffd6608f000 	C:\WINDOWS\System32\SETUPAPI.dll
0x00007ffd63e50000 - 0x00007ffd63e9e000 	C:\WINDOWS\System32\cfgmgr32.dll
0x00007ffd1ded0000 - 0x00007ffd1df51000 	C:\Program Files (x86)\Steam\vstdlib_s64.dll
0x00007ffd53770000 - 0x00007ffd5377c000 	C:\WINDOWS\SYSTEM32\Secur32.dll
0x00007ffd0a0c0000 - 0x00007ffd0a234000 	C:\Program Files (x86)\Steam\tier0_s64.dll
0x00007ffd636b0000 - 0x00007ffd636e2000 	C:\WINDOWS\SYSTEM32\SSPICLI.DLL
0x00007ffd09b30000 - 0x00007ffd09cb8000 	C:\Program Files (x86)\Steam\gameoverlayrenderer64.dll
0x00007ffd305c0000 - 0x00007ffd30631000 	G:\SteamLibrary\steamapps\common\Necesse\natives\lwjgl.dll
0x00007ffd29210000 - 0x00007ffd29271000 	G:\SteamLibrary\steamapps\common\Necesse\natives\glfw.dll
0x00007ffd21680000 - 0x00007ffd216c5000 	C:\WINDOWS\SYSTEM32\dinput8.dll
0x00007ffd58130000 - 0x00007ffd58282000 	C:\WINDOWS\SYSTEM32\inputhost.dll
0x00007ffd608c0000 - 0x00007ffd609b2000 	C:\WINDOWS\SYSTEM32\CoreMessaging.dll
0x00007ffd5f070000 - 0x00007ffd5f1c4000 	C:\WINDOWS\SYSTEM32\wintypes.dll
0x00007ffd5ebc0000 - 0x00007ffd5ecb6000 	C:\WINDOWS\SYSTEM32\PROPSYS.dll
0x00007ffd601e0000 - 0x00007ffd6053e000 	C:\WINDOWS\SYSTEM32\CoreUIComponents.dll
0x00007ffd624b0000 - 0x00007ffd624e3000 	C:\WINDOWS\SYSTEM32\ntmarta.dll
0x00007ffd39520000 - 0x00007ffd39531000 	C:\WINDOWS\SYSTEM32\xinput1_4.dll
0x00007ffd635a0000 - 0x00007ffd635cc000 	C:\WINDOWS\SYSTEM32\DEVOBJ.dll
0x00007ffd60fa0000 - 0x00007ffd60fcf000 	C:\WINDOWS\SYSTEM32\dwmapi.dll
0x00007ffd60d00000 - 0x00007ffd60d9e000 	C:\WINDOWS\system32\uxtheme.dll
0x00007ffd65600000 - 0x00007ffd65715000 	C:\WINDOWS\System32\MSCTF.dll
0x00007ffd1dad0000 - 0x00007ffd1dc50000 	C:\Program Files\Java\jdk-16\bin\awt.dll
0x00007ffd60bd0000 - 0x00007ffd60c60000 	C:\WINDOWS\SYSTEM32\apphelp.dll
0x00007ffd1fae0000 - 0x00007ffd1fc06000 	C:\WINDOWS\SYSTEM32\opengl32.dll
0x00007ffd4c620000 - 0x00007ffd4c64c000 	C:\WINDOWS\SYSTEM32\GLU32.dll
0x00007ffcd7080000 - 0x00007ffcda0a8000 	C:\WINDOWS\System32\DriverStore\FileRepository\nv_dispi.inf_amd64_3b12ac0f95b18b9d\nvoglv64.dll
0x00007ffd5ed70000 - 0x00007ffd5ed84000 	C:\WINDOWS\SYSTEM32\WTSAPI32.dll
0x00007ffd63540000 - 0x00007ffd63552000 	C:\WINDOWS\SYSTEM32\msasn1.dll
0x00007ffd5a690000 - 0x00007ffd5a6c1000 	C:\WINDOWS\SYSTEM32\cryptnet.dll
0x00007ffd587b0000 - 0x00007ffd588f8000 	C:\WINDOWS\SYSTEM32\drvstore.dll
0x00007ffd63ae0000 - 0x00007ffd63b47000 	C:\WINDOWS\System32\WINTRUST.dll
0x00007ffd59440000 - 0x00007ffd5947b000 	C:\WINDOWS\SYSTEM32\dxcore.dll
0x00007ffcfed20000 - 0x00007ffcfefe7000 	C:\WINDOWS\system32\nvspcap64.dll
0x00007ffd62d30000 - 0x00007ffd62d7b000 	C:\WINDOWS\SYSTEM32\powrprof.dll
0x00007ffd62bf0000 - 0x00007ffd62c02000 	C:\WINDOWS\SYSTEM32\UMPDC.dll
0x00007ffd62520000 - 0x00007ffd6257a000 	C:\WINDOWS\SYSTEM32\WINSTA.dll
0x00007ffd5d450000 - 0x00007ffd5d4d5000 	C:\WINDOWS\System32\MMDevApi.dll
0x00007ffd5d540000 - 0x00007ffd5d6c2000 	C:\WINDOWS\SYSTEM32\AUDIOSES.DLL
0x00007ffd21620000 - 0x00007ffd2167d000 	G:\SteamLibrary\steamapps\common\Necesse\natives\lwjgl_opengl.dll
0x00007ffd58030000 - 0x00007ffd58129000 	C:\WINDOWS\SYSTEM32\textinputframework.dll
0x00007ffd20a60000 - 0x00007ffd20ae1000 	G:\SteamLibrary\steamapps\common\Necesse\natives\lwjgl_stb.dll
0x00007ffd5c040000 - 0x00007ffd5c0ee000 	C:\WINDOWS\SYSTEM32\mscms.dll
0x00007ffd5c1d0000 - 0x00007ffd5c1e1000 	C:\WINDOWS\SYSTEM32\ColorAdapterClient.dll
0x00007ffd4c850000 - 0x00007ffd4c893000 	C:\WINDOWS\SYSTEM32\icm32.dll
0x00007ffd1c060000 - 0x00007ffd1c1f7000 	G:\SteamLibrary\steamapps\common\Necesse\natives\OpenAL.dll
0x00007ffd60ea0000 - 0x00007ffd60eb4000 	C:\WINDOWS\SYSTEM32\resourcepolicyclient.dll
0x00007ffd5fec0000 - 0x00007ffd5fece000 	C:\Program Files\Java\jdk-16\bin\instrument.dll

dbghelp: loaded successfully - version: 4.0.5 - missing functions: none
symbol engine: initialized successfully - sym options: 0x614 - pdb path: .;C:\Program Files\Java\jdk-16\bin;C:\WINDOWS\SYSTEM32;C:\WINDOWS\WinSxS\amd64_microsoft.windows.common-controls_6595b64144ccf1df_6.0.19041.1110_none_60b5254171f9507e;C:\Program Files\Java\jdk-16\bin\server;G:\SteamLibrary\steamapps\common\Necesse\natives;C:\ProgramData\Microsoft\Windows Defender\Platform\4.18.2205.7-0;C:\Program Files (x86)\Steam;C:\WINDOWS\System32\DriverStore\FileRepository\nv_dispi.inf_amd64_3b12ac0f95b18b9d

VM Arguments:
jvm_args: -XX:+UnlockExperimentalVMOptions -XX:+UseG1GC -XX:G1NewSizePercent=20 -XX:G1ReservePercent=20 -XX:MaxGCPauseMillis=50 -XX:G1HeapRegionSize=32M -Xms512m -Xmx3G -Dfile.encoding=windows-1252 -Duser.country=US -Duser.language=en -Duser.variant 
java_command: StartClient -mod build/jar
java_class_path (initial): G:\SteamLibrary\steamapps\common\Necesse\Necesse.jar
Launcher Type: SUN_STANDARD

[Global flags]
     intx CICompilerCount                          = 4                                         {product} {ergonomic}
     uint ConcGCThreads                            = 3                                         {product} {ergonomic}
     uint G1ConcRefinementThreads                  = 10                                        {product} {ergonomic}
   size_t G1HeapRegionSize                         = 33554432                                  {product} {command line}
    uintx G1NewSizePercent                         = 20                                   {experimental} {command line}
    uintx G1ReservePercent                         = 20                                        {product} {command line}
    uintx GCDrainStackTargetSize                   = 64                                        {product} {ergonomic}
   size_t InitialHeapSize                          = 536870912                                 {product} {command line}
   size_t MarkStackSize                            = 4194304                                   {product} {ergonomic}
    uintx MaxGCPauseMillis                         = 50                                        {product} {command line}
   size_t MaxHeapSize                              = 3221225472                                {product} {command line}
   size_t MaxNewSize                               = 1912602624                                {product} {ergonomic}
   size_t MinHeapDeltaBytes                        = 33554432                                  {product} {ergonomic}
   size_t MinHeapSize                              = 536870912                                 {product} {command line}
    uintx NonNMethodCodeHeapSize                   = 5839372                                {pd product} {ergonomic}
    uintx NonProfiledCodeHeapSize                  = 122909434                              {pd product} {ergonomic}
    uintx ProfiledCodeHeapSize                     = 122909434                              {pd product} {ergonomic}
    uintx ReservedCodeCacheSize                    = 251658240                              {pd product} {ergonomic}
     bool SegmentedCodeCache                       = true                                      {product} {ergonomic}
   size_t SoftMaxHeapSize                          = 3221225472                             {manageable} {ergonomic}
     bool UnlockExperimentalVMOptions              = true                                 {experimental} {command line}
     bool UseAOT                                   = false                                {experimental} {ergonomic}
     bool UseCompressedClassPointers               = true                           {product lp64_product} {ergonomic}
     bool UseCompressedOops                        = true                           {product lp64_product} {ergonomic}
     bool UseG1GC                                  = true                                      {product} {command line}
     bool UseLargePagesIndividualAllocation        = false                                  {pd product} {ergonomic}

Logging:
Log output configuration:
 #0: stdout all=warning uptime,level,tags
 #1: stderr all=off uptime,level,tags

Environment Variables:
PATH=C:\Program Files (x86)\Common Files\Oracle\Java\javapath;C:\WinAVR-20100110\bin;C:\WinAVR-20100110\utils\bin;C:\Program Files\NVIDIA Corporation\NVIDIA NvDLISR;C:\Users\elito\.cargo\bin;C:\Ruby27-x64\bin;C:\Users\elito\scoop\apps\python\current;C:\Users\elito\scoop\apps\python\current\Scripts;C:\Users\elito\scoop\apps\gcc\current\bin;C:\Users\elito\scoop\shims;C:\Users\elito\AppData\Local\Programs\Python\Python38-32\Scripts\;C:\Users\elito\AppData\Local\Programs\Python\Python38-32\;C:\Users\elito\AppData\Local\Microsoft\WindowsApps;C:\Users\elito\go\bin;C:\Users\elito\.dotnet\tools;C:\Program Files (x86)\Atmel\Flip 3.4.7\bin;C:\Program Files\JetBrains\JetBrains Rider 2020.1.4\bin;C:\Users\elito\AppData\Local\GitHubDesktop\bin;C:\Program Files\JetBrains\PyCharm Community Edition 2020.2\bin;C:\Users\elito\spicetify-cli;C:\Users\elito\AppData\Local\Microsoft\WindowsApps;C:\Program Files (x86)\GitHub CLI\;C:\Users\elito\.dotnet\tools;C:\Users\elito\AppData\Roaming\npm;C:\Program Files\JetBrains\Rider for Unreal Engine 2021.1.1\bin;C:\Users\elito\go\bin;C:\Program Files\JetBrains\GoLand 2021.1.1\bin;C:\Program Files\JetBrains\IntelliJ IDEA Community Edition 2021.2.2\bin;C:\Users\elito\AppData\Local\Programs\Microsoft VS Code\bin
USERNAME=elito
OS=Windows_NT
PROCESSOR_IDENTIFIER=AMD64 Family 23 Model 113 Stepping 0, AuthenticAMD



---------------  S Y S T E M  ---------------

OS:
 Windows 10 , 64 bit Build 19041 (10.0.19041.1741)
OS uptime: 6 days 22:40 hours
Hyper-V role detected

CPU: total 12 (initial active 12) (12 cores per cpu, 2 threads per core) family 23 model 113 stepping 0 microcode 0x0, cx8, cmov, fxsr, ht, mmx, 3dnowpref, sse, sse2, sse3, ssse3, sse4a, sse4.1, sse4.2, popcnt, lzcnt, tsc, tscinvbit, avx, avx2, aes, clmul, bmi1, bmi2, adx, sha, fma, vzeroupper, clflush, clflushopt, hv

Memory: 4k page, system-wide physical 16334M (1085M free)
TotalPageFile size 65486M (AvailPageFile size 0M)
current process WorkingSet (physical memory assigned to process): 981M, peak: 2503M
current process commit charge ("private bytes"): 3248M, peak: 3249M

vm_info: Java HotSpot(TM) 64-Bit Server VM (16+36-2231) for windows-amd64 JRE (16+36-2231), built on Feb  8 2021 11:43:10 by "mach5one" with MS VC++ 16.7 (VS2019)

END.
