#
# There is insufficient memory for the Java Runtime Environment to continue.
# Native memory allocation (malloc) failed to allocate 1104944 bytes for Chunk::new
# Possible reasons:
#   The system is out of physical RAM or swap space
#   The process is running with CompressedOops enabled, and the Java Heap may be blocking the growth of the native heap
# Possible solutions:
#   Reduce memory load on the system
#   Increase physical memory or swap space
#   Check if swap backing store is full
#   Decrease Java heap size (-Xmx/-Xms)
#   Decrease number of Java threads
#   Decrease Java thread stack sizes (-Xss)
#   Set larger code cache with -XX:ReservedCodeCacheSize=
#   JVM is running with Zero Based Compressed Oops mode in which the Java heap is
#     placed in the first 32GB address space. The Java Heap base address is the
#     maximum limit for the native heap growth. Please use -XX:HeapBaseMinAddress
#     to set the Java Heap base and to place the Java Heap above 32GB virtual address.
# This output file may be truncated or incomplete.
#
#  Out of Memory Error (arena.cpp:195), pid=36220, tid=32956
#
# JRE version: Java(TM) SE Runtime Environment (16.0+36) (build 16+36-2231)
# Java VM: Java HotSpot(TM) 64-Bit Server VM (16+36-2231, mixed mode, sharing, tiered, compressed oops, g1 gc, windows-amd64)
# No core dump will be written. Minidumps are not enabled by default on client versions of Windows
#

---------------  S U M M A R Y ------------

Command Line: -XX:+UnlockExperimentalVMOptions -XX:+UseG1GC -XX:G1NewSizePercent=20 -XX:G1ReservePercent=20 -XX:MaxGCPauseMillis=50 -XX:G1HeapRegionSize=32M -Xms512m -Xmx3G -Dfile.encoding=windows-1252 -Duser.country=US -Duser.language=en -Duser.variant StartClient -mod build/jar

Host: AMD Ryzen 5 3600X 6-Core Processor             , 12 cores, 15G,  Windows 10 , 64 bit Build 19041 (10.0.19041.1741)
Time: Fri Jul  1 22:45:16 2022 Eastern Daylight Time elapsed time: 82.502961 seconds (0d 0h 1m 22s)

---------------  T H R E A D  ---------------

Current thread (0x000001cc63b26be0):  JavaThread "C2 CompilerThread0" daemon [_thread_in_native, id=32956, stack(0x00000007aef00000,0x00000007af000000)]


Current CompileTask:
C2:  82503 13500       4       necesse.gfx.drawables.LevelDrawUtils::resetDrawables (207 bytes)

Stack: [0x00000007aef00000,0x00000007af000000]
Native frames: (J=compiled Java code, j=interpreted, Vv=VM code, C=native code)
V  [jvm.dll+0x6681da]
V  [jvm.dll+0x7c9d99]
V  [jvm.dll+0x7cb4d3]
V  [jvm.dll+0x7cbb33]
V  [jvm.dll+0x242ee5]
V  [jvm.dll+0xadeca]
V  [jvm.dll+0xae5ac]
V  [jvm.dll+0x35a947]
V  [jvm.dll+0x324df1]
V  [jvm.dll+0x32429a]
V  [jvm.dll+0x215f2c]
V  [jvm.dll+0x215340]
V  [jvm.dll+0x1a1d8b]
V  [jvm.dll+0x225398]
V  [jvm.dll+0x2233dc]
V  [jvm.dll+0x77f9e2]
V  [jvm.dll+0x77952a]
V  [jvm.dll+0x667076]
C  [ucrtbase.dll+0x21bb2]
C  [KERNEL32.DLL+0x17034]
C  [ntdll.dll+0x52651]


---------------  P R O C E S S  ---------------

Threads class SMR info:
_java_thread_list=0x000001cc1ccd54e0, length=26, elements={
0x000001cc4111dc30, 0x000001cc411f98d0, 0x000001cc411fa6a0, 0x000001cc63b1b890,
0x000001cc63b1c3a0, 0x000001cc63b210d0, 0x000001cc63b219e0, 0x000001cc63b26be0,
0x000001cc63b2f5f0, 0x000001cc63b31f50, 0x000001cc64571e40, 0x000001cc64574c70,
0x000001cc16e26e60, 0x000001cc7ead2d40, 0x000001cc7ead0d60, 0x000001cc7ecb21f0,
0x000001cc7ecb41d0, 0x000001cc7ecb0210, 0x000001cc7ecb2740, 0x000001cc7ecb76f0,
0x000001cc7ecb7c40, 0x000001cc7ecb1ca0, 0x000001cc7ecb31e0, 0x000001cc7ecb5710,
0x000001cc7ecb5c60, 0x000001cc16e24e80
}

Java Threads: ( => current thread )
  0x000001cc4111dc30 JavaThread "main" [_thread_in_native, id=33912, stack(0x00000007ae200000,0x00000007ae300000)]
  0x000001cc411f98d0 JavaThread "Reference Handler" daemon [_thread_blocked, id=18708, stack(0x00000007ae900000,0x00000007aea00000)]
  0x000001cc411fa6a0 JavaThread "Finalizer" daemon [_thread_blocked, id=16444, stack(0x00000007aea00000,0x00000007aeb00000)]
  0x000001cc63b1b890 JavaThread "Signal Dispatcher" daemon [_thread_blocked, id=19736, stack(0x00000007aeb00000,0x00000007aec00000)]
  0x000001cc63b1c3a0 JavaThread "Attach Listener" daemon [_thread_blocked, id=33468, stack(0x00000007aec00000,0x00000007aed00000)]
  0x000001cc63b210d0 JavaThread "Service Thread" daemon [_thread_blocked, id=12304, stack(0x00000007aed00000,0x00000007aee00000)]
  0x000001cc63b219e0 JavaThread "Monitor Deflation Thread" daemon [_thread_blocked, id=24864, stack(0x00000007aee00000,0x00000007aef00000)]
=>0x000001cc63b26be0 JavaThread "C2 CompilerThread0" daemon [_thread_in_native, id=32956, stack(0x00000007aef00000,0x00000007af000000)]
  0x000001cc63b2f5f0 JavaThread "C1 CompilerThread0" daemon [_thread_blocked, id=37632, stack(0x00000007af000000,0x00000007af100000)]
  0x000001cc63b31f50 JavaThread "Sweeper thread" daemon [_thread_blocked, id=33056, stack(0x00000007af100000,0x00000007af200000)]
  0x000001cc64571e40 JavaThread "Notification Thread" daemon [_thread_blocked, id=12560, stack(0x00000007af200000,0x00000007af300000)]
  0x000001cc64574c70 JavaThread "Common-Cleaner" daemon [_thread_blocked, id=25428, stack(0x00000007af400000,0x00000007af500000)]
  0x000001cc16e26e60 JavaThread "music-streamer" [_thread_blocked, id=10532, stack(0x00000007b1100000,0x00000007b1200000)]
  0x000001cc7ead2d40 JavaThread "Server Thread" [_thread_blocked, id=11664, stack(0x00000007b0b00000,0x00000007b0c00000)]
  0x000001cc7ead0d60 JavaThread "Singleplayer socket" [_thread_blocked, id=31504, stack(0x00000007b1700000,0x00000007b1800000)]
  0x000001cc7ecb21f0 JavaThread "level-s-7056x2474d0-executor-1" [_thread_blocked, id=32312, stack(0x00000007b1900000,0x00000007b1a00000)]
  0x000001cc7ecb41d0 JavaThread "level-na-7056x2474d0-light-update" [_thread_blocked, id=18716, stack(0x00000007b1a00000,0x00000007b1b00000)]
  0x000001cc7ecb0210 JavaThread "level-na-7056x2474d0-draw-1" [_thread_blocked, id=28228, stack(0x00000007b0c00000,0x00000007b0d00000)]
  0x000001cc7ecb2740 JavaThread "level-na-7056x2474d0-draw-2" [_thread_blocked, id=23828, stack(0x00000007b0d00000,0x00000007b0e00000)]
  0x000001cc7ecb76f0 JavaThread "level-na-7056x2474d0-draw-3" [_thread_blocked, id=8684, stack(0x00000007b0e00000,0x00000007b0f00000)]
  0x000001cc7ecb7c40 JavaThread "level-na-7056x2474d0-draw-4" [_thread_blocked, id=17908, stack(0x00000007b0f00000,0x00000007b1000000)]
  0x000001cc7ecb1ca0 JavaThread "level-s-7056x2474d0-executor-2" [_thread_blocked, id=34024, stack(0x00000007b1000000,0x00000007b1100000)]
  0x000001cc7ecb31e0 JavaThread "level-s-7056x2474d0-executor-3" [_thread_blocked, id=24184, stack(0x00000007b1200000,0x00000007b1300000)]
  0x000001cc7ecb5710 JavaThread "level-s-7056x2474d0-executor-4" [_thread_blocked, id=31372, stack(0x00000007b1300000,0x00000007b1400000)]
  0x000001cc7ecb5c60 JavaThread "level-s-7056x2474d0-executor-5" [_thread_blocked, id=34900, stack(0x00000007b1400000,0x00000007b1500000)]
  0x000001cc16e24e80 JavaThread "level-na-7056x2474d0-light-update" [_thread_blocked, id=29176, stack(0x00000007b0a00000,0x00000007b0b00000)]

Other Threads:
  0x000001cc411f5d70 VMThread "VM Thread" [stack: 0x00000007ae800000,0x00000007ae900000] [id=13712]
  0x000001cc64574980 WatcherThread [stack: 0x00000007af300000,0x00000007af400000] [id=3792]
  0x000001cc41157380 GCTaskThread "GC Thread#0" [stack: 0x00000007ae300000,0x00000007ae400000] [id=7660]
  0x000001cc649b8010 GCTaskThread "GC Thread#1" [stack: 0x00000007af700000,0x00000007af800000] [id=36700]
  0x000001cc65a392e0 GCTaskThread "GC Thread#2" [stack: 0x00000007af800000,0x00000007af900000] [id=20148]
  0x000001cc65a395f0 GCTaskThread "GC Thread#3" [stack: 0x00000007af900000,0x00000007afa00000] [id=12276]
  0x000001cc64e6b4f0 GCTaskThread "GC Thread#4" [stack: 0x00000007afa00000,0x00000007afb00000] [id=38836]
  0x000001cc64e6bb10 GCTaskThread "GC Thread#5" [stack: 0x00000007afb00000,0x00000007afc00000] [id=25640]
  0x000001cc64e6c750 GCTaskThread "GC Thread#6" [stack: 0x00000007afc00000,0x00000007afd00000] [id=17848]
  0x000001cc64e6b800 GCTaskThread "GC Thread#7" [stack: 0x00000007afd00000,0x00000007afe00000] [id=12212]
  0x000001cc64e6ca60 GCTaskThread "GC Thread#8" [stack: 0x00000007afe00000,0x00000007aff00000] [id=27008]
  0x000001cc64e6c440 GCTaskThread "GC Thread#9" [stack: 0x00000007aff00000,0x00000007b0000000] [id=20560]
  0x000001cc41158fd0 ConcurrentGCThread "G1 Main Marker" [stack: 0x00000007ae400000,0x00000007ae500000] [id=28860]
  0x000001cc411599d0 ConcurrentGCThread "G1 Conc#0" [stack: 0x00000007ae500000,0x00000007ae600000] [id=39852]
  0x000001cc663d7930 ConcurrentGCThread "G1 Conc#1" [stack: 0x00000007b0800000,0x00000007b0900000] [id=1344]
  0x000001cc663d60b0 ConcurrentGCThread "G1 Conc#2" [stack: 0x00000007b0900000,0x00000007b0a00000] [id=18336]
  0x000001cc411c8ff0 ConcurrentGCThread "G1 Refine#0" [stack: 0x00000007ae600000,0x00000007ae700000] [id=36636]
  0x000001cc08b10ef0 ConcurrentGCThread "G1 Refine#1" [stack: 0x00000007b1500000,0x00000007b1600000] [id=37220]
  0x000001cc08b11570 ConcurrentGCThread "G1 Refine#2" [stack: 0x00000007b1600000,0x00000007b1700000] [id=35280]
  0x000001cc411c9a00 ConcurrentGCThread "G1 Service" [stack: 0x00000007ae700000,0x00000007ae800000] [id=7800]

Threads with active compile tasks:
C2 CompilerThread0    82529 13500       4       necesse.gfx.drawables.LevelDrawUtils::resetDrawables (207 bytes)

VM state: not at safepoint (normal execution)

VM Mutex/Monitor currently owned by a thread: None

Heap address: 0x0000000500000000, size: 3072 MB, Compressed Oops mode: Zero based, Oop shift amount: 3
CDS archive(s) mapped at: [0x0000000800000000-0x0000000800bb0000-0x0000000800bb0000), size 12255232, SharedBaseAddress: 0x0000000800000000, ArchiveRelocationMode: 0.
Compressed class space mapped at: 0x0000000800c00000-0x0000000840c00000, reserved size: 1073741824
Narrow klass base: 0x0000000800000000, Narrow klass shift: 3, Narrow klass range: 0x100000000

GC Precious Log:
 CPUs: 12 total, 12 available
 Memory: 16334M
 Large Page Support: Disabled
 NUMA Support: Disabled
 Compressed Oops: Enabled (Zero based)
 Heap Region Size: 32M
 Heap Min Capacity: 512M
 Heap Initial Capacity: 512M
 Heap Max Capacity: 3G
 Pre-touch: Disabled
 Parallel Workers: 10
 Concurrent Workers: 3
 Concurrent Refinement Workers: 10
 Periodic GC: Disabled

Heap:
 garbage-first heap   total 1310720K, used 742349K [0x0000000500000000, 0x00000005c0000000)
  region size 32768K, 17 young (557056K), 1 survivors (32768K)
 Metaspace       used 44471K, committed 45120K, reserved 1089536K
  class space    used 6307K, committed 6592K, reserved 1048576K

Heap Regions: E=young(eden), S=young(survivor), O=old, HS=humongous(starts), HC=humongous(continues), CS=collection set, F=free, OA=open archive, CA=closed archive, TAMS=top-at-mark-start (previous, next)
|   0|0x0000000500000000, 0x0000000500909200, 0x0000000502000000| 28%| O|  |TAMS 0x0000000500909200, 0x0000000500000000| Untracked 
|   1|0x0000000502000000, 0x0000000504000000, 0x0000000504000000|100%| O|  |TAMS 0x0000000502000000, 0x0000000502000000| Untracked 
|   2|0x0000000504000000, 0x0000000506000000, 0x0000000506000000|100%| O|  |TAMS 0x0000000504000000, 0x0000000504000000| Untracked 
|   3|0x0000000506000000, 0x00000005067fee00, 0x0000000508000000| 24%| O|  |TAMS 0x0000000506000000, 0x0000000506000000| Untracked 
|   4|0x0000000508000000, 0x000000050a000000, 0x000000050a000000|100%| O|  |TAMS 0x000000050a000000, 0x0000000508000000| Untracked 
|   5|0x000000050a000000, 0x000000050c000000, 0x000000050c000000|100%| O|  |TAMS 0x000000050c000000, 0x000000050a000000| Untracked 
|   6|0x000000050c000000, 0x000000050e000000, 0x000000050e000000|100%| O|  |TAMS 0x000000050e000000, 0x000000050c000000| Untracked 
|   7|0x000000050e000000, 0x000000050e000000, 0x0000000510000000|  0%| F|  |TAMS 0x000000050e000000, 0x000000050e000000| Untracked 
|   8|0x0000000510000000, 0x0000000510000000, 0x0000000512000000|  0%| F|  |TAMS 0x0000000510000000, 0x0000000510000000| Untracked 
|   9|0x0000000512000000, 0x0000000512000000, 0x0000000514000000|  0%| F|  |TAMS 0x0000000512000000, 0x0000000512000000| Untracked 
|  10|0x0000000514000000, 0x0000000514000000, 0x0000000516000000|  0%| F|  |TAMS 0x0000000514000000, 0x0000000514000000| Untracked 
|  11|0x0000000516000000, 0x0000000516000000, 0x0000000518000000|  0%| F|  |TAMS 0x0000000516000000, 0x0000000516000000| Untracked 
|  12|0x0000000518000000, 0x000000051a000000, 0x000000051a000000|100%| O|  |TAMS 0x000000051a000000, 0x0000000518000000| Untracked 
|  13|0x000000051a000000, 0x000000051c000000, 0x000000051c000000|100%| O|  |TAMS 0x000000051c000000, 0x000000051a000000| Untracked 
|  14|0x000000051c000000, 0x000000051c000000, 0x000000051e000000|  0%| F|  |TAMS 0x000000051c000000, 0x000000051c000000| Untracked 
|  15|0x000000051e000000, 0x000000051e000000, 0x0000000520000000|  0%| F|  |TAMS 0x000000051e000000, 0x000000051e000000| Untracked 
|  16|0x0000000520000000, 0x0000000520000000, 0x0000000522000000|  0%| F|  |TAMS 0x0000000520000000, 0x0000000520000000| Untracked 
|  17|0x0000000522000000, 0x00000005223eb760, 0x0000000524000000| 12%| S|CS|TAMS 0x0000000522000000, 0x0000000522000000| Complete 
|  18|0x0000000524000000, 0x0000000524000000, 0x0000000526000000|  0%| F|  |TAMS 0x0000000524000000, 0x0000000524000000| Untracked 
|  19|0x0000000526000000, 0x0000000526000000, 0x0000000528000000|  0%| F|  |TAMS 0x0000000526000000, 0x0000000526000000| Untracked 
|  20|0x0000000528000000, 0x0000000528000000, 0x000000052a000000|  0%| F|  |TAMS 0x0000000528000000, 0x0000000528000000| Untracked 
|  21|0x000000052a000000, 0x000000052a000000, 0x000000052c000000|  0%| F|  |TAMS 0x000000052a000000, 0x000000052a000000| Untracked 
|  22|0x000000052c000000, 0x000000052c000000, 0x000000052e000000|  0%| F|  |TAMS 0x000000052c000000, 0x000000052c000000| Untracked 
|  23|0x000000052e000000, 0x000000052e000000, 0x0000000530000000|  0%| F|  |TAMS 0x000000052e000000, 0x000000052e000000| Untracked 
|  24|0x0000000530000000, 0x0000000530781618, 0x0000000532000000| 23%| E|  |TAMS 0x0000000530000000, 0x0000000530000000| Complete 
|  25|0x0000000532000000, 0x0000000534000000, 0x0000000534000000|100%| E|CS|TAMS 0x0000000532000000, 0x0000000532000000| Complete 
|  26|0x0000000534000000, 0x0000000536000000, 0x0000000536000000|100%| E|CS|TAMS 0x0000000534000000, 0x0000000534000000| Complete 
|  27|0x0000000536000000, 0x0000000538000000, 0x0000000538000000|100%| E|CS|TAMS 0x0000000536000000, 0x0000000536000000| Complete 
|  28|0x0000000538000000, 0x000000053a000000, 0x000000053a000000|100%| E|CS|TAMS 0x0000000538000000, 0x0000000538000000| Complete 
|  29|0x000000053a000000, 0x000000053c000000, 0x000000053c000000|100%| E|CS|TAMS 0x000000053a000000, 0x000000053a000000| Complete 
|  30|0x000000053c000000, 0x000000053e000000, 0x000000053e000000|100%| E|CS|TAMS 0x000000053c000000, 0x000000053c000000| Complete 
|  31|0x000000053e000000, 0x0000000540000000, 0x0000000540000000|100%| E|CS|TAMS 0x000000053e000000, 0x000000053e000000| Complete 
|  32|0x0000000540000000, 0x0000000542000000, 0x0000000542000000|100%| E|CS|TAMS 0x0000000540000000, 0x0000000540000000| Complete 
|  33|0x0000000542000000, 0x0000000544000000, 0x0000000544000000|100%| E|CS|TAMS 0x0000000542000000, 0x0000000542000000| Complete 
|  34|0x0000000544000000, 0x0000000546000000, 0x0000000546000000|100%| E|CS|TAMS 0x0000000544000000, 0x0000000544000000| Complete 
|  35|0x0000000546000000, 0x0000000548000000, 0x0000000548000000|100%| E|CS|TAMS 0x0000000546000000, 0x0000000546000000| Complete 
|  36|0x0000000548000000, 0x000000054a000000, 0x000000054a000000|100%| E|CS|TAMS 0x0000000548000000, 0x0000000548000000| Complete 
|  37|0x000000054a000000, 0x000000054c000000, 0x000000054c000000|100%| E|CS|TAMS 0x000000054a000000, 0x000000054a000000| Complete 
|  38|0x000000054c000000, 0x000000054e000000, 0x000000054e000000|100%| E|CS|TAMS 0x000000054c000000, 0x000000054c000000| Complete 
|  39|0x000000054e000000, 0x0000000550000000, 0x0000000550000000|100%| E|CS|TAMS 0x000000054e000000, 0x000000054e000000| Complete 

Card table byte_map: [0x000001cc5a340000,0x000001cc5a940000] _byte_map_base: 0x000001cc57b40000

Marking Bits (Prev, Next): (CMBitMap*) 0x000001cc41157980, (CMBitMap*) 0x000001cc411579c0
 Prev Bits: [0x000001cc5af40000, 0x000001cc5df40000)
 Next Bits: [0x000001cc5df40000, 0x000001cc60f40000)

Polling page: 0x000001cc40f70000

Metaspace:

Usage:
  Non-class:     37.27 MB used.
      Class:      6.16 MB used.
       Both:     43.43 MB used.

Virtual space:
  Non-class space:       40.00 MB reserved,      37.62 MB ( 94%) committed,  5 nodes.
      Class space:        1.00 GB reserved,       6.44 MB ( <1%) committed,  1 nodes.
              Both:        1.04 GB reserved,      44.06 MB (  4%) committed. 

Chunk freelists:
   Non-Class:  2.11 MB
       Class:  1.39 MB
        Both:  3.50 MB

MaxMetaspaceSize: 17179869184.00 GB
CompressedClassSpaceSize: 1.00 GB
 - commit_granule_bytes: 65536.
 - commit_granule_words: 8192.
 - virtual_space_node_default_size: 1048576.
 - enlarge_chunks_in_place: 1.
 - new_chunks_are_fully_committed: 0.
 - uncommit_free_chunks: 1.
 - use_allocation_guard: 0.
 - handle_deallocations: 1.


Internal statistics:

num_allocs_failed_limit: 6.
num_arena_births: 986.
num_arena_deaths: 0.
num_vsnodes_births: 6.
num_vsnodes_deaths: 0.
num_space_committed: 702.
num_space_uncommitted: 0.
num_chunks_returned_to_freelist: 6.
num_chunks_taken_from_freelist: 2892.
num_chunk_merges: 6.
num_chunk_splits: 1856.
num_chunks_enlarged: 1240.
num_purges: 0.

CodeHeap 'non-profiled nmethods': size=120000Kb used=8410Kb max_used=8410Kb free=111589Kb
 bounds [0x000001cc51b80000, 0x000001cc523c0000, 0x000001cc590b0000]
CodeHeap 'profiled nmethods': size=120000Kb used=15318Kb max_used=15812Kb free=104681Kb
 bounds [0x000001cc4a650000, 0x000001cc4b620000, 0x000001cc51b80000]
CodeHeap 'non-nmethods': size=5760Kb used=2098Kb max_used=2204Kb free=3661Kb
 bounds [0x000001cc4a0b0000, 0x000001cc4a320000, 0x000001cc4a650000]
 total_blobs=9454 nmethods=7801 adapters=1563
 compilation: enabled
              stopped_count=0, restarted_count=0
 full_count=0

Compilation events (20 events):
Event: 80.319 Thread 0x000001cc63b2f5f0 nmethod 13490 0x000001cc4a77e690 code [0x000001cc4a77e880, 0x000001cc4a77ee98]
Event: 80.446 Thread 0x000001cc63b26be0 13491       4       necesse.gfx.drawOptions.human.HumanDrawOptions::addArmorDrawOptions (804 bytes)
Event: 80.683 Thread 0x000001cc63b26be0 nmethod 13491 0x000001cc5239a810 code [0x000001cc5239ace0, 0x000001cc523a6780]
Event: 80.683 Thread 0x000001cc63b26be0 13492   !   4       necesse.level.gameObject.TreeObject::lambda$addDrawables$1 (330 bytes)
Event: 80.719 Thread 0x000001cc63b26be0 nmethod 13492 0x000001cc523aa610 code [0x000001cc523aa8e0, 0x000001cc523aca30]
Event: 80.719 Thread 0x000001cc63b26be0 13493       4       necesse.gfx.gameSound.SampleGameSoundStreamer::getLengthInSeconds (8 bytes)
Event: 80.719 Thread 0x000001cc63b26be0 nmethod 13493 0x000001cc523aec10 code [0x000001cc523aeda0, 0x000001cc523aee38]
Event: 80.782 Thread 0x000001cc63b2f5f0 13494       3       necesse.level.maps.Level$$Lambda$1274/0x00000008011822a0::accept (12 bytes)
Event: 80.782 Thread 0x000001cc63b2f5f0 nmethod 13494 0x000001cc4aa35210 code [0x000001cc4aa353c0, 0x000001cc4aa356a8]
Event: 81.048 Thread 0x000001cc63b26be0 13495       4       necesse.engine.Screen::isCloseRequested (7 bytes)
Event: 81.049 Thread 0x000001cc63b26be0 nmethod 13495 0x000001cc523aef10 code [0x000001cc523af0a0, 0x000001cc523af188]
Event: 81.079 Thread 0x000001cc63b26be0 13496   !   4       necesse.engine.GameWindow::renderHud (88 bytes)
Event: 81.104 Thread 0x000001cc63b26be0 nmethod 13496 0x000001cc523af310 code [0x000001cc523af760, 0x000001cc523b13f0]
Event: 81.104 Thread 0x000001cc63b26be0 13497       4       org.lwjgl.glfw.GLFW::glfwSwapBuffers (21 bytes)
Event: 81.105 Thread 0x000001cc63b26be0 nmethod 13497 0x000001cc523b2f90 code [0x000001cc523b3120, 0x000001cc523b31c8]
Event: 82.082 Thread 0x000001cc63b26be0 13498   !   4       necesse.gfx.gameTexture.GameFrameBufferGL30::applyDraw (136 bytes)
Event: 82.098 Thread 0x000001cc63b26be0 nmethod 13498 0x000001cc523b3290 code [0x000001cc523b36e0, 0x000001cc523b4c30]
Event: 82.204 Thread 0x000001cc63b26be0 13499       4       java.util.HashMap$KeySpliterator::forEachRemaining (186 bytes)
Event: 82.208 Thread 0x000001cc63b26be0 nmethod 13499 0x000001cc523b6090 code [0x000001cc523b6220, 0x000001cc523b6638]
Event: 82.481 Thread 0x000001cc63b26be0 13500       4       necesse.gfx.drawables.LevelDrawUtils::resetDrawables (207 bytes)

GC Heap History (20 events):
Event: 45.548 GC heap before
{Heap before GC invocations=68 (full 0):
 garbage-first heap   total 1310720K, used 939174K [0x0000000500000000, 0x00000005c0000000)
  region size 32768K, 22 young (720896K), 1 survivors (32768K)
 Metaspace       used 44392K, committed 45056K, reserved 1089536K
  class space    used 6305K, committed 6592K, reserved 1048576K
}
Event: 45.549 GC heap after
{Heap after GC invocations=69 (full 0):
 garbage-first heap   total 1310720K, used 250924K [0x0000000500000000, 0x00000005c0000000)
  region size 32768K, 1 young (32768K), 1 survivors (32768K)
 Metaspace       used 44392K, committed 45056K, reserved 1089536K
  class space    used 6305K, committed 6592K, reserved 1048576K
}
Event: 46.733 GC heap before
{Heap before GC invocations=69 (full 0):
 garbage-first heap   total 1310720K, used 939052K [0x0000000500000000, 0x00000005c0000000)
  region size 32768K, 22 young (720896K), 1 survivors (32768K)
 Metaspace       used 44396K, committed 45056K, reserved 1089536K
  class space    used 6306K, committed 6592K, reserved 1048576K
}
Event: 46.734 GC heap after
{Heap after GC invocations=70 (full 0):
 garbage-first heap   total 1310720K, used 250865K [0x0000000500000000, 0x00000005c0000000)
  region size 32768K, 1 young (32768K), 1 survivors (32768K)
 Metaspace       used 44396K, committed 45056K, reserved 1089536K
  class space    used 6306K, committed 6592K, reserved 1048576K
}
Event: 47.914 GC heap before
{Heap before GC invocations=70 (full 0):
 garbage-first heap   total 1310720K, used 938993K [0x0000000500000000, 0x00000005c0000000)
  region size 32768K, 22 young (720896K), 1 survivors (32768K)
 Metaspace       used 44397K, committed 45056K, reserved 1089536K
  class space    used 6306K, committed 6592K, reserved 1048576K
}
Event: 47.915 GC heap after
{Heap after GC invocations=71 (full 0):
 garbage-first heap   total 1310720K, used 250582K [0x0000000500000000, 0x00000005c0000000)
  region size 32768K, 1 young (32768K), 1 survivors (32768K)
 Metaspace       used 44397K, committed 45056K, reserved 1089536K
  class space    used 6306K, committed 6592K, reserved 1048576K
}
Event: 49.116 GC heap before
{Heap before GC invocations=71 (full 0):
 garbage-first heap   total 1310720K, used 938710K [0x0000000500000000, 0x00000005c0000000)
  region size 32768K, 22 young (720896K), 1 survivors (32768K)
 Metaspace       used 44397K, committed 45056K, reserved 1089536K
  class space    used 6306K, committed 6592K, reserved 1048576K
}
Event: 49.118 GC heap after
{Heap after GC invocations=72 (full 0):
 garbage-first heap   total 1310720K, used 250634K [0x0000000500000000, 0x00000005c0000000)
  region size 32768K, 1 young (32768K), 1 survivors (32768K)
 Metaspace       used 44397K, committed 45056K, reserved 1089536K
  class space    used 6306K, committed 6592K, reserved 1048576K
}
Event: 50.319 GC heap before
{Heap before GC invocations=72 (full 0):
 garbage-first heap   total 1310720K, used 938762K [0x0000000500000000, 0x00000005c0000000)
  region size 32768K, 22 young (720896K), 1 survivors (32768K)
 Metaspace       used 44414K, committed 45056K, reserved 1089536K
  class space    used 6306K, committed 6592K, reserved 1048576K
}
Event: 50.321 GC heap after
{Heap after GC invocations=73 (full 0):
 garbage-first heap   total 1310720K, used 250627K [0x0000000500000000, 0x00000005c0000000)
  region size 32768K, 1 young (32768K), 1 survivors (32768K)
 Metaspace       used 44414K, committed 45056K, reserved 1089536K
  class space    used 6306K, committed 6592K, reserved 1048576K
}
Event: 51.521 GC heap before
{Heap before GC invocations=73 (full 0):
 garbage-first heap   total 1310720K, used 938755K [0x0000000500000000, 0x00000005c0000000)
  region size 32768K, 22 young (720896K), 1 survivors (32768K)
 Metaspace       used 44427K, committed 45056K, reserved 1089536K
  class space    used 6306K, committed 6592K, reserved 1048576K
}
Event: 51.523 GC heap after
{Heap after GC invocations=74 (full 0):
 garbage-first heap   total 1310720K, used 250597K [0x0000000500000000, 0x00000005c0000000)
  region size 32768K, 1 young (32768K), 1 survivors (32768K)
 Metaspace       used 44427K, committed 45056K, reserved 1089536K
  class space    used 6306K, committed 6592K, reserved 1048576K
}
Event: 65.834 GC heap before
{Heap before GC invocations=74 (full 0):
 garbage-first heap   total 1310720K, used 938725K [0x0000000500000000, 0x00000005c0000000)
  region size 32768K, 22 young (720896K), 1 survivors (32768K)
 Metaspace       used 44441K, committed 45056K, reserved 1089536K
  class space    used 6307K, committed 6592K, reserved 1048576K
}
Event: 65.835 GC heap after
{Heap after GC invocations=75 (full 0):
 garbage-first heap   total 1310720K, used 251143K [0x0000000500000000, 0x00000005c0000000)
  region size 32768K, 1 young (32768K), 1 survivors (32768K)
 Metaspace       used 44441K, committed 45056K, reserved 1089536K
  class space    used 6307K, committed 6592K, reserved 1048576K
}
Event: 69.582 GC heap before
{Heap before GC invocations=75 (full 0):
 garbage-first heap   total 1310720K, used 939271K [0x0000000500000000, 0x00000005c0000000)
  region size 32768K, 22 young (720896K), 1 survivors (32768K)
 Metaspace       used 44450K, committed 45056K, reserved 1089536K
  class space    used 6307K, committed 6592K, reserved 1048576K
}
Event: 69.584 GC heap after
{Heap after GC invocations=76 (full 0):
 garbage-first heap   total 1310720K, used 250992K [0x0000000500000000, 0x00000005c0000000)
  region size 32768K, 1 young (32768K), 1 survivors (32768K)
 Metaspace       used 44450K, committed 45056K, reserved 1089536K
  class space    used 6307K, committed 6592K, reserved 1048576K
}
Event: 78.246 GC heap before
{Heap before GC invocations=76 (full 0):
 garbage-first heap   total 1310720K, used 939120K [0x0000000500000000, 0x00000005c0000000)
  region size 32768K, 22 young (720896K), 1 survivors (32768K)
 Metaspace       used 44465K, committed 45120K, reserved 1089536K
  class space    used 6307K, committed 6592K, reserved 1048576K
}
Event: 78.248 GC heap after
{Heap after GC invocations=77 (full 0):
 garbage-first heap   total 1310720K, used 250516K [0x0000000500000000, 0x00000005c0000000)
  region size 32768K, 1 young (32768K), 1 survivors (32768K)
 Metaspace       used 44465K, committed 45120K, reserved 1089536K
  class space    used 6307K, committed 6592K, reserved 1048576K
}
Event: 80.727 GC heap before
{Heap before GC invocations=77 (full 0):
 garbage-first heap   total 1310720K, used 938644K [0x0000000500000000, 0x00000005c0000000)
  region size 32768K, 22 young (720896K), 1 survivors (32768K)
 Metaspace       used 44470K, committed 45120K, reserved 1089536K
  class space    used 6307K, committed 6592K, reserved 1048576K
}
Event: 80.728 GC heap after
{Heap after GC invocations=78 (full 0):
 garbage-first heap   total 1310720K, used 250829K [0x0000000500000000, 0x00000005c0000000)
  region size 32768K, 1 young (32768K), 1 survivors (32768K)
 Metaspace       used 44470K, committed 45120K, reserved 1089536K
  class space    used 6307K, committed 6592K, reserved 1048576K
}

Deoptimization events (20 events):
Event: 78.706 Thread 0x000001cc4111dc30 DEOPT PACKING pc=0x000001cc52353c4c sp=0x00000007ae2feb90
Event: 78.706 Thread 0x000001cc4111dc30 DEOPT UNPACKING pc=0x000001cc4a0fd72e sp=0x00000007ae2feb28 mode 2
Event: 78.706 Thread 0x000001cc4111dc30 Uncommon trap: trap_request=0xffffffde fr.pc=0x000001cc52353c4c relative=0x0000000000000eec
Event: 78.706 Thread 0x000001cc4111dc30 Uncommon trap: reason=class_check action=maybe_recompile pc=0x000001cc52353c4c method=necesse.gfx.forms.components.FormContentBox$1.offsetEvent(Lnecesse/engine/control/InputEvent;)Lnecesse/engine/control/InputEvent; @ 59 c2
Event: 78.706 Thread 0x000001cc4111dc30 DEOPT PACKING pc=0x000001cc52353c4c sp=0x00000007ae2feb10
Event: 78.706 Thread 0x000001cc4111dc30 DEOPT UNPACKING pc=0x000001cc4a0fd72e sp=0x00000007ae2feaa8 mode 2
Event: 78.737 Thread 0x000001cc7ecb7c40 Uncommon trap: trap_request=0xffffff45 fr.pc=0x000001cc522c025c relative=0x00000000000030dc
Event: 78.737 Thread 0x000001cc7ecb7c40 Uncommon trap: reason=unstable_if action=reinterpret pc=0x000001cc522c025c method=necesse.inventory.item.Item.getWorldShadowDrawOptions(Lnecesse/inventory/InventoryItem;Lnecesse/entity/mobs/PlayerMob;IILnecesse/level/maps/light/GameLight;FI)Lnecesse/gfx/d
Event: 78.738 Thread 0x000001cc7ecb7c40 DEOPT PACKING pc=0x000001cc522c025c sp=0x00000007b0ffe450
Event: 78.738 Thread 0x000001cc7ecb7c40 DEOPT UNPACKING pc=0x000001cc4a0fd72e sp=0x00000007b0ffe2b0 mode 2
Event: 78.749 Thread 0x000001cc7ecb2740 Uncommon trap: trap_request=0xffffff45 fr.pc=0x000001cc522c708c relative=0x000000000000064c
Event: 78.749 Thread 0x000001cc7ecb2740 Uncommon trap: reason=unstable_if action=reinterpret pc=0x000001cc522c708c method=necesse.inventory.item.Item.getWorldShadowDrawOptions(Lnecesse/inventory/InventoryItem;Lnecesse/entity/mobs/PlayerMob;IILnecesse/level/maps/light/GameLight;FI)Lnecesse/gfx/d
Event: 78.749 Thread 0x000001cc7ecb2740 DEOPT PACKING pc=0x000001cc522c708c sp=0x00000007b0dfe8d0
Event: 78.749 Thread 0x000001cc7ecb2740 DEOPT UNPACKING pc=0x000001cc4a0fd72e sp=0x00000007b0dfe7f0 mode 2
Event: 79.454 Thread 0x000001cc7ecb76f0 Uncommon trap: trap_request=0xffffff45 fr.pc=0x000001cc52274614 relative=0x00000000000001d4
Event: 79.454 Thread 0x000001cc7ecb76f0 Uncommon trap: reason=unstable_if action=reinterpret pc=0x000001cc52274614 method=necesse.level.gameObject.TreeObject.lambda$addDrawables$1(Lnecesse/level/maps/Level;IILnecesse/gfx/camera/GameCamera;Lnecesse/entity/mobs/PlayerMob;Ljava/util/List;)V @ 76 c
Event: 79.454 Thread 0x000001cc7ecb76f0 DEOPT PACKING pc=0x000001cc52274614 sp=0x00000007b0efeda0
Event: 79.454 Thread 0x000001cc7ecb76f0 DEOPT UNPACKING pc=0x000001cc4a0fd72e sp=0x00000007b0efed48 mode 2
Event: 79.998 Thread 0x000001cc7ecb0210 DEOPT PACKING pc=0x000001cc4aeffe19 sp=0x00000007b0cff530
Event: 79.998 Thread 0x000001cc7ecb0210 DEOPT UNPACKING pc=0x000001cc4a0fdece sp=0x00000007b0cfeaa8 mode 0

Classes unloaded (0 events):
No events

Classes redefined (20 events):
Event: 5.336 Thread 0x000001cc411f5d70 redefined class name=dragonsaga.ui.patches.maingameformmanager.MainGameFormManagerSetupPatch, count=2
Event: 5.336 Thread 0x000001cc411f5d70 redefined class name=dragonsaga.ui.patches.maingameformmanager.MainGameFormManagerUpdatePatch, count=2
Event: 5.411 Thread 0x000001cc411f5d70 redefined class name=necesse.entity.mobs.PlayerMob, count=1
Event: 5.417 Thread 0x000001cc411f5d70 redefined class name=dragonsaga.examples.ExampleConstructorPatch, count=3
Event: 5.417 Thread 0x000001cc411f5d70 redefined class name=dragonsaga.examples.ExampleMethodPatch, count=3
Event: 5.417 Thread 0x000001cc411f5d70 redefined class name=dragonsaga.mobs.human.patches.PlayerMobConstructorPatch, count=3
Event: 5.417 Thread 0x000001cc411f5d70 redefined class name=dragonsaga.ui.patches.maingameformmanager.MainGameFormManagerSetupPatch, count=3
Event: 5.417 Thread 0x000001cc411f5d70 redefined class name=dragonsaga.ui.patches.maingameformmanager.MainGameFormManagerUpdatePatch, count=3
Event: 5.462 Thread 0x000001cc411f5d70 redefined class name=necesse.gfx.forms.MainGameFormManager, count=1
Event: 5.467 Thread 0x000001cc411f5d70 redefined class name=dragonsaga.examples.ExampleConstructorPatch, count=4
Event: 5.467 Thread 0x000001cc411f5d70 redefined class name=dragonsaga.examples.ExampleMethodPatch, count=4
Event: 5.467 Thread 0x000001cc411f5d70 redefined class name=dragonsaga.mobs.human.patches.PlayerMobConstructorPatch, count=4
Event: 5.467 Thread 0x000001cc411f5d70 redefined class name=dragonsaga.ui.patches.maingameformmanager.MainGameFormManagerSetupPatch, count=4
Event: 5.467 Thread 0x000001cc411f5d70 redefined class name=dragonsaga.ui.patches.maingameformmanager.MainGameFormManagerUpdatePatch, count=4
Event: 5.499 Thread 0x000001cc411f5d70 redefined class name=necesse.gfx.forms.MainGameFormManager, count=2
Event: 5.504 Thread 0x000001cc411f5d70 redefined class name=dragonsaga.examples.ExampleConstructorPatch, count=5
Event: 5.504 Thread 0x000001cc411f5d70 redefined class name=dragonsaga.examples.ExampleMethodPatch, count=5
Event: 5.504 Thread 0x000001cc411f5d70 redefined class name=dragonsaga.mobs.human.patches.PlayerMobConstructorPatch, count=5
Event: 5.504 Thread 0x000001cc411f5d70 redefined class name=dragonsaga.ui.patches.maingameformmanager.MainGameFormManagerSetupPatch, count=5
Event: 5.504 Thread 0x000001cc411f5d70 redefined class name=dragonsaga.ui.patches.maingameformmanager.MainGameFormManagerUpdatePatch, count=5

Internal exceptions (20 events):
Event: 18.059 Thread 0x000001cc7ead2d40 Exception <a 'java/lang/NoSuchMethodError'{0x000000052faf71e8}: 'int java.lang.invoke.DirectMethodHandle$Holder.invokeSpecial(java.lang.Object, java.lang.Object, java.lang.Object, java.lang.Object, java.lang.Object)'> (0x000000052faf71e8) 
thrown [t:\workspace\open\src\hotspot\share\interpreter\linkResolver.cpp, line 790]
Event: 18.675 Thread 0x000001cc4111dc30 Implicit null exception at 0x000001cc520d958c to 0x000001cc520da390
Event: 18.675 Thread 0x000001cc4111dc30 Implicit null exception at 0x000001cc520d958c to 0x000001cc520da390
Event: 18.675 Thread 0x000001cc4111dc30 Implicit null exception at 0x000001cc520d958c to 0x000001cc520da390
Event: 18.680 Thread 0x000001cc4111dc30 Implicit null exception at 0x000001cc520d958c to 0x000001cc520da390
Event: 19.470 Thread 0x000001cc4111dc30 Exception <a 'java/lang/NoSuchMethodError'{0x0000000533236868}: 'int java.lang.invoke.DirectMethodHandle$Holder.invokeSpecial(java.lang.Object, java.lang.Object, java.lang.Object, java.lang.Object)'> (0x0000000533236868) 
thrown [t:\workspace\open\src\hotspot\share\interpreter\linkResolver.cpp, line 790]
Event: 19.514 Thread 0x000001cc4111dc30 Exception <a 'java/lang/NoSuchMethodError'{0x00000005339b9d60}: 'void java.lang.invoke.DirectMethodHandle$Holder.invokeStatic(java.lang.Object, int, java.lang.Object)'> (0x00000005339b9d60) 
thrown [t:\workspace\open\src\hotspot\share\interpreter\linkResolver.cpp, line 790]
Event: 19.536 Thread 0x000001cc4111dc30 Exception <a 'java/lang/NoSuchMethodError'{0x0000000533f10628}: 'void java.lang.invoke.DirectMethodHandle$Holder.invokeStaticInit(java.lang.Object, java.lang.Object, java.lang.Object)'> (0x0000000533f10628) 
thrown [t:\workspace\open\src\hotspot\share\interpreter\linkResolver.cpp, line 790]
Event: 19.605 Thread 0x000001cc4111dc30 Exception <a 'java/lang/NoSuchMethodError'{0x000000053058e768}: 'void java.lang.invoke.DirectMethodHandle$Holder.invokeInterface(java.lang.Object, java.lang.Object, int, int)'> (0x000000053058e768) 
thrown [t:\workspace\open\src\hotspot\share\interpreter\linkResolver.cpp, line 790]
Event: 19.605 Thread 0x000001cc4111dc30 Exception <a 'java/lang/IncompatibleClassChangeError'{0x0000000530591f60}: Found class java.lang.Object, but interface was expected> (0x0000000530591f60) 
thrown [t:\workspace\open\src\hotspot\share\interpreter\linkResolver.cpp, line 857]
Event: 19.636 Thread 0x000001cc7ecb0210 Exception <a 'java/lang/NoSuchMethodError'{0x000000053133ba48}: 'int java.lang.invoke.DirectMethodHandle$Holder.invokeVirtual(java.lang.Object, java.lang.Object, int, int)'> (0x000000053133ba48) 
thrown [t:\workspace\open\src\hotspot\share\interpreter\linkResolver.cpp, line 790]
Event: 19.636 Thread 0x000001cc7ecb76f0 Exception <a 'java/lang/NoSuchMethodError'{0x0000000531530190}: 'int java.lang.invoke.DirectMethodHandle$Holder.invokeVirtual(java.lang.Object, java.lang.Object, int, int)'> (0x0000000531530190) 
thrown [t:\workspace\open\src\hotspot\share\interpreter\linkResolver.cpp, line 790]
Event: 20.327 Thread 0x000001cc7ead2d40 Implicit null exception at 0x000001cc51fb0f54 to 0x000001cc51fb0fb1
Event: 20.327 Thread 0x000001cc7ead2d40 Exception <a 'java/lang/NoSuchMethodError'{0x00000005419ab938}: 'java.lang.Object java.lang.invoke.DirectMethodHandle$Holder.invokeStatic(java.lang.Object, java.lang.Object, java.lang.Object, int, int)'> (0x00000005419ab938) 
thrown [t:\workspace\open\src\hotspot\share\interpreter\linkResolver.cpp, line 790]
Event: 20.332 Thread 0x000001cc7ead2d40 Exception <a 'java/lang/NoSuchMethodError'{0x0000000541a0f258}: 'java.lang.Object java.lang.invoke.DirectMethodHandle$Holder.invokeSpecial(java.lang.Object, java.lang.Object, int, java.lang.Object, java.lang.Object)'> (0x0000000541a0f258) 
thrown [t:\workspace\open\src\hotspot\share\interpreter\linkResolver.cpp, line 790]
Event: 20.954 Thread 0x000001cc4111dc30 Exception <a 'java/lang/NoSuchMethodError'{0x000000052cee0098}: 'java.lang.Object java.lang.invoke.DirectMethodHandle$Holder.newInvokeSpecial(java.lang.Object, java.lang.Object, float, float)'> (0x000000052cee0098) 
thrown [t:\workspace\open\src\hotspot\share\interpreter\linkResolver.cpp, line 790]
Event: 20.978 Thread 0x000001cc7ecb7c40 Exception <a 'java/lang/NoSuchMethodError'{0x000000052a1db620}: 'java.lang.Object java.lang.invoke.DirectMethodHandle$Holder.newInvokeSpecial(java.lang.Object, java.lang.Object, int, int, float)'> (0x000000052a1db620) 
thrown [t:\workspace\open\src\hotspot\share\interpreter\linkResolver.cpp, line 790]
Event: 29.452 Thread 0x000001cc4111dc30 Implicit null exception at 0x000001cc51ceb37c to 0x000001cc51ceb91c
Event: 39.463 Thread 0x000001cc4111dc30 Exception <a 'java/lang/NoSuchMethodError'{0x000000052bd85cd0}: 'java.lang.Object java.lang.invoke.DirectMethodHandle$Holder.newInvokeSpecial(java.lang.Object, int, int, java.lang.Object, java.lang.Object)'> (0x000000052bd85cd0) 
thrown [t:\workspace\open\src\hotspot\share\interpreter\linkResolver.cpp, line 790]
Event: 39.464 Thread 0x000001cc4111dc30 Exception <a 'java/lang/NoSuchMethodError'{0x000000052bd89f70}: 'java.lang.Object java.lang.invoke.DirectMethodHandle$Holder.invokeSpecial(java.lang.Object, java.lang.Object, int, int, java.lang.Object, java.lang.Object)'> (0x000000052bd89f70) 
thrown [t:\workspace\open\src\hotspot\share\interpreter\linkResolver.cpp, line 790]

Events (20 events):
Event: 71.584 Executing  VM operation: Cleanup
Event: 71.584 Executing  VM operation: Cleanup done
Event: 72.584 Executing  VM operation: Cleanup
Event: 72.584 Executing  VM operation: Cleanup done
Event: 73.593 Executing  VM operation: Cleanup
Event: 73.593 Executing  VM operation: Cleanup done
Event: 74.594 Executing  VM operation: Cleanup
Event: 74.594 Executing  VM operation: Cleanup done
Event: 75.595 Executing  VM operation: Cleanup
Event: 75.595 Executing  VM operation: Cleanup done
Event: 77.595 Executing  VM operation: Cleanup
Event: 77.595 Executing  VM operation: Cleanup done
Event: 78.246 Executing  VM operation: G1CollectForAllocation
Event: 78.248 Executing  VM operation: G1CollectForAllocation done
Event: 80.247 Executing  VM operation: Cleanup
Event: 80.247 Executing  VM operation: Cleanup done
Event: 80.727 Executing  VM operation: G1CollectForAllocation
Event: 80.728 Executing  VM operation: G1CollectForAllocation done
Event: 81.728 Executing  VM operation: Cleanup
Event: 81.728 Executing  VM operation: Cleanup done


Dynamic libraries:
0x00007ff7b9860000 - 0x00007ff7b9870000 	C:\Program Files\Java\jdk-16\bin\java.exe
0x00007ffd660d0000 - 0x00007ffd662c7000 	C:\WINDOWS\SYSTEM32\ntdll.dll
0x00007ffd65720000 - 0x00007ffd657dd000 	C:\WINDOWS\System32\KERNEL32.DLL
0x00007ffd63b50000 - 0x00007ffd63e1d000 	C:\WINDOWS\System32\KERNELBASE.dll
0x00007ffd638d0000 - 0x00007ffd639d0000 	C:\WINDOWS\System32\ucrtbase.dll
0x00007ffd4e7b0000 - 0x00007ffd4e7c8000 	C:\Program Files\Java\jdk-16\bin\jli.dll
0x00007ffd4e790000 - 0x00007ffd4e7a9000 	C:\Program Files\Java\jdk-16\bin\VCRUNTIME140.dll
0x00007ffd64ea0000 - 0x00007ffd64f4e000 	C:\WINDOWS\System32\ADVAPI32.dll
0x00007ffd65b50000 - 0x00007ffd65bee000 	C:\WINDOWS\System32\msvcrt.dll
0x00007ffd65320000 - 0x00007ffd653bc000 	C:\WINDOWS\System32\sechost.dll
0x00007ffd65a20000 - 0x00007ffd65b45000 	C:\WINDOWS\System32\RPCRT4.dll
0x00007ffd65460000 - 0x00007ffd65600000 	C:\WINDOWS\System32\USER32.dll
0x00007ffd4f000000 - 0x00007ffd4f29a000 	C:\WINDOWS\WinSxS\amd64_microsoft.windows.common-controls_6595b64144ccf1df_6.0.19041.1110_none_60b5254171f9507e\COMCTL32.dll
0x00007ffd638a0000 - 0x00007ffd638c2000 	C:\WINDOWS\System32\win32u.dll
0x00007ffd65430000 - 0x00007ffd6545a000 	C:\WINDOWS\System32\GDI32.dll
0x00007ffd639d0000 - 0x00007ffd63adb000 	C:\WINDOWS\System32\gdi32full.dll
0x00007ffd63f30000 - 0x00007ffd63fcd000 	C:\WINDOWS\System32\msvcp_win.dll
0x00007ffd5a7b0000 - 0x00007ffd5a7ba000 	C:\WINDOWS\SYSTEM32\VERSION.dll
0x00007ffd65bf0000 - 0x00007ffd65c20000 	C:\WINDOWS\System32\IMM32.DLL
0x00007ffd5fec0000 - 0x00007ffd5fecc000 	C:\Program Files\Java\jdk-16\bin\vcruntime140_1.dll
0x00007ffd45810000 - 0x00007ffd458a1000 	C:\Program Files\Java\jdk-16\bin\msvcp140.dll
0x00007ffd10c60000 - 0x00007ffd1180b000 	C:\Program Files\Java\jdk-16\bin\server\jvm.dll
0x00007ffd64f50000 - 0x00007ffd64f58000 	C:\WINDOWS\System32\PSAPI.DLL
0x00007ffd46ea0000 - 0x00007ffd46ea9000 	C:\WINDOWS\SYSTEM32\WSOCK32.dll
0x00007ffd57870000 - 0x00007ffd57897000 	C:\WINDOWS\SYSTEM32\WINMM.dll
0x00007ffd653c0000 - 0x00007ffd6542b000 	C:\WINDOWS\System32\WS2_32.dll
0x00007ffd62060000 - 0x00007ffd62072000 	C:\WINDOWS\SYSTEM32\kernel.appcore.dll
0x00007ffd4e740000 - 0x00007ffd4e74a000 	C:\Program Files\Java\jdk-16\bin\jimage.dll
0x00007ffd613e0000 - 0x00007ffd615c4000 	C:\WINDOWS\SYSTEM32\DBGHELP.DLL
0x00007ffd48c50000 - 0x00007ffd48c7c000 	C:\WINDOWS\SYSTEM32\dbgcore.DLL
0x00007ffd63ea0000 - 0x00007ffd63f22000 	C:\WINDOWS\System32\bcryptPrimitives.dll
0x00007ffd4e710000 - 0x00007ffd4e735000 	C:\Program Files\Java\jdk-16\bin\java.dll
0x00007ffd64750000 - 0x00007ffd64e94000 	C:\WINDOWS\System32\SHELL32.dll
0x00007ffd618b0000 - 0x00007ffd62044000 	C:\WINDOWS\SYSTEM32\windows.storage.dll
0x00007ffd64130000 - 0x00007ffd64484000 	C:\WINDOWS\System32\combase.dll
0x00007ffd63170000 - 0x00007ffd6319c000 	C:\WINDOWS\SYSTEM32\Wldp.dll
0x00007ffd64fd0000 - 0x00007ffd6507d000 	C:\WINDOWS\System32\SHCORE.dll
0x00007ffd646f0000 - 0x00007ffd64745000 	C:\WINDOWS\System32\shlwapi.dll
0x00007ffd63730000 - 0x00007ffd6374f000 	C:\WINDOWS\SYSTEM32\profapi.dll
0x00007ffd4e6f0000 - 0x00007ffd4e709000 	C:\Program Files\Java\jdk-16\bin\net.dll
0x00007ffd551c0000 - 0x00007ffd552ca000 	C:\WINDOWS\SYSTEM32\WINHTTP.dll
0x00007ffd62f50000 - 0x00007ffd62fba000 	C:\WINDOWS\system32\mswsock.dll
0x00007ffd4d6d0000 - 0x00007ffd4d6e3000 	C:\Program Files\Java\jdk-16\bin\nio.dll
0x00007ffd4d530000 - 0x00007ffd4d548000 	C:\Program Files\Java\jdk-16\bin\zip.dll
0x00007ffd4e6e0000 - 0x00007ffd4e6f0000 	C:\Program Files\Java\jdk-16\bin\verify.dll
0x00007ffd634b0000 - 0x00007ffd634c8000 	C:\WINDOWS\SYSTEM32\CRYPTSP.dll
0x00007ffd62880000 - 0x00007ffd628b4000 	C:\WINDOWS\system32\rsaenh.dll
0x00007ffd63e20000 - 0x00007ffd63e47000 	C:\WINDOWS\System32\bcrypt.dll
0x00007ffd636f0000 - 0x00007ffd6371e000 	C:\WINDOWS\SYSTEM32\USERENV.dll
0x00007ffd630e0000 - 0x00007ffd630ec000 	C:\WINDOWS\SYSTEM32\CRYPTBASE.dll
0x00007ffd62c10000 - 0x00007ffd62c4b000 	C:\WINDOWS\SYSTEM32\IPHLPAPI.DLL
0x00007ffd65310000 - 0x00007ffd65318000 	C:\WINDOWS\System32\NSI.dll
0x00007ffd5c470000 - 0x00007ffd5c487000 	C:\WINDOWS\SYSTEM32\dhcpcsvc6.DLL
0x00007ffd5cf00000 - 0x00007ffd5cf1d000 	C:\WINDOWS\SYSTEM32\dhcpcsvc.DLL
0x00007ffd62c50000 - 0x00007ffd62d1b000 	C:\WINDOWS\SYSTEM32\DNSAPI.dll
0x00007ffd457c0000 - 0x00007ffd45805000 	G:\SteamLibrary\steamapps\common\Necesse\natives\jna3684702552395471076.dll
0x00007ffd65080000 - 0x00007ffd651aa000 	C:\WINDOWS\System32\Ole32.dll
0x00007ffd644f0000 - 0x00007ffd64599000 	C:\WINDOWS\System32\clbcatq.dll
0x00007ffd64620000 - 0x00007ffd646ed000 	C:\WINDOWS\System32\OleAut32.dll
0x00007ffd57730000 - 0x00007ffd57750000 	C:\WINDOWS\SYSTEM32\amsi.dll
0x00007ffd56ed0000 - 0x00007ffd56f4b000 	C:\ProgramData\Microsoft\Windows Defender\Platform\4.18.2205.7-0\MpOav.dll
0x00007ffd4e370000 - 0x00007ffd4e379000 	C:\Program Files\Java\jdk-16\bin\management.dll
0x00007ffd4d750000 - 0x00007ffd4d75b000 	C:\Program Files\Java\jdk-16\bin\management_ext.dll
0x00007ffd45770000 - 0x00007ffd457bc000 	G:\SteamLibrary\steamapps\common\Necesse\natives\steam_api64.dll
0x00007ffd45720000 - 0x00007ffd4576d000 	G:\SteamLibrary\steamapps\common\Necesse\natives\steamworks4j64.dll
0x00007ffcb8f00000 - 0x00007ffcba3f7000 	C:\Program Files (x86)\Steam\steamclient64.dll
0x00007ffd63fd0000 - 0x00007ffd64126000 	C:\WINDOWS\System32\CRYPT32.dll
0x00007ffd64600000 - 0x00007ffd6461d000 	C:\WINDOWS\System32\imagehlp.dll
0x00007ffd65c20000 - 0x00007ffd6608f000 	C:\WINDOWS\System32\SETUPAPI.dll
0x00007ffd63e50000 - 0x00007ffd63e9e000 	C:\WINDOWS\System32\cfgmgr32.dll
0x00007ffd53770000 - 0x00007ffd5377c000 	C:\WINDOWS\SYSTEM32\Secur32.dll
0x00007ffd1ded0000 - 0x00007ffd1df51000 	C:\Program Files (x86)\Steam\vstdlib_s64.dll
0x00007ffd0a0c0000 - 0x00007ffd0a234000 	C:\Program Files (x86)\Steam\tier0_s64.dll
0x00007ffd636b0000 - 0x00007ffd636e2000 	C:\WINDOWS\SYSTEM32\SSPICLI.DLL
0x00007ffd09b30000 - 0x00007ffd09cb8000 	C:\Program Files (x86)\Steam\gameoverlayrenderer64.dll
0x00007ffd456a0000 - 0x00007ffd45711000 	G:\SteamLibrary\steamapps\common\Necesse\natives\lwjgl.dll
0x00007ffd45630000 - 0x00007ffd45691000 	G:\SteamLibrary\steamapps\common\Necesse\natives\glfw.dll
0x00007ffd395e0000 - 0x00007ffd39625000 	C:\WINDOWS\SYSTEM32\dinput8.dll
0x00007ffd58130000 - 0x00007ffd58282000 	C:\WINDOWS\SYSTEM32\inputhost.dll
0x00007ffd5ebc0000 - 0x00007ffd5ecb6000 	C:\WINDOWS\SYSTEM32\PROPSYS.dll
0x00007ffd601e0000 - 0x00007ffd6053e000 	C:\WINDOWS\SYSTEM32\CoreUIComponents.dll
0x00007ffd5f070000 - 0x00007ffd5f1c4000 	C:\WINDOWS\SYSTEM32\wintypes.dll
0x00007ffd608c0000 - 0x00007ffd609b2000 	C:\WINDOWS\SYSTEM32\CoreMessaging.dll
0x00007ffd624b0000 - 0x00007ffd624e3000 	C:\WINDOWS\SYSTEM32\ntmarta.dll
0x00007ffd39520000 - 0x00007ffd39531000 	C:\WINDOWS\SYSTEM32\xinput1_4.dll
0x00007ffd635a0000 - 0x00007ffd635cc000 	C:\WINDOWS\SYSTEM32\DEVOBJ.dll
0x00007ffd60fa0000 - 0x00007ffd60fcf000 	C:\WINDOWS\SYSTEM32\dwmapi.dll
0x00007ffd60d00000 - 0x00007ffd60d9e000 	C:\WINDOWS\system32\uxtheme.dll
0x00007ffd65600000 - 0x00007ffd65715000 	C:\WINDOWS\System32\MSCTF.dll
0x00007ffd1f770000 - 0x00007ffd1f8f0000 	C:\Program Files\Java\jdk-16\bin\awt.dll
0x00007ffd60bd0000 - 0x00007ffd60c60000 	C:\WINDOWS\SYSTEM32\apphelp.dll
0x00007ffd1fae0000 - 0x00007ffd1fc06000 	C:\WINDOWS\SYSTEM32\opengl32.dll
0x00007ffd4c620000 - 0x00007ffd4c64c000 	C:\WINDOWS\SYSTEM32\GLU32.dll
0x00007ffcd7080000 - 0x00007ffcda0a8000 	C:\WINDOWS\System32\DriverStore\FileRepository\nv_dispi.inf_amd64_3b12ac0f95b18b9d\nvoglv64.dll
0x00007ffd5ed70000 - 0x00007ffd5ed84000 	C:\WINDOWS\SYSTEM32\WTSAPI32.dll
0x00007ffd63540000 - 0x00007ffd63552000 	C:\WINDOWS\SYSTEM32\msasn1.dll
0x00007ffd5a690000 - 0x00007ffd5a6c1000 	C:\WINDOWS\SYSTEM32\cryptnet.dll
0x00007ffd587b0000 - 0x00007ffd588f8000 	C:\WINDOWS\SYSTEM32\drvstore.dll
0x00007ffd63ae0000 - 0x00007ffd63b47000 	C:\WINDOWS\System32\WINTRUST.dll
0x00007ffd59440000 - 0x00007ffd5947b000 	C:\WINDOWS\SYSTEM32\dxcore.dll
0x00007ffcfed20000 - 0x00007ffcfefe7000 	C:\WINDOWS\system32\nvspcap64.dll
0x00007ffd62d30000 - 0x00007ffd62d7b000 	C:\WINDOWS\SYSTEM32\powrprof.dll
0x00007ffd62bf0000 - 0x00007ffd62c02000 	C:\WINDOWS\SYSTEM32\UMPDC.dll
0x00007ffd62520000 - 0x00007ffd6257a000 	C:\WINDOWS\SYSTEM32\WINSTA.dll
0x00007ffd5d450000 - 0x00007ffd5d4d5000 	C:\WINDOWS\System32\MMDevApi.dll
0x00007ffd5d540000 - 0x00007ffd5d6c2000 	C:\WINDOWS\SYSTEM32\AUDIOSES.DLL
0x00007ffd30f70000 - 0x00007ffd30fcd000 	G:\SteamLibrary\steamapps\common\Necesse\natives\lwjgl_opengl.dll
0x00007ffd58030000 - 0x00007ffd58129000 	C:\WINDOWS\SYSTEM32\textinputframework.dll
0x00007ffd30c10000 - 0x00007ffd30c91000 	G:\SteamLibrary\steamapps\common\Necesse\natives\lwjgl_stb.dll
0x00007ffd5c040000 - 0x00007ffd5c0ee000 	C:\WINDOWS\SYSTEM32\mscms.dll
0x00007ffd5c1d0000 - 0x00007ffd5c1e1000 	C:\WINDOWS\SYSTEM32\ColorAdapterClient.dll
0x00007ffd4c850000 - 0x00007ffd4c893000 	C:\WINDOWS\SYSTEM32\icm32.dll
0x00007ffd1c060000 - 0x00007ffd1c1f7000 	G:\SteamLibrary\steamapps\common\Necesse\natives\OpenAL.dll
0x00007ffd60ea0000 - 0x00007ffd60eb4000 	C:\WINDOWS\SYSTEM32\resourcepolicyclient.dll
0x00007ffd4d4a0000 - 0x00007ffd4d4ae000 	C:\Program Files\Java\jdk-16\bin\instrument.dll
0x00007ffd555c0000 - 0x00007ffd5566c000 	C:\WINDOWS\SYSTEM32\TextShaping.dll

dbghelp: loaded successfully - version: 4.0.5 - missing functions: none
symbol engine: initialized successfully - sym options: 0x614 - pdb path: .;C:\Program Files\Java\jdk-16\bin;C:\WINDOWS\SYSTEM32;C:\WINDOWS\WinSxS\amd64_microsoft.windows.common-controls_6595b64144ccf1df_6.0.19041.1110_none_60b5254171f9507e;C:\Program Files\Java\jdk-16\bin\server;G:\SteamLibrary\steamapps\common\Necesse\natives;C:\ProgramData\Microsoft\Windows Defender\Platform\4.18.2205.7-0;C:\Program Files (x86)\Steam;C:\WINDOWS\System32\DriverStore\FileRepository\nv_dispi.inf_amd64_3b12ac0f95b18b9d

VM Arguments:
jvm_args: -XX:+UnlockExperimentalVMOptions -XX:+UseG1GC -XX:G1NewSizePercent=20 -XX:G1ReservePercent=20 -XX:MaxGCPauseMillis=50 -XX:G1HeapRegionSize=32M -Xms512m -Xmx3G -Dfile.encoding=windows-1252 -Duser.country=US -Duser.language=en -Duser.variant 
java_command: StartClient -mod build/jar
java_class_path (initial): G:\SteamLibrary\steamapps\common\Necesse\Necesse.jar
Launcher Type: SUN_STANDARD

[Global flags]
     intx CICompilerCount                          = 4                                         {product} {ergonomic}
     uint ConcGCThreads                            = 3                                         {product} {ergonomic}
     uint G1ConcRefinementThreads                  = 10                                        {product} {ergonomic}
   size_t G1HeapRegionSize                         = 33554432                                  {product} {command line}
    uintx G1NewSizePercent                         = 20                                   {experimental} {command line}
    uintx G1ReservePercent                         = 20                                        {product} {command line}
    uintx GCDrainStackTargetSize                   = 64                                        {product} {ergonomic}
   size_t InitialHeapSize                          = 536870912                                 {product} {command line}
   size_t MarkStackSize                            = 4194304                                   {product} {ergonomic}
    uintx MaxGCPauseMillis                         = 50                                        {product} {command line}
   size_t MaxHeapSize                              = 3221225472                                {product} {command line}
   size_t MaxNewSize                               = 1912602624                                {product} {ergonomic}
   size_t MinHeapDeltaBytes                        = 33554432                                  {product} {ergonomic}
   size_t MinHeapSize                              = 536870912                                 {product} {command line}
    uintx NonNMethodCodeHeapSize                   = 5839372                                {pd product} {ergonomic}
    uintx NonProfiledCodeHeapSize                  = 122909434                              {pd product} {ergonomic}
    uintx ProfiledCodeHeapSize                     = 122909434                              {pd product} {ergonomic}
    uintx ReservedCodeCacheSize                    = 251658240                              {pd product} {ergonomic}
     bool SegmentedCodeCache                       = true                                      {product} {ergonomic}
   size_t SoftMaxHeapSize                          = 3221225472                             {manageable} {ergonomic}
     bool UnlockExperimentalVMOptions              = true                                 {experimental} {command line}
     bool UseAOT                                   = false                                {experimental} {ergonomic}
     bool UseCompressedClassPointers               = true                           {product lp64_product} {ergonomic}
     bool UseCompressedOops                        = true                           {product lp64_product} {ergonomic}
     bool UseG1GC                                  = true                                      {product} {command line}
     bool UseLargePagesIndividualAllocation        = false                                  {pd product} {ergonomic}

Logging:
Log output configuration:
 #0: stdout all=warning uptime,level,tags
 #1: stderr all=off uptime,level,tags

Environment Variables:
PATH=C:\Program Files (x86)\Common Files\Oracle\Java\javapath;C:\WinAVR-20100110\bin;C:\WinAVR-20100110\utils\bin;C:\Program Files\NVIDIA Corporation\NVIDIA NvDLISR;C:\Users\elito\.cargo\bin;C:\Ruby27-x64\bin;C:\Users\elito\scoop\apps\python\current;C:\Users\elito\scoop\apps\python\current\Scripts;C:\Users\elito\scoop\apps\gcc\current\bin;C:\Users\elito\scoop\shims;C:\Users\elito\AppData\Local\Programs\Python\Python38-32\Scripts\;C:\Users\elito\AppData\Local\Programs\Python\Python38-32\;C:\Users\elito\AppData\Local\Microsoft\WindowsApps;C:\Users\elito\go\bin;C:\Users\elito\.dotnet\tools;C:\Program Files (x86)\Atmel\Flip 3.4.7\bin;C:\Program Files\JetBrains\JetBrains Rider 2020.1.4\bin;C:\Users\elito\AppData\Local\GitHubDesktop\bin;C:\Program Files\JetBrains\PyCharm Community Edition 2020.2\bin;C:\Users\elito\spicetify-cli;C:\Users\elito\AppData\Local\Microsoft\WindowsApps;C:\Program Files (x86)\GitHub CLI\;C:\Users\elito\.dotnet\tools;C:\Users\elito\AppData\Roaming\npm;C:\Program Files\JetBrains\Rider for Unreal Engine 2021.1.1\bin;C:\Users\elito\go\bin;C:\Program Files\JetBrains\GoLand 2021.1.1\bin;C:\Program Files\JetBrains\IntelliJ IDEA Community Edition 2021.2.2\bin;C:\Users\elito\AppData\Local\Programs\Microsoft VS Code\bin
USERNAME=elito
OS=Windows_NT
PROCESSOR_IDENTIFIER=AMD64 Family 23 Model 113 Stepping 0, AuthenticAMD



---------------  S Y S T E M  ---------------

OS:
 Windows 10 , 64 bit Build 19041 (10.0.19041.1741)
OS uptime: 7 days 3:58 hours
Hyper-V role detected

CPU: total 12 (initial active 12) (12 cores per cpu, 2 threads per core) family 23 model 113 stepping 0 microcode 0x0, cx8, cmov, fxsr, ht, mmx, 3dnowpref, sse, sse2, sse3, ssse3, sse4a, sse4.1, sse4.2, popcnt, lzcnt, tsc, tscinvbit, avx, avx2, aes, clmul, bmi1, bmi2, adx, sha, fma, vzeroupper, clflush, clflushopt, hv

Memory: 4k page, system-wide physical 16334M (605M free)
TotalPageFile size 65486M (AvailPageFile size 6M)
current process WorkingSet (physical memory assigned to process): 1961M, peak: 1973M
current process commit charge ("private bytes"): 3470M, peak: 3531M

vm_info: Java HotSpot(TM) 64-Bit Server VM (16+36-2231) for windows-amd64 JRE (16+36-2231), built on Feb  8 2021 11:43:10 by "mach5one" with MS VC++ 16.7 (VS2019)

END.
