#
# There is insufficient memory for the Java Runtime Environment to continue.
# Native memory allocation (mmap) failed to map 268435456 bytes for G1 virtual space
# Possible reasons:
#   The system is out of physical RAM or swap space
#   The process is running with CompressedOops enabled, and the Java Heap may be blocking the growth of the native heap
# Possible solutions:
#   Reduce memory load on the system
#   Increase physical memory or swap space
#   Check if swap backing store is full
#   Decrease Java heap size (-Xmx/-Xms)
#   Decrease number of Java threads
#   Decrease Java thread stack sizes (-Xss)
#   Set larger code cache with -XX:ReservedCodeCacheSize=
#   JVM is running with Zero Based Compressed Oops mode in which the Java heap is
#     placed in the first 32GB address space. The Java Heap base address is the
#     maximum limit for the native heap growth. Please use -XX:HeapBaseMinAddress
#     to set the Java Heap base and to place the Java Heap above 32GB virtual address.
# This output file may be truncated or incomplete.
#
#  Out of Memory Error (os_windows.cpp:3466), pid=15732, tid=16160
#
# JRE version:  (16.0+36) (build )
# Java VM: Java HotSpot(TM) 64-Bit Server VM (16+36-2231, mixed mode, sharing, tiered, compressed oops, g1 gc, windows-amd64)
# No core dump will be written. Minidumps are not enabled by default on client versions of Windows
#

---------------  S U M M A R Y ------------

Command Line: net.bytebuddy.agent.Attacher com.sun.tools.attach.VirtualMachine 23548 G:\SteamLibrary\steamapps\common\Necesse\lib\byte-buddy-agent-1.12.8.jar false

Host: AMD Ryzen 5 3600X 6-Core Processor             , 12 cores, 15G,  Windows 10 , 64 bit Build 19041 (10.0.19041.1741)
Time: Sat Jul  2 02:25:33 2022 Eastern Daylight Time elapsed time: 0.010492 seconds (0d 0h 0m 0s)

---------------  T H R E A D  ---------------

Current thread (0x000002a60f299a50):  JavaThread "Unknown thread" [_thread_in_vm, id=16160, stack(0x000000fb27b00000,0x000000fb27c00000)]

Stack: [0x000000fb27b00000,0x000000fb27c00000]
Native frames: (J=compiled Java code, j=interpreted, Vv=VM code, C=native code)
V  [jvm.dll+0x6681da]
V  [jvm.dll+0x7c9d99]
V  [jvm.dll+0x7cb4d3]
V  [jvm.dll+0x7cbb33]
V  [jvm.dll+0x242ee5]
V  [jvm.dll+0x664f99]
V  [jvm.dll+0x659b85]
V  [jvm.dll+0x2fbfcb]
V  [jvm.dll+0x3031c6]
V  [jvm.dll+0x352a0e]
V  [jvm.dll+0x352c3f]
V  [jvm.dll+0x2d3038]
V  [jvm.dll+0x2d4274]
V  [jvm.dll+0x79c691]
V  [jvm.dll+0x3607b1]
V  [jvm.dll+0x77a370]
V  [jvm.dll+0x3e501f]
V  [jvm.dll+0x3e6af1]
C  [jli.dll+0x52fb]
C  [ucrtbase.dll+0x21bb2]
C  [KERNEL32.DLL+0x17034]
C  [ntdll.dll+0x52651]


---------------  P R O C E S S  ---------------

Threads class SMR info:
_java_thread_list=0x00007ffd1176cbb8, length=0, elements={
}

Java Threads: ( => current thread )

Other Threads:
  0x000002a60f2eb230 GCTaskThread "GC Thread#0" [stack: 0x000000fb27c00000,0x000000fb27d00000] [id=37904]
  0x000002a60f2fc5e0 ConcurrentGCThread "G1 Main Marker" [stack: 0x000000fb27d00000,0x000000fb27e00000] [id=37920]
  0x000002a60f2fd7f0 ConcurrentGCThread "G1 Conc#0" [stack: 0x000000fb27e00000,0x000000fb27f00000] [id=35920]

[error occurred during error reporting (printing all threads), id 0xc0000005, EXCEPTION_ACCESS_VIOLATION (0xc0000005) at pc=0x00007ffd10f43ef7]

VM state: not at safepoint (not fully initialized)

VM Mutex/Monitor currently owned by a thread:  ([mutex/lock_event])
[0x000002a60f296990] Heap_lock - owner thread: 0x000002a60f299a50

Heap address: 0x0000000700c00000, size: 4084 MB, Compressed Oops mode: Zero based, Oop shift amount: 3
CDS archive(s) mapped at: [0x0000000000000000-0x0000000000000000-0x0000000000000000), size 0, SharedBaseAddress: 0x0000000800000000, ArchiveRelocationMode: 0.
Narrow klass base: 0x0000000000000000, Narrow klass shift: 0, Narrow klass range: 0x0

GC Precious Log:
<Empty>

Heap:
 garbage-first heap   total 0K, used 0K [0x0000000700c00000, 0x0000000800000000)
  region size 2048K, 0 young (0K), 0 survivors (0K)

[error occurred during error reporting (printing heap information), id 0xc0000005, EXCEPTION_ACCESS_VIOLATION (0xc0000005) at pc=0x00007ffd11321edd]

GC Heap History (0 events):
No events

Deoptimization events (0 events):
No events

Classes unloaded (0 events):
No events

Classes redefined (0 events):
No events

Internal exceptions (0 events):
No events

Events (1 events):
Event: 0.006 Loaded shared library C:\Program Files\Java\jdk-16\bin\java.dll


Dynamic libraries:
0x00007ff7b9860000 - 0x00007ff7b9870000 	C:\Program Files\Java\jdk-16\bin\java.exe
0x00007ffd660d0000 - 0x00007ffd662c7000 	C:\WINDOWS\SYSTEM32\ntdll.dll
0x00007ffd65720000 - 0x00007ffd657dd000 	C:\WINDOWS\System32\KERNEL32.DLL
0x00007ffd63b50000 - 0x00007ffd63e1d000 	C:\WINDOWS\System32\KERNELBASE.dll
0x00007ffd638d0000 - 0x00007ffd639d0000 	C:\WINDOWS\System32\ucrtbase.dll
0x00007ffd4e7b0000 - 0x00007ffd4e7c8000 	C:\Program Files\Java\jdk-16\bin\jli.dll
0x00007ffd4e790000 - 0x00007ffd4e7a9000 	C:\Program Files\Java\jdk-16\bin\VCRUNTIME140.dll
0x00007ffd64ea0000 - 0x00007ffd64f4e000 	C:\WINDOWS\System32\ADVAPI32.dll
0x00007ffd65b50000 - 0x00007ffd65bee000 	C:\WINDOWS\System32\msvcrt.dll
0x00007ffd65320000 - 0x00007ffd653bc000 	C:\WINDOWS\System32\sechost.dll
0x00007ffd65a20000 - 0x00007ffd65b45000 	C:\WINDOWS\System32\RPCRT4.dll
0x00007ffd65460000 - 0x00007ffd65600000 	C:\WINDOWS\System32\USER32.dll
0x00007ffd4f000000 - 0x00007ffd4f29a000 	C:\WINDOWS\WinSxS\amd64_microsoft.windows.common-controls_6595b64144ccf1df_6.0.19041.1110_none_60b5254171f9507e\COMCTL32.dll
0x00007ffd638a0000 - 0x00007ffd638c2000 	C:\WINDOWS\System32\win32u.dll
0x00007ffd65430000 - 0x00007ffd6545a000 	C:\WINDOWS\System32\GDI32.dll
0x00007ffd639d0000 - 0x00007ffd63adb000 	C:\WINDOWS\System32\gdi32full.dll
0x00007ffd63f30000 - 0x00007ffd63fcd000 	C:\WINDOWS\System32\msvcp_win.dll
0x00007ffd5a7b0000 - 0x00007ffd5a7ba000 	C:\WINDOWS\SYSTEM32\VERSION.dll
0x00007ffd65bf0000 - 0x00007ffd65c20000 	C:\WINDOWS\System32\IMM32.DLL
0x00007ffd09b30000 - 0x00007ffd09cb8000 	C:\Program Files (x86)\Steam\gameoverlayrenderer64.dll
0x00007ffd65080000 - 0x00007ffd651aa000 	C:\WINDOWS\System32\ole32.dll
0x00007ffd64130000 - 0x00007ffd64484000 	C:\WINDOWS\System32\combase.dll
0x00007ffd64620000 - 0x00007ffd646ed000 	C:\WINDOWS\System32\OLEAUT32.dll
0x00007ffd64f50000 - 0x00007ffd64f58000 	C:\WINDOWS\System32\PSAPI.DLL
0x00007ffd57870000 - 0x00007ffd57897000 	C:\WINDOWS\SYSTEM32\WINMM.dll
0x00007ffd5fec0000 - 0x00007ffd5fecc000 	C:\Program Files\Java\jdk-16\bin\vcruntime140_1.dll
0x00007ffd45810000 - 0x00007ffd458a1000 	C:\Program Files\Java\jdk-16\bin\msvcp140.dll
0x00007ffd10c60000 - 0x00007ffd1180b000 	C:\Program Files\Java\jdk-16\bin\server\jvm.dll
0x00007ffd46ea0000 - 0x00007ffd46ea9000 	C:\WINDOWS\SYSTEM32\WSOCK32.dll
0x00007ffd653c0000 - 0x00007ffd6542b000 	C:\WINDOWS\System32\WS2_32.dll
0x00007ffd62060000 - 0x00007ffd62072000 	C:\WINDOWS\SYSTEM32\kernel.appcore.dll
0x00007ffd4e740000 - 0x00007ffd4e74a000 	C:\Program Files\Java\jdk-16\bin\jimage.dll
0x00007ffd613e0000 - 0x00007ffd615c4000 	C:\WINDOWS\SYSTEM32\DBGHELP.DLL
0x00007ffd48c50000 - 0x00007ffd48c7c000 	C:\WINDOWS\SYSTEM32\dbgcore.DLL
0x00007ffd63ea0000 - 0x00007ffd63f22000 	C:\WINDOWS\System32\bcryptPrimitives.dll
0x00007ffd4e710000 - 0x00007ffd4e735000 	C:\Program Files\Java\jdk-16\bin\java.dll

dbghelp: loaded successfully - version: 4.0.5 - missing functions: none
symbol engine: initialized successfully - sym options: 0x614 - pdb path: .;C:\Program Files\Java\jdk-16\bin;C:\WINDOWS\SYSTEM32;C:\WINDOWS\WinSxS\amd64_microsoft.windows.common-controls_6595b64144ccf1df_6.0.19041.1110_none_60b5254171f9507e;C:\Program Files (x86)\Steam;C:\Program Files\Java\jdk-16\bin\server

VM Arguments:
java_command: net.bytebuddy.agent.Attacher com.sun.tools.attach.VirtualMachine 23548 G:\SteamLibrary\steamapps\common\Necesse\lib\byte-buddy-agent-1.12.8.jar false
java_class_path (initial): G:\SteamLibrary\steamapps\common\Necesse\lib\byte-buddy-agent-1.12.8.jar
Launcher Type: SUN_STANDARD

[Global flags]
     intx CICompilerCount                          = 4                                         {product} {ergonomic}
     uint ConcGCThreads                            = 3                                         {product} {ergonomic}
     uint G1ConcRefinementThreads                  = 10                                        {product} {ergonomic}
   size_t G1HeapRegionSize                         = 2097152                                   {product} {ergonomic}
    uintx GCDrainStackTargetSize                   = 64                                        {product} {ergonomic}
   size_t InitialHeapSize                          = 268435456                                 {product} {ergonomic}
   size_t MarkStackSize                            = 4194304                                   {product} {ergonomic}
   size_t MaxHeapSize                              = 4282384384                                {product} {ergonomic}
   size_t MinHeapDeltaBytes                        = 2097152                                   {product} {ergonomic}
   size_t MinHeapSize                              = 8388608                                   {product} {ergonomic}
    uintx NonNMethodCodeHeapSize                   = 5839372                                {pd product} {ergonomic}
    uintx NonProfiledCodeHeapSize                  = 122909434                              {pd product} {ergonomic}
    uintx ProfiledCodeHeapSize                     = 122909434                              {pd product} {ergonomic}
    uintx ReservedCodeCacheSize                    = 251658240                              {pd product} {ergonomic}
     bool SegmentedCodeCache                       = true                                      {product} {ergonomic}
   size_t SoftMaxHeapSize                          = 4282384384                             {manageable} {ergonomic}
     bool UseCompressedClassPointers               = true                           {product lp64_product} {ergonomic}
     bool UseCompressedOops                        = true                           {product lp64_product} {ergonomic}
     bool UseG1GC                                  = true                                      {product} {ergonomic}
     bool UseLargePagesIndividualAllocation        = false                                  {pd product} {ergonomic}

Logging:
Log output configuration:
 #0: stdout all=warning uptime,level,tags
 #1: stderr all=off uptime,level,tags

Environment Variables:
PATH=C:\Program Files (x86)\Common Files\Oracle\Java\javapath;C:\WinAVR-20100110\bin;C:\WinAVR-20100110\utils\bin;C:\Program Files\NVIDIA Corporation\NVIDIA NvDLISR;C:\Users\elito\.cargo\bin;C:\Ruby27-x64\bin;C:\Users\elito\scoop\apps\python\current;C:\Users\elito\scoop\apps\python\current\Scripts;C:\Users\elito\scoop\apps\gcc\current\bin;C:\Users\elito\scoop\shims;C:\Users\elito\AppData\Local\Programs\Python\Python38-32\Scripts\;C:\Users\elito\AppData\Local\Programs\Python\Python38-32\;C:\Users\elito\AppData\Local\Microsoft\WindowsApps;C:\Users\elito\go\bin;C:\Users\elito\.dotnet\tools;C:\Program Files (x86)\Atmel\Flip 3.4.7\bin;C:\Program Files\JetBrains\JetBrains Rider 2020.1.4\bin;C:\Users\elito\AppData\Local\GitHubDesktop\bin;C:\Program Files\JetBrains\PyCharm Community Edition 2020.2\bin;C:\Users\elito\spicetify-cli;C:\Users\elito\AppData\Local\Microsoft\WindowsApps;C:\Program Files (x86)\GitHub CLI\;C:\Users\elito\.dotnet\tools;C:\Users\elito\AppData\Roaming\npm;C:\Program Files\JetBrains\Rider for Unreal Engine 2021.1.1\bin;C:\Users\elito\go\bin;C:\Program Files\JetBrains\GoLand 2021.1.1\bin;C:\Program Files\JetBrains\IntelliJ IDEA Community Edition 2021.2.2\bin;C:\Users\elito\AppData\Local\Programs\Microsoft VS Code\bin
USERNAME=elito
OS=Windows_NT
PROCESSOR_IDENTIFIER=AMD64 Family 23 Model 113 Stepping 0, AuthenticAMD



---------------  S Y S T E M  ---------------

OS:
 Windows 10 , 64 bit Build 19041 (10.0.19041.1741)
OS uptime: 7 days 7:39 hours
Hyper-V role detected

CPU: total 12 (initial active 12) (12 cores per cpu, 2 threads per core) family 23 model 113 stepping 0 microcode 0x0, cx8, cmov, fxsr, ht, mmx, 3dnowpref, sse, sse2, sse3, ssse3, sse4a, sse4.1, sse4.2, popcnt, lzcnt, tsc, tscinvbit, avx, avx2, aes, clmul, bmi1, bmi2, adx, sha, fma, vzeroupper, clflush, clflushopt, hv

Memory: 4k page, system-wide physical 16334M (1016M free)
TotalPageFile size 65486M (AvailPageFile size 235M)
current process WorkingSet (physical memory assigned to process): 29M, peak: 29M
current process commit charge ("private bytes"): 66M, peak: 322M

vm_info: Java HotSpot(TM) 64-Bit Server VM (16+36-2231) for windows-amd64 JRE (16+36-2231), built on Feb  8 2021 11:43:10 by "mach5one" with MS VC++ 16.7 (VS2019)

END.
